[0.209s] Invoking command in '/home/maki/ros2_ws/build/polygon_base': CMAKE_PREFIX_PATH=/opt/ros/humble /usr/bin/cmake /home/maki/ros2_ws/src/ros2humble_tutorials/polygon_base -DCMAKE_INSTALL_PREFIX=/home/maki/ros2_ws/install/polygon_base
[0.286s] -- The C compiler identification is GNU 11.4.0
[0.352s] -- The CXX compiler identification is GNU 11.4.0
[0.360s] -- Detecting C compiler ABI info
[0.436s] -- Detecting C compiler ABI info - done
[0.442s] -- Check for working C compiler: /usr/bin/cc - skipped
[0.442s] -- Detecting C compile features
[0.443s] -- Detecting C compile features - done
[0.445s] -- Detecting CXX compiler ABI info
[0.514s] -- Detecting CXX compiler ABI info - done
[0.523s] -- Check for working CXX compiler: /usr/bin/c++ - skipped
[0.523s] -- Detecting CXX compile features
[0.523s] -- Detecting CXX compile features - done
[0.525s] -- Found ament_cmake: 1.3.8 (/opt/ros/humble/share/ament_cmake/cmake)
[0.664s] -- Found Python3: /usr/bin/python3 (found version "3.10.12") found components: Interpreter 
[0.747s] -- Found pluginlib: 5.1.0 (/opt/ros/humble/share/pluginlib/cmake)
[0.789s] -- Found ament_lint_auto: 0.12.10 (/opt/ros/humble/share/ament_lint_auto/cmake)
[0.860s] -- Added test 'cppcheck' to perform static code analysis on C / C++ code
[0.860s] -- Configured cppcheck include dirs: $<BUILD_INTERFACE:/home/maki/ros2_ws/src/ros2humble_tutorials/polygon_base/include>
[0.860s] -- Configured cppcheck exclude dirs and/or files: 
[0.860s] -- Added test 'lint_cmake' to check CMake code style
[0.861s] -- Added test 'uncrustify' to check C / C++ code style
[0.861s] -- Configured uncrustify additional arguments: 
[0.862s] -- Added test 'xmllint' to check XML markup files
[0.864s] -- Configuring done
[0.868s] -- Generating done
[0.869s] -- Build files have been written to: /home/maki/ros2_ws/build/polygon_base
[0.876s] Invoked command in '/home/maki/ros2_ws/build/polygon_base' returned '0': CMAKE_PREFIX_PATH=/opt/ros/humble /usr/bin/cmake /home/maki/ros2_ws/src/ros2humble_tutorials/polygon_base -DCMAKE_INSTALL_PREFIX=/home/maki/ros2_ws/install/polygon_base
[0.879s] Invoking command in '/home/maki/ros2_ws/build/polygon_base': CMAKE_PREFIX_PATH=/opt/ros/humble /usr/bin/cmake --build /home/maki/ros2_ws/build/polygon_base -- -j12 -l12
[1.438s] [ 50%] [32mBuilding CXX object CMakeFiles/area_node.dir/src/area_node.cpp.o[0m
[1.438s] [100%] [32m[1mLinking CXX executable area_node[0m
[1.438s] [100%] Built target area_node
[1.441s] Invoked command in '/home/maki/ros2_ws/build/polygon_base' returned '0': CMAKE_PREFIX_PATH=/opt/ros/humble /usr/bin/cmake --build /home/maki/ros2_ws/build/polygon_base -- -j12 -l12
[1.473s] Invoking command in '/home/maki/ros2_ws/build/polygon_base': CMAKE_PREFIX_PATH=/opt/ros/humble /usr/bin/cmake --install /home/maki/ros2_ws/build/polygon_base
[1.519s] -- Install configuration: ""
[1.519s] -- Installing: /home/maki/ros2_ws/install/polygon_base/include
[1.519s] -- Installing: /home/maki/ros2_ws/install/polygon_base/include/polygon_base
[1.519s] -- Installing: /home/maki/ros2_ws/install/polygon_base/include/polygon_base/regular_polygon.hpp
[1.519s] -- Installing: /home/maki/ros2_ws/install/polygon_base/lib/polygon_base/area_node
[1.519s] -- Set runtime path of "/home/maki/ros2_ws/install/polygon_base/lib/polygon_base/area_node" to ""
[1.519s] -- Installing: /home/maki/ros2_ws/install/polygon_base/share/ament_index/resource_index/package_run_dependencies/polygon_base
[1.519s] -- Installing: /home/maki/ros2_ws/install/polygon_base/share/ament_index/resource_index/parent_prefix_path/polygon_base
[1.519s] -- Installing: /home/maki/ros2_ws/install/polygon_base/share/polygon_base/environment/ament_prefix_path.sh
[1.519s] -- Installing: /home/maki/ros2_ws/install/polygon_base/share/polygon_base/environment/ament_prefix_path.dsv
[1.519s] -- Installing: /home/maki/ros2_ws/install/polygon_base/share/polygon_base/environment/path.sh
[1.519s] -- Installing: /home/maki/ros2_ws/install/polygon_base/share/polygon_base/environment/path.dsv
[1.520s] -- Installing: /home/maki/ros2_ws/install/polygon_base/share/polygon_base/local_setup.bash
[1.520s] -- Installing: /home/maki/ros2_ws/install/polygon_base/share/polygon_base/local_setup.sh
[1.520s] -- Installing: /home/maki/ros2_ws/install/polygon_base/share/polygon_base/local_setup.zsh
[1.520s] -- Installing: /home/maki/ros2_ws/install/polygon_base/share/polygon_base/local_setup.dsv
[1.520s] -- Installing: /home/maki/ros2_ws/install/polygon_base/share/polygon_base/package.dsv
[1.520s] -- Installing: /home/maki/ros2_ws/install/polygon_base/share/ament_index/resource_index/packages/polygon_base
[1.520s] -- Installing: /home/maki/ros2_ws/install/polygon_base/share/polygon_base/cmake/ament_cmake_export_include_directories-extras.cmake
[1.520s] -- Installing: /home/maki/ros2_ws/install/polygon_base/share/polygon_base/cmake/polygon_baseConfig.cmake
[1.520s] -- Installing: /home/maki/ros2_ws/install/polygon_base/share/polygon_base/cmake/polygon_baseConfig-version.cmake
[1.520s] -- Installing: /home/maki/ros2_ws/install/polygon_base/share/polygon_base/package.xml
[1.522s] Invoked command in '/home/maki/ros2_ws/build/polygon_base' returned '0': CMAKE_PREFIX_PATH=/opt/ros/humble /usr/bin/cmake --install /home/maki/ros2_ws/build/polygon_base
