[0.166s] Invoking command in '/home/maki/ros2_ws/build/bag_recorder_nodes': CMAKE_PREFIX_PATH=/opt/ros/humble /usr/bin/cmake /home/maki/ros2_ws/src/ros2humble_tutorials/bag_recorder_nodes -DCMAKE_INSTALL_PREFIX=/home/maki/ros2_ws/install/bag_recorder_nodes
[0.243s] -- The C compiler identification is GNU 11.4.0
[0.313s] -- The CXX compiler identification is GNU 11.4.0
[0.319s] -- Detecting C compiler ABI info
[0.381s] -- Detecting C compiler ABI info - done
[0.386s] -- Check for working C compiler: /usr/bin/cc - skipped
[0.387s] -- Detecting C compile features
[0.387s] -- Detecting C compile features - done
[0.389s] -- Detecting CXX compiler ABI info
[0.466s] -- Detecting CXX compiler ABI info - done
[0.474s] -- Check for working CXX compiler: /usr/bin/c++ - skipped
[0.475s] -- Detecting CXX compile features
[0.475s] -- Detecting CXX compile features - done
[0.477s] -- Found ament_cmake: 1.3.8 (/opt/ros/humble/share/ament_cmake/cmake)
[0.632s] -- Found Python3: /usr/bin/python3 (found version "3.10.12") found components: Interpreter 
[0.720s] -- Found example_interfaces: 0.9.3 (/opt/ros/humble/share/example_interfaces/cmake)
[0.746s] -- Found rosidl_generator_c: 3.1.5 (/opt/ros/humble/share/rosidl_generator_c/cmake)
[0.750s] -- Found rosidl_adapter: 3.1.5 (/opt/ros/humble/share/rosidl_adapter/cmake)
[0.755s] -- Found rosidl_generator_cpp: 3.1.5 (/opt/ros/humble/share/rosidl_generator_cpp/cmake)
[0.764s] -- Using all available rosidl_typesupport_c: rosidl_typesupport_fastrtps_c;rosidl_typesupport_introspection_c
[0.776s] -- Using all available rosidl_typesupport_cpp: rosidl_typesupport_fastrtps_cpp;rosidl_typesupport_introspection_cpp
[0.936s] -- Found rclcpp: 16.0.8 (/opt/ros/humble/share/rclcpp/cmake)
[0.995s] -- Found rmw_implementation_cmake: 6.1.1 (/opt/ros/humble/share/rmw_implementation_cmake/cmake)
[0.996s] -- Found rmw_fastrtps_cpp: 6.2.6 (/opt/ros/humble/share/rmw_fastrtps_cpp/cmake)
[1.074s] -- Found OpenSSL: /usr/lib/x86_64-linux-gnu/libcrypto.so (found version "3.0.2")  
[1.093s] -- Found FastRTPS: /opt/ros/humble/include  
[1.126s] -- Using RMW implementation 'rmw_fastrtps_cpp' as default
[1.132s] -- Looking for pthread.h
[1.176s] -- Looking for pthread.h - found
[1.176s] -- Performing Test CMAKE_HAVE_LIBC_PTHREAD
[1.224s] -- Performing Test CMAKE_HAVE_LIBC_PTHREAD - Success
[1.225s] -- Found Threads: TRUE  
[1.398s] -- Found rosbag2_cpp: 0.15.9 (/opt/ros/humble/share/rosbag2_cpp/cmake)
[1.444s] -- Found ament_lint_auto: 0.12.10 (/opt/ros/humble/share/ament_lint_auto/cmake)
[1.528s] -- Added test 'cppcheck' to perform static code analysis on C / C++ code
[1.528s] -- Configured cppcheck include dirs: 
[1.528s] -- Configured cppcheck exclude dirs and/or files: 
[1.529s] -- Added test 'lint_cmake' to check CMake code style
[1.529s] -- Added test 'uncrustify' to check C / C++ code style
[1.530s] -- Configured uncrustify additional arguments: 
[1.530s] -- Added test 'xmllint' to check XML markup files
[1.534s] -- Configuring done
[1.549s] -- Generating done
[1.551s] -- Build files have been written to: /home/maki/ros2_ws/build/bag_recorder_nodes
[1.560s] Invoked command in '/home/maki/ros2_ws/build/bag_recorder_nodes' returned '0': CMAKE_PREFIX_PATH=/opt/ros/humble /usr/bin/cmake /home/maki/ros2_ws/src/ros2humble_tutorials/bag_recorder_nodes -DCMAKE_INSTALL_PREFIX=/home/maki/ros2_ws/install/bag_recorder_nodes
[1.562s] Invoking command in '/home/maki/ros2_ws/build/bag_recorder_nodes': CMAKE_PREFIX_PATH=/opt/ros/humble /usr/bin/cmake --build /home/maki/ros2_ws/build/bag_recorder_nodes -- -j12 -l12
[1.625s] [ 25%] [32mBuilding CXX object CMakeFiles/simple_bag_recorder.dir/src/simple_bag_recorder.cpp.o[0m
[1.630s] [ 50%] [32mBuilding CXX object CMakeFiles/data_generator_node.dir/src/data_generator_node.cpp.o[0m
[8.888s] [ 75%] [32m[1mLinking CXX executable data_generator_node[0m
[9.147s] [ 75%] Built target data_generator_node
[13.043s] [100%] [32m[1mLinking CXX executable simple_bag_recorder[0m
[13.403s] [100%] Built target simple_bag_recorder
[13.413s] Invoked command in '/home/maki/ros2_ws/build/bag_recorder_nodes' returned '0': CMAKE_PREFIX_PATH=/opt/ros/humble /usr/bin/cmake --build /home/maki/ros2_ws/build/bag_recorder_nodes -- -j12 -l12
[13.441s] Invoking command in '/home/maki/ros2_ws/build/bag_recorder_nodes': CMAKE_PREFIX_PATH=/opt/ros/humble /usr/bin/cmake --install /home/maki/ros2_ws/build/bag_recorder_nodes
[13.448s] -- Install configuration: ""
[13.448s] -- Installing: /home/maki/ros2_ws/install/bag_recorder_nodes/lib/bag_recorder_nodes/simple_bag_recorder
[13.452s] -- Set runtime path of "/home/maki/ros2_ws/install/bag_recorder_nodes/lib/bag_recorder_nodes/simple_bag_recorder" to ""
[13.452s] -- Installing: /home/maki/ros2_ws/install/bag_recorder_nodes/lib/bag_recorder_nodes/data_generator_node
[13.453s] -- Set runtime path of "/home/maki/ros2_ws/install/bag_recorder_nodes/lib/bag_recorder_nodes/data_generator_node" to ""
[13.453s] -- Installing: /home/maki/ros2_ws/install/bag_recorder_nodes/share/ament_index/resource_index/package_run_dependencies/bag_recorder_nodes
[13.453s] -- Installing: /home/maki/ros2_ws/install/bag_recorder_nodes/share/ament_index/resource_index/parent_prefix_path/bag_recorder_nodes
[13.453s] -- Installing: /home/maki/ros2_ws/install/bag_recorder_nodes/share/bag_recorder_nodes/environment/ament_prefix_path.sh
[13.454s] -- Installing: /home/maki/ros2_ws/install/bag_recorder_nodes/share/bag_recorder_nodes/environment/ament_prefix_path.dsv
[13.454s] -- Installing: /home/maki/ros2_ws/install/bag_recorder_nodes/share/bag_recorder_nodes/environment/path.sh
[13.454s] -- Installing: /home/maki/ros2_ws/install/bag_recorder_nodes/share/bag_recorder_nodes/environment/path.dsv
[13.454s] -- Installing: /home/maki/ros2_ws/install/bag_recorder_nodes/share/bag_recorder_nodes/local_setup.bash
[13.454s] -- Installing: /home/maki/ros2_ws/install/bag_recorder_nodes/share/bag_recorder_nodes/local_setup.sh
[13.454s] -- Installing: /home/maki/ros2_ws/install/bag_recorder_nodes/share/bag_recorder_nodes/local_setup.zsh
[13.454s] -- Installing: /home/maki/ros2_ws/install/bag_recorder_nodes/share/bag_recorder_nodes/local_setup.dsv
[13.454s] -- Installing: /home/maki/ros2_ws/install/bag_recorder_nodes/share/bag_recorder_nodes/package.dsv
[13.455s] -- Installing: /home/maki/ros2_ws/install/bag_recorder_nodes/share/ament_index/resource_index/packages/bag_recorder_nodes
[13.455s] -- Installing: /home/maki/ros2_ws/install/bag_recorder_nodes/share/bag_recorder_nodes/cmake/bag_recorder_nodesConfig.cmake
[13.455s] -- Installing: /home/maki/ros2_ws/install/bag_recorder_nodes/share/bag_recorder_nodes/cmake/bag_recorder_nodesConfig-version.cmake
[13.455s] -- Installing: /home/maki/ros2_ws/install/bag_recorder_nodes/share/bag_recorder_nodes/package.xml
[13.457s] Invoked command in '/home/maki/ros2_ws/build/bag_recorder_nodes' returned '0': CMAKE_PREFIX_PATH=/opt/ros/humble /usr/bin/cmake --install /home/maki/ros2_ws/build/bag_recorder_nodes
