[0.202s] Invoking command in '/home/maki/ros2_ws/build/action_tutorials_cpp': CMAKE_PREFIX_PATH=/opt/ros/humble /usr/bin/cmake --build /home/maki/ros2_ws/build/action_tutorials_cpp -- -j12 -l12
[0.238s] [35m[1mConsolidate compiler generated dependencies of target action_server[0m
[0.242s] [35m[1mConsolidate compiler generated dependencies of target fibonacci_action_server[0m
[0.242s] [35m[1mConsolidate compiler generated dependencies of target action_client[0m
[0.242s] [35m[1mConsolidate compiler generated dependencies of target fibonacci_action_client[0m
[0.268s] [ 25%] Built target action_server
[0.276s] [ 50%] Built target fibonacci_action_client
[0.277s] [ 75%] Built target fibonacci_action_server
[0.278s] [100%] Built target action_client
[0.294s] Invoked command in '/home/maki/ros2_ws/build/action_tutorials_cpp' returned '0': CMAKE_PREFIX_PATH=/opt/ros/humble /usr/bin/cmake --build /home/maki/ros2_ws/build/action_tutorials_cpp -- -j12 -l12
[0.374s] Invoking command in '/home/maki/ros2_ws/build/action_tutorials_cpp': CMAKE_PREFIX_PATH=/opt/ros/humble /usr/bin/cmake --install /home/maki/ros2_ws/build/action_tutorials_cpp
[0.451s] -- Install configuration: ""
[0.451s] -- Up-to-date: /home/maki/ros2_ws/install/action_tutorials_cpp/lib/action_tutorials_cpp/fibonacci_action_server
[0.452s] -- Up-to-date: /home/maki/ros2_ws/install/action_tutorials_cpp/lib/libaction_server.so
[0.452s] -- Up-to-date: /home/maki/ros2_ws/install/action_tutorials_cpp/lib/action_tutorials_cpp/fibonacci_action_client
[0.453s] -- Up-to-date: /home/maki/ros2_ws/install/action_tutorials_cpp/lib/libaction_client.so
[0.453s] -- Up-to-date: /home/maki/ros2_ws/install/action_tutorials_cpp/share/ament_index/resource_index/package_run_dependencies/action_tutorials_cpp
[0.453s] -- Up-to-date: /home/maki/ros2_ws/install/action_tutorials_cpp/share/ament_index/resource_index/parent_prefix_path/action_tutorials_cpp
[0.454s] -- Up-to-date: /home/maki/ros2_ws/install/action_tutorials_cpp/share/action_tutorials_cpp/environment/ament_prefix_path.sh
[0.454s] -- Up-to-date: /home/maki/ros2_ws/install/action_tutorials_cpp/share/action_tutorials_cpp/environment/ament_prefix_path.dsv
[0.454s] -- Up-to-date: /home/maki/ros2_ws/install/action_tutorials_cpp/share/action_tutorials_cpp/environment/path.sh
[0.454s] -- Up-to-date: /home/maki/ros2_ws/install/action_tutorials_cpp/share/action_tutorials_cpp/environment/path.dsv
[0.454s] -- Up-to-date: /home/maki/ros2_ws/install/action_tutorials_cpp/share/action_tutorials_cpp/local_setup.bash
[0.455s] -- Up-to-date: /home/maki/ros2_ws/install/action_tutorials_cpp/share/action_tutorials_cpp/local_setup.sh
[0.455s] -- Up-to-date: /home/maki/ros2_ws/install/action_tutorials_cpp/share/action_tutorials_cpp/local_setup.zsh
[0.455s] -- Up-to-date: /home/maki/ros2_ws/install/action_tutorials_cpp/share/action_tutorials_cpp/local_setup.dsv
[0.455s] -- Installing: /home/maki/ros2_ws/install/action_tutorials_cpp/share/action_tutorials_cpp/package.dsv
[0.456s] -- Up-to-date: /home/maki/ros2_ws/install/action_tutorials_cpp/share/ament_index/resource_index/packages/action_tutorials_cpp
[0.456s] -- Up-to-date: /home/maki/ros2_ws/install/action_tutorials_cpp/share/ament_index/resource_index/rclcpp_components/action_tutorials_cpp
[0.456s] -- Up-to-date: /home/maki/ros2_ws/install/action_tutorials_cpp/share/action_tutorials_cpp/cmake/action_tutorials_cppConfig.cmake
[0.456s] -- Up-to-date: /home/maki/ros2_ws/install/action_tutorials_cpp/share/action_tutorials_cpp/cmake/action_tutorials_cppConfig-version.cmake
[0.456s] -- Up-to-date: /home/maki/ros2_ws/install/action_tutorials_cpp/share/action_tutorials_cpp/package.xml
[0.593s] Invoked command in '/home/maki/ros2_ws/build/action_tutorials_cpp' returned '0': CMAKE_PREFIX_PATH=/opt/ros/humble /usr/bin/cmake --install /home/maki/ros2_ws/build/action_tutorials_cpp
