[0.145s] Invoking command in '/home/maki/ros2_ws/build/polygon_plugins': AMENT_PREFIX_PATH=/home/maki/ros2_ws/install/polygon_base:${AMENT_PREFIX_PATH} CMAKE_PREFIX_PATH=/home/maki/ros2_ws/install/polygon_base:/opt/ros/humble /usr/bin/cmake --build /home/maki/ros2_ws/build/polygon_plugins -- -j12 -l12
[0.244s] [35m[1mConsolidate compiler generated dependencies of target polygon_plugins[0m
[0.244s] [100%] Built target polygon_plugins
[0.341s] Invoked command in '/home/maki/ros2_ws/build/polygon_plugins' returned '0': AMENT_PREFIX_PATH=/home/maki/ros2_ws/install/polygon_base:${AMENT_PREFIX_PATH} CMAKE_PREFIX_PATH=/home/maki/ros2_ws/install/polygon_base:/opt/ros/humble /usr/bin/cmake --build /home/maki/ros2_ws/build/polygon_plugins -- -j12 -l12
[0.491s] Invoking command in '/home/maki/ros2_ws/build/polygon_plugins': AMENT_PREFIX_PATH=/home/maki/ros2_ws/install/polygon_base:${AMENT_PREFIX_PATH} CMAKE_PREFIX_PATH=/home/maki/ros2_ws/install/polygon_base:/opt/ros/humble /usr/bin/cmake --install /home/maki/ros2_ws/build/polygon_plugins
[0.496s] -- Install configuration: ""
[0.497s] -- Up-to-date: /home/maki/ros2_ws/install/polygon_plugins/include
[0.497s] -- Up-to-date: /home/maki/ros2_ws/install/polygon_plugins/include/polygon_plugins
[0.498s] -- Up-to-date: /home/maki/ros2_ws/install/polygon_plugins/include/polygon_plugins/polygon_plugins.hpp
[0.498s] -- Up-to-date: /home/maki/ros2_ws/install/polygon_plugins/include/polygon_plugins/visibility_control.h
[0.499s] -- Up-to-date: /home/maki/ros2_ws/install/polygon_plugins/lib/libpolygon_plugins.so
[0.499s] -- Up-to-date: /home/maki/ros2_ws/install/polygon_plugins/share/polygon_plugins/environment/library_path.sh
[0.499s] -- Up-to-date: /home/maki/ros2_ws/install/polygon_plugins/share/polygon_plugins/environment/library_path.dsv
[0.500s] -- Up-to-date: /home/maki/ros2_ws/install/polygon_plugins/share/ament_index/resource_index/package_run_dependencies/polygon_plugins
[0.500s] -- Up-to-date: /home/maki/ros2_ws/install/polygon_plugins/share/ament_index/resource_index/parent_prefix_path/polygon_plugins
[0.501s] -- Up-to-date: /home/maki/ros2_ws/install/polygon_plugins/share/polygon_plugins/environment/ament_prefix_path.sh
[0.501s] -- Up-to-date: /home/maki/ros2_ws/install/polygon_plugins/share/polygon_plugins/environment/ament_prefix_path.dsv
[0.501s] -- Up-to-date: /home/maki/ros2_ws/install/polygon_plugins/share/polygon_plugins/environment/path.sh
[0.501s] -- Up-to-date: /home/maki/ros2_ws/install/polygon_plugins/share/polygon_plugins/environment/path.dsv
[0.502s] -- Up-to-date: /home/maki/ros2_ws/install/polygon_plugins/share/polygon_plugins/local_setup.bash
[0.502s] -- Up-to-date: /home/maki/ros2_ws/install/polygon_plugins/share/polygon_plugins/local_setup.sh
[0.502s] -- Up-to-date: /home/maki/ros2_ws/install/polygon_plugins/share/polygon_plugins/local_setup.zsh
[0.502s] -- Up-to-date: /home/maki/ros2_ws/install/polygon_plugins/share/polygon_plugins/local_setup.dsv
[0.503s] -- Installing: /home/maki/ros2_ws/install/polygon_plugins/share/polygon_plugins/package.dsv
[0.503s] -- Up-to-date: /home/maki/ros2_ws/install/polygon_plugins/share/ament_index/resource_index/packages/polygon_plugins
[0.503s] -- Up-to-date: /home/maki/ros2_ws/install/polygon_plugins/share/polygon_plugins/cmake/export_polygon_pluginsExport.cmake
[0.503s] -- Up-to-date: /home/maki/ros2_ws/install/polygon_plugins/share/polygon_plugins/cmake/export_polygon_pluginsExport-noconfig.cmake
[0.503s] -- Up-to-date: /home/maki/ros2_ws/install/polygon_plugins/share/polygon_plugins/cmake/ament_cmake_export_include_directories-extras.cmake
[0.504s] -- Up-to-date: /home/maki/ros2_ws/install/polygon_plugins/share/polygon_plugins/cmake/ament_cmake_export_libraries-extras.cmake
[0.504s] -- Up-to-date: /home/maki/ros2_ws/install/polygon_plugins/share/polygon_plugins/cmake/ament_cmake_export_targets-extras.cmake
[0.504s] -- Up-to-date: /home/maki/ros2_ws/install/polygon_plugins/share/polygon_plugins/cmake/polygon_pluginsConfig.cmake
[0.504s] -- Up-to-date: /home/maki/ros2_ws/install/polygon_plugins/share/polygon_plugins/cmake/polygon_pluginsConfig-version.cmake
[0.505s] -- Up-to-date: /home/maki/ros2_ws/install/polygon_plugins/share/polygon_plugins/package.xml
[0.559s] Invoked command in '/home/maki/ros2_ws/build/polygon_plugins' returned '0': AMENT_PREFIX_PATH=/home/maki/ros2_ws/install/polygon_base:${AMENT_PREFIX_PATH} CMAKE_PREFIX_PATH=/home/maki/ros2_ws/install/polygon_base:/opt/ros/humble /usr/bin/cmake --install /home/maki/ros2_ws/build/polygon_plugins
