[0.017s] Invoking command in '/home/maki/ros2_ws/build/cpp_server_client': CMAKE_PREFIX_PATH=${CMAKE_PREFIX_PATH}:/opt/ros/humble /usr/bin/cmake --build /home/maki/ros2_ws/build/cpp_server_client -- -j12 -l12
[0.067s] [  2%] Built target cpp_server_client__cpp
[0.069s] [ 11%] Built target cpp_server_client__rosidl_generator_c
[0.072s] [ 11%] Built target ament_cmake_python_copy_cpp_server_client
[0.092s] [ 20%] Built target cpp_server_client__rosidl_typesupport_fastrtps_cpp
[0.094s] [ 28%] Built target cpp_server_client__rosidl_typesupport_introspection_c
[0.113s] [ 37%] Built target cpp_server_client__rosidl_typesupport_cpp
[0.115s] [ 45%] Built target cpp_server_client__rosidl_typesupport_c
[0.116s] [ 54%] Built target cpp_server_client__rosidl_typesupport_introspection_cpp
[0.122s] [ 62%] Built target cpp_server_client__rosidl_typesupport_fastrtps_c
[0.139s] [ 68%] Built target practice_server_node
[0.139s] [ 71%] Built target cpp_server_client
[0.140s] [ 74%] Built target practice_client_node
[0.154s] [ 77%] Built target cpp_server_client__py
[0.172s] [ 82%] Built target cpp_server_client__rosidl_generator_py
[0.189s] [ 88%] Built target cpp_server_client__rosidl_typesupport_c__pyext
[0.190s] [ 94%] Built target cpp_server_client__rosidl_typesupport_fastrtps_c__pyext
[0.191s] [100%] Built target cpp_server_client__rosidl_typesupport_introspection_c__pyext
[0.327s] running egg_info
[0.328s] writing cpp_server_client.egg-info/PKG-INFO
[0.328s] writing dependency_links to cpp_server_client.egg-info/dependency_links.txt
[0.328s] writing top-level names to cpp_server_client.egg-info/top_level.txt
[0.330s] reading manifest file 'cpp_server_client.egg-info/SOURCES.txt'
[0.331s] writing manifest file 'cpp_server_client.egg-info/SOURCES.txt'
[0.353s] [100%] Built target ament_cmake_python_build_cpp_server_client_egg
[0.364s] Invoked command in '/home/maki/ros2_ws/build/cpp_server_client' returned '0': CMAKE_PREFIX_PATH=${CMAKE_PREFIX_PATH}:/opt/ros/humble /usr/bin/cmake --build /home/maki/ros2_ws/build/cpp_server_client -- -j12 -l12
[0.398s] Invoking command in '/home/maki/ros2_ws/build/cpp_server_client': CMAKE_PREFIX_PATH=${CMAKE_PREFIX_PATH}:/opt/ros/humble /usr/bin/cmake --install /home/maki/ros2_ws/build/cpp_server_client
[0.405s] -- Install configuration: ""
[0.405s] -- Up-to-date: /home/maki/ros2_ws/install/cpp_server_client/share/ament_index/resource_index/rosidl_interfaces/cpp_server_client
[0.405s] -- Up-to-date: /home/maki/ros2_ws/install/cpp_server_client/include/cpp_server_client/cpp_server_client
[0.405s] -- Up-to-date: /home/maki/ros2_ws/install/cpp_server_client/include/cpp_server_client/cpp_server_client/srv
[0.405s] -- Up-to-date: /home/maki/ros2_ws/install/cpp_server_client/include/cpp_server_client/cpp_server_client/srv/detail
[0.405s] -- Up-to-date: /home/maki/ros2_ws/install/cpp_server_client/include/cpp_server_client/cpp_server_client/srv/detail/practice_srv__functions.c
[0.405s] -- Up-to-date: /home/maki/ros2_ws/install/cpp_server_client/include/cpp_server_client/cpp_server_client/srv/detail/practice_srv__struct.h
[0.405s] -- Up-to-date: /home/maki/ros2_ws/install/cpp_server_client/include/cpp_server_client/cpp_server_client/srv/detail/practice_srv__type_support.h
[0.405s] -- Up-to-date: /home/maki/ros2_ws/install/cpp_server_client/include/cpp_server_client/cpp_server_client/srv/detail/practice_srv__functions.h
[0.405s] -- Up-to-date: /home/maki/ros2_ws/install/cpp_server_client/include/cpp_server_client/cpp_server_client/srv/practice_srv.h
[0.406s] -- Up-to-date: /home/maki/ros2_ws/install/cpp_server_client/include/cpp_server_client/cpp_server_client/msg
[0.406s] -- Up-to-date: /home/maki/ros2_ws/install/cpp_server_client/include/cpp_server_client/cpp_server_client/msg/rosidl_generator_c__visibility_control.h
[0.406s] -- Up-to-date: /home/maki/ros2_ws/install/cpp_server_client/share/cpp_server_client/environment/library_path.sh
[0.406s] -- Up-to-date: /home/maki/ros2_ws/install/cpp_server_client/share/cpp_server_client/environment/library_path.dsv
[0.406s] -- Up-to-date: /home/maki/ros2_ws/install/cpp_server_client/lib/libcpp_server_client__rosidl_generator_c.so
[0.406s] -- Up-to-date: /home/maki/ros2_ws/install/cpp_server_client/include/cpp_server_client/cpp_server_client
[0.406s] -- Up-to-date: /home/maki/ros2_ws/install/cpp_server_client/include/cpp_server_client/cpp_server_client/srv
[0.406s] -- Up-to-date: /home/maki/ros2_ws/install/cpp_server_client/include/cpp_server_client/cpp_server_client/srv/detail
[0.406s] -- Up-to-date: /home/maki/ros2_ws/install/cpp_server_client/include/cpp_server_client/cpp_server_client/srv/detail/practice_srv__rosidl_typesupport_fastrtps_c.h
[0.406s] -- Up-to-date: /home/maki/ros2_ws/install/cpp_server_client/include/cpp_server_client/cpp_server_client/msg
[0.406s] -- Up-to-date: /home/maki/ros2_ws/install/cpp_server_client/include/cpp_server_client/cpp_server_client/msg/rosidl_typesupport_fastrtps_c__visibility_control.h
[0.407s] -- Up-to-date: /home/maki/ros2_ws/install/cpp_server_client/lib/libcpp_server_client__rosidl_typesupport_fastrtps_c.so
[0.407s] -- Up-to-date: /home/maki/ros2_ws/install/cpp_server_client/include/cpp_server_client/cpp_server_client
[0.407s] -- Up-to-date: /home/maki/ros2_ws/install/cpp_server_client/include/cpp_server_client/cpp_server_client/srv
[0.407s] -- Up-to-date: /home/maki/ros2_ws/install/cpp_server_client/include/cpp_server_client/cpp_server_client/srv/detail
[0.407s] -- Up-to-date: /home/maki/ros2_ws/install/cpp_server_client/include/cpp_server_client/cpp_server_client/srv/detail/practice_srv__traits.hpp
[0.407s] -- Up-to-date: /home/maki/ros2_ws/install/cpp_server_client/include/cpp_server_client/cpp_server_client/srv/detail/practice_srv__builder.hpp
[0.407s] -- Up-to-date: /home/maki/ros2_ws/install/cpp_server_client/include/cpp_server_client/cpp_server_client/srv/detail/practice_srv__struct.hpp
[0.407s] -- Up-to-date: /home/maki/ros2_ws/install/cpp_server_client/include/cpp_server_client/cpp_server_client/srv/practice_srv.hpp
[0.407s] -- Up-to-date: /home/maki/ros2_ws/install/cpp_server_client/include/cpp_server_client/cpp_server_client
[0.407s] -- Up-to-date: /home/maki/ros2_ws/install/cpp_server_client/include/cpp_server_client/cpp_server_client/srv
[0.407s] -- Up-to-date: /home/maki/ros2_ws/install/cpp_server_client/include/cpp_server_client/cpp_server_client/srv/detail
[0.407s] -- Up-to-date: /home/maki/ros2_ws/install/cpp_server_client/include/cpp_server_client/cpp_server_client/srv/detail/dds_fastrtps
[0.408s] -- Up-to-date: /home/maki/ros2_ws/install/cpp_server_client/include/cpp_server_client/cpp_server_client/srv/detail/practice_srv__rosidl_typesupport_fastrtps_cpp.hpp
[0.408s] -- Up-to-date: /home/maki/ros2_ws/install/cpp_server_client/include/cpp_server_client/cpp_server_client/msg
[0.408s] -- Up-to-date: /home/maki/ros2_ws/install/cpp_server_client/include/cpp_server_client/cpp_server_client/msg/rosidl_typesupport_fastrtps_cpp__visibility_control.h
[0.408s] -- Up-to-date: /home/maki/ros2_ws/install/cpp_server_client/lib/libcpp_server_client__rosidl_typesupport_fastrtps_cpp.so
[0.408s] -- Up-to-date: /home/maki/ros2_ws/install/cpp_server_client/include/cpp_server_client/cpp_server_client
[0.408s] -- Up-to-date: /home/maki/ros2_ws/install/cpp_server_client/include/cpp_server_client/cpp_server_client/srv
[0.408s] -- Up-to-date: /home/maki/ros2_ws/install/cpp_server_client/include/cpp_server_client/cpp_server_client/srv/detail
[0.408s] -- Up-to-date: /home/maki/ros2_ws/install/cpp_server_client/include/cpp_server_client/cpp_server_client/srv/detail/practice_srv__type_support.c
[0.408s] -- Up-to-date: /home/maki/ros2_ws/install/cpp_server_client/include/cpp_server_client/cpp_server_client/srv/detail/practice_srv__rosidl_typesupport_introspection_c.h
[0.408s] -- Up-to-date: /home/maki/ros2_ws/install/cpp_server_client/include/cpp_server_client/cpp_server_client/msg
[0.408s] -- Up-to-date: /home/maki/ros2_ws/install/cpp_server_client/include/cpp_server_client/cpp_server_client/msg/rosidl_typesupport_introspection_c__visibility_control.h
[0.408s] -- Up-to-date: /home/maki/ros2_ws/install/cpp_server_client/lib/libcpp_server_client__rosidl_typesupport_introspection_c.so
[0.409s] -- Up-to-date: /home/maki/ros2_ws/install/cpp_server_client/lib/libcpp_server_client__rosidl_typesupport_c.so
[0.409s] -- Up-to-date: /home/maki/ros2_ws/install/cpp_server_client/include/cpp_server_client/cpp_server_client
[0.409s] -- Up-to-date: /home/maki/ros2_ws/install/cpp_server_client/include/cpp_server_client/cpp_server_client/srv
[0.409s] -- Up-to-date: /home/maki/ros2_ws/install/cpp_server_client/include/cpp_server_client/cpp_server_client/srv/detail
[0.409s] -- Up-to-date: /home/maki/ros2_ws/install/cpp_server_client/include/cpp_server_client/cpp_server_client/srv/detail/practice_srv__type_support.cpp
[0.409s] -- Up-to-date: /home/maki/ros2_ws/install/cpp_server_client/include/cpp_server_client/cpp_server_client/srv/detail/practice_srv__rosidl_typesupport_introspection_cpp.hpp
[0.409s] -- Up-to-date: /home/maki/ros2_ws/install/cpp_server_client/lib/libcpp_server_client__rosidl_typesupport_introspection_cpp.so
[0.409s] -- Up-to-date: /home/maki/ros2_ws/install/cpp_server_client/lib/libcpp_server_client__rosidl_typesupport_cpp.so
[0.409s] -- Up-to-date: /home/maki/ros2_ws/install/cpp_server_client/share/cpp_server_client/environment/pythonpath.sh
[0.409s] -- Up-to-date: /home/maki/ros2_ws/install/cpp_server_client/share/cpp_server_client/environment/pythonpath.dsv
[0.409s] -- Up-to-date: /home/maki/ros2_ws/install/cpp_server_client/local/lib/python3.10/dist-packages/cpp_server_client-0.0.0-py3.10.egg-info
[0.409s] -- Installing: /home/maki/ros2_ws/install/cpp_server_client/local/lib/python3.10/dist-packages/cpp_server_client-0.0.0-py3.10.egg-info/SOURCES.txt
[0.409s] -- Installing: /home/maki/ros2_ws/install/cpp_server_client/local/lib/python3.10/dist-packages/cpp_server_client-0.0.0-py3.10.egg-info/PKG-INFO
[0.409s] -- Installing: /home/maki/ros2_ws/install/cpp_server_client/local/lib/python3.10/dist-packages/cpp_server_client-0.0.0-py3.10.egg-info/top_level.txt
[0.410s] -- Installing: /home/maki/ros2_ws/install/cpp_server_client/local/lib/python3.10/dist-packages/cpp_server_client-0.0.0-py3.10.egg-info/dependency_links.txt
[0.410s] -- Up-to-date: /home/maki/ros2_ws/install/cpp_server_client/local/lib/python3.10/dist-packages/cpp_server_client
[0.410s] -- Up-to-date: /home/maki/ros2_ws/install/cpp_server_client/local/lib/python3.10/dist-packages/cpp_server_client/cpp_server_client_s__rosidl_typesupport_introspection_c.cpython-310-x86_64-linux-gnu.so
[0.410s] -- Up-to-date: /home/maki/ros2_ws/install/cpp_server_client/local/lib/python3.10/dist-packages/cpp_server_client/cpp_server_client_s__rosidl_typesupport_fastrtps_c.cpython-310-x86_64-linux-gnu.so
[0.410s] -- Up-to-date: /home/maki/ros2_ws/install/cpp_server_client/local/lib/python3.10/dist-packages/cpp_server_client/_cpp_server_client_s.ep.rosidl_typesupport_fastrtps_c.c
[0.410s] -- Up-to-date: /home/maki/ros2_ws/install/cpp_server_client/local/lib/python3.10/dist-packages/cpp_server_client/__init__.py
[0.410s] -- Up-to-date: /home/maki/ros2_ws/install/cpp_server_client/local/lib/python3.10/dist-packages/cpp_server_client/_cpp_server_client_s.ep.rosidl_typesupport_introspection_c.c
[0.410s] -- Up-to-date: /home/maki/ros2_ws/install/cpp_server_client/local/lib/python3.10/dist-packages/cpp_server_client/_cpp_server_client_s.ep.rosidl_typesupport_c.c
[0.410s] -- Up-to-date: /home/maki/ros2_ws/install/cpp_server_client/local/lib/python3.10/dist-packages/cpp_server_client/cpp_server_client_s__rosidl_typesupport_c.cpython-310-x86_64-linux-gnu.so
[0.410s] -- Up-to-date: /home/maki/ros2_ws/install/cpp_server_client/local/lib/python3.10/dist-packages/cpp_server_client/srv
[0.410s] -- Up-to-date: /home/maki/ros2_ws/install/cpp_server_client/local/lib/python3.10/dist-packages/cpp_server_client/srv/__init__.py
[0.410s] -- Up-to-date: /home/maki/ros2_ws/install/cpp_server_client/local/lib/python3.10/dist-packages/cpp_server_client/srv/_practice_srv.py
[0.410s] -- Up-to-date: /home/maki/ros2_ws/install/cpp_server_client/local/lib/python3.10/dist-packages/cpp_server_client/srv/_practice_srv_s.c
[0.410s] -- Up-to-date: /home/maki/ros2_ws/install/cpp_server_client/local/lib/python3.10/dist-packages/cpp_server_client/libcpp_server_client__rosidl_generator_py.so
[0.438s] Listing '/home/maki/ros2_ws/install/cpp_server_client/local/lib/python3.10/dist-packages/cpp_server_client'...
[0.438s] Listing '/home/maki/ros2_ws/install/cpp_server_client/local/lib/python3.10/dist-packages/cpp_server_client/srv'...
[0.443s] -- Up-to-date: /home/maki/ros2_ws/install/cpp_server_client/local/lib/python3.10/dist-packages/cpp_server_client/cpp_server_client_s__rosidl_typesupport_fastrtps_c.cpython-310-x86_64-linux-gnu.so
[0.443s] -- Up-to-date: /home/maki/ros2_ws/install/cpp_server_client/local/lib/python3.10/dist-packages/cpp_server_client/cpp_server_client_s__rosidl_typesupport_introspection_c.cpython-310-x86_64-linux-gnu.so
[0.443s] -- Up-to-date: /home/maki/ros2_ws/install/cpp_server_client/local/lib/python3.10/dist-packages/cpp_server_client/cpp_server_client_s__rosidl_typesupport_c.cpython-310-x86_64-linux-gnu.so
[0.443s] -- Up-to-date: /home/maki/ros2_ws/install/cpp_server_client/lib/libcpp_server_client__rosidl_generator_py.so
[0.443s] -- Up-to-date: /home/maki/ros2_ws/install/cpp_server_client/share/cpp_server_client/srv/PracticeSrv.idl
[0.444s] -- Up-to-date: /home/maki/ros2_ws/install/cpp_server_client/share/cpp_server_client/srv/PracticeSrv.srv
[0.444s] -- Up-to-date: /home/maki/ros2_ws/install/cpp_server_client/share/cpp_server_client/srv/PracticeSrv_Request.msg
[0.444s] -- Up-to-date: /home/maki/ros2_ws/install/cpp_server_client/share/cpp_server_client/srv/PracticeSrv_Response.msg
[0.444s] -- Up-to-date: /home/maki/ros2_ws/install/cpp_server_client/lib/cpp_server_client/practice_server_node
[0.444s] -- Up-to-date: /home/maki/ros2_ws/install/cpp_server_client/lib/cpp_server_client/practice_client_node
[0.444s] -- Up-to-date: /home/maki/ros2_ws/install/cpp_server_client/share/ament_index/resource_index/package_run_dependencies/cpp_server_client
[0.444s] -- Up-to-date: /home/maki/ros2_ws/install/cpp_server_client/share/ament_index/resource_index/parent_prefix_path/cpp_server_client
[0.445s] -- Up-to-date: /home/maki/ros2_ws/install/cpp_server_client/share/cpp_server_client/environment/ament_prefix_path.sh
[0.445s] -- Up-to-date: /home/maki/ros2_ws/install/cpp_server_client/share/cpp_server_client/environment/ament_prefix_path.dsv
[0.445s] -- Up-to-date: /home/maki/ros2_ws/install/cpp_server_client/share/cpp_server_client/environment/path.sh
[0.445s] -- Up-to-date: /home/maki/ros2_ws/install/cpp_server_client/share/cpp_server_client/environment/path.dsv
[0.445s] -- Up-to-date: /home/maki/ros2_ws/install/cpp_server_client/share/cpp_server_client/local_setup.bash
[0.445s] -- Up-to-date: /home/maki/ros2_ws/install/cpp_server_client/share/cpp_server_client/local_setup.sh
[0.445s] -- Up-to-date: /home/maki/ros2_ws/install/cpp_server_client/share/cpp_server_client/local_setup.zsh
[0.446s] -- Up-to-date: /home/maki/ros2_ws/install/cpp_server_client/share/cpp_server_client/local_setup.dsv
[0.446s] -- Up-to-date: /home/maki/ros2_ws/install/cpp_server_client/share/cpp_server_client/package.dsv
[0.446s] -- Up-to-date: /home/maki/ros2_ws/install/cpp_server_client/share/ament_index/resource_index/packages/cpp_server_client
[0.446s] -- Up-to-date: /home/maki/ros2_ws/install/cpp_server_client/share/cpp_server_client/cmake/export_cpp_server_client__rosidl_generator_cExport.cmake
[0.446s] -- Up-to-date: /home/maki/ros2_ws/install/cpp_server_client/share/cpp_server_client/cmake/export_cpp_server_client__rosidl_generator_cExport-noconfig.cmake
[0.446s] -- Up-to-date: /home/maki/ros2_ws/install/cpp_server_client/share/cpp_server_client/cmake/export_cpp_server_client__rosidl_typesupport_fastrtps_cExport.cmake
[0.446s] -- Up-to-date: /home/maki/ros2_ws/install/cpp_server_client/share/cpp_server_client/cmake/export_cpp_server_client__rosidl_typesupport_fastrtps_cExport-noconfig.cmake
[0.446s] -- Up-to-date: /home/maki/ros2_ws/install/cpp_server_client/share/cpp_server_client/cmake/export_cpp_server_client__rosidl_generator_cppExport.cmake
[0.446s] -- Up-to-date: /home/maki/ros2_ws/install/cpp_server_client/share/cpp_server_client/cmake/export_cpp_server_client__rosidl_typesupport_fastrtps_cppExport.cmake
[0.446s] -- Up-to-date: /home/maki/ros2_ws/install/cpp_server_client/share/cpp_server_client/cmake/export_cpp_server_client__rosidl_typesupport_fastrtps_cppExport-noconfig.cmake
[0.446s] -- Up-to-date: /home/maki/ros2_ws/install/cpp_server_client/share/cpp_server_client/cmake/cpp_server_client__rosidl_typesupport_introspection_cExport.cmake
[0.446s] -- Up-to-date: /home/maki/ros2_ws/install/cpp_server_client/share/cpp_server_client/cmake/cpp_server_client__rosidl_typesupport_introspection_cExport-noconfig.cmake
[0.446s] -- Up-to-date: /home/maki/ros2_ws/install/cpp_server_client/share/cpp_server_client/cmake/cpp_server_client__rosidl_typesupport_cExport.cmake
[0.446s] -- Up-to-date: /home/maki/ros2_ws/install/cpp_server_client/share/cpp_server_client/cmake/cpp_server_client__rosidl_typesupport_cExport-noconfig.cmake
[0.446s] -- Up-to-date: /home/maki/ros2_ws/install/cpp_server_client/share/cpp_server_client/cmake/cpp_server_client__rosidl_typesupport_introspection_cppExport.cmake
[0.447s] -- Up-to-date: /home/maki/ros2_ws/install/cpp_server_client/share/cpp_server_client/cmake/cpp_server_client__rosidl_typesupport_introspection_cppExport-noconfig.cmake
[0.447s] -- Up-to-date: /home/maki/ros2_ws/install/cpp_server_client/share/cpp_server_client/cmake/cpp_server_client__rosidl_typesupport_cppExport.cmake
[0.447s] -- Up-to-date: /home/maki/ros2_ws/install/cpp_server_client/share/cpp_server_client/cmake/cpp_server_client__rosidl_typesupport_cppExport-noconfig.cmake
[0.447s] -- Up-to-date: /home/maki/ros2_ws/install/cpp_server_client/share/cpp_server_client/cmake/export_cpp_server_client__rosidl_generator_pyExport.cmake
[0.447s] -- Up-to-date: /home/maki/ros2_ws/install/cpp_server_client/share/cpp_server_client/cmake/export_cpp_server_client__rosidl_generator_pyExport-noconfig.cmake
[0.448s] -- Up-to-date: /home/maki/ros2_ws/install/cpp_server_client/share/cpp_server_client/cmake/rosidl_cmake-extras.cmake
[0.448s] -- Up-to-date: /home/maki/ros2_ws/install/cpp_server_client/share/cpp_server_client/cmake/ament_cmake_export_include_directories-extras.cmake
[0.448s] -- Up-to-date: /home/maki/ros2_ws/install/cpp_server_client/share/cpp_server_client/cmake/ament_cmake_export_libraries-extras.cmake
[0.448s] -- Up-to-date: /home/maki/ros2_ws/install/cpp_server_client/share/cpp_server_client/cmake/ament_cmake_export_targets-extras.cmake
[0.448s] -- Up-to-date: /home/maki/ros2_ws/install/cpp_server_client/share/cpp_server_client/cmake/rosidl_cmake_export_typesupport_targets-extras.cmake
[0.449s] -- Up-to-date: /home/maki/ros2_ws/install/cpp_server_client/share/cpp_server_client/cmake/ament_cmake_export_dependencies-extras.cmake
[0.449s] -- Up-to-date: /home/maki/ros2_ws/install/cpp_server_client/share/cpp_server_client/cmake/rosidl_cmake_export_typesupport_libraries-extras.cmake
[0.449s] -- Up-to-date: /home/maki/ros2_ws/install/cpp_server_client/share/cpp_server_client/cmake/cpp_server_clientConfig.cmake
[0.449s] -- Up-to-date: /home/maki/ros2_ws/install/cpp_server_client/share/cpp_server_client/cmake/cpp_server_clientConfig-version.cmake
[0.449s] -- Up-to-date: /home/maki/ros2_ws/install/cpp_server_client/share/cpp_server_client/package.xml
[0.450s] Invoked command in '/home/maki/ros2_ws/build/cpp_server_client' returned '0': CMAKE_PREFIX_PATH=${CMAKE_PREFIX_PATH}:/opt/ros/humble /usr/bin/cmake --install /home/maki/ros2_ws/build/cpp_server_client
