[0.455s] DEBUG:colcon:Command line arguments: ['/usr/bin/colcon', 'build', '--cmake-clean-cache']
[0.455s] DEBUG:colcon:Parsed command line arguments: Namespace(log_base=None, log_level=None, verb_name='build', build_base='build', install_base='install', merge_install=False, symlink_install=False, test_result_base=None, continue_on_error=False, executor='parallel', parallel_workers=12, event_handlers=None, ignore_user_meta=False, metas=['./colcon.meta'], base_paths=['.'], packages_ignore=None, packages_ignore_regex=None, paths=None, packages_up_to=None, packages_up_to_regex=None, packages_above=None, packages_above_and_dependencies=None, packages_above_depth=None, packages_select_by_dep=None, packages_skip_by_dep=None, packages_skip_up_to=None, packages_select_build_failed=False, packages_skip_build_finished=False, packages_select_test_failures=False, packages_skip_test_passed=False, packages_select=None, packages_skip=None, packages_select_regex=None, packages_skip_regex=None, packages_start=None, packages_end=None, allow_overriding=[], cmake_args=None, cmake_target=None, cmake_target_skip_unavailable=False, cmake_clean_cache=True, cmake_clean_first=False, cmake_force_configure=False, ament_cmake_args=None, catkin_cmake_args=None, catkin_skip_building_tests=False, verb_parser=<colcon_defaults.argument_parser.defaults.DefaultArgumentsDecorator object at 0x7b11e019fac0>, verb_extension=<colcon_core.verb.build.BuildVerb object at 0x7b11e040f820>, main=<bound method BuildVerb.main of <colcon_core.verb.build.BuildVerb object at 0x7b11e040f820>>)
[0.477s] Level 1:colcon.colcon_core.package_discovery:discover_packages(colcon_meta) check parameters
[0.477s] Level 1:colcon.colcon_core.package_discovery:discover_packages(recursive) check parameters
[0.477s] Level 1:colcon.colcon_core.package_discovery:discover_packages(ignore) check parameters
[0.477s] Level 1:colcon.colcon_core.package_discovery:discover_packages(path) check parameters
[0.477s] Level 1:colcon.colcon_core.package_discovery:discover_packages(colcon_meta) discover
[0.477s] Level 1:colcon.colcon_core.package_discovery:discover_packages(recursive) discover
[0.477s] INFO:colcon.colcon_core.package_discovery:Crawling recursively for packages in '/home/maki/ros2_ws'
[0.477s] Level 1:colcon.colcon_core.package_identification:_identify(.) by extensions ['ignore', 'ignore_ament_install']
[0.477s] Level 1:colcon.colcon_core.package_identification:_identify(.) by extension 'ignore'
[0.477s] Level 1:colcon.colcon_core.package_identification:_identify(.) by extension 'ignore_ament_install'
[0.477s] Level 1:colcon.colcon_core.package_identification:_identify(.) by extensions ['colcon_pkg']
[0.477s] Level 1:colcon.colcon_core.package_identification:_identify(.) by extension 'colcon_pkg'
[0.477s] Level 1:colcon.colcon_core.package_identification:_identify(.) by extensions ['colcon_meta']
[0.477s] Level 1:colcon.colcon_core.package_identification:_identify(.) by extension 'colcon_meta'
[0.477s] Level 1:colcon.colcon_core.package_identification:_identify(.) by extensions ['ros']
[0.477s] Level 1:colcon.colcon_core.package_identification:_identify(.) by extension 'ros'
[0.484s] Level 1:colcon.colcon_core.package_identification:_identify(.) by extensions ['cmake', 'python']
[0.484s] Level 1:colcon.colcon_core.package_identification:_identify(.) by extension 'cmake'
[0.484s] Level 1:colcon.colcon_core.package_identification:_identify(.) by extension 'python'
[0.484s] Level 1:colcon.colcon_core.package_identification:_identify(.) by extensions ['python_setup_py']
[0.484s] Level 1:colcon.colcon_core.package_identification:_identify(.) by extension 'python_setup_py'
[0.484s] Level 1:colcon.colcon_core.package_identification:_identify(build) by extensions ['ignore', 'ignore_ament_install']
[0.484s] Level 1:colcon.colcon_core.package_identification:_identify(build) by extension 'ignore'
[0.484s] Level 1:colcon.colcon_core.package_identification:_identify(build) ignored
[0.484s] Level 1:colcon.colcon_core.package_identification:_identify(install) by extensions ['ignore', 'ignore_ament_install']
[0.484s] Level 1:colcon.colcon_core.package_identification:_identify(install) by extension 'ignore'
[0.484s] Level 1:colcon.colcon_core.package_identification:_identify(install) ignored
[0.484s] Level 1:colcon.colcon_core.package_identification:_identify(log) by extensions ['ignore', 'ignore_ament_install']
[0.484s] Level 1:colcon.colcon_core.package_identification:_identify(log) by extension 'ignore'
[0.484s] Level 1:colcon.colcon_core.package_identification:_identify(log) ignored
[0.484s] Level 1:colcon.colcon_core.package_identification:_identify(src) by extensions ['ignore', 'ignore_ament_install']
[0.484s] Level 1:colcon.colcon_core.package_identification:_identify(src) by extension 'ignore'
[0.484s] Level 1:colcon.colcon_core.package_identification:_identify(src) by extension 'ignore_ament_install'
[0.485s] Level 1:colcon.colcon_core.package_identification:_identify(src) by extensions ['colcon_pkg']
[0.485s] Level 1:colcon.colcon_core.package_identification:_identify(src) by extension 'colcon_pkg'
[0.485s] Level 1:colcon.colcon_core.package_identification:_identify(src) by extensions ['colcon_meta']
[0.485s] Level 1:colcon.colcon_core.package_identification:_identify(src) by extension 'colcon_meta'
[0.485s] Level 1:colcon.colcon_core.package_identification:_identify(src) by extensions ['ros']
[0.485s] Level 1:colcon.colcon_core.package_identification:_identify(src) by extension 'ros'
[0.485s] Level 1:colcon.colcon_core.package_identification:_identify(src) by extensions ['cmake', 'python']
[0.485s] Level 1:colcon.colcon_core.package_identification:_identify(src) by extension 'cmake'
[0.485s] Level 1:colcon.colcon_core.package_identification:_identify(src) by extension 'python'
[0.485s] Level 1:colcon.colcon_core.package_identification:_identify(src) by extensions ['python_setup_py']
[0.485s] Level 1:colcon.colcon_core.package_identification:_identify(src) by extension 'python_setup_py'
[0.485s] Level 1:colcon.colcon_core.package_identification:_identify(src/cpp_surver_client) by extensions ['ignore', 'ignore_ament_install']
[0.485s] Level 1:colcon.colcon_core.package_identification:_identify(src/cpp_surver_client) by extension 'ignore'
[0.485s] Level 1:colcon.colcon_core.package_identification:_identify(src/cpp_surver_client) by extension 'ignore_ament_install'
[0.485s] Level 1:colcon.colcon_core.package_identification:_identify(src/cpp_surver_client) by extensions ['colcon_pkg']
[0.485s] Level 1:colcon.colcon_core.package_identification:_identify(src/cpp_surver_client) by extension 'colcon_pkg'
[0.485s] Level 1:colcon.colcon_core.package_identification:_identify(src/cpp_surver_client) by extensions ['colcon_meta']
[0.485s] Level 1:colcon.colcon_core.package_identification:_identify(src/cpp_surver_client) by extension 'colcon_meta'
[0.485s] Level 1:colcon.colcon_core.package_identification:_identify(src/cpp_surver_client) by extensions ['ros']
[0.485s] Level 1:colcon.colcon_core.package_identification:_identify(src/cpp_surver_client) by extension 'ros'
[0.486s] DEBUG:colcon.colcon_core.package_identification:Package 'src/cpp_surver_client' with type 'ros.ament_cmake' and name 'cpp_server_client'
[0.486s] Level 1:colcon.colcon_core.package_identification:_identify(src/cpp_topic_pubsub) by extensions ['ignore', 'ignore_ament_install']
[0.487s] Level 1:colcon.colcon_core.package_identification:_identify(src/cpp_topic_pubsub) by extension 'ignore'
[0.487s] Level 1:colcon.colcon_core.package_identification:_identify(src/cpp_topic_pubsub) by extension 'ignore_ament_install'
[0.487s] Level 1:colcon.colcon_core.package_identification:_identify(src/cpp_topic_pubsub) by extensions ['colcon_pkg']
[0.487s] Level 1:colcon.colcon_core.package_identification:_identify(src/cpp_topic_pubsub) by extension 'colcon_pkg'
[0.487s] Level 1:colcon.colcon_core.package_identification:_identify(src/cpp_topic_pubsub) by extensions ['colcon_meta']
[0.487s] Level 1:colcon.colcon_core.package_identification:_identify(src/cpp_topic_pubsub) by extension 'colcon_meta'
[0.487s] Level 1:colcon.colcon_core.package_identification:_identify(src/cpp_topic_pubsub) by extensions ['ros']
[0.487s] Level 1:colcon.colcon_core.package_identification:_identify(src/cpp_topic_pubsub) by extension 'ros'
[0.487s] DEBUG:colcon.colcon_core.package_identification:Package 'src/cpp_topic_pubsub' with type 'ros.ament_cmake' and name 'cpp_topic_pubsub'
[0.487s] Level 1:colcon.colcon_core.package_identification:_identify(src/package_test) by extensions ['ignore', 'ignore_ament_install']
[0.487s] Level 1:colcon.colcon_core.package_identification:_identify(src/package_test) by extension 'ignore'
[0.487s] Level 1:colcon.colcon_core.package_identification:_identify(src/package_test) by extension 'ignore_ament_install'
[0.487s] Level 1:colcon.colcon_core.package_identification:_identify(src/package_test) by extensions ['colcon_pkg']
[0.487s] Level 1:colcon.colcon_core.package_identification:_identify(src/package_test) by extension 'colcon_pkg'
[0.487s] Level 1:colcon.colcon_core.package_identification:_identify(src/package_test) by extensions ['colcon_meta']
[0.487s] Level 1:colcon.colcon_core.package_identification:_identify(src/package_test) by extension 'colcon_meta'
[0.487s] Level 1:colcon.colcon_core.package_identification:_identify(src/package_test) by extensions ['ros']
[0.487s] Level 1:colcon.colcon_core.package_identification:_identify(src/package_test) by extension 'ros'
[0.487s] DEBUG:colcon.colcon_core.package_identification:Package 'src/package_test' with type 'ros.ament_cmake' and name 'package_test'
[0.487s] Level 1:colcon.colcon_core.package_discovery:discover_packages(recursive) using defaults
[0.488s] Level 1:colcon.colcon_core.package_discovery:discover_packages(ignore) discover
[0.488s] Level 1:colcon.colcon_core.package_discovery:discover_packages(ignore) using defaults
[0.488s] Level 1:colcon.colcon_core.package_discovery:discover_packages(path) discover
[0.488s] Level 1:colcon.colcon_core.package_discovery:discover_packages(path) using defaults
[0.528s] Level 1:colcon.colcon_core.package_discovery:discover_packages(prefix_path) check parameters
[0.528s] Level 1:colcon.colcon_core.package_discovery:discover_packages(prefix_path) discover
[0.535s] WARNING:colcon.colcon_ros.prefix_path.ament:The path '/home/maki/ros2_ws/install/polygon_plugins' in the environment variable AMENT_PREFIX_PATH doesn't exist
[0.535s] WARNING:colcon.colcon_ros.prefix_path.ament:The path '/home/maki/ros2_ws/install/polygon_base' in the environment variable AMENT_PREFIX_PATH doesn't exist
[0.535s] WARNING:colcon.colcon_ros.prefix_path.ament:The path '/home/maki/ros2_ws/install/more_interfaces' in the environment variable AMENT_PREFIX_PATH doesn't exist
[0.535s] WARNING:colcon.colcon_ros.prefix_path.ament:The path '/home/maki/ros2_ws/install/cpp_srvcli' in the environment variable AMENT_PREFIX_PATH doesn't exist
[0.535s] WARNING:colcon.colcon_ros.prefix_path.ament:The path '/home/maki/ros2_ws/install/cpp_pubsub' in the environment variable AMENT_PREFIX_PATH doesn't exist
[0.535s] WARNING:colcon.colcon_ros.prefix_path.ament:The path '/home/maki/ros2_ws/install/cpp_parameters' in the environment variable AMENT_PREFIX_PATH doesn't exist
[0.535s] WARNING:colcon.colcon_ros.prefix_path.ament:The path '/home/maki/ros2_ws/install/bag_recorder_nodes' in the environment variable AMENT_PREFIX_PATH doesn't exist
[0.535s] WARNING:colcon.colcon_ros.prefix_path.ament:The path '/home/maki/ros2_ws/install/action_tutorials_cpp' in the environment variable AMENT_PREFIX_PATH doesn't exist
[0.535s] WARNING:colcon.colcon_ros.prefix_path.catkin:The path '/home/maki/ros2_ws/install/polygon_plugins' in the environment variable CMAKE_PREFIX_PATH doesn't exist
[0.535s] WARNING:colcon.colcon_ros.prefix_path.catkin:The path '/home/maki/ros2_ws/install/polygon_base' in the environment variable CMAKE_PREFIX_PATH doesn't exist
[0.536s] WARNING:colcon.colcon_ros.prefix_path.catkin:The path '/home/maki/ros2_ws/install/more_interfaces' in the environment variable CMAKE_PREFIX_PATH doesn't exist
[0.536s] WARNING:colcon.colcon_ros.prefix_path.catkin:The path '/home/maki/ros2_ws/install/cpp_srvcli' in the environment variable CMAKE_PREFIX_PATH doesn't exist
[0.536s] WARNING:colcon.colcon_ros.prefix_path.catkin:The path '/home/maki/ros2_ws/install/cpp_pubsub' in the environment variable CMAKE_PREFIX_PATH doesn't exist
[0.536s] WARNING:colcon.colcon_ros.prefix_path.catkin:The path '/home/maki/ros2_ws/install/cpp_parameters' in the environment variable CMAKE_PREFIX_PATH doesn't exist
[0.536s] WARNING:colcon.colcon_ros.prefix_path.catkin:The path '/home/maki/ros2_ws/install/bag_recorder_nodes' in the environment variable CMAKE_PREFIX_PATH doesn't exist
[0.536s] WARNING:colcon.colcon_ros.prefix_path.catkin:The path '/home/maki/ros2_ws/install/action_tutorials_cpp' in the environment variable CMAKE_PREFIX_PATH doesn't exist
[0.543s] DEBUG:colcon.colcon_installed_package_information.package_discovery:Found 3 installed packages in /home/maki/ros2_ws/install
[0.551s] DEBUG:colcon.colcon_installed_package_information.package_discovery:Found 340 installed packages in /opt/ros/humble
[0.552s] Level 1:colcon.colcon_core.package_discovery:discover_packages(prefix_path) using defaults
[0.604s] Level 5:colcon.colcon_core.verb:set package 'cpp_server_client' build argument 'cmake_args' from command line to 'None'
[0.604s] Level 5:colcon.colcon_core.verb:set package 'cpp_server_client' build argument 'cmake_target' from command line to 'None'
[0.604s] Level 5:colcon.colcon_core.verb:set package 'cpp_server_client' build argument 'cmake_target_skip_unavailable' from command line to 'False'
[0.604s] Level 5:colcon.colcon_core.verb:set package 'cpp_server_client' build argument 'cmake_clean_cache' from command line to 'True'
[0.604s] Level 5:colcon.colcon_core.verb:set package 'cpp_server_client' build argument 'cmake_clean_first' from command line to 'False'
[0.604s] Level 5:colcon.colcon_core.verb:set package 'cpp_server_client' build argument 'cmake_force_configure' from command line to 'False'
[0.604s] Level 5:colcon.colcon_core.verb:set package 'cpp_server_client' build argument 'ament_cmake_args' from command line to 'None'
[0.604s] Level 5:colcon.colcon_core.verb:set package 'cpp_server_client' build argument 'catkin_cmake_args' from command line to 'None'
[0.604s] Level 5:colcon.colcon_core.verb:set package 'cpp_server_client' build argument 'catkin_skip_building_tests' from command line to 'False'
[0.604s] DEBUG:colcon.colcon_core.verb:Building package 'cpp_server_client' with the following arguments: {'ament_cmake_args': None, 'build_base': '/home/maki/ros2_ws/build/cpp_server_client', 'catkin_cmake_args': None, 'catkin_skip_building_tests': False, 'cmake_args': None, 'cmake_clean_cache': True, 'cmake_clean_first': False, 'cmake_force_configure': False, 'cmake_target': None, 'cmake_target_skip_unavailable': False, 'install_base': '/home/maki/ros2_ws/install/cpp_server_client', 'merge_install': False, 'path': '/home/maki/ros2_ws/src/cpp_surver_client', 'symlink_install': False, 'test_result_base': None}
[0.611s] Level 5:colcon.colcon_core.verb:set package 'cpp_topic_pubsub' build argument 'cmake_args' from command line to 'None'
[0.611s] Level 5:colcon.colcon_core.verb:set package 'cpp_topic_pubsub' build argument 'cmake_target' from command line to 'None'
[0.611s] Level 5:colcon.colcon_core.verb:set package 'cpp_topic_pubsub' build argument 'cmake_target_skip_unavailable' from command line to 'False'
[0.611s] Level 5:colcon.colcon_core.verb:set package 'cpp_topic_pubsub' build argument 'cmake_clean_cache' from command line to 'True'
[0.611s] Level 5:colcon.colcon_core.verb:set package 'cpp_topic_pubsub' build argument 'cmake_clean_first' from command line to 'False'
[0.611s] Level 5:colcon.colcon_core.verb:set package 'cpp_topic_pubsub' build argument 'cmake_force_configure' from command line to 'False'
[0.611s] Level 5:colcon.colcon_core.verb:set package 'cpp_topic_pubsub' build argument 'ament_cmake_args' from command line to 'None'
[0.611s] Level 5:colcon.colcon_core.verb:set package 'cpp_topic_pubsub' build argument 'catkin_cmake_args' from command line to 'None'
[0.611s] Level 5:colcon.colcon_core.verb:set package 'cpp_topic_pubsub' build argument 'catkin_skip_building_tests' from command line to 'False'
[0.611s] DEBUG:colcon.colcon_core.verb:Building package 'cpp_topic_pubsub' with the following arguments: {'ament_cmake_args': None, 'build_base': '/home/maki/ros2_ws/build/cpp_topic_pubsub', 'catkin_cmake_args': None, 'catkin_skip_building_tests': False, 'cmake_args': None, 'cmake_clean_cache': True, 'cmake_clean_first': False, 'cmake_force_configure': False, 'cmake_target': None, 'cmake_target_skip_unavailable': False, 'install_base': '/home/maki/ros2_ws/install/cpp_topic_pubsub', 'merge_install': False, 'path': '/home/maki/ros2_ws/src/cpp_topic_pubsub', 'symlink_install': False, 'test_result_base': None}
[0.617s] Level 5:colcon.colcon_core.verb:set package 'package_test' build argument 'cmake_args' from command line to 'None'
[0.617s] Level 5:colcon.colcon_core.verb:set package 'package_test' build argument 'cmake_target' from command line to 'None'
[0.617s] Level 5:colcon.colcon_core.verb:set package 'package_test' build argument 'cmake_target_skip_unavailable' from command line to 'False'
[0.617s] Level 5:colcon.colcon_core.verb:set package 'package_test' build argument 'cmake_clean_cache' from command line to 'True'
[0.617s] Level 5:colcon.colcon_core.verb:set package 'package_test' build argument 'cmake_clean_first' from command line to 'False'
[0.617s] Level 5:colcon.colcon_core.verb:set package 'package_test' build argument 'cmake_force_configure' from command line to 'False'
[0.617s] Level 5:colcon.colcon_core.verb:set package 'package_test' build argument 'ament_cmake_args' from command line to 'None'
[0.617s] Level 5:colcon.colcon_core.verb:set package 'package_test' build argument 'catkin_cmake_args' from command line to 'None'
[0.617s] Level 5:colcon.colcon_core.verb:set package 'package_test' build argument 'catkin_skip_building_tests' from command line to 'False'
[0.617s] DEBUG:colcon.colcon_core.verb:Building package 'package_test' with the following arguments: {'ament_cmake_args': None, 'build_base': '/home/maki/ros2_ws/build/package_test', 'catkin_cmake_args': None, 'catkin_skip_building_tests': False, 'cmake_args': None, 'cmake_clean_cache': True, 'cmake_clean_first': False, 'cmake_force_configure': False, 'cmake_target': None, 'cmake_target_skip_unavailable': False, 'install_base': '/home/maki/ros2_ws/install/package_test', 'merge_install': False, 'path': '/home/maki/ros2_ws/src/package_test', 'symlink_install': False, 'test_result_base': None}
[0.623s] INFO:colcon.colcon_core.executor:Executing jobs using 'parallel' executor
[0.629s] DEBUG:colcon.colcon_parallel_executor.executor.parallel:run_until_complete
[0.629s] INFO:colcon.colcon_ros.task.ament_cmake.build:Building ROS package in '/home/maki/ros2_ws/src/cpp_surver_client' with build type 'ament_cmake'
[0.629s] INFO:colcon.colcon_cmake.task.cmake.build:Building CMake package in '/home/maki/ros2_ws/src/cpp_surver_client'
[0.637s] INFO:colcon.colcon_core.plugin_system:Skipping extension 'colcon_core.shell.bat': Not used on non-Windows systems
[0.637s] INFO:colcon.colcon_core.shell:Skip shell extension 'powershell' for command environment: Not usable outside of PowerShell
[0.637s] DEBUG:colcon.colcon_core.shell:Skip shell extension 'dsv' for command environment
[0.658s] INFO:colcon.colcon_ros.task.ament_cmake.build:Building ROS package in '/home/maki/ros2_ws/src/cpp_topic_pubsub' with build type 'ament_cmake'
[0.658s] INFO:colcon.colcon_cmake.task.cmake.build:Building CMake package in '/home/maki/ros2_ws/src/cpp_topic_pubsub'
[0.666s] INFO:colcon.colcon_core.shell:Skip shell extension 'powershell' for command environment: Not usable outside of PowerShell
[0.666s] DEBUG:colcon.colcon_core.shell:Skip shell extension 'dsv' for command environment
[0.686s] INFO:colcon.colcon_ros.task.ament_cmake.build:Building ROS package in '/home/maki/ros2_ws/src/package_test' with build type 'ament_cmake'
[0.686s] INFO:colcon.colcon_cmake.task.cmake.build:Building CMake package in '/home/maki/ros2_ws/src/package_test'
[0.693s] INFO:colcon.colcon_core.shell:Skip shell extension 'powershell' for command environment: Not usable outside of PowerShell
[0.693s] DEBUG:colcon.colcon_core.shell:Skip shell extension 'dsv' for command environment
[0.724s] DEBUG:colcon.colcon_core.event_handler.log_command:Invoking command in '/home/maki/ros2_ws/build/cpp_server_client': CMAKE_PREFIX_PATH=${CMAKE_PREFIX_PATH}:/opt/ros/humble /usr/bin/cmake /home/maki/ros2_ws/src/cpp_surver_client -DCMAKE_INSTALL_PREFIX=/home/maki/ros2_ws/install/cpp_server_client
[0.728s] DEBUG:colcon.colcon_core.event_handler.log_command:Invoking command in '/home/maki/ros2_ws/build/cpp_topic_pubsub': CMAKE_PREFIX_PATH=${CMAKE_PREFIX_PATH}:/opt/ros/humble /usr/bin/cmake /home/maki/ros2_ws/src/cpp_topic_pubsub -DCMAKE_INSTALL_PREFIX=/home/maki/ros2_ws/install/cpp_topic_pubsub
[0.731s] DEBUG:colcon.colcon_core.event_handler.log_command:Invoking command in '/home/maki/ros2_ws/build/package_test': CMAKE_PREFIX_PATH=${CMAKE_PREFIX_PATH}:/opt/ros/humble /usr/bin/cmake /home/maki/ros2_ws/src/package_test -DCMAKE_INSTALL_PREFIX=/home/maki/ros2_ws/install/package_test
[1.160s] DEBUG:colcon.colcon_core.event_handler.log_command:Invoked command in '/home/maki/ros2_ws/build/package_test' returned '0': CMAKE_PREFIX_PATH=${CMAKE_PREFIX_PATH}:/opt/ros/humble /usr/bin/cmake /home/maki/ros2_ws/src/package_test -DCMAKE_INSTALL_PREFIX=/home/maki/ros2_ws/install/package_test
[1.162s] DEBUG:colcon.colcon_core.event_handler.log_command:Invoking command in '/home/maki/ros2_ws/build/package_test': CMAKE_PREFIX_PATH=${CMAKE_PREFIX_PATH}:/opt/ros/humble /usr/bin/cmake --build /home/maki/ros2_ws/build/package_test -- -j12 -l12
[1.185s] DEBUG:colcon.colcon_core.event_handler.log_command:Invoked command in '/home/maki/ros2_ws/build/package_test' returned '0': CMAKE_PREFIX_PATH=${CMAKE_PREFIX_PATH}:/opt/ros/humble /usr/bin/cmake --build /home/maki/ros2_ws/build/package_test -- -j12 -l12
[1.203s] DEBUG:colcon.colcon_core.event_handler.log_command:Invoking command in '/home/maki/ros2_ws/build/package_test': CMAKE_PREFIX_PATH=${CMAKE_PREFIX_PATH}:/opt/ros/humble /usr/bin/cmake --install /home/maki/ros2_ws/build/package_test
[1.209s] Level 1:colcon.colcon_core.environment:create_environment_scripts_only(package_test)
[1.209s] DEBUG:colcon.colcon_core.event_handler.log_command:Invoked command in '/home/maki/ros2_ws/build/package_test' returned '0': CMAKE_PREFIX_PATH=${CMAKE_PREFIX_PATH}:/opt/ros/humble /usr/bin/cmake --install /home/maki/ros2_ws/build/package_test
[1.225s] Level 1:colcon.colcon_core.environment:checking '/home/maki/ros2_ws/install/package_test' for CMake module files
[1.225s] Level 1:colcon.colcon_core.environment:checking '/home/maki/ros2_ws/install/package_test' for CMake config files
[1.225s] Level 1:colcon.colcon_core.shell:create_environment_hook('package_test', 'cmake_prefix_path')
[1.239s] INFO:colcon.colcon_core.shell:Creating environment hook '/home/maki/ros2_ws/install/package_test/share/package_test/hook/cmake_prefix_path.ps1'
[1.239s] INFO:colcon.colcon_core.shell:Creating environment descriptor '/home/maki/ros2_ws/install/package_test/share/package_test/hook/cmake_prefix_path.dsv'
[1.240s] INFO:colcon.colcon_core.shell:Creating environment hook '/home/maki/ros2_ws/install/package_test/share/package_test/hook/cmake_prefix_path.sh'
[1.240s] Level 1:colcon.colcon_core.environment:checking '/home/maki/ros2_ws/install/package_test/bin'
[1.240s] Level 1:colcon.colcon_core.environment:checking '/home/maki/ros2_ws/install/package_test/lib/pkgconfig/package_test.pc'
[1.241s] Level 1:colcon.colcon_core.environment:checking '/home/maki/ros2_ws/install/package_test/lib/python3.10/site-packages'
[1.241s] Level 1:colcon.colcon_core.environment:checking '/home/maki/ros2_ws/install/package_test/bin'
[1.254s] INFO:colcon.colcon_core.shell:Creating package script '/home/maki/ros2_ws/install/package_test/share/package_test/package.ps1'
[1.255s] INFO:colcon.colcon_core.shell:Creating package descriptor '/home/maki/ros2_ws/install/package_test/share/package_test/package.dsv'
[1.256s] INFO:colcon.colcon_core.shell:Creating package script '/home/maki/ros2_ws/install/package_test/share/package_test/package.sh'
[1.256s] INFO:colcon.colcon_core.shell:Creating package script '/home/maki/ros2_ws/install/package_test/share/package_test/package.bash'
[1.257s] INFO:colcon.colcon_core.shell:Creating package script '/home/maki/ros2_ws/install/package_test/share/package_test/package.zsh'
[1.257s] Level 1:colcon.colcon_core.environment:create_file_with_runtime_dependencies(/home/maki/ros2_ws/install/package_test/share/colcon-core/packages/package_test)
[1.287s] Level 1:colcon.colcon_core.environment:create_environment_scripts_only(package_test)
[1.301s] Level 1:colcon.colcon_core.environment:checking '/home/maki/ros2_ws/install/package_test' for CMake module files
[1.301s] Level 1:colcon.colcon_core.environment:checking '/home/maki/ros2_ws/install/package_test' for CMake config files
[1.302s] Level 1:colcon.colcon_core.shell:create_environment_hook('package_test', 'cmake_prefix_path')
[1.315s] INFO:colcon.colcon_core.shell:Creating environment hook '/home/maki/ros2_ws/install/package_test/share/package_test/hook/cmake_prefix_path.ps1'
[1.316s] INFO:colcon.colcon_core.shell:Creating environment descriptor '/home/maki/ros2_ws/install/package_test/share/package_test/hook/cmake_prefix_path.dsv'
[1.316s] INFO:colcon.colcon_core.shell:Creating environment hook '/home/maki/ros2_ws/install/package_test/share/package_test/hook/cmake_prefix_path.sh'
[1.316s] Level 1:colcon.colcon_core.environment:checking '/home/maki/ros2_ws/install/package_test/bin'
[1.316s] Level 1:colcon.colcon_core.environment:checking '/home/maki/ros2_ws/install/package_test/lib/pkgconfig/package_test.pc'
[1.317s] Level 1:colcon.colcon_core.environment:checking '/home/maki/ros2_ws/install/package_test/lib/python3.10/site-packages'
[1.317s] Level 1:colcon.colcon_core.environment:checking '/home/maki/ros2_ws/install/package_test/bin'
[1.331s] INFO:colcon.colcon_core.shell:Creating package script '/home/maki/ros2_ws/install/package_test/share/package_test/package.ps1'
[1.332s] INFO:colcon.colcon_core.shell:Creating package descriptor '/home/maki/ros2_ws/install/package_test/share/package_test/package.dsv'
[1.332s] INFO:colcon.colcon_core.shell:Creating package script '/home/maki/ros2_ws/install/package_test/share/package_test/package.sh'
[1.332s] INFO:colcon.colcon_core.shell:Creating package script '/home/maki/ros2_ws/install/package_test/share/package_test/package.bash'
[1.333s] INFO:colcon.colcon_core.shell:Creating package script '/home/maki/ros2_ws/install/package_test/share/package_test/package.zsh'
[1.333s] Level 1:colcon.colcon_core.environment:create_file_with_runtime_dependencies(/home/maki/ros2_ws/install/package_test/share/colcon-core/packages/package_test)
[2.075s] DEBUG:colcon.colcon_core.event_handler.log_command:Invoked command in '/home/maki/ros2_ws/build/cpp_server_client' returned '0': CMAKE_PREFIX_PATH=${CMAKE_PREFIX_PATH}:/opt/ros/humble /usr/bin/cmake /home/maki/ros2_ws/src/cpp_surver_client -DCMAKE_INSTALL_PREFIX=/home/maki/ros2_ws/install/cpp_server_client
[2.077s] DEBUG:colcon.colcon_core.event_handler.log_command:Invoking command in '/home/maki/ros2_ws/build/cpp_server_client': CMAKE_PREFIX_PATH=${CMAKE_PREFIX_PATH}:/opt/ros/humble /usr/bin/cmake --build /home/maki/ros2_ws/build/cpp_server_client -- -j12 -l12
[2.141s] DEBUG:colcon.colcon_core.event_handler.log_command:Invoked command in '/home/maki/ros2_ws/build/cpp_topic_pubsub' returned '0': CMAKE_PREFIX_PATH=${CMAKE_PREFIX_PATH}:/opt/ros/humble /usr/bin/cmake /home/maki/ros2_ws/src/cpp_topic_pubsub -DCMAKE_INSTALL_PREFIX=/home/maki/ros2_ws/install/cpp_topic_pubsub
[2.142s] DEBUG:colcon.colcon_core.event_handler.log_command:Invoking command in '/home/maki/ros2_ws/build/cpp_topic_pubsub': CMAKE_PREFIX_PATH=${CMAKE_PREFIX_PATH}:/opt/ros/humble /usr/bin/cmake --build /home/maki/ros2_ws/build/cpp_topic_pubsub -- -j12 -l12
[2.300s] DEBUG:colcon.colcon_core.event_handler.log_command:Invoked command in '/home/maki/ros2_ws/build/cpp_server_client' returned '0': CMAKE_PREFIX_PATH=${CMAKE_PREFIX_PATH}:/opt/ros/humble /usr/bin/cmake --build /home/maki/ros2_ws/build/cpp_server_client -- -j12 -l12
[2.334s] DEBUG:colcon.colcon_core.event_handler.log_command:Invoking command in '/home/maki/ros2_ws/build/cpp_server_client': CMAKE_PREFIX_PATH=${CMAKE_PREFIX_PATH}:/opt/ros/humble /usr/bin/cmake --install /home/maki/ros2_ws/build/cpp_server_client
[2.383s] Level 1:colcon.colcon_core.environment:create_environment_scripts_only(cpp_server_client)
[2.384s] DEBUG:colcon.colcon_core.event_handler.log_command:Invoked command in '/home/maki/ros2_ws/build/cpp_server_client' returned '0': CMAKE_PREFIX_PATH=${CMAKE_PREFIX_PATH}:/opt/ros/humble /usr/bin/cmake --install /home/maki/ros2_ws/build/cpp_server_client
[2.396s] Level 1:colcon.colcon_core.environment:checking '/home/maki/ros2_ws/install/cpp_server_client' for CMake module files
[2.396s] Level 1:colcon.colcon_core.environment:checking '/home/maki/ros2_ws/install/cpp_server_client' for CMake config files
[2.396s] Level 1:colcon.colcon_core.shell:create_environment_hook('cpp_server_client', 'cmake_prefix_path')
[2.403s] INFO:colcon.colcon_core.shell:Creating environment hook '/home/maki/ros2_ws/install/cpp_server_client/share/cpp_server_client/hook/cmake_prefix_path.ps1'
[2.404s] INFO:colcon.colcon_core.shell:Creating environment descriptor '/home/maki/ros2_ws/install/cpp_server_client/share/cpp_server_client/hook/cmake_prefix_path.dsv'
[2.404s] INFO:colcon.colcon_core.shell:Creating environment hook '/home/maki/ros2_ws/install/cpp_server_client/share/cpp_server_client/hook/cmake_prefix_path.sh'
[2.404s] Level 1:colcon.colcon_core.environment:checking '/home/maki/ros2_ws/install/cpp_server_client/lib'
[2.404s] Level 1:colcon.colcon_core.shell:create_environment_hook('cpp_server_client', 'ld_library_path_lib')
[2.411s] INFO:colcon.colcon_core.shell:Creating environment hook '/home/maki/ros2_ws/install/cpp_server_client/share/cpp_server_client/hook/ld_library_path_lib.ps1'
[2.411s] INFO:colcon.colcon_core.shell:Creating environment descriptor '/home/maki/ros2_ws/install/cpp_server_client/share/cpp_server_client/hook/ld_library_path_lib.dsv'
[2.412s] INFO:colcon.colcon_core.shell:Creating environment hook '/home/maki/ros2_ws/install/cpp_server_client/share/cpp_server_client/hook/ld_library_path_lib.sh'
[2.412s] Level 1:colcon.colcon_core.environment:checking '/home/maki/ros2_ws/install/cpp_server_client/bin'
[2.412s] Level 1:colcon.colcon_core.environment:checking '/home/maki/ros2_ws/install/cpp_server_client/lib/pkgconfig/cpp_server_client.pc'
[2.412s] Level 1:colcon.colcon_core.environment:checking '/home/maki/ros2_ws/install/cpp_server_client/lib/python3.10/site-packages'
[2.412s] Level 1:colcon.colcon_core.environment:checking '/home/maki/ros2_ws/install/cpp_server_client/bin'
[2.419s] INFO:colcon.colcon_core.shell:Creating package script '/home/maki/ros2_ws/install/cpp_server_client/share/cpp_server_client/package.ps1'
[2.419s] INFO:colcon.colcon_core.shell:Creating package descriptor '/home/maki/ros2_ws/install/cpp_server_client/share/cpp_server_client/package.dsv'
[2.419s] INFO:colcon.colcon_core.shell:Creating package script '/home/maki/ros2_ws/install/cpp_server_client/share/cpp_server_client/package.sh'
[2.420s] INFO:colcon.colcon_core.shell:Creating package script '/home/maki/ros2_ws/install/cpp_server_client/share/cpp_server_client/package.bash'
[2.420s] INFO:colcon.colcon_core.shell:Creating package script '/home/maki/ros2_ws/install/cpp_server_client/share/cpp_server_client/package.zsh'
[2.420s] Level 1:colcon.colcon_core.environment:create_file_with_runtime_dependencies(/home/maki/ros2_ws/install/cpp_server_client/share/colcon-core/packages/cpp_server_client)
[2.422s] DEBUG:colcon.colcon_core.event_handler.log_command:Invoked command in '/home/maki/ros2_ws/build/cpp_topic_pubsub' returned '0': CMAKE_PREFIX_PATH=${CMAKE_PREFIX_PATH}:/opt/ros/humble /usr/bin/cmake --build /home/maki/ros2_ws/build/cpp_topic_pubsub -- -j12 -l12
[2.463s] DEBUG:colcon.colcon_core.event_handler.log_command:Invoking command in '/home/maki/ros2_ws/build/cpp_topic_pubsub': CMAKE_PREFIX_PATH=${CMAKE_PREFIX_PATH}:/opt/ros/humble /usr/bin/cmake --install /home/maki/ros2_ws/build/cpp_topic_pubsub
[2.485s] Level 1:colcon.colcon_core.environment:create_environment_scripts_only(cpp_server_client)
[2.501s] Level 1:colcon.colcon_core.environment:checking '/home/maki/ros2_ws/install/cpp_server_client' for CMake module files
[2.502s] Level 1:colcon.colcon_core.environment:checking '/home/maki/ros2_ws/install/cpp_server_client' for CMake config files
[2.504s] Level 1:colcon.colcon_core.shell:create_environment_hook('cpp_server_client', 'cmake_prefix_path')
[2.517s] INFO:colcon.colcon_core.shell:Creating environment hook '/home/maki/ros2_ws/install/cpp_server_client/share/cpp_server_client/hook/cmake_prefix_path.ps1'
[2.518s] INFO:colcon.colcon_core.shell:Creating environment descriptor '/home/maki/ros2_ws/install/cpp_server_client/share/cpp_server_client/hook/cmake_prefix_path.dsv'
[2.518s] INFO:colcon.colcon_core.shell:Creating environment hook '/home/maki/ros2_ws/install/cpp_server_client/share/cpp_server_client/hook/cmake_prefix_path.sh'
[2.518s] Level 1:colcon.colcon_core.environment:checking '/home/maki/ros2_ws/install/cpp_server_client/lib'
[2.518s] Level 1:colcon.colcon_core.shell:create_environment_hook('cpp_server_client', 'ld_library_path_lib')
[2.528s] INFO:colcon.colcon_core.shell:Creating environment hook '/home/maki/ros2_ws/install/cpp_server_client/share/cpp_server_client/hook/ld_library_path_lib.ps1'
[2.529s] INFO:colcon.colcon_core.shell:Creating environment descriptor '/home/maki/ros2_ws/install/cpp_server_client/share/cpp_server_client/hook/ld_library_path_lib.dsv'
[2.529s] INFO:colcon.colcon_core.shell:Creating environment hook '/home/maki/ros2_ws/install/cpp_server_client/share/cpp_server_client/hook/ld_library_path_lib.sh'
[2.529s] Level 1:colcon.colcon_core.environment:checking '/home/maki/ros2_ws/install/cpp_server_client/bin'
[2.529s] Level 1:colcon.colcon_core.environment:checking '/home/maki/ros2_ws/install/cpp_server_client/lib/pkgconfig/cpp_server_client.pc'
[2.529s] Level 1:colcon.colcon_core.environment:checking '/home/maki/ros2_ws/install/cpp_server_client/lib/python3.10/site-packages'
[2.529s] Level 1:colcon.colcon_core.environment:checking '/home/maki/ros2_ws/install/cpp_server_client/bin'
[2.536s] INFO:colcon.colcon_core.shell:Creating package script '/home/maki/ros2_ws/install/cpp_server_client/share/cpp_server_client/package.ps1'
[2.537s] INFO:colcon.colcon_core.shell:Creating package descriptor '/home/maki/ros2_ws/install/cpp_server_client/share/cpp_server_client/package.dsv'
[2.537s] INFO:colcon.colcon_core.shell:Creating package script '/home/maki/ros2_ws/install/cpp_server_client/share/cpp_server_client/package.sh'
[2.537s] INFO:colcon.colcon_core.shell:Creating package script '/home/maki/ros2_ws/install/cpp_server_client/share/cpp_server_client/package.bash'
[2.537s] INFO:colcon.colcon_core.shell:Creating package script '/home/maki/ros2_ws/install/cpp_server_client/share/cpp_server_client/package.zsh'
[2.537s] Level 1:colcon.colcon_core.environment:create_file_with_runtime_dependencies(/home/maki/ros2_ws/install/cpp_server_client/share/colcon-core/packages/cpp_server_client)
[2.538s] Level 1:colcon.colcon_core.environment:create_environment_scripts_only(cpp_topic_pubsub)
[2.539s] DEBUG:colcon.colcon_core.event_handler.log_command:Invoked command in '/home/maki/ros2_ws/build/cpp_topic_pubsub' returned '0': CMAKE_PREFIX_PATH=${CMAKE_PREFIX_PATH}:/opt/ros/humble /usr/bin/cmake --install /home/maki/ros2_ws/build/cpp_topic_pubsub
[2.546s] Level 1:colcon.colcon_core.environment:checking '/home/maki/ros2_ws/install/cpp_topic_pubsub' for CMake module files
[2.546s] Level 1:colcon.colcon_core.environment:checking '/home/maki/ros2_ws/install/cpp_topic_pubsub' for CMake config files
[2.546s] Level 1:colcon.colcon_core.shell:create_environment_hook('cpp_topic_pubsub', 'cmake_prefix_path')
[2.554s] INFO:colcon.colcon_core.shell:Creating environment hook '/home/maki/ros2_ws/install/cpp_topic_pubsub/share/cpp_topic_pubsub/hook/cmake_prefix_path.ps1'
[2.554s] INFO:colcon.colcon_core.shell:Creating environment descriptor '/home/maki/ros2_ws/install/cpp_topic_pubsub/share/cpp_topic_pubsub/hook/cmake_prefix_path.dsv'
[2.554s] INFO:colcon.colcon_core.shell:Creating environment hook '/home/maki/ros2_ws/install/cpp_topic_pubsub/share/cpp_topic_pubsub/hook/cmake_prefix_path.sh'
[2.554s] Level 1:colcon.colcon_core.environment:checking '/home/maki/ros2_ws/install/cpp_topic_pubsub/lib'
[2.555s] Level 1:colcon.colcon_core.shell:create_environment_hook('cpp_topic_pubsub', 'ld_library_path_lib')
[2.562s] INFO:colcon.colcon_core.shell:Creating environment hook '/home/maki/ros2_ws/install/cpp_topic_pubsub/share/cpp_topic_pubsub/hook/ld_library_path_lib.ps1'
[2.562s] INFO:colcon.colcon_core.shell:Creating environment descriptor '/home/maki/ros2_ws/install/cpp_topic_pubsub/share/cpp_topic_pubsub/hook/ld_library_path_lib.dsv'
[2.562s] INFO:colcon.colcon_core.shell:Creating environment hook '/home/maki/ros2_ws/install/cpp_topic_pubsub/share/cpp_topic_pubsub/hook/ld_library_path_lib.sh'
[2.562s] Level 1:colcon.colcon_core.environment:checking '/home/maki/ros2_ws/install/cpp_topic_pubsub/bin'
[2.562s] Level 1:colcon.colcon_core.environment:checking '/home/maki/ros2_ws/install/cpp_topic_pubsub/lib/pkgconfig/cpp_topic_pubsub.pc'
[2.562s] Level 1:colcon.colcon_core.environment:checking '/home/maki/ros2_ws/install/cpp_topic_pubsub/lib/python3.10/site-packages'
[2.563s] Level 1:colcon.colcon_core.environment:checking '/home/maki/ros2_ws/install/cpp_topic_pubsub/bin'
[2.570s] INFO:colcon.colcon_core.shell:Creating package script '/home/maki/ros2_ws/install/cpp_topic_pubsub/share/cpp_topic_pubsub/package.ps1'
[2.570s] INFO:colcon.colcon_core.shell:Creating package descriptor '/home/maki/ros2_ws/install/cpp_topic_pubsub/share/cpp_topic_pubsub/package.dsv'
[2.571s] INFO:colcon.colcon_core.shell:Creating package script '/home/maki/ros2_ws/install/cpp_topic_pubsub/share/cpp_topic_pubsub/package.sh'
[2.571s] INFO:colcon.colcon_core.shell:Creating package script '/home/maki/ros2_ws/install/cpp_topic_pubsub/share/cpp_topic_pubsub/package.bash'
[2.571s] INFO:colcon.colcon_core.shell:Creating package script '/home/maki/ros2_ws/install/cpp_topic_pubsub/share/cpp_topic_pubsub/package.zsh'
[2.571s] Level 1:colcon.colcon_core.environment:create_file_with_runtime_dependencies(/home/maki/ros2_ws/install/cpp_topic_pubsub/share/colcon-core/packages/cpp_topic_pubsub)
[2.617s] Level 1:colcon.colcon_core.environment:create_environment_scripts_only(cpp_topic_pubsub)
[2.624s] Level 1:colcon.colcon_core.environment:checking '/home/maki/ros2_ws/install/cpp_topic_pubsub' for CMake module files
[2.624s] Level 1:colcon.colcon_core.environment:checking '/home/maki/ros2_ws/install/cpp_topic_pubsub' for CMake config files
[2.625s] Level 1:colcon.colcon_core.shell:create_environment_hook('cpp_topic_pubsub', 'cmake_prefix_path')
[2.631s] INFO:colcon.colcon_core.shell:Creating environment hook '/home/maki/ros2_ws/install/cpp_topic_pubsub/share/cpp_topic_pubsub/hook/cmake_prefix_path.ps1'
[2.631s] INFO:colcon.colcon_core.shell:Creating environment descriptor '/home/maki/ros2_ws/install/cpp_topic_pubsub/share/cpp_topic_pubsub/hook/cmake_prefix_path.dsv'
[2.632s] INFO:colcon.colcon_core.shell:Creating environment hook '/home/maki/ros2_ws/install/cpp_topic_pubsub/share/cpp_topic_pubsub/hook/cmake_prefix_path.sh'
[2.632s] Level 1:colcon.colcon_core.environment:checking '/home/maki/ros2_ws/install/cpp_topic_pubsub/lib'
[2.632s] Level 1:colcon.colcon_core.shell:create_environment_hook('cpp_topic_pubsub', 'ld_library_path_lib')
[2.639s] INFO:colcon.colcon_core.shell:Creating environment hook '/home/maki/ros2_ws/install/cpp_topic_pubsub/share/cpp_topic_pubsub/hook/ld_library_path_lib.ps1'
[2.639s] INFO:colcon.colcon_core.shell:Creating environment descriptor '/home/maki/ros2_ws/install/cpp_topic_pubsub/share/cpp_topic_pubsub/hook/ld_library_path_lib.dsv'
[2.639s] INFO:colcon.colcon_core.shell:Creating environment hook '/home/maki/ros2_ws/install/cpp_topic_pubsub/share/cpp_topic_pubsub/hook/ld_library_path_lib.sh'
[2.639s] Level 1:colcon.colcon_core.environment:checking '/home/maki/ros2_ws/install/cpp_topic_pubsub/bin'
[2.639s] Level 1:colcon.colcon_core.environment:checking '/home/maki/ros2_ws/install/cpp_topic_pubsub/lib/pkgconfig/cpp_topic_pubsub.pc'
[2.639s] Level 1:colcon.colcon_core.environment:checking '/home/maki/ros2_ws/install/cpp_topic_pubsub/lib/python3.10/site-packages'
[2.640s] Level 1:colcon.colcon_core.environment:checking '/home/maki/ros2_ws/install/cpp_topic_pubsub/bin'
[2.647s] INFO:colcon.colcon_core.shell:Creating package script '/home/maki/ros2_ws/install/cpp_topic_pubsub/share/cpp_topic_pubsub/package.ps1'
[2.647s] INFO:colcon.colcon_core.shell:Creating package descriptor '/home/maki/ros2_ws/install/cpp_topic_pubsub/share/cpp_topic_pubsub/package.dsv'
[2.647s] INFO:colcon.colcon_core.shell:Creating package script '/home/maki/ros2_ws/install/cpp_topic_pubsub/share/cpp_topic_pubsub/package.sh'
[2.648s] INFO:colcon.colcon_core.shell:Creating package script '/home/maki/ros2_ws/install/cpp_topic_pubsub/share/cpp_topic_pubsub/package.bash'
[2.648s] INFO:colcon.colcon_core.shell:Creating package script '/home/maki/ros2_ws/install/cpp_topic_pubsub/share/cpp_topic_pubsub/package.zsh'
[2.648s] Level 1:colcon.colcon_core.environment:create_file_with_runtime_dependencies(/home/maki/ros2_ws/install/cpp_topic_pubsub/share/colcon-core/packages/cpp_topic_pubsub)
[2.648s] DEBUG:colcon.colcon_parallel_executor.executor.parallel:closing loop
[2.648s] DEBUG:colcon.colcon_parallel_executor.executor.parallel:loop closed
[2.648s] DEBUG:colcon.colcon_parallel_executor.executor.parallel:run_until_complete finished with '0'
[2.648s] DEBUG:colcon.colcon_core.event_reactor:joining thread
[2.667s] INFO:colcon.colcon_core.plugin_system:Skipping extension 'colcon_notification.desktop_notification.terminal_notifier': Not used on non-Darwin systems
[2.668s] INFO:colcon.colcon_core.plugin_system:Skipping extension 'colcon_notification.desktop_notification.win32': Not used on non-Windows systems
[2.668s] INFO:colcon.colcon_notification.desktop_notification:Sending desktop notification using 'notify2'
[2.678s] DEBUG:colcon.colcon_core.event_reactor:joined thread
[2.685s] INFO:colcon.colcon_core.shell:Creating prefix script '/home/maki/ros2_ws/install/local_setup.ps1'
[2.686s] INFO:colcon.colcon_core.shell:Creating prefix util module '/home/maki/ros2_ws/install/_local_setup_util_ps1.py'
[2.686s] INFO:colcon.colcon_core.shell:Creating prefix chain script '/home/maki/ros2_ws/install/setup.ps1'
[2.694s] INFO:colcon.colcon_core.shell:Creating prefix script '/home/maki/ros2_ws/install/local_setup.sh'
[2.694s] INFO:colcon.colcon_core.shell:Creating prefix util module '/home/maki/ros2_ws/install/_local_setup_util_sh.py'
[2.694s] INFO:colcon.colcon_core.shell:Creating prefix chain script '/home/maki/ros2_ws/install/setup.sh'
[2.702s] INFO:colcon.colcon_core.shell:Creating prefix script '/home/maki/ros2_ws/install/local_setup.bash'
[2.702s] INFO:colcon.colcon_core.shell:Creating prefix chain script '/home/maki/ros2_ws/install/setup.bash'
[2.709s] INFO:colcon.colcon_core.shell:Creating prefix script '/home/maki/ros2_ws/install/local_setup.zsh'
[2.709s] INFO:colcon.colcon_core.shell:Creating prefix chain script '/home/maki/ros2_ws/install/setup.zsh'
