[0.080s] DEBUG:colcon:Command line arguments: ['/usr/bin/colcon', 'build']
[0.081s] DEBUG:colcon:Parsed command line arguments: Namespace(log_base=None, log_level=None, verb_name='build', build_base='build', install_base='install', merge_install=False, symlink_install=False, test_result_base=None, continue_on_error=False, executor='parallel', parallel_workers=12, event_handlers=None, ignore_user_meta=False, metas=['./colcon.meta'], base_paths=['.'], packages_ignore=None, packages_ignore_regex=None, paths=None, packages_up_to=None, packages_up_to_regex=None, packages_above=None, packages_above_and_dependencies=None, packages_above_depth=None, packages_select_by_dep=None, packages_skip_by_dep=None, packages_skip_up_to=None, packages_select_build_failed=False, packages_skip_build_finished=False, packages_select_test_failures=False, packages_skip_test_passed=False, packages_select=None, packages_skip=None, packages_select_regex=None, packages_skip_regex=None, packages_start=None, packages_end=None, allow_overriding=[], cmake_args=None, cmake_target=None, cmake_target_skip_unavailable=False, cmake_clean_cache=False, cmake_clean_first=False, cmake_force_configure=False, ament_cmake_args=None, catkin_cmake_args=None, catkin_skip_building_tests=False, verb_parser=<colcon_defaults.argument_parser.defaults.DefaultArgumentsDecorator object at 0x754513e342e0>, verb_extension=<colcon_core.verb.build.BuildVerb object at 0x754513ffbd30>, main=<bound method BuildVerb.main of <colcon_core.verb.build.BuildVerb object at 0x754513ffbd30>>)
[0.216s] Level 1:colcon.colcon_core.package_discovery:discover_packages(colcon_meta) check parameters
[0.216s] Level 1:colcon.colcon_core.package_discovery:discover_packages(recursive) check parameters
[0.216s] Level 1:colcon.colcon_core.package_discovery:discover_packages(ignore) check parameters
[0.216s] Level 1:colcon.colcon_core.package_discovery:discover_packages(path) check parameters
[0.216s] Level 1:colcon.colcon_core.package_discovery:discover_packages(colcon_meta) discover
[0.216s] Level 1:colcon.colcon_core.package_discovery:discover_packages(recursive) discover
[0.216s] INFO:colcon.colcon_core.package_discovery:Crawling recursively for packages in '/home/maki/ros2_ws'
[0.216s] Level 1:colcon.colcon_core.package_identification:_identify(.) by extensions ['ignore', 'ignore_ament_install']
[0.216s] Level 1:colcon.colcon_core.package_identification:_identify(.) by extension 'ignore'
[0.216s] Level 1:colcon.colcon_core.package_identification:_identify(.) by extension 'ignore_ament_install'
[0.216s] Level 1:colcon.colcon_core.package_identification:_identify(.) by extensions ['colcon_pkg']
[0.216s] Level 1:colcon.colcon_core.package_identification:_identify(.) by extension 'colcon_pkg'
[0.216s] Level 1:colcon.colcon_core.package_identification:_identify(.) by extensions ['colcon_meta']
[0.216s] Level 1:colcon.colcon_core.package_identification:_identify(.) by extension 'colcon_meta'
[0.216s] Level 1:colcon.colcon_core.package_identification:_identify(.) by extensions ['ros']
[0.216s] Level 1:colcon.colcon_core.package_identification:_identify(.) by extension 'ros'
[0.223s] Level 1:colcon.colcon_core.package_identification:_identify(.) by extensions ['cmake', 'python']
[0.223s] Level 1:colcon.colcon_core.package_identification:_identify(.) by extension 'cmake'
[0.223s] Level 1:colcon.colcon_core.package_identification:_identify(.) by extension 'python'
[0.223s] Level 1:colcon.colcon_core.package_identification:_identify(.) by extensions ['python_setup_py']
[0.223s] Level 1:colcon.colcon_core.package_identification:_identify(.) by extension 'python_setup_py'
[0.223s] Level 1:colcon.colcon_core.package_identification:_identify(build) by extensions ['ignore', 'ignore_ament_install']
[0.224s] Level 1:colcon.colcon_core.package_identification:_identify(build) by extension 'ignore'
[0.224s] Level 1:colcon.colcon_core.package_identification:_identify(build) ignored
[0.224s] Level 1:colcon.colcon_core.package_identification:_identify(cpp_topic_practice) by extensions ['ignore', 'ignore_ament_install']
[0.224s] Level 1:colcon.colcon_core.package_identification:_identify(cpp_topic_practice) by extension 'ignore'
[0.224s] Level 1:colcon.colcon_core.package_identification:_identify(cpp_topic_practice) by extension 'ignore_ament_install'
[0.224s] Level 1:colcon.colcon_core.package_identification:_identify(cpp_topic_practice) by extensions ['colcon_pkg']
[0.224s] Level 1:colcon.colcon_core.package_identification:_identify(cpp_topic_practice) by extension 'colcon_pkg'
[0.224s] Level 1:colcon.colcon_core.package_identification:_identify(cpp_topic_practice) by extensions ['colcon_meta']
[0.224s] Level 1:colcon.colcon_core.package_identification:_identify(cpp_topic_practice) by extension 'colcon_meta'
[0.224s] Level 1:colcon.colcon_core.package_identification:_identify(cpp_topic_practice) by extensions ['ros']
[0.224s] Level 1:colcon.colcon_core.package_identification:_identify(cpp_topic_practice) by extension 'ros'
[0.226s] DEBUG:colcon.colcon_core.package_identification:Package 'cpp_topic_practice' with type 'ros.ament_cmake' and name 'cpp_topic_practice'
[0.226s] Level 1:colcon.colcon_core.package_identification:_identify(install) by extensions ['ignore', 'ignore_ament_install']
[0.226s] Level 1:colcon.colcon_core.package_identification:_identify(install) by extension 'ignore'
[0.226s] Level 1:colcon.colcon_core.package_identification:_identify(install) ignored
[0.226s] Level 1:colcon.colcon_core.package_identification:_identify(log) by extensions ['ignore', 'ignore_ament_install']
[0.226s] Level 1:colcon.colcon_core.package_identification:_identify(log) by extension 'ignore'
[0.226s] Level 1:colcon.colcon_core.package_identification:_identify(log) ignored
[0.226s] Level 1:colcon.colcon_core.package_identification:_identify(src) by extensions ['ignore', 'ignore_ament_install']
[0.226s] Level 1:colcon.colcon_core.package_identification:_identify(src) by extension 'ignore'
[0.226s] Level 1:colcon.colcon_core.package_identification:_identify(src) by extension 'ignore_ament_install'
[0.226s] Level 1:colcon.colcon_core.package_identification:_identify(src) by extensions ['colcon_pkg']
[0.226s] Level 1:colcon.colcon_core.package_identification:_identify(src) by extension 'colcon_pkg'
[0.226s] Level 1:colcon.colcon_core.package_identification:_identify(src) by extensions ['colcon_meta']
[0.226s] Level 1:colcon.colcon_core.package_identification:_identify(src) by extension 'colcon_meta'
[0.226s] Level 1:colcon.colcon_core.package_identification:_identify(src) by extensions ['ros']
[0.226s] Level 1:colcon.colcon_core.package_identification:_identify(src) by extension 'ros'
[0.226s] Level 1:colcon.colcon_core.package_identification:_identify(src) by extensions ['cmake', 'python']
[0.226s] Level 1:colcon.colcon_core.package_identification:_identify(src) by extension 'cmake'
[0.226s] Level 1:colcon.colcon_core.package_identification:_identify(src) by extension 'python'
[0.226s] Level 1:colcon.colcon_core.package_identification:_identify(src) by extensions ['python_setup_py']
[0.226s] Level 1:colcon.colcon_core.package_identification:_identify(src) by extension 'python_setup_py'
[0.226s] Level 1:colcon.colcon_core.package_identification:_identify(src/cpp_surver_client) by extensions ['ignore', 'ignore_ament_install']
[0.226s] Level 1:colcon.colcon_core.package_identification:_identify(src/cpp_surver_client) by extension 'ignore'
[0.226s] Level 1:colcon.colcon_core.package_identification:_identify(src/cpp_surver_client) by extension 'ignore_ament_install'
[0.226s] Level 1:colcon.colcon_core.package_identification:_identify(src/cpp_surver_client) by extensions ['colcon_pkg']
[0.226s] Level 1:colcon.colcon_core.package_identification:_identify(src/cpp_surver_client) by extension 'colcon_pkg'
[0.226s] Level 1:colcon.colcon_core.package_identification:_identify(src/cpp_surver_client) by extensions ['colcon_meta']
[0.226s] Level 1:colcon.colcon_core.package_identification:_identify(src/cpp_surver_client) by extension 'colcon_meta'
[0.227s] Level 1:colcon.colcon_core.package_identification:_identify(src/cpp_surver_client) by extensions ['ros']
[0.227s] Level 1:colcon.colcon_core.package_identification:_identify(src/cpp_surver_client) by extension 'ros'
[0.227s] DEBUG:colcon.colcon_core.package_identification:Package 'src/cpp_surver_client' with type 'ros.ament_cmake' and name 'cpp_server_client'
[0.227s] Level 1:colcon.colcon_core.package_identification:_identify(src/cpp_topic_pubsub) by extensions ['ignore', 'ignore_ament_install']
[0.227s] Level 1:colcon.colcon_core.package_identification:_identify(src/cpp_topic_pubsub) by extension 'ignore'
[0.227s] Level 1:colcon.colcon_core.package_identification:_identify(src/cpp_topic_pubsub) by extension 'ignore_ament_install'
[0.227s] Level 1:colcon.colcon_core.package_identification:_identify(src/cpp_topic_pubsub) by extensions ['colcon_pkg']
[0.227s] Level 1:colcon.colcon_core.package_identification:_identify(src/cpp_topic_pubsub) by extension 'colcon_pkg'
[0.227s] Level 1:colcon.colcon_core.package_identification:_identify(src/cpp_topic_pubsub) by extensions ['colcon_meta']
[0.227s] Level 1:colcon.colcon_core.package_identification:_identify(src/cpp_topic_pubsub) by extension 'colcon_meta'
[0.227s] Level 1:colcon.colcon_core.package_identification:_identify(src/cpp_topic_pubsub) by extensions ['ros']
[0.227s] Level 1:colcon.colcon_core.package_identification:_identify(src/cpp_topic_pubsub) by extension 'ros'
[0.228s] DEBUG:colcon.colcon_core.package_identification:Package 'src/cpp_topic_pubsub' with type 'ros.ament_cmake' and name 'cpp_topic_pubsub'
[0.228s] Level 1:colcon.colcon_core.package_identification:_identify(src/package_test) by extensions ['ignore', 'ignore_ament_install']
[0.228s] Level 1:colcon.colcon_core.package_identification:_identify(src/package_test) by extension 'ignore'
[0.228s] Level 1:colcon.colcon_core.package_identification:_identify(src/package_test) by extension 'ignore_ament_install'
[0.228s] Level 1:colcon.colcon_core.package_identification:_identify(src/package_test) by extensions ['colcon_pkg']
[0.228s] Level 1:colcon.colcon_core.package_identification:_identify(src/package_test) by extension 'colcon_pkg'
[0.228s] Level 1:colcon.colcon_core.package_identification:_identify(src/package_test) by extensions ['colcon_meta']
[0.228s] Level 1:colcon.colcon_core.package_identification:_identify(src/package_test) by extension 'colcon_meta'
[0.228s] Level 1:colcon.colcon_core.package_identification:_identify(src/package_test) by extensions ['ros']
[0.228s] Level 1:colcon.colcon_core.package_identification:_identify(src/package_test) by extension 'ros'
[0.228s] DEBUG:colcon.colcon_core.package_identification:Package 'src/package_test' with type 'ros.ament_cmake' and name 'package_test'
[0.229s] Level 1:colcon.colcon_core.package_identification:_identify(src/practice2) by extensions ['ignore', 'ignore_ament_install']
[0.229s] Level 1:colcon.colcon_core.package_identification:_identify(src/practice2) by extension 'ignore'
[0.229s] Level 1:colcon.colcon_core.package_identification:_identify(src/practice2) by extension 'ignore_ament_install'
[0.229s] Level 1:colcon.colcon_core.package_identification:_identify(src/practice2) by extensions ['colcon_pkg']
[0.229s] Level 1:colcon.colcon_core.package_identification:_identify(src/practice2) by extension 'colcon_pkg'
[0.229s] Level 1:colcon.colcon_core.package_identification:_identify(src/practice2) by extensions ['colcon_meta']
[0.229s] Level 1:colcon.colcon_core.package_identification:_identify(src/practice2) by extension 'colcon_meta'
[0.229s] Level 1:colcon.colcon_core.package_identification:_identify(src/practice2) by extensions ['ros']
[0.229s] Level 1:colcon.colcon_core.package_identification:_identify(src/practice2) by extension 'ros'
[0.229s] DEBUG:colcon.colcon_core.package_identification:Package 'src/practice2' with type 'ros.ament_cmake' and name 'practice2'
[0.229s] Level 1:colcon.colcon_core.package_discovery:discover_packages(recursive) using defaults
[0.229s] Level 1:colcon.colcon_core.package_discovery:discover_packages(ignore) discover
[0.229s] Level 1:colcon.colcon_core.package_discovery:discover_packages(ignore) using defaults
[0.229s] Level 1:colcon.colcon_core.package_discovery:discover_packages(path) discover
[0.229s] Level 1:colcon.colcon_core.package_discovery:discover_packages(path) using defaults
[0.245s] Level 1:colcon.colcon_core.package_discovery:discover_packages(prefix_path) check parameters
[0.245s] Level 1:colcon.colcon_core.package_discovery:discover_packages(prefix_path) discover
[0.246s] DEBUG:colcon.colcon_installed_package_information.package_discovery:Found 3 installed packages in /home/maki/ros2_ws/install
[0.247s] DEBUG:colcon.colcon_installed_package_information.package_discovery:Found 340 installed packages in /opt/ros/humble
[0.254s] Level 1:colcon.colcon_core.package_discovery:discover_packages(prefix_path) using defaults
[0.263s] ERROR:colcon.colcon_core.package_augmentation:Exception in package augmentation extension 'python': 
Traceback (most recent call last):
  File "/usr/lib/python3/dist-packages/colcon_core/package_augmentation/__init__.py", line 97, in augment_packages
    retval = extension.augment_packages(
  File "/usr/lib/python3/dist-packages/colcon_installed_package_information/package_augmentation/python.py", line 44, in augment_packages
    dist = next(iter(dists))
StopIteration

[0.267s] Level 5:colcon.colcon_core.verb:set package 'cpp_server_client' build argument 'cmake_args' from command line to 'None'
[0.267s] Level 5:colcon.colcon_core.verb:set package 'cpp_server_client' build argument 'cmake_target' from command line to 'None'
[0.267s] Level 5:colcon.colcon_core.verb:set package 'cpp_server_client' build argument 'cmake_target_skip_unavailable' from command line to 'False'
[0.267s] Level 5:colcon.colcon_core.verb:set package 'cpp_server_client' build argument 'cmake_clean_cache' from command line to 'False'
[0.267s] Level 5:colcon.colcon_core.verb:set package 'cpp_server_client' build argument 'cmake_clean_first' from command line to 'False'
[0.267s] Level 5:colcon.colcon_core.verb:set package 'cpp_server_client' build argument 'cmake_force_configure' from command line to 'False'
[0.267s] Level 5:colcon.colcon_core.verb:set package 'cpp_server_client' build argument 'ament_cmake_args' from command line to 'None'
[0.267s] Level 5:colcon.colcon_core.verb:set package 'cpp_server_client' build argument 'catkin_cmake_args' from command line to 'None'
[0.267s] Level 5:colcon.colcon_core.verb:set package 'cpp_server_client' build argument 'catkin_skip_building_tests' from command line to 'False'
[0.267s] DEBUG:colcon.colcon_core.verb:Building package 'cpp_server_client' with the following arguments: {'ament_cmake_args': None, 'build_base': '/home/maki/ros2_ws/build/cpp_server_client', 'catkin_cmake_args': None, 'catkin_skip_building_tests': False, 'cmake_args': None, 'cmake_clean_cache': False, 'cmake_clean_first': False, 'cmake_force_configure': False, 'cmake_target': None, 'cmake_target_skip_unavailable': False, 'install_base': '/home/maki/ros2_ws/install/cpp_server_client', 'merge_install': False, 'path': '/home/maki/ros2_ws/src/cpp_surver_client', 'symlink_install': False, 'test_result_base': None}
[0.267s] Level 5:colcon.colcon_core.verb:set package 'cpp_topic_practice' build argument 'cmake_args' from command line to 'None'
[0.267s] Level 5:colcon.colcon_core.verb:set package 'cpp_topic_practice' build argument 'cmake_target' from command line to 'None'
[0.267s] Level 5:colcon.colcon_core.verb:set package 'cpp_topic_practice' build argument 'cmake_target_skip_unavailable' from command line to 'False'
[0.267s] Level 5:colcon.colcon_core.verb:set package 'cpp_topic_practice' build argument 'cmake_clean_cache' from command line to 'False'
[0.267s] Level 5:colcon.colcon_core.verb:set package 'cpp_topic_practice' build argument 'cmake_clean_first' from command line to 'False'
[0.267s] Level 5:colcon.colcon_core.verb:set package 'cpp_topic_practice' build argument 'cmake_force_configure' from command line to 'False'
[0.267s] Level 5:colcon.colcon_core.verb:set package 'cpp_topic_practice' build argument 'ament_cmake_args' from command line to 'None'
[0.267s] Level 5:colcon.colcon_core.verb:set package 'cpp_topic_practice' build argument 'catkin_cmake_args' from command line to 'None'
[0.267s] Level 5:colcon.colcon_core.verb:set package 'cpp_topic_practice' build argument 'catkin_skip_building_tests' from command line to 'False'
[0.267s] DEBUG:colcon.colcon_core.verb:Building package 'cpp_topic_practice' with the following arguments: {'ament_cmake_args': None, 'build_base': '/home/maki/ros2_ws/build/cpp_topic_practice', 'catkin_cmake_args': None, 'catkin_skip_building_tests': False, 'cmake_args': None, 'cmake_clean_cache': False, 'cmake_clean_first': False, 'cmake_force_configure': False, 'cmake_target': None, 'cmake_target_skip_unavailable': False, 'install_base': '/home/maki/ros2_ws/install/cpp_topic_practice', 'merge_install': False, 'path': '/home/maki/ros2_ws/cpp_topic_practice', 'symlink_install': False, 'test_result_base': None}
[0.267s] Level 5:colcon.colcon_core.verb:set package 'cpp_topic_pubsub' build argument 'cmake_args' from command line to 'None'
[0.267s] Level 5:colcon.colcon_core.verb:set package 'cpp_topic_pubsub' build argument 'cmake_target' from command line to 'None'
[0.267s] Level 5:colcon.colcon_core.verb:set package 'cpp_topic_pubsub' build argument 'cmake_target_skip_unavailable' from command line to 'False'
[0.267s] Level 5:colcon.colcon_core.verb:set package 'cpp_topic_pubsub' build argument 'cmake_clean_cache' from command line to 'False'
[0.267s] Level 5:colcon.colcon_core.verb:set package 'cpp_topic_pubsub' build argument 'cmake_clean_first' from command line to 'False'
[0.267s] Level 5:colcon.colcon_core.verb:set package 'cpp_topic_pubsub' build argument 'cmake_force_configure' from command line to 'False'
[0.267s] Level 5:colcon.colcon_core.verb:set package 'cpp_topic_pubsub' build argument 'ament_cmake_args' from command line to 'None'
[0.267s] Level 5:colcon.colcon_core.verb:set package 'cpp_topic_pubsub' build argument 'catkin_cmake_args' from command line to 'None'
[0.267s] Level 5:colcon.colcon_core.verb:set package 'cpp_topic_pubsub' build argument 'catkin_skip_building_tests' from command line to 'False'
[0.267s] DEBUG:colcon.colcon_core.verb:Building package 'cpp_topic_pubsub' with the following arguments: {'ament_cmake_args': None, 'build_base': '/home/maki/ros2_ws/build/cpp_topic_pubsub', 'catkin_cmake_args': None, 'catkin_skip_building_tests': False, 'cmake_args': None, 'cmake_clean_cache': False, 'cmake_clean_first': False, 'cmake_force_configure': False, 'cmake_target': None, 'cmake_target_skip_unavailable': False, 'install_base': '/home/maki/ros2_ws/install/cpp_topic_pubsub', 'merge_install': False, 'path': '/home/maki/ros2_ws/src/cpp_topic_pubsub', 'symlink_install': False, 'test_result_base': None}
[0.267s] Level 5:colcon.colcon_core.verb:set package 'package_test' build argument 'cmake_args' from command line to 'None'
[0.267s] Level 5:colcon.colcon_core.verb:set package 'package_test' build argument 'cmake_target' from command line to 'None'
[0.268s] Level 5:colcon.colcon_core.verb:set package 'package_test' build argument 'cmake_target_skip_unavailable' from command line to 'False'
[0.268s] Level 5:colcon.colcon_core.verb:set package 'package_test' build argument 'cmake_clean_cache' from command line to 'False'
[0.268s] Level 5:colcon.colcon_core.verb:set package 'package_test' build argument 'cmake_clean_first' from command line to 'False'
[0.268s] Level 5:colcon.colcon_core.verb:set package 'package_test' build argument 'cmake_force_configure' from command line to 'False'
[0.268s] Level 5:colcon.colcon_core.verb:set package 'package_test' build argument 'ament_cmake_args' from command line to 'None'
[0.268s] Level 5:colcon.colcon_core.verb:set package 'package_test' build argument 'catkin_cmake_args' from command line to 'None'
[0.268s] Level 5:colcon.colcon_core.verb:set package 'package_test' build argument 'catkin_skip_building_tests' from command line to 'False'
[0.268s] DEBUG:colcon.colcon_core.verb:Building package 'package_test' with the following arguments: {'ament_cmake_args': None, 'build_base': '/home/maki/ros2_ws/build/package_test', 'catkin_cmake_args': None, 'catkin_skip_building_tests': False, 'cmake_args': None, 'cmake_clean_cache': False, 'cmake_clean_first': False, 'cmake_force_configure': False, 'cmake_target': None, 'cmake_target_skip_unavailable': False, 'install_base': '/home/maki/ros2_ws/install/package_test', 'merge_install': False, 'path': '/home/maki/ros2_ws/src/package_test', 'symlink_install': False, 'test_result_base': None}
[0.268s] Level 5:colcon.colcon_core.verb:set package 'practice2' build argument 'cmake_args' from command line to 'None'
[0.268s] Level 5:colcon.colcon_core.verb:set package 'practice2' build argument 'cmake_target' from command line to 'None'
[0.268s] Level 5:colcon.colcon_core.verb:set package 'practice2' build argument 'cmake_target_skip_unavailable' from command line to 'False'
[0.268s] Level 5:colcon.colcon_core.verb:set package 'practice2' build argument 'cmake_clean_cache' from command line to 'False'
[0.268s] Level 5:colcon.colcon_core.verb:set package 'practice2' build argument 'cmake_clean_first' from command line to 'False'
[0.268s] Level 5:colcon.colcon_core.verb:set package 'practice2' build argument 'cmake_force_configure' from command line to 'False'
[0.268s] Level 5:colcon.colcon_core.verb:set package 'practice2' build argument 'ament_cmake_args' from command line to 'None'
[0.268s] Level 5:colcon.colcon_core.verb:set package 'practice2' build argument 'catkin_cmake_args' from command line to 'None'
[0.268s] Level 5:colcon.colcon_core.verb:set package 'practice2' build argument 'catkin_skip_building_tests' from command line to 'False'
[0.268s] DEBUG:colcon.colcon_core.verb:Building package 'practice2' with the following arguments: {'ament_cmake_args': None, 'build_base': '/home/maki/ros2_ws/build/practice2', 'catkin_cmake_args': None, 'catkin_skip_building_tests': False, 'cmake_args': None, 'cmake_clean_cache': False, 'cmake_clean_first': False, 'cmake_force_configure': False, 'cmake_target': None, 'cmake_target_skip_unavailable': False, 'install_base': '/home/maki/ros2_ws/install/practice2', 'merge_install': False, 'path': '/home/maki/ros2_ws/src/practice2', 'symlink_install': False, 'test_result_base': None}
[0.268s] INFO:colcon.colcon_core.executor:Executing jobs using 'parallel' executor
[0.269s] DEBUG:colcon.colcon_parallel_executor.executor.parallel:run_until_complete
[0.269s] INFO:colcon.colcon_ros.task.ament_cmake.build:Building ROS package in '/home/maki/ros2_ws/src/cpp_surver_client' with build type 'ament_cmake'
[0.269s] INFO:colcon.colcon_cmake.task.cmake.build:Building CMake package in '/home/maki/ros2_ws/src/cpp_surver_client'
[0.271s] INFO:colcon.colcon_core.plugin_system:Skipping extension 'colcon_core.shell.bat': Not used on non-Windows systems
[0.271s] INFO:colcon.colcon_core.shell:Skip shell extension 'powershell' for command environment: Not usable outside of PowerShell
[0.271s] DEBUG:colcon.colcon_core.shell:Skip shell extension 'dsv' for command environment
[0.273s] INFO:colcon.colcon_ros.task.ament_cmake.build:Building ROS package in '/home/maki/ros2_ws/cpp_topic_practice' with build type 'ament_cmake'
[0.273s] INFO:colcon.colcon_cmake.task.cmake.build:Building CMake package in '/home/maki/ros2_ws/cpp_topic_practice'
[0.274s] INFO:colcon.colcon_core.shell:Skip shell extension 'powershell' for command environment: Not usable outside of PowerShell
[0.274s] DEBUG:colcon.colcon_core.shell:Skip shell extension 'dsv' for command environment
[0.275s] INFO:colcon.colcon_ros.task.ament_cmake.build:Building ROS package in '/home/maki/ros2_ws/src/cpp_topic_pubsub' with build type 'ament_cmake'
[0.276s] INFO:colcon.colcon_cmake.task.cmake.build:Building CMake package in '/home/maki/ros2_ws/src/cpp_topic_pubsub'
[0.276s] INFO:colcon.colcon_core.shell:Skip shell extension 'powershell' for command environment: Not usable outside of PowerShell
[0.276s] DEBUG:colcon.colcon_core.shell:Skip shell extension 'dsv' for command environment
[0.278s] INFO:colcon.colcon_ros.task.ament_cmake.build:Building ROS package in '/home/maki/ros2_ws/src/package_test' with build type 'ament_cmake'
[0.278s] INFO:colcon.colcon_cmake.task.cmake.build:Building CMake package in '/home/maki/ros2_ws/src/package_test'
[0.278s] INFO:colcon.colcon_core.shell:Skip shell extension 'powershell' for command environment: Not usable outside of PowerShell
[0.278s] DEBUG:colcon.colcon_core.shell:Skip shell extension 'dsv' for command environment
[0.280s] INFO:colcon.colcon_ros.task.ament_cmake.build:Building ROS package in '/home/maki/ros2_ws/src/practice2' with build type 'ament_cmake'
[0.280s] INFO:colcon.colcon_cmake.task.cmake.build:Building CMake package in '/home/maki/ros2_ws/src/practice2'
[0.280s] INFO:colcon.colcon_core.shell:Skip shell extension 'powershell' for command environment: Not usable outside of PowerShell
[0.280s] DEBUG:colcon.colcon_core.shell:Skip shell extension 'dsv' for command environment
[0.286s] DEBUG:colcon.colcon_core.event_handler.log_command:Invoking command in '/home/maki/ros2_ws/build/cpp_server_client': CMAKE_PREFIX_PATH=${CMAKE_PREFIX_PATH}:/opt/ros/humble /usr/bin/cmake --build /home/maki/ros2_ws/build/cpp_server_client -- -j12 -l12
[0.287s] DEBUG:colcon.colcon_core.event_handler.log_command:Invoking command in '/home/maki/ros2_ws/build/cpp_topic_practice': CMAKE_PREFIX_PATH=${CMAKE_PREFIX_PATH}:/opt/ros/humble /usr/bin/cmake /home/maki/ros2_ws/cpp_topic_practice -DCMAKE_INSTALL_PREFIX=/home/maki/ros2_ws/install/cpp_topic_practice
[0.290s] DEBUG:colcon.colcon_core.event_handler.log_command:Invoking command in '/home/maki/ros2_ws/build/cpp_topic_pubsub': CMAKE_PREFIX_PATH=${CMAKE_PREFIX_PATH}:/opt/ros/humble /usr/bin/cmake --build /home/maki/ros2_ws/build/cpp_topic_pubsub -- -j12 -l12
[0.294s] DEBUG:colcon.colcon_core.event_handler.log_command:Invoking command in '/home/maki/ros2_ws/build/package_test': CMAKE_PREFIX_PATH=${CMAKE_PREFIX_PATH}:/opt/ros/humble /usr/bin/cmake --build /home/maki/ros2_ws/build/package_test -- -j12 -l12
[0.296s] DEBUG:colcon.colcon_core.event_handler.log_command:Invoking command in '/home/maki/ros2_ws/build/practice2': CMAKE_PREFIX_PATH=${CMAKE_PREFIX_PATH}:/opt/ros/humble /usr/bin/cmake /home/maki/ros2_ws/src/practice2 -DCMAKE_INSTALL_PREFIX=/home/maki/ros2_ws/install/practice2
[0.318s] DEBUG:colcon.colcon_core.event_handler.log_command:Invoked command in '/home/maki/ros2_ws/build/package_test' returned '0': CMAKE_PREFIX_PATH=${CMAKE_PREFIX_PATH}:/opt/ros/humble /usr/bin/cmake --build /home/maki/ros2_ws/build/package_test -- -j12 -l12
[0.338s] DEBUG:colcon.colcon_core.event_handler.log_command:Invoking command in '/home/maki/ros2_ws/build/package_test': CMAKE_PREFIX_PATH=${CMAKE_PREFIX_PATH}:/opt/ros/humble /usr/bin/cmake --install /home/maki/ros2_ws/build/package_test
[0.352s] Level 1:colcon.colcon_core.environment:create_environment_scripts_only(package_test)
[0.353s] DEBUG:colcon.colcon_core.event_handler.log_command:Invoked command in '/home/maki/ros2_ws/build/package_test' returned '0': CMAKE_PREFIX_PATH=${CMAKE_PREFIX_PATH}:/opt/ros/humble /usr/bin/cmake --install /home/maki/ros2_ws/build/package_test
[0.357s] Level 1:colcon.colcon_core.environment:checking '/home/maki/ros2_ws/install/package_test' for CMake module files
[0.358s] Level 1:colcon.colcon_core.environment:checking '/home/maki/ros2_ws/install/package_test' for CMake config files
[0.358s] Level 1:colcon.colcon_core.shell:create_environment_hook('package_test', 'cmake_prefix_path')
[0.359s] INFO:colcon.colcon_core.shell:Creating environment hook '/home/maki/ros2_ws/install/package_test/share/package_test/hook/cmake_prefix_path.ps1'
[0.360s] INFO:colcon.colcon_core.shell:Creating environment descriptor '/home/maki/ros2_ws/install/package_test/share/package_test/hook/cmake_prefix_path.dsv'
[0.361s] INFO:colcon.colcon_core.shell:Creating environment hook '/home/maki/ros2_ws/install/package_test/share/package_test/hook/cmake_prefix_path.sh'
[0.367s] Level 1:colcon.colcon_core.environment:checking '/home/maki/ros2_ws/install/package_test/bin'
[0.368s] Level 1:colcon.colcon_core.environment:checking '/home/maki/ros2_ws/install/package_test/lib/pkgconfig/package_test.pc'
[0.370s] Level 1:colcon.colcon_core.environment:checking '/home/maki/ros2_ws/install/package_test/lib/python3.10/site-packages'
[0.372s] Level 1:colcon.colcon_core.environment:checking '/home/maki/ros2_ws/install/package_test/bin'
[0.376s] INFO:colcon.colcon_core.shell:Creating package script '/home/maki/ros2_ws/install/package_test/share/package_test/package.ps1'
[0.377s] INFO:colcon.colcon_core.shell:Creating package descriptor '/home/maki/ros2_ws/install/package_test/share/package_test/package.dsv'
[0.379s] INFO:colcon.colcon_core.shell:Creating package script '/home/maki/ros2_ws/install/package_test/share/package_test/package.sh'
[0.379s] INFO:colcon.colcon_core.shell:Creating package script '/home/maki/ros2_ws/install/package_test/share/package_test/package.bash'
[0.381s] INFO:colcon.colcon_core.shell:Creating package script '/home/maki/ros2_ws/install/package_test/share/package_test/package.zsh'
[0.382s] Level 1:colcon.colcon_core.environment:create_file_with_runtime_dependencies(/home/maki/ros2_ws/install/package_test/share/colcon-core/packages/package_test)
[0.403s] Level 1:colcon.colcon_core.environment:create_environment_scripts_only(package_test)
[0.403s] Level 1:colcon.colcon_core.environment:checking '/home/maki/ros2_ws/install/package_test' for CMake module files
[0.404s] Level 1:colcon.colcon_core.environment:checking '/home/maki/ros2_ws/install/package_test' for CMake config files
[0.404s] Level 1:colcon.colcon_core.shell:create_environment_hook('package_test', 'cmake_prefix_path')
[0.405s] INFO:colcon.colcon_core.shell:Creating environment hook '/home/maki/ros2_ws/install/package_test/share/package_test/hook/cmake_prefix_path.ps1'
[0.406s] INFO:colcon.colcon_core.shell:Creating environment descriptor '/home/maki/ros2_ws/install/package_test/share/package_test/hook/cmake_prefix_path.dsv'
[0.406s] INFO:colcon.colcon_core.shell:Creating environment hook '/home/maki/ros2_ws/install/package_test/share/package_test/hook/cmake_prefix_path.sh'
[0.406s] Level 1:colcon.colcon_core.environment:checking '/home/maki/ros2_ws/install/package_test/bin'
[0.407s] Level 1:colcon.colcon_core.environment:checking '/home/maki/ros2_ws/install/package_test/lib/pkgconfig/package_test.pc'
[0.407s] Level 1:colcon.colcon_core.environment:checking '/home/maki/ros2_ws/install/package_test/lib/python3.10/site-packages'
[0.407s] Level 1:colcon.colcon_core.environment:checking '/home/maki/ros2_ws/install/package_test/bin'
[0.407s] INFO:colcon.colcon_core.shell:Creating package script '/home/maki/ros2_ws/install/package_test/share/package_test/package.ps1'
[0.408s] INFO:colcon.colcon_core.shell:Creating package descriptor '/home/maki/ros2_ws/install/package_test/share/package_test/package.dsv'
[0.409s] INFO:colcon.colcon_core.shell:Creating package script '/home/maki/ros2_ws/install/package_test/share/package_test/package.sh'
[0.410s] INFO:colcon.colcon_core.shell:Creating package script '/home/maki/ros2_ws/install/package_test/share/package_test/package.bash'
[0.410s] INFO:colcon.colcon_core.shell:Creating package script '/home/maki/ros2_ws/install/package_test/share/package_test/package.zsh'
[0.410s] Level 1:colcon.colcon_core.environment:create_file_with_runtime_dependencies(/home/maki/ros2_ws/install/package_test/share/colcon-core/packages/package_test)
[0.585s] DEBUG:colcon.colcon_core.event_handler.log_command:Invoked command in '/home/maki/ros2_ws/build/cpp_topic_pubsub' returned '0': CMAKE_PREFIX_PATH=${CMAKE_PREFIX_PATH}:/opt/ros/humble /usr/bin/cmake --build /home/maki/ros2_ws/build/cpp_topic_pubsub -- -j12 -l12
[0.622s] DEBUG:colcon.colcon_core.event_handler.log_command:Invoking command in '/home/maki/ros2_ws/build/cpp_topic_pubsub': CMAKE_PREFIX_PATH=${CMAKE_PREFIX_PATH}:/opt/ros/humble /usr/bin/cmake --install /home/maki/ros2_ws/build/cpp_topic_pubsub
[0.633s] DEBUG:colcon.colcon_core.event_handler.log_command:Invoked command in '/home/maki/ros2_ws/build/cpp_server_client' returned '0': CMAKE_PREFIX_PATH=${CMAKE_PREFIX_PATH}:/opt/ros/humble /usr/bin/cmake --build /home/maki/ros2_ws/build/cpp_server_client -- -j12 -l12
[0.655s] Level 1:colcon.colcon_core.environment:create_environment_scripts_only(cpp_topic_pubsub)
[0.656s] Level 1:colcon.colcon_core.environment:checking '/home/maki/ros2_ws/install/cpp_topic_pubsub' for CMake module files
[0.657s] Level 1:colcon.colcon_core.environment:checking '/home/maki/ros2_ws/install/cpp_topic_pubsub' for CMake config files
[0.658s] DEBUG:colcon.colcon_core.event_handler.log_command:Invoked command in '/home/maki/ros2_ws/build/cpp_topic_pubsub' returned '0': CMAKE_PREFIX_PATH=${CMAKE_PREFIX_PATH}:/opt/ros/humble /usr/bin/cmake --install /home/maki/ros2_ws/build/cpp_topic_pubsub
[0.659s] Level 1:colcon.colcon_core.shell:create_environment_hook('cpp_topic_pubsub', 'cmake_prefix_path')
[0.659s] INFO:colcon.colcon_core.shell:Creating environment hook '/home/maki/ros2_ws/install/cpp_topic_pubsub/share/cpp_topic_pubsub/hook/cmake_prefix_path.ps1'
[0.659s] INFO:colcon.colcon_core.shell:Creating environment descriptor '/home/maki/ros2_ws/install/cpp_topic_pubsub/share/cpp_topic_pubsub/hook/cmake_prefix_path.dsv'
[0.660s] INFO:colcon.colcon_core.shell:Creating environment hook '/home/maki/ros2_ws/install/cpp_topic_pubsub/share/cpp_topic_pubsub/hook/cmake_prefix_path.sh'
[0.660s] Level 1:colcon.colcon_core.environment:checking '/home/maki/ros2_ws/install/cpp_topic_pubsub/lib'
[0.660s] Level 1:colcon.colcon_core.shell:create_environment_hook('cpp_topic_pubsub', 'ld_library_path_lib')
[0.661s] INFO:colcon.colcon_core.shell:Creating environment hook '/home/maki/ros2_ws/install/cpp_topic_pubsub/share/cpp_topic_pubsub/hook/ld_library_path_lib.ps1'
[0.661s] INFO:colcon.colcon_core.shell:Creating environment descriptor '/home/maki/ros2_ws/install/cpp_topic_pubsub/share/cpp_topic_pubsub/hook/ld_library_path_lib.dsv'
[0.661s] INFO:colcon.colcon_core.shell:Creating environment hook '/home/maki/ros2_ws/install/cpp_topic_pubsub/share/cpp_topic_pubsub/hook/ld_library_path_lib.sh'
[0.662s] Level 1:colcon.colcon_core.environment:checking '/home/maki/ros2_ws/install/cpp_topic_pubsub/bin'
[0.662s] Level 1:colcon.colcon_core.environment:checking '/home/maki/ros2_ws/install/cpp_topic_pubsub/lib/pkgconfig/cpp_topic_pubsub.pc'
[0.662s] Level 1:colcon.colcon_core.environment:checking '/home/maki/ros2_ws/install/cpp_topic_pubsub/lib/python3.10/site-packages'
[0.662s] Level 1:colcon.colcon_core.environment:checking '/home/maki/ros2_ws/install/cpp_topic_pubsub/bin'
[0.663s] INFO:colcon.colcon_core.shell:Creating package script '/home/maki/ros2_ws/install/cpp_topic_pubsub/share/cpp_topic_pubsub/package.ps1'
[0.663s] INFO:colcon.colcon_core.shell:Creating package descriptor '/home/maki/ros2_ws/install/cpp_topic_pubsub/share/cpp_topic_pubsub/package.dsv'
[0.664s] INFO:colcon.colcon_core.shell:Creating package script '/home/maki/ros2_ws/install/cpp_topic_pubsub/share/cpp_topic_pubsub/package.sh'
[0.664s] INFO:colcon.colcon_core.shell:Creating package script '/home/maki/ros2_ws/install/cpp_topic_pubsub/share/cpp_topic_pubsub/package.bash'
[0.664s] INFO:colcon.colcon_core.shell:Creating package script '/home/maki/ros2_ws/install/cpp_topic_pubsub/share/cpp_topic_pubsub/package.zsh'
[0.665s] Level 1:colcon.colcon_core.environment:create_file_with_runtime_dependencies(/home/maki/ros2_ws/install/cpp_topic_pubsub/share/colcon-core/packages/cpp_topic_pubsub)
[0.667s] DEBUG:colcon.colcon_core.event_handler.log_command:Invoking command in '/home/maki/ros2_ws/build/cpp_server_client': CMAKE_PREFIX_PATH=${CMAKE_PREFIX_PATH}:/opt/ros/humble /usr/bin/cmake --install /home/maki/ros2_ws/build/cpp_server_client
[0.704s] Level 1:colcon.colcon_core.environment:create_environment_scripts_only(cpp_topic_pubsub)
[0.704s] Level 1:colcon.colcon_core.environment:checking '/home/maki/ros2_ws/install/cpp_topic_pubsub' for CMake module files
[0.705s] Level 1:colcon.colcon_core.environment:checking '/home/maki/ros2_ws/install/cpp_topic_pubsub' for CMake config files
[0.705s] Level 1:colcon.colcon_core.shell:create_environment_hook('cpp_topic_pubsub', 'cmake_prefix_path')
[0.705s] INFO:colcon.colcon_core.shell:Creating environment hook '/home/maki/ros2_ws/install/cpp_topic_pubsub/share/cpp_topic_pubsub/hook/cmake_prefix_path.ps1'
[0.706s] INFO:colcon.colcon_core.shell:Creating environment descriptor '/home/maki/ros2_ws/install/cpp_topic_pubsub/share/cpp_topic_pubsub/hook/cmake_prefix_path.dsv'
[0.706s] INFO:colcon.colcon_core.shell:Creating environment hook '/home/maki/ros2_ws/install/cpp_topic_pubsub/share/cpp_topic_pubsub/hook/cmake_prefix_path.sh'
[0.707s] Level 1:colcon.colcon_core.environment:checking '/home/maki/ros2_ws/install/cpp_topic_pubsub/lib'
[0.707s] Level 1:colcon.colcon_core.shell:create_environment_hook('cpp_topic_pubsub', 'ld_library_path_lib')
[0.707s] INFO:colcon.colcon_core.shell:Creating environment hook '/home/maki/ros2_ws/install/cpp_topic_pubsub/share/cpp_topic_pubsub/hook/ld_library_path_lib.ps1'
[0.708s] INFO:colcon.colcon_core.shell:Creating environment descriptor '/home/maki/ros2_ws/install/cpp_topic_pubsub/share/cpp_topic_pubsub/hook/ld_library_path_lib.dsv'
[0.709s] INFO:colcon.colcon_core.shell:Creating environment hook '/home/maki/ros2_ws/install/cpp_topic_pubsub/share/cpp_topic_pubsub/hook/ld_library_path_lib.sh'
[0.709s] Level 1:colcon.colcon_core.environment:checking '/home/maki/ros2_ws/install/cpp_topic_pubsub/bin'
[0.709s] Level 1:colcon.colcon_core.environment:checking '/home/maki/ros2_ws/install/cpp_topic_pubsub/lib/pkgconfig/cpp_topic_pubsub.pc'
[0.710s] Level 1:colcon.colcon_core.environment:checking '/home/maki/ros2_ws/install/cpp_topic_pubsub/lib/python3.10/site-packages'
[0.710s] Level 1:colcon.colcon_core.environment:checking '/home/maki/ros2_ws/install/cpp_topic_pubsub/bin'
[0.710s] INFO:colcon.colcon_core.shell:Creating package script '/home/maki/ros2_ws/install/cpp_topic_pubsub/share/cpp_topic_pubsub/package.ps1'
[0.711s] INFO:colcon.colcon_core.shell:Creating package descriptor '/home/maki/ros2_ws/install/cpp_topic_pubsub/share/cpp_topic_pubsub/package.dsv'
[0.711s] INFO:colcon.colcon_core.shell:Creating package script '/home/maki/ros2_ws/install/cpp_topic_pubsub/share/cpp_topic_pubsub/package.sh'
[0.712s] INFO:colcon.colcon_core.shell:Creating package script '/home/maki/ros2_ws/install/cpp_topic_pubsub/share/cpp_topic_pubsub/package.bash'
[0.713s] INFO:colcon.colcon_core.shell:Creating package script '/home/maki/ros2_ws/install/cpp_topic_pubsub/share/cpp_topic_pubsub/package.zsh'
[0.714s] Level 1:colcon.colcon_core.environment:create_file_with_runtime_dependencies(/home/maki/ros2_ws/install/cpp_topic_pubsub/share/colcon-core/packages/cpp_topic_pubsub)
[0.717s] Level 1:colcon.colcon_core.environment:create_environment_scripts_only(cpp_server_client)
[0.717s] Level 1:colcon.colcon_core.environment:checking '/home/maki/ros2_ws/install/cpp_server_client' for CMake module files
[0.719s] DEBUG:colcon.colcon_core.event_handler.log_command:Invoked command in '/home/maki/ros2_ws/build/cpp_server_client' returned '0': CMAKE_PREFIX_PATH=${CMAKE_PREFIX_PATH}:/opt/ros/humble /usr/bin/cmake --install /home/maki/ros2_ws/build/cpp_server_client
[0.719s] Level 1:colcon.colcon_core.environment:checking '/home/maki/ros2_ws/install/cpp_server_client' for CMake config files
[0.720s] Level 1:colcon.colcon_core.shell:create_environment_hook('cpp_server_client', 'cmake_prefix_path')
[0.720s] INFO:colcon.colcon_core.shell:Creating environment hook '/home/maki/ros2_ws/install/cpp_server_client/share/cpp_server_client/hook/cmake_prefix_path.ps1'
[0.721s] INFO:colcon.colcon_core.shell:Creating environment descriptor '/home/maki/ros2_ws/install/cpp_server_client/share/cpp_server_client/hook/cmake_prefix_path.dsv'
[0.721s] INFO:colcon.colcon_core.shell:Creating environment hook '/home/maki/ros2_ws/install/cpp_server_client/share/cpp_server_client/hook/cmake_prefix_path.sh'
[0.722s] Level 1:colcon.colcon_core.environment:checking '/home/maki/ros2_ws/install/cpp_server_client/lib'
[0.722s] Level 1:colcon.colcon_core.shell:create_environment_hook('cpp_server_client', 'ld_library_path_lib')
[0.722s] INFO:colcon.colcon_core.shell:Creating environment hook '/home/maki/ros2_ws/install/cpp_server_client/share/cpp_server_client/hook/ld_library_path_lib.ps1'
[0.722s] INFO:colcon.colcon_core.shell:Creating environment descriptor '/home/maki/ros2_ws/install/cpp_server_client/share/cpp_server_client/hook/ld_library_path_lib.dsv'
[0.723s] INFO:colcon.colcon_core.shell:Creating environment hook '/home/maki/ros2_ws/install/cpp_server_client/share/cpp_server_client/hook/ld_library_path_lib.sh'
[0.723s] Level 1:colcon.colcon_core.environment:checking '/home/maki/ros2_ws/install/cpp_server_client/bin'
[0.723s] Level 1:colcon.colcon_core.environment:checking '/home/maki/ros2_ws/install/cpp_server_client/lib/pkgconfig/cpp_server_client.pc'
[0.723s] Level 1:colcon.colcon_core.environment:checking '/home/maki/ros2_ws/install/cpp_server_client/lib/python3.10/site-packages'
[0.724s] Level 1:colcon.colcon_core.environment:checking '/home/maki/ros2_ws/install/cpp_server_client/bin'
[0.724s] INFO:colcon.colcon_core.shell:Creating package script '/home/maki/ros2_ws/install/cpp_server_client/share/cpp_server_client/package.ps1'
[0.725s] INFO:colcon.colcon_core.shell:Creating package descriptor '/home/maki/ros2_ws/install/cpp_server_client/share/cpp_server_client/package.dsv'
[0.725s] INFO:colcon.colcon_core.shell:Creating package script '/home/maki/ros2_ws/install/cpp_server_client/share/cpp_server_client/package.sh'
[0.725s] INFO:colcon.colcon_core.shell:Creating package script '/home/maki/ros2_ws/install/cpp_server_client/share/cpp_server_client/package.bash'
[0.726s] INFO:colcon.colcon_core.shell:Creating package script '/home/maki/ros2_ws/install/cpp_server_client/share/cpp_server_client/package.zsh'
[0.726s] Level 1:colcon.colcon_core.environment:create_file_with_runtime_dependencies(/home/maki/ros2_ws/install/cpp_server_client/share/colcon-core/packages/cpp_server_client)
[0.768s] Level 1:colcon.colcon_core.environment:create_environment_scripts_only(cpp_server_client)
[0.768s] Level 1:colcon.colcon_core.environment:checking '/home/maki/ros2_ws/install/cpp_server_client' for CMake module files
[0.769s] Level 1:colcon.colcon_core.environment:checking '/home/maki/ros2_ws/install/cpp_server_client' for CMake config files
[0.770s] Level 1:colcon.colcon_core.shell:create_environment_hook('cpp_server_client', 'cmake_prefix_path')
[0.770s] INFO:colcon.colcon_core.shell:Creating environment hook '/home/maki/ros2_ws/install/cpp_server_client/share/cpp_server_client/hook/cmake_prefix_path.ps1'
[0.771s] INFO:colcon.colcon_core.shell:Creating environment descriptor '/home/maki/ros2_ws/install/cpp_server_client/share/cpp_server_client/hook/cmake_prefix_path.dsv'
[0.771s] INFO:colcon.colcon_core.shell:Creating environment hook '/home/maki/ros2_ws/install/cpp_server_client/share/cpp_server_client/hook/cmake_prefix_path.sh'
[0.771s] Level 1:colcon.colcon_core.environment:checking '/home/maki/ros2_ws/install/cpp_server_client/lib'
[0.772s] Level 1:colcon.colcon_core.shell:create_environment_hook('cpp_server_client', 'ld_library_path_lib')
[0.772s] INFO:colcon.colcon_core.shell:Creating environment hook '/home/maki/ros2_ws/install/cpp_server_client/share/cpp_server_client/hook/ld_library_path_lib.ps1'
[0.772s] INFO:colcon.colcon_core.shell:Creating environment descriptor '/home/maki/ros2_ws/install/cpp_server_client/share/cpp_server_client/hook/ld_library_path_lib.dsv'
[0.773s] INFO:colcon.colcon_core.shell:Creating environment hook '/home/maki/ros2_ws/install/cpp_server_client/share/cpp_server_client/hook/ld_library_path_lib.sh'
[0.773s] Level 1:colcon.colcon_core.environment:checking '/home/maki/ros2_ws/install/cpp_server_client/bin'
[0.773s] Level 1:colcon.colcon_core.environment:checking '/home/maki/ros2_ws/install/cpp_server_client/lib/pkgconfig/cpp_server_client.pc'
[0.774s] Level 1:colcon.colcon_core.environment:checking '/home/maki/ros2_ws/install/cpp_server_client/lib/python3.10/site-packages'
[0.774s] Level 1:colcon.colcon_core.environment:checking '/home/maki/ros2_ws/install/cpp_server_client/bin'
[0.774s] INFO:colcon.colcon_core.shell:Creating package script '/home/maki/ros2_ws/install/cpp_server_client/share/cpp_server_client/package.ps1'
[0.775s] INFO:colcon.colcon_core.shell:Creating package descriptor '/home/maki/ros2_ws/install/cpp_server_client/share/cpp_server_client/package.dsv'
[0.775s] INFO:colcon.colcon_core.shell:Creating package script '/home/maki/ros2_ws/install/cpp_server_client/share/cpp_server_client/package.sh'
[0.776s] INFO:colcon.colcon_core.shell:Creating package script '/home/maki/ros2_ws/install/cpp_server_client/share/cpp_server_client/package.bash'
[0.776s] INFO:colcon.colcon_core.shell:Creating package script '/home/maki/ros2_ws/install/cpp_server_client/share/cpp_server_client/package.zsh'
[0.776s] Level 1:colcon.colcon_core.environment:create_file_with_runtime_dependencies(/home/maki/ros2_ws/install/cpp_server_client/share/colcon-core/packages/cpp_server_client)
[0.827s] DEBUG:colcon.colcon_core.event_handler.log_command:Invoked command in '/home/maki/ros2_ws/build/cpp_topic_practice' returned '0': CMAKE_PREFIX_PATH=${CMAKE_PREFIX_PATH}:/opt/ros/humble /usr/bin/cmake /home/maki/ros2_ws/cpp_topic_practice -DCMAKE_INSTALL_PREFIX=/home/maki/ros2_ws/install/cpp_topic_practice
[0.828s] DEBUG:colcon.colcon_core.event_handler.log_command:Invoking command in '/home/maki/ros2_ws/build/cpp_topic_practice': CMAKE_PREFIX_PATH=${CMAKE_PREFIX_PATH}:/opt/ros/humble /usr/bin/cmake --build /home/maki/ros2_ws/build/cpp_topic_practice -- -j12 -l12
[0.838s] DEBUG:colcon.colcon_core.event_handler.log_command:Invoked command in '/home/maki/ros2_ws/build/practice2' returned '0': CMAKE_PREFIX_PATH=${CMAKE_PREFIX_PATH}:/opt/ros/humble /usr/bin/cmake /home/maki/ros2_ws/src/practice2 -DCMAKE_INSTALL_PREFIX=/home/maki/ros2_ws/install/practice2
[0.839s] DEBUG:colcon.colcon_core.event_handler.log_command:Invoking command in '/home/maki/ros2_ws/build/practice2': CMAKE_PREFIX_PATH=${CMAKE_PREFIX_PATH}:/opt/ros/humble /usr/bin/cmake --build /home/maki/ros2_ws/build/practice2 -- -j12 -l12
[0.851s] DEBUG:colcon.colcon_core.event_handler.log_command:Invoked command in '/home/maki/ros2_ws/build/cpp_topic_practice' returned '0': CMAKE_PREFIX_PATH=${CMAKE_PREFIX_PATH}:/opt/ros/humble /usr/bin/cmake --build /home/maki/ros2_ws/build/cpp_topic_practice -- -j12 -l12
[0.863s] DEBUG:colcon.colcon_core.event_handler.log_command:Invoking command in '/home/maki/ros2_ws/build/cpp_topic_practice': CMAKE_PREFIX_PATH=${CMAKE_PREFIX_PATH}:/opt/ros/humble /usr/bin/cmake --install /home/maki/ros2_ws/build/cpp_topic_practice
[0.868s] DEBUG:colcon.colcon_core.event_handler.log_command:Invoked command in '/home/maki/ros2_ws/build/practice2' returned '0': CMAKE_PREFIX_PATH=${CMAKE_PREFIX_PATH}:/opt/ros/humble /usr/bin/cmake --build /home/maki/ros2_ws/build/practice2 -- -j12 -l12
[0.870s] Level 1:colcon.colcon_core.environment:create_environment_scripts_only(cpp_topic_practice)
[0.870s] Level 1:colcon.colcon_core.environment:checking '/home/maki/ros2_ws/install/cpp_topic_practice' for CMake module files
[0.871s] Level 1:colcon.colcon_core.environment:checking '/home/maki/ros2_ws/install/cpp_topic_practice' for CMake config files
[0.872s] Level 1:colcon.colcon_core.shell:create_environment_hook('cpp_topic_practice', 'cmake_prefix_path')
[0.872s] DEBUG:colcon.colcon_core.event_handler.log_command:Invoked command in '/home/maki/ros2_ws/build/cpp_topic_practice' returned '0': CMAKE_PREFIX_PATH=${CMAKE_PREFIX_PATH}:/opt/ros/humble /usr/bin/cmake --install /home/maki/ros2_ws/build/cpp_topic_practice
[0.873s] INFO:colcon.colcon_core.shell:Creating environment hook '/home/maki/ros2_ws/install/cpp_topic_practice/share/cpp_topic_practice/hook/cmake_prefix_path.ps1'
[0.873s] INFO:colcon.colcon_core.shell:Creating environment descriptor '/home/maki/ros2_ws/install/cpp_topic_practice/share/cpp_topic_practice/hook/cmake_prefix_path.dsv'
[0.873s] INFO:colcon.colcon_core.shell:Creating environment hook '/home/maki/ros2_ws/install/cpp_topic_practice/share/cpp_topic_practice/hook/cmake_prefix_path.sh'
[0.874s] Level 1:colcon.colcon_core.environment:checking '/home/maki/ros2_ws/install/cpp_topic_practice/bin'
[0.874s] Level 1:colcon.colcon_core.environment:checking '/home/maki/ros2_ws/install/cpp_topic_practice/lib/pkgconfig/cpp_topic_practice.pc'
[0.874s] Level 1:colcon.colcon_core.environment:checking '/home/maki/ros2_ws/install/cpp_topic_practice/lib/python3.10/site-packages'
[0.874s] Level 1:colcon.colcon_core.environment:checking '/home/maki/ros2_ws/install/cpp_topic_practice/bin'
[0.875s] INFO:colcon.colcon_core.shell:Creating package script '/home/maki/ros2_ws/install/cpp_topic_practice/share/cpp_topic_practice/package.ps1'
[0.875s] INFO:colcon.colcon_core.shell:Creating package descriptor '/home/maki/ros2_ws/install/cpp_topic_practice/share/cpp_topic_practice/package.dsv'
[0.875s] INFO:colcon.colcon_core.shell:Creating package script '/home/maki/ros2_ws/install/cpp_topic_practice/share/cpp_topic_practice/package.sh'
[0.876s] INFO:colcon.colcon_core.shell:Creating package script '/home/maki/ros2_ws/install/cpp_topic_practice/share/cpp_topic_practice/package.bash'
[0.876s] INFO:colcon.colcon_core.shell:Creating package script '/home/maki/ros2_ws/install/cpp_topic_practice/share/cpp_topic_practice/package.zsh'
[0.876s] Level 1:colcon.colcon_core.environment:create_file_with_runtime_dependencies(/home/maki/ros2_ws/install/cpp_topic_practice/share/colcon-core/packages/cpp_topic_practice)
[0.884s] DEBUG:colcon.colcon_core.event_handler.log_command:Invoking command in '/home/maki/ros2_ws/build/practice2': CMAKE_PREFIX_PATH=${CMAKE_PREFIX_PATH}:/opt/ros/humble /usr/bin/cmake --install /home/maki/ros2_ws/build/practice2
[0.888s] Level 1:colcon.colcon_core.environment:create_environment_scripts_only(cpp_topic_practice)
[0.888s] Level 1:colcon.colcon_core.environment:checking '/home/maki/ros2_ws/install/cpp_topic_practice' for CMake module files
[0.889s] Level 1:colcon.colcon_core.environment:checking '/home/maki/ros2_ws/install/cpp_topic_practice' for CMake config files
[0.891s] Level 1:colcon.colcon_core.shell:create_environment_hook('cpp_topic_practice', 'cmake_prefix_path')
[0.891s] INFO:colcon.colcon_core.shell:Creating environment hook '/home/maki/ros2_ws/install/cpp_topic_practice/share/cpp_topic_practice/hook/cmake_prefix_path.ps1'
[0.892s] INFO:colcon.colcon_core.shell:Creating environment descriptor '/home/maki/ros2_ws/install/cpp_topic_practice/share/cpp_topic_practice/hook/cmake_prefix_path.dsv'
[0.892s] INFO:colcon.colcon_core.shell:Creating environment hook '/home/maki/ros2_ws/install/cpp_topic_practice/share/cpp_topic_practice/hook/cmake_prefix_path.sh'
[0.892s] Level 1:colcon.colcon_core.environment:checking '/home/maki/ros2_ws/install/cpp_topic_practice/bin'
[0.893s] Level 1:colcon.colcon_core.environment:checking '/home/maki/ros2_ws/install/cpp_topic_practice/lib/pkgconfig/cpp_topic_practice.pc'
[0.893s] Level 1:colcon.colcon_core.environment:checking '/home/maki/ros2_ws/install/cpp_topic_practice/lib/python3.10/site-packages'
[0.893s] Level 1:colcon.colcon_core.environment:checking '/home/maki/ros2_ws/install/cpp_topic_practice/bin'
[0.893s] INFO:colcon.colcon_core.shell:Creating package script '/home/maki/ros2_ws/install/cpp_topic_practice/share/cpp_topic_practice/package.ps1'
[0.894s] INFO:colcon.colcon_core.shell:Creating package descriptor '/home/maki/ros2_ws/install/cpp_topic_practice/share/cpp_topic_practice/package.dsv'
[0.894s] INFO:colcon.colcon_core.shell:Creating package script '/home/maki/ros2_ws/install/cpp_topic_practice/share/cpp_topic_practice/package.sh'
[0.894s] INFO:colcon.colcon_core.shell:Creating package script '/home/maki/ros2_ws/install/cpp_topic_practice/share/cpp_topic_practice/package.bash'
[0.895s] INFO:colcon.colcon_core.shell:Creating package script '/home/maki/ros2_ws/install/cpp_topic_practice/share/cpp_topic_practice/package.zsh'
[0.895s] Level 1:colcon.colcon_core.environment:create_file_with_runtime_dependencies(/home/maki/ros2_ws/install/cpp_topic_practice/share/colcon-core/packages/cpp_topic_practice)
[0.896s] Level 1:colcon.colcon_core.environment:create_environment_scripts_only(practice2)
[0.896s] Level 1:colcon.colcon_core.environment:checking '/home/maki/ros2_ws/install/practice2' for CMake module files
[0.896s] DEBUG:colcon.colcon_core.event_handler.log_command:Invoked command in '/home/maki/ros2_ws/build/practice2' returned '0': CMAKE_PREFIX_PATH=${CMAKE_PREFIX_PATH}:/opt/ros/humble /usr/bin/cmake --install /home/maki/ros2_ws/build/practice2
[0.897s] Level 1:colcon.colcon_core.environment:checking '/home/maki/ros2_ws/install/practice2' for CMake config files
[0.897s] Level 1:colcon.colcon_core.shell:create_environment_hook('practice2', 'cmake_prefix_path')
[0.897s] INFO:colcon.colcon_core.shell:Creating environment hook '/home/maki/ros2_ws/install/practice2/share/practice2/hook/cmake_prefix_path.ps1'
[0.898s] INFO:colcon.colcon_core.shell:Creating environment descriptor '/home/maki/ros2_ws/install/practice2/share/practice2/hook/cmake_prefix_path.dsv'
[0.898s] INFO:colcon.colcon_core.shell:Creating environment hook '/home/maki/ros2_ws/install/practice2/share/practice2/hook/cmake_prefix_path.sh'
[0.898s] Level 1:colcon.colcon_core.environment:checking '/home/maki/ros2_ws/install/practice2/bin'
[0.898s] Level 1:colcon.colcon_core.environment:checking '/home/maki/ros2_ws/install/practice2/lib/pkgconfig/practice2.pc'
[0.899s] Level 1:colcon.colcon_core.environment:checking '/home/maki/ros2_ws/install/practice2/lib/python3.10/site-packages'
[0.899s] Level 1:colcon.colcon_core.environment:checking '/home/maki/ros2_ws/install/practice2/bin'
[0.899s] INFO:colcon.colcon_core.shell:Creating package script '/home/maki/ros2_ws/install/practice2/share/practice2/package.ps1'
[0.899s] INFO:colcon.colcon_core.shell:Creating package descriptor '/home/maki/ros2_ws/install/practice2/share/practice2/package.dsv'
[0.900s] INFO:colcon.colcon_core.shell:Creating package script '/home/maki/ros2_ws/install/practice2/share/practice2/package.sh'
[0.900s] INFO:colcon.colcon_core.shell:Creating package script '/home/maki/ros2_ws/install/practice2/share/practice2/package.bash'
[0.900s] INFO:colcon.colcon_core.shell:Creating package script '/home/maki/ros2_ws/install/practice2/share/practice2/package.zsh'
[0.900s] Level 1:colcon.colcon_core.environment:create_file_with_runtime_dependencies(/home/maki/ros2_ws/install/practice2/share/colcon-core/packages/practice2)
[0.913s] Level 1:colcon.colcon_core.environment:create_environment_scripts_only(practice2)
[0.913s] Level 1:colcon.colcon_core.environment:checking '/home/maki/ros2_ws/install/practice2' for CMake module files
[0.914s] Level 1:colcon.colcon_core.environment:checking '/home/maki/ros2_ws/install/practice2' for CMake config files
[0.914s] Level 1:colcon.colcon_core.shell:create_environment_hook('practice2', 'cmake_prefix_path')
[0.914s] INFO:colcon.colcon_core.shell:Creating environment hook '/home/maki/ros2_ws/install/practice2/share/practice2/hook/cmake_prefix_path.ps1'
[0.914s] INFO:colcon.colcon_core.shell:Creating environment descriptor '/home/maki/ros2_ws/install/practice2/share/practice2/hook/cmake_prefix_path.dsv'
[0.914s] INFO:colcon.colcon_core.shell:Creating environment hook '/home/maki/ros2_ws/install/practice2/share/practice2/hook/cmake_prefix_path.sh'
[0.915s] Level 1:colcon.colcon_core.environment:checking '/home/maki/ros2_ws/install/practice2/bin'
[0.915s] Level 1:colcon.colcon_core.environment:checking '/home/maki/ros2_ws/install/practice2/lib/pkgconfig/practice2.pc'
[0.915s] Level 1:colcon.colcon_core.environment:checking '/home/maki/ros2_ws/install/practice2/lib/python3.10/site-packages'
[0.915s] Level 1:colcon.colcon_core.environment:checking '/home/maki/ros2_ws/install/practice2/bin'
[0.915s] INFO:colcon.colcon_core.shell:Creating package script '/home/maki/ros2_ws/install/practice2/share/practice2/package.ps1'
[0.916s] INFO:colcon.colcon_core.shell:Creating package descriptor '/home/maki/ros2_ws/install/practice2/share/practice2/package.dsv'
[0.916s] INFO:colcon.colcon_core.shell:Creating package script '/home/maki/ros2_ws/install/practice2/share/practice2/package.sh'
[0.917s] INFO:colcon.colcon_core.shell:Creating package script '/home/maki/ros2_ws/install/practice2/share/practice2/package.bash'
[0.917s] INFO:colcon.colcon_core.shell:Creating package script '/home/maki/ros2_ws/install/practice2/share/practice2/package.zsh'
[0.917s] Level 1:colcon.colcon_core.environment:create_file_with_runtime_dependencies(/home/maki/ros2_ws/install/practice2/share/colcon-core/packages/practice2)
[0.917s] DEBUG:colcon.colcon_parallel_executor.executor.parallel:closing loop
[0.917s] DEBUG:colcon.colcon_parallel_executor.executor.parallel:loop closed
[0.917s] DEBUG:colcon.colcon_parallel_executor.executor.parallel:run_until_complete finished with '0'
[0.917s] DEBUG:colcon.colcon_core.event_reactor:joining thread
[0.921s] INFO:colcon.colcon_core.plugin_system:Skipping extension 'colcon_notification.desktop_notification.terminal_notifier': Not used on non-Darwin systems
[0.921s] INFO:colcon.colcon_core.plugin_system:Skipping extension 'colcon_notification.desktop_notification.win32': Not used on non-Windows systems
[0.921s] INFO:colcon.colcon_notification.desktop_notification:Sending desktop notification using 'notify2'
[0.941s] DEBUG:colcon.colcon_core.event_reactor:joined thread
[0.942s] INFO:colcon.colcon_core.shell:Creating prefix script '/home/maki/ros2_ws/install/local_setup.ps1'
[0.943s] INFO:colcon.colcon_core.shell:Creating prefix util module '/home/maki/ros2_ws/install/_local_setup_util_ps1.py'
[0.944s] INFO:colcon.colcon_core.shell:Creating prefix chain script '/home/maki/ros2_ws/install/setup.ps1'
[0.944s] INFO:colcon.colcon_core.shell:Creating prefix script '/home/maki/ros2_ws/install/local_setup.sh'
[0.945s] INFO:colcon.colcon_core.shell:Creating prefix util module '/home/maki/ros2_ws/install/_local_setup_util_sh.py'
[0.945s] INFO:colcon.colcon_core.shell:Creating prefix chain script '/home/maki/ros2_ws/install/setup.sh'
[0.946s] INFO:colcon.colcon_core.shell:Creating prefix script '/home/maki/ros2_ws/install/local_setup.bash'
[0.946s] INFO:colcon.colcon_core.shell:Creating prefix chain script '/home/maki/ros2_ws/install/setup.bash'
[0.947s] INFO:colcon.colcon_core.shell:Creating prefix script '/home/maki/ros2_ws/install/local_setup.zsh'
[0.947s] INFO:colcon.colcon_core.shell:Creating prefix chain script '/home/maki/ros2_ws/install/setup.zsh'
