[0.016s] Invoking command in '/home/maki/ros2_ws/build/practice2': CMAKE_PREFIX_PATH=${CMAKE_PREFIX_PATH}:/opt/ros/humble /usr/bin/cmake /home/maki/ros2_ws/src/practice2 -DCMAKE_INSTALL_PREFIX=/home/maki/ros2_ws/install/practice2
[0.097s] -- The C compiler identification is GNU 11.4.0
[0.163s] -- The CXX compiler identification is GNU 11.4.0
[0.170s] -- Detecting C compiler ABI info
[0.225s] -- Detecting C compiler ABI info - done
[0.232s] -- Check for working C compiler: /usr/bin/cc - skipped
[0.233s] -- Detecting C compile features
[0.233s] -- Detecting C compile features - done
[0.236s] -- Detecting CXX compiler ABI info
[0.295s] -- Detecting CXX compiler ABI info - done
[0.302s] -- Check for working CXX compiler: /usr/bin/c++ - skipped
[0.302s] -- Detecting CXX compile features
[0.302s] -- Detecting CXX compile features - done
[0.303s] -- Found ament_cmake: 1.3.8 (/opt/ros/humble/share/ament_cmake/cmake)
[0.417s] -- Found Python3: /usr/bin/python3 (found version "3.10.12") found components: Interpreter 
[0.492s] -- Found ament_lint_auto: 0.12.10 (/opt/ros/humble/share/ament_lint_auto/cmake)
[0.550s] -- Added test 'lint_cmake' to check CMake code style
[0.551s] -- Added test 'xmllint' to check XML markup files
[0.552s] -- Configuring done
[0.554s] -- Generating done
[0.555s] -- Build files have been written to: /home/maki/ros2_ws/build/practice2
[0.558s] Invoked command in '/home/maki/ros2_ws/build/practice2' returned '0': CMAKE_PREFIX_PATH=${CMAKE_PREFIX_PATH}:/opt/ros/humble /usr/bin/cmake /home/maki/ros2_ws/src/practice2 -DCMAKE_INSTALL_PREFIX=/home/maki/ros2_ws/install/practice2
[0.559s] Invoking command in '/home/maki/ros2_ws/build/practice2': CMAKE_PREFIX_PATH=${CMAKE_PREFIX_PATH}:/opt/ros/humble /usr/bin/cmake --build /home/maki/ros2_ws/build/practice2 -- -j12 -l12
[0.588s] Invoked command in '/home/maki/ros2_ws/build/practice2' returned '0': CMAKE_PREFIX_PATH=${CMAKE_PREFIX_PATH}:/opt/ros/humble /usr/bin/cmake --build /home/maki/ros2_ws/build/practice2 -- -j12 -l12
[0.603s] Invoking command in '/home/maki/ros2_ws/build/practice2': CMAKE_PREFIX_PATH=${CMAKE_PREFIX_PATH}:/opt/ros/humble /usr/bin/cmake --install /home/maki/ros2_ws/build/practice2
[0.609s] -- Install configuration: ""
[0.609s] -- Installing: /home/maki/ros2_ws/install/practice2/share/ament_index/resource_index/package_run_dependencies/practice2
[0.609s] -- Installing: /home/maki/ros2_ws/install/practice2/share/ament_index/resource_index/parent_prefix_path/practice2
[0.609s] -- Installing: /home/maki/ros2_ws/install/practice2/share/practice2/environment/ament_prefix_path.sh
[0.610s] -- Installing: /home/maki/ros2_ws/install/practice2/share/practice2/environment/ament_prefix_path.dsv
[0.610s] -- Installing: /home/maki/ros2_ws/install/practice2/share/practice2/environment/path.sh
[0.610s] -- Installing: /home/maki/ros2_ws/install/practice2/share/practice2/environment/path.dsv
[0.610s] -- Installing: /home/maki/ros2_ws/install/practice2/share/practice2/local_setup.bash
[0.610s] -- Installing: /home/maki/ros2_ws/install/practice2/share/practice2/local_setup.sh
[0.610s] -- Installing: /home/maki/ros2_ws/install/practice2/share/practice2/local_setup.zsh
[0.610s] -- Installing: /home/maki/ros2_ws/install/practice2/share/practice2/local_setup.dsv
[0.610s] -- Installing: /home/maki/ros2_ws/install/practice2/share/practice2/package.dsv
[0.611s] -- Installing: /home/maki/ros2_ws/install/practice2/share/ament_index/resource_index/packages/practice2
[0.611s] -- Installing: /home/maki/ros2_ws/install/practice2/share/practice2/cmake/practice2Config.cmake
[0.611s] -- Installing: /home/maki/ros2_ws/install/practice2/share/practice2/cmake/practice2Config-version.cmake
[0.612s] -- Installing: /home/maki/ros2_ws/install/practice2/share/practice2/package.xml
[0.616s] Invoked command in '/home/maki/ros2_ws/build/practice2' returned '0': CMAKE_PREFIX_PATH=${CMAKE_PREFIX_PATH}:/opt/ros/humble /usr/bin/cmake --install /home/maki/ros2_ws/build/practice2
