[0.438s] DEBUG:colcon:Command line arguments: ['/usr/bin/colcon', 'build', '--cmake-clean-cache']
[0.439s] DEBUG:colcon:Parsed command line arguments: Namespace(log_base=None, log_level=None, verb_name='build', build_base='build', install_base='install', merge_install=False, symlink_install=False, test_result_base=None, continue_on_error=False, executor='parallel', parallel_workers=12, event_handlers=None, ignore_user_meta=False, metas=['./colcon.meta'], base_paths=['.'], packages_ignore=None, packages_ignore_regex=None, paths=None, packages_up_to=None, packages_up_to_regex=None, packages_above=None, packages_above_and_dependencies=None, packages_above_depth=None, packages_select_by_dep=None, packages_skip_by_dep=None, packages_skip_up_to=None, packages_select_build_failed=False, packages_skip_build_finished=False, packages_select_test_failures=False, packages_skip_test_passed=False, packages_select=None, packages_skip=None, packages_select_regex=None, packages_skip_regex=None, packages_start=None, packages_end=None, allow_overriding=[], cmake_args=None, cmake_target=None, cmake_target_skip_unavailable=False, cmake_clean_cache=True, cmake_clean_first=False, cmake_force_configure=False, ament_cmake_args=None, catkin_cmake_args=None, catkin_skip_building_tests=False, verb_parser=<colcon_defaults.argument_parser.defaults.DefaultArgumentsDecorator object at 0x73b679d9f460>, verb_extension=<colcon_core.verb.build.BuildVerb object at 0x73b679d73490>, main=<bound method BuildVerb.main of <colcon_core.verb.build.BuildVerb object at 0x73b679d73490>>)
[0.461s] Level 1:colcon.colcon_core.package_discovery:discover_packages(colcon_meta) check parameters
[0.461s] Level 1:colcon.colcon_core.package_discovery:discover_packages(recursive) check parameters
[0.461s] Level 1:colcon.colcon_core.package_discovery:discover_packages(ignore) check parameters
[0.461s] Level 1:colcon.colcon_core.package_discovery:discover_packages(path) check parameters
[0.461s] Level 1:colcon.colcon_core.package_discovery:discover_packages(colcon_meta) discover
[0.461s] Level 1:colcon.colcon_core.package_discovery:discover_packages(recursive) discover
[0.461s] INFO:colcon.colcon_core.package_discovery:Crawling recursively for packages in '/home/maki/ros2_ws'
[0.461s] Level 1:colcon.colcon_core.package_identification:_identify(.) by extensions ['ignore', 'ignore_ament_install']
[0.461s] Level 1:colcon.colcon_core.package_identification:_identify(.) by extension 'ignore'
[0.461s] Level 1:colcon.colcon_core.package_identification:_identify(.) by extension 'ignore_ament_install'
[0.461s] Level 1:colcon.colcon_core.package_identification:_identify(.) by extensions ['colcon_pkg']
[0.461s] Level 1:colcon.colcon_core.package_identification:_identify(.) by extension 'colcon_pkg'
[0.461s] Level 1:colcon.colcon_core.package_identification:_identify(.) by extensions ['colcon_meta']
[0.461s] Level 1:colcon.colcon_core.package_identification:_identify(.) by extension 'colcon_meta'
[0.461s] Level 1:colcon.colcon_core.package_identification:_identify(.) by extensions ['ros']
[0.461s] Level 1:colcon.colcon_core.package_identification:_identify(.) by extension 'ros'
[0.467s] Level 1:colcon.colcon_core.package_identification:_identify(.) by extensions ['cmake', 'python']
[0.467s] Level 1:colcon.colcon_core.package_identification:_identify(.) by extension 'cmake'
[0.467s] Level 1:colcon.colcon_core.package_identification:_identify(.) by extension 'python'
[0.467s] Level 1:colcon.colcon_core.package_identification:_identify(.) by extensions ['python_setup_py']
[0.467s] Level 1:colcon.colcon_core.package_identification:_identify(.) by extension 'python_setup_py'
[0.468s] Level 1:colcon.colcon_core.package_identification:_identify(build) by extensions ['ignore', 'ignore_ament_install']
[0.468s] Level 1:colcon.colcon_core.package_identification:_identify(build) by extension 'ignore'
[0.468s] Level 1:colcon.colcon_core.package_identification:_identify(build) ignored
[0.468s] Level 1:colcon.colcon_core.package_identification:_identify(install) by extensions ['ignore', 'ignore_ament_install']
[0.468s] Level 1:colcon.colcon_core.package_identification:_identify(install) by extension 'ignore'
[0.468s] Level 1:colcon.colcon_core.package_identification:_identify(install) ignored
[0.468s] Level 1:colcon.colcon_core.package_identification:_identify(log) by extensions ['ignore', 'ignore_ament_install']
[0.468s] Level 1:colcon.colcon_core.package_identification:_identify(log) by extension 'ignore'
[0.468s] Level 1:colcon.colcon_core.package_identification:_identify(log) ignored
[0.468s] Level 1:colcon.colcon_core.package_identification:_identify(src) by extensions ['ignore', 'ignore_ament_install']
[0.468s] Level 1:colcon.colcon_core.package_identification:_identify(src) by extension 'ignore'
[0.468s] Level 1:colcon.colcon_core.package_identification:_identify(src) by extension 'ignore_ament_install'
[0.468s] Level 1:colcon.colcon_core.package_identification:_identify(src) by extensions ['colcon_pkg']
[0.468s] Level 1:colcon.colcon_core.package_identification:_identify(src) by extension 'colcon_pkg'
[0.468s] Level 1:colcon.colcon_core.package_identification:_identify(src) by extensions ['colcon_meta']
[0.468s] Level 1:colcon.colcon_core.package_identification:_identify(src) by extension 'colcon_meta'
[0.468s] Level 1:colcon.colcon_core.package_identification:_identify(src) by extensions ['ros']
[0.468s] Level 1:colcon.colcon_core.package_identification:_identify(src) by extension 'ros'
[0.468s] Level 1:colcon.colcon_core.package_identification:_identify(src) by extensions ['cmake', 'python']
[0.468s] Level 1:colcon.colcon_core.package_identification:_identify(src) by extension 'cmake'
[0.468s] Level 1:colcon.colcon_core.package_identification:_identify(src) by extension 'python'
[0.468s] Level 1:colcon.colcon_core.package_identification:_identify(src) by extensions ['python_setup_py']
[0.468s] Level 1:colcon.colcon_core.package_identification:_identify(src) by extension 'python_setup_py'
[0.468s] Level 1:colcon.colcon_core.package_identification:_identify(src/cpp_surver_client) by extensions ['ignore', 'ignore_ament_install']
[0.468s] Level 1:colcon.colcon_core.package_identification:_identify(src/cpp_surver_client) by extension 'ignore'
[0.468s] Level 1:colcon.colcon_core.package_identification:_identify(src/cpp_surver_client) by extension 'ignore_ament_install'
[0.468s] Level 1:colcon.colcon_core.package_identification:_identify(src/cpp_surver_client) by extensions ['colcon_pkg']
[0.468s] Level 1:colcon.colcon_core.package_identification:_identify(src/cpp_surver_client) by extension 'colcon_pkg'
[0.468s] Level 1:colcon.colcon_core.package_identification:_identify(src/cpp_surver_client) by extensions ['colcon_meta']
[0.468s] Level 1:colcon.colcon_core.package_identification:_identify(src/cpp_surver_client) by extension 'colcon_meta'
[0.468s] Level 1:colcon.colcon_core.package_identification:_identify(src/cpp_surver_client) by extensions ['ros']
[0.468s] Level 1:colcon.colcon_core.package_identification:_identify(src/cpp_surver_client) by extension 'ros'
[0.470s] DEBUG:colcon.colcon_core.package_identification:Package 'src/cpp_surver_client' with type 'ros.ament_cmake' and name 'cpp_server_client'
[0.470s] Level 1:colcon.colcon_core.package_identification:_identify(src/cpp_topic_pubsub) by extensions ['ignore', 'ignore_ament_install']
[0.470s] Level 1:colcon.colcon_core.package_identification:_identify(src/cpp_topic_pubsub) by extension 'ignore'
[0.470s] Level 1:colcon.colcon_core.package_identification:_identify(src/cpp_topic_pubsub) by extension 'ignore_ament_install'
[0.470s] Level 1:colcon.colcon_core.package_identification:_identify(src/cpp_topic_pubsub) by extensions ['colcon_pkg']
[0.470s] Level 1:colcon.colcon_core.package_identification:_identify(src/cpp_topic_pubsub) by extension 'colcon_pkg'
[0.470s] Level 1:colcon.colcon_core.package_identification:_identify(src/cpp_topic_pubsub) by extensions ['colcon_meta']
[0.470s] Level 1:colcon.colcon_core.package_identification:_identify(src/cpp_topic_pubsub) by extension 'colcon_meta'
[0.470s] Level 1:colcon.colcon_core.package_identification:_identify(src/cpp_topic_pubsub) by extensions ['ros']
[0.470s] Level 1:colcon.colcon_core.package_identification:_identify(src/cpp_topic_pubsub) by extension 'ros'
[0.470s] DEBUG:colcon.colcon_core.package_identification:Package 'src/cpp_topic_pubsub' with type 'ros.ament_cmake' and name 'cpp_topic_pubsub'
[0.470s] Level 1:colcon.colcon_core.package_identification:_identify(src/package_test) by extensions ['ignore', 'ignore_ament_install']
[0.470s] Level 1:colcon.colcon_core.package_identification:_identify(src/package_test) by extension 'ignore'
[0.471s] Level 1:colcon.colcon_core.package_identification:_identify(src/package_test) by extension 'ignore_ament_install'
[0.471s] Level 1:colcon.colcon_core.package_identification:_identify(src/package_test) by extensions ['colcon_pkg']
[0.471s] Level 1:colcon.colcon_core.package_identification:_identify(src/package_test) by extension 'colcon_pkg'
[0.471s] Level 1:colcon.colcon_core.package_identification:_identify(src/package_test) by extensions ['colcon_meta']
[0.471s] Level 1:colcon.colcon_core.package_identification:_identify(src/package_test) by extension 'colcon_meta'
[0.471s] Level 1:colcon.colcon_core.package_identification:_identify(src/package_test) by extensions ['ros']
[0.471s] Level 1:colcon.colcon_core.package_identification:_identify(src/package_test) by extension 'ros'
[0.471s] DEBUG:colcon.colcon_core.package_identification:Package 'src/package_test' with type 'ros.ament_cmake' and name 'package_test'
[0.471s] Level 1:colcon.colcon_core.package_discovery:discover_packages(recursive) using defaults
[0.471s] Level 1:colcon.colcon_core.package_discovery:discover_packages(ignore) discover
[0.471s] Level 1:colcon.colcon_core.package_discovery:discover_packages(ignore) using defaults
[0.471s] Level 1:colcon.colcon_core.package_discovery:discover_packages(path) discover
[0.471s] Level 1:colcon.colcon_core.package_discovery:discover_packages(path) using defaults
[0.512s] Level 1:colcon.colcon_core.package_discovery:discover_packages(prefix_path) check parameters
[0.512s] Level 1:colcon.colcon_core.package_discovery:discover_packages(prefix_path) discover
[0.519s] WARNING:colcon.colcon_ros.prefix_path.ament:The path '/home/maki/ros2_ws/install/polygon_plugins' in the environment variable AMENT_PREFIX_PATH doesn't exist
[0.519s] WARNING:colcon.colcon_ros.prefix_path.ament:The path '/home/maki/ros2_ws/install/polygon_base' in the environment variable AMENT_PREFIX_PATH doesn't exist
[0.519s] WARNING:colcon.colcon_ros.prefix_path.ament:The path '/home/maki/ros2_ws/install/package_test' in the environment variable AMENT_PREFIX_PATH doesn't exist
[0.519s] WARNING:colcon.colcon_ros.prefix_path.ament:The path '/home/maki/ros2_ws/install/more_interfaces' in the environment variable AMENT_PREFIX_PATH doesn't exist
[0.519s] WARNING:colcon.colcon_ros.prefix_path.ament:The path '/home/maki/ros2_ws/install/cpp_topic_pubsub' in the environment variable AMENT_PREFIX_PATH doesn't exist
[0.519s] WARNING:colcon.colcon_ros.prefix_path.ament:The path '/home/maki/ros2_ws/install/cpp_srvcli' in the environment variable AMENT_PREFIX_PATH doesn't exist
[0.519s] WARNING:colcon.colcon_ros.prefix_path.ament:The path '/home/maki/ros2_ws/install/cpp_server_client' in the environment variable AMENT_PREFIX_PATH doesn't exist
[0.519s] WARNING:colcon.colcon_ros.prefix_path.ament:The path '/home/maki/ros2_ws/install/cpp_pubsub' in the environment variable AMENT_PREFIX_PATH doesn't exist
[0.519s] WARNING:colcon.colcon_ros.prefix_path.ament:The path '/home/maki/ros2_ws/install/cpp_parameters' in the environment variable AMENT_PREFIX_PATH doesn't exist
[0.519s] WARNING:colcon.colcon_ros.prefix_path.ament:The path '/home/maki/ros2_ws/install/bag_recorder_nodes' in the environment variable AMENT_PREFIX_PATH doesn't exist
[0.519s] WARNING:colcon.colcon_ros.prefix_path.ament:The path '/home/maki/ros2_ws/install/action_tutorials_cpp' in the environment variable AMENT_PREFIX_PATH doesn't exist
[0.519s] WARNING:colcon.colcon_ros.prefix_path.catkin:The path '/home/maki/ros2_ws/install/polygon_plugins' in the environment variable CMAKE_PREFIX_PATH doesn't exist
[0.519s] WARNING:colcon.colcon_ros.prefix_path.catkin:The path '/home/maki/ros2_ws/install/polygon_base' in the environment variable CMAKE_PREFIX_PATH doesn't exist
[0.519s] WARNING:colcon.colcon_ros.prefix_path.catkin:The path '/home/maki/ros2_ws/install/package_test' in the environment variable CMAKE_PREFIX_PATH doesn't exist
[0.519s] WARNING:colcon.colcon_ros.prefix_path.catkin:The path '/home/maki/ros2_ws/install/more_interfaces' in the environment variable CMAKE_PREFIX_PATH doesn't exist
[0.519s] WARNING:colcon.colcon_ros.prefix_path.catkin:The path '/home/maki/ros2_ws/install/cpp_topic_pubsub' in the environment variable CMAKE_PREFIX_PATH doesn't exist
[0.519s] WARNING:colcon.colcon_ros.prefix_path.catkin:The path '/home/maki/ros2_ws/install/cpp_srvcli' in the environment variable CMAKE_PREFIX_PATH doesn't exist
[0.519s] WARNING:colcon.colcon_ros.prefix_path.catkin:The path '/home/maki/ros2_ws/install/cpp_server_client' in the environment variable CMAKE_PREFIX_PATH doesn't exist
[0.519s] WARNING:colcon.colcon_ros.prefix_path.catkin:The path '/home/maki/ros2_ws/install/cpp_pubsub' in the environment variable CMAKE_PREFIX_PATH doesn't exist
[0.519s] WARNING:colcon.colcon_ros.prefix_path.catkin:The path '/home/maki/ros2_ws/install/cpp_parameters' in the environment variable CMAKE_PREFIX_PATH doesn't exist
[0.519s] WARNING:colcon.colcon_ros.prefix_path.catkin:The path '/home/maki/ros2_ws/install/bag_recorder_nodes' in the environment variable CMAKE_PREFIX_PATH doesn't exist
[0.519s] WARNING:colcon.colcon_ros.prefix_path.catkin:The path '/home/maki/ros2_ws/install/action_tutorials_cpp' in the environment variable CMAKE_PREFIX_PATH doesn't exist
[0.526s] DEBUG:colcon.colcon_installed_package_information.package_discovery:Found 0 installed packages in /home/maki/ros2_ws/install
[0.534s] DEBUG:colcon.colcon_installed_package_information.package_discovery:Found 340 installed packages in /opt/ros/humble
[0.535s] Level 1:colcon.colcon_core.package_discovery:discover_packages(prefix_path) using defaults
[0.586s] Level 5:colcon.colcon_core.verb:set package 'cpp_server_client' build argument 'cmake_args' from command line to 'None'
[0.586s] Level 5:colcon.colcon_core.verb:set package 'cpp_server_client' build argument 'cmake_target' from command line to 'None'
[0.586s] Level 5:colcon.colcon_core.verb:set package 'cpp_server_client' build argument 'cmake_target_skip_unavailable' from command line to 'False'
[0.586s] Level 5:colcon.colcon_core.verb:set package 'cpp_server_client' build argument 'cmake_clean_cache' from command line to 'True'
[0.586s] Level 5:colcon.colcon_core.verb:set package 'cpp_server_client' build argument 'cmake_clean_first' from command line to 'False'
[0.586s] Level 5:colcon.colcon_core.verb:set package 'cpp_server_client' build argument 'cmake_force_configure' from command line to 'False'
[0.586s] Level 5:colcon.colcon_core.verb:set package 'cpp_server_client' build argument 'ament_cmake_args' from command line to 'None'
[0.586s] Level 5:colcon.colcon_core.verb:set package 'cpp_server_client' build argument 'catkin_cmake_args' from command line to 'None'
[0.586s] Level 5:colcon.colcon_core.verb:set package 'cpp_server_client' build argument 'catkin_skip_building_tests' from command line to 'False'
[0.586s] DEBUG:colcon.colcon_core.verb:Building package 'cpp_server_client' with the following arguments: {'ament_cmake_args': None, 'build_base': '/home/maki/ros2_ws/build/cpp_server_client', 'catkin_cmake_args': None, 'catkin_skip_building_tests': False, 'cmake_args': None, 'cmake_clean_cache': True, 'cmake_clean_first': False, 'cmake_force_configure': False, 'cmake_target': None, 'cmake_target_skip_unavailable': False, 'install_base': '/home/maki/ros2_ws/install/cpp_server_client', 'merge_install': False, 'path': '/home/maki/ros2_ws/src/cpp_surver_client', 'symlink_install': False, 'test_result_base': None}
[0.592s] Level 5:colcon.colcon_core.verb:set package 'cpp_topic_pubsub' build argument 'cmake_args' from command line to 'None'
[0.592s] Level 5:colcon.colcon_core.verb:set package 'cpp_topic_pubsub' build argument 'cmake_target' from command line to 'None'
[0.592s] Level 5:colcon.colcon_core.verb:set package 'cpp_topic_pubsub' build argument 'cmake_target_skip_unavailable' from command line to 'False'
[0.592s] Level 5:colcon.colcon_core.verb:set package 'cpp_topic_pubsub' build argument 'cmake_clean_cache' from command line to 'True'
[0.592s] Level 5:colcon.colcon_core.verb:set package 'cpp_topic_pubsub' build argument 'cmake_clean_first' from command line to 'False'
[0.592s] Level 5:colcon.colcon_core.verb:set package 'cpp_topic_pubsub' build argument 'cmake_force_configure' from command line to 'False'
[0.592s] Level 5:colcon.colcon_core.verb:set package 'cpp_topic_pubsub' build argument 'ament_cmake_args' from command line to 'None'
[0.592s] Level 5:colcon.colcon_core.verb:set package 'cpp_topic_pubsub' build argument 'catkin_cmake_args' from command line to 'None'
[0.592s] Level 5:colcon.colcon_core.verb:set package 'cpp_topic_pubsub' build argument 'catkin_skip_building_tests' from command line to 'False'
[0.592s] DEBUG:colcon.colcon_core.verb:Building package 'cpp_topic_pubsub' with the following arguments: {'ament_cmake_args': None, 'build_base': '/home/maki/ros2_ws/build/cpp_topic_pubsub', 'catkin_cmake_args': None, 'catkin_skip_building_tests': False, 'cmake_args': None, 'cmake_clean_cache': True, 'cmake_clean_first': False, 'cmake_force_configure': False, 'cmake_target': None, 'cmake_target_skip_unavailable': False, 'install_base': '/home/maki/ros2_ws/install/cpp_topic_pubsub', 'merge_install': False, 'path': '/home/maki/ros2_ws/src/cpp_topic_pubsub', 'symlink_install': False, 'test_result_base': None}
[0.598s] Level 5:colcon.colcon_core.verb:set package 'package_test' build argument 'cmake_args' from command line to 'None'
[0.598s] Level 5:colcon.colcon_core.verb:set package 'package_test' build argument 'cmake_target' from command line to 'None'
[0.598s] Level 5:colcon.colcon_core.verb:set package 'package_test' build argument 'cmake_target_skip_unavailable' from command line to 'False'
[0.598s] Level 5:colcon.colcon_core.verb:set package 'package_test' build argument 'cmake_clean_cache' from command line to 'True'
[0.598s] Level 5:colcon.colcon_core.verb:set package 'package_test' build argument 'cmake_clean_first' from command line to 'False'
[0.598s] Level 5:colcon.colcon_core.verb:set package 'package_test' build argument 'cmake_force_configure' from command line to 'False'
[0.598s] Level 5:colcon.colcon_core.verb:set package 'package_test' build argument 'ament_cmake_args' from command line to 'None'
[0.598s] Level 5:colcon.colcon_core.verb:set package 'package_test' build argument 'catkin_cmake_args' from command line to 'None'
[0.598s] Level 5:colcon.colcon_core.verb:set package 'package_test' build argument 'catkin_skip_building_tests' from command line to 'False'
[0.598s] DEBUG:colcon.colcon_core.verb:Building package 'package_test' with the following arguments: {'ament_cmake_args': None, 'build_base': '/home/maki/ros2_ws/build/package_test', 'catkin_cmake_args': None, 'catkin_skip_building_tests': False, 'cmake_args': None, 'cmake_clean_cache': True, 'cmake_clean_first': False, 'cmake_force_configure': False, 'cmake_target': None, 'cmake_target_skip_unavailable': False, 'install_base': '/home/maki/ros2_ws/install/package_test', 'merge_install': False, 'path': '/home/maki/ros2_ws/src/package_test', 'symlink_install': False, 'test_result_base': None}
[0.604s] INFO:colcon.colcon_core.executor:Executing jobs using 'parallel' executor
[0.611s] DEBUG:colcon.colcon_parallel_executor.executor.parallel:run_until_complete
[0.611s] INFO:colcon.colcon_ros.task.ament_cmake.build:Building ROS package in '/home/maki/ros2_ws/src/cpp_surver_client' with build type 'ament_cmake'
[0.611s] INFO:colcon.colcon_cmake.task.cmake.build:Building CMake package in '/home/maki/ros2_ws/src/cpp_surver_client'
[0.619s] INFO:colcon.colcon_core.plugin_system:Skipping extension 'colcon_core.shell.bat': Not used on non-Windows systems
[0.619s] INFO:colcon.colcon_core.shell:Skip shell extension 'powershell' for command environment: Not usable outside of PowerShell
[0.619s] DEBUG:colcon.colcon_core.shell:Skip shell extension 'dsv' for command environment
[0.640s] INFO:colcon.colcon_ros.task.ament_cmake.build:Building ROS package in '/home/maki/ros2_ws/src/cpp_topic_pubsub' with build type 'ament_cmake'
[0.640s] INFO:colcon.colcon_cmake.task.cmake.build:Building CMake package in '/home/maki/ros2_ws/src/cpp_topic_pubsub'
[0.648s] INFO:colcon.colcon_core.shell:Skip shell extension 'powershell' for command environment: Not usable outside of PowerShell
[0.648s] DEBUG:colcon.colcon_core.shell:Skip shell extension 'dsv' for command environment
[0.676s] INFO:colcon.colcon_ros.task.ament_cmake.build:Building ROS package in '/home/maki/ros2_ws/src/package_test' with build type 'ament_cmake'
[0.676s] INFO:colcon.colcon_cmake.task.cmake.build:Building CMake package in '/home/maki/ros2_ws/src/package_test'
[0.683s] INFO:colcon.colcon_core.shell:Skip shell extension 'powershell' for command environment: Not usable outside of PowerShell
[0.683s] DEBUG:colcon.colcon_core.shell:Skip shell extension 'dsv' for command environment
[0.714s] DEBUG:colcon.colcon_core.event_handler.log_command:Invoking command in '/home/maki/ros2_ws/build/cpp_server_client': CMAKE_PREFIX_PATH=${CMAKE_PREFIX_PATH}:/opt/ros/humble /usr/bin/cmake /home/maki/ros2_ws/src/cpp_surver_client -DCMAKE_INSTALL_PREFIX=/home/maki/ros2_ws/install/cpp_server_client
[0.715s] DEBUG:colcon.colcon_core.event_handler.log_command:Invoking command in '/home/maki/ros2_ws/build/cpp_topic_pubsub': CMAKE_PREFIX_PATH=${CMAKE_PREFIX_PATH}:/opt/ros/humble /usr/bin/cmake /home/maki/ros2_ws/src/cpp_topic_pubsub -DCMAKE_INSTALL_PREFIX=/home/maki/ros2_ws/install/cpp_topic_pubsub
[0.718s] DEBUG:colcon.colcon_core.event_handler.log_command:Invoking command in '/home/maki/ros2_ws/build/package_test': CMAKE_PREFIX_PATH=${CMAKE_PREFIX_PATH}:/opt/ros/humble /usr/bin/cmake /home/maki/ros2_ws/src/package_test -DCMAKE_INSTALL_PREFIX=/home/maki/ros2_ws/install/package_test
[1.139s] DEBUG:colcon.colcon_core.event_handler.log_command:Invoked command in '/home/maki/ros2_ws/build/package_test' returned '0': CMAKE_PREFIX_PATH=${CMAKE_PREFIX_PATH}:/opt/ros/humble /usr/bin/cmake /home/maki/ros2_ws/src/package_test -DCMAKE_INSTALL_PREFIX=/home/maki/ros2_ws/install/package_test
[1.140s] DEBUG:colcon.colcon_core.event_handler.log_command:Invoking command in '/home/maki/ros2_ws/build/package_test': CMAKE_PREFIX_PATH=${CMAKE_PREFIX_PATH}:/opt/ros/humble /usr/bin/cmake --build /home/maki/ros2_ws/build/package_test -- -j12 -l12
[1.162s] DEBUG:colcon.colcon_core.event_handler.log_command:Invoked command in '/home/maki/ros2_ws/build/package_test' returned '0': CMAKE_PREFIX_PATH=${CMAKE_PREFIX_PATH}:/opt/ros/humble /usr/bin/cmake --build /home/maki/ros2_ws/build/package_test -- -j12 -l12
[1.182s] DEBUG:colcon.colcon_core.event_handler.log_command:Invoking command in '/home/maki/ros2_ws/build/package_test': CMAKE_PREFIX_PATH=${CMAKE_PREFIX_PATH}:/opt/ros/humble /usr/bin/cmake --install /home/maki/ros2_ws/build/package_test
[1.187s] Level 1:colcon.colcon_core.environment:create_environment_scripts_only(package_test)
[1.187s] DEBUG:colcon.colcon_core.event_handler.log_command:Invoked command in '/home/maki/ros2_ws/build/package_test' returned '0': CMAKE_PREFIX_PATH=${CMAKE_PREFIX_PATH}:/opt/ros/humble /usr/bin/cmake --install /home/maki/ros2_ws/build/package_test
[1.202s] Level 1:colcon.colcon_core.environment:checking '/home/maki/ros2_ws/install/package_test' for CMake module files
[1.203s] Level 1:colcon.colcon_core.environment:checking '/home/maki/ros2_ws/install/package_test' for CMake config files
[1.203s] Level 1:colcon.colcon_core.shell:create_environment_hook('package_test', 'cmake_prefix_path')
[1.217s] INFO:colcon.colcon_core.shell:Creating environment hook '/home/maki/ros2_ws/install/package_test/share/package_test/hook/cmake_prefix_path.ps1'
[1.217s] INFO:colcon.colcon_core.shell:Creating environment descriptor '/home/maki/ros2_ws/install/package_test/share/package_test/hook/cmake_prefix_path.dsv'
[1.218s] INFO:colcon.colcon_core.shell:Creating environment hook '/home/maki/ros2_ws/install/package_test/share/package_test/hook/cmake_prefix_path.sh'
[1.219s] Level 1:colcon.colcon_core.environment:checking '/home/maki/ros2_ws/install/package_test/bin'
[1.219s] Level 1:colcon.colcon_core.environment:checking '/home/maki/ros2_ws/install/package_test/lib/pkgconfig/package_test.pc'
[1.219s] Level 1:colcon.colcon_core.environment:checking '/home/maki/ros2_ws/install/package_test/lib/python3.10/site-packages'
[1.219s] Level 1:colcon.colcon_core.environment:checking '/home/maki/ros2_ws/install/package_test/bin'
[1.233s] INFO:colcon.colcon_core.shell:Creating package script '/home/maki/ros2_ws/install/package_test/share/package_test/package.ps1'
[1.233s] INFO:colcon.colcon_core.shell:Creating package descriptor '/home/maki/ros2_ws/install/package_test/share/package_test/package.dsv'
[1.234s] INFO:colcon.colcon_core.shell:Creating package script '/home/maki/ros2_ws/install/package_test/share/package_test/package.sh'
[1.234s] INFO:colcon.colcon_core.shell:Creating package script '/home/maki/ros2_ws/install/package_test/share/package_test/package.bash'
[1.235s] INFO:colcon.colcon_core.shell:Creating package script '/home/maki/ros2_ws/install/package_test/share/package_test/package.zsh'
[1.235s] Level 1:colcon.colcon_core.environment:create_file_with_runtime_dependencies(/home/maki/ros2_ws/install/package_test/share/colcon-core/packages/package_test)
[1.268s] Level 1:colcon.colcon_core.environment:create_environment_scripts_only(package_test)
[1.282s] Level 1:colcon.colcon_core.environment:checking '/home/maki/ros2_ws/install/package_test' for CMake module files
[1.282s] Level 1:colcon.colcon_core.environment:checking '/home/maki/ros2_ws/install/package_test' for CMake config files
[1.282s] Level 1:colcon.colcon_core.shell:create_environment_hook('package_test', 'cmake_prefix_path')
[1.296s] INFO:colcon.colcon_core.shell:Creating environment hook '/home/maki/ros2_ws/install/package_test/share/package_test/hook/cmake_prefix_path.ps1'
[1.296s] INFO:colcon.colcon_core.shell:Creating environment descriptor '/home/maki/ros2_ws/install/package_test/share/package_test/hook/cmake_prefix_path.dsv'
[1.296s] INFO:colcon.colcon_core.shell:Creating environment hook '/home/maki/ros2_ws/install/package_test/share/package_test/hook/cmake_prefix_path.sh'
[1.297s] Level 1:colcon.colcon_core.environment:checking '/home/maki/ros2_ws/install/package_test/bin'
[1.297s] Level 1:colcon.colcon_core.environment:checking '/home/maki/ros2_ws/install/package_test/lib/pkgconfig/package_test.pc'
[1.297s] Level 1:colcon.colcon_core.environment:checking '/home/maki/ros2_ws/install/package_test/lib/python3.10/site-packages'
[1.297s] Level 1:colcon.colcon_core.environment:checking '/home/maki/ros2_ws/install/package_test/bin'
[1.311s] INFO:colcon.colcon_core.shell:Creating package script '/home/maki/ros2_ws/install/package_test/share/package_test/package.ps1'
[1.311s] INFO:colcon.colcon_core.shell:Creating package descriptor '/home/maki/ros2_ws/install/package_test/share/package_test/package.dsv'
[1.312s] INFO:colcon.colcon_core.shell:Creating package script '/home/maki/ros2_ws/install/package_test/share/package_test/package.sh'
[1.312s] INFO:colcon.colcon_core.shell:Creating package script '/home/maki/ros2_ws/install/package_test/share/package_test/package.bash'
[1.312s] INFO:colcon.colcon_core.shell:Creating package script '/home/maki/ros2_ws/install/package_test/share/package_test/package.zsh'
[1.313s] Level 1:colcon.colcon_core.environment:create_file_with_runtime_dependencies(/home/maki/ros2_ws/install/package_test/share/colcon-core/packages/package_test)
[2.072s] DEBUG:colcon.colcon_core.event_handler.log_command:Invoked command in '/home/maki/ros2_ws/build/cpp_server_client' returned '0': CMAKE_PREFIX_PATH=${CMAKE_PREFIX_PATH}:/opt/ros/humble /usr/bin/cmake /home/maki/ros2_ws/src/cpp_surver_client -DCMAKE_INSTALL_PREFIX=/home/maki/ros2_ws/install/cpp_server_client
[2.073s] DEBUG:colcon.colcon_core.event_handler.log_command:Invoking command in '/home/maki/ros2_ws/build/cpp_server_client': CMAKE_PREFIX_PATH=${CMAKE_PREFIX_PATH}:/opt/ros/humble /usr/bin/cmake --build /home/maki/ros2_ws/build/cpp_server_client -- -j12 -l12
[2.084s] DEBUG:colcon.colcon_core.event_handler.log_command:Invoked command in '/home/maki/ros2_ws/build/cpp_topic_pubsub' returned '0': CMAKE_PREFIX_PATH=${CMAKE_PREFIX_PATH}:/opt/ros/humble /usr/bin/cmake /home/maki/ros2_ws/src/cpp_topic_pubsub -DCMAKE_INSTALL_PREFIX=/home/maki/ros2_ws/install/cpp_topic_pubsub
[2.085s] DEBUG:colcon.colcon_core.event_handler.log_command:Invoking command in '/home/maki/ros2_ws/build/cpp_topic_pubsub': CMAKE_PREFIX_PATH=${CMAKE_PREFIX_PATH}:/opt/ros/humble /usr/bin/cmake --build /home/maki/ros2_ws/build/cpp_topic_pubsub -- -j12 -l12
[6.630s] DEBUG:colcon.colcon_core.event_handler.log_command:Invoked command in '/home/maki/ros2_ws/build/cpp_server_client' returned '0': CMAKE_PREFIX_PATH=${CMAKE_PREFIX_PATH}:/opt/ros/humble /usr/bin/cmake --build /home/maki/ros2_ws/build/cpp_server_client -- -j12 -l12
[6.666s] DEBUG:colcon.colcon_core.event_handler.log_command:Invoking command in '/home/maki/ros2_ws/build/cpp_server_client': CMAKE_PREFIX_PATH=${CMAKE_PREFIX_PATH}:/opt/ros/humble /usr/bin/cmake --install /home/maki/ros2_ws/build/cpp_server_client
[6.706s] Level 1:colcon.colcon_core.environment:create_environment_scripts_only(cpp_server_client)
[6.706s] DEBUG:colcon.colcon_core.event_handler.log_command:Invoked command in '/home/maki/ros2_ws/build/cpp_server_client' returned '0': CMAKE_PREFIX_PATH=${CMAKE_PREFIX_PATH}:/opt/ros/humble /usr/bin/cmake --install /home/maki/ros2_ws/build/cpp_server_client
[6.720s] Level 1:colcon.colcon_core.environment:checking '/home/maki/ros2_ws/install/cpp_server_client' for CMake module files
[6.720s] Level 1:colcon.colcon_core.environment:checking '/home/maki/ros2_ws/install/cpp_server_client' for CMake config files
[6.721s] Level 1:colcon.colcon_core.shell:create_environment_hook('cpp_server_client', 'cmake_prefix_path')
[6.728s] INFO:colcon.colcon_core.shell:Creating environment hook '/home/maki/ros2_ws/install/cpp_server_client/share/cpp_server_client/hook/cmake_prefix_path.ps1'
[6.728s] INFO:colcon.colcon_core.shell:Creating environment descriptor '/home/maki/ros2_ws/install/cpp_server_client/share/cpp_server_client/hook/cmake_prefix_path.dsv'
[6.729s] INFO:colcon.colcon_core.shell:Creating environment hook '/home/maki/ros2_ws/install/cpp_server_client/share/cpp_server_client/hook/cmake_prefix_path.sh'
[6.729s] Level 1:colcon.colcon_core.environment:checking '/home/maki/ros2_ws/install/cpp_server_client/lib'
[6.729s] Level 1:colcon.colcon_core.shell:create_environment_hook('cpp_server_client', 'ld_library_path_lib')
[6.736s] INFO:colcon.colcon_core.shell:Creating environment hook '/home/maki/ros2_ws/install/cpp_server_client/share/cpp_server_client/hook/ld_library_path_lib.ps1'
[6.736s] INFO:colcon.colcon_core.shell:Creating environment descriptor '/home/maki/ros2_ws/install/cpp_server_client/share/cpp_server_client/hook/ld_library_path_lib.dsv'
[6.736s] INFO:colcon.colcon_core.shell:Creating environment hook '/home/maki/ros2_ws/install/cpp_server_client/share/cpp_server_client/hook/ld_library_path_lib.sh'
[6.736s] Level 1:colcon.colcon_core.environment:checking '/home/maki/ros2_ws/install/cpp_server_client/bin'
[6.736s] Level 1:colcon.colcon_core.environment:checking '/home/maki/ros2_ws/install/cpp_server_client/lib/pkgconfig/cpp_server_client.pc'
[6.736s] Level 1:colcon.colcon_core.environment:checking '/home/maki/ros2_ws/install/cpp_server_client/lib/python3.10/site-packages'
[6.736s] Level 1:colcon.colcon_core.environment:checking '/home/maki/ros2_ws/install/cpp_server_client/bin'
[6.743s] INFO:colcon.colcon_core.shell:Creating package script '/home/maki/ros2_ws/install/cpp_server_client/share/cpp_server_client/package.ps1'
[6.744s] INFO:colcon.colcon_core.shell:Creating package descriptor '/home/maki/ros2_ws/install/cpp_server_client/share/cpp_server_client/package.dsv'
[6.744s] INFO:colcon.colcon_core.shell:Creating package script '/home/maki/ros2_ws/install/cpp_server_client/share/cpp_server_client/package.sh'
[6.744s] INFO:colcon.colcon_core.shell:Creating package script '/home/maki/ros2_ws/install/cpp_server_client/share/cpp_server_client/package.bash'
[6.744s] INFO:colcon.colcon_core.shell:Creating package script '/home/maki/ros2_ws/install/cpp_server_client/share/cpp_server_client/package.zsh'
[6.744s] Level 1:colcon.colcon_core.environment:create_file_with_runtime_dependencies(/home/maki/ros2_ws/install/cpp_server_client/share/colcon-core/packages/cpp_server_client)
[6.788s] Level 1:colcon.colcon_core.environment:create_environment_scripts_only(cpp_server_client)
[6.795s] Level 1:colcon.colcon_core.environment:checking '/home/maki/ros2_ws/install/cpp_server_client' for CMake module files
[6.796s] Level 1:colcon.colcon_core.environment:checking '/home/maki/ros2_ws/install/cpp_server_client' for CMake config files
[6.796s] Level 1:colcon.colcon_core.shell:create_environment_hook('cpp_server_client', 'cmake_prefix_path')
[6.803s] INFO:colcon.colcon_core.shell:Creating environment hook '/home/maki/ros2_ws/install/cpp_server_client/share/cpp_server_client/hook/cmake_prefix_path.ps1'
[6.803s] INFO:colcon.colcon_core.shell:Creating environment descriptor '/home/maki/ros2_ws/install/cpp_server_client/share/cpp_server_client/hook/cmake_prefix_path.dsv'
[6.803s] INFO:colcon.colcon_core.shell:Creating environment hook '/home/maki/ros2_ws/install/cpp_server_client/share/cpp_server_client/hook/cmake_prefix_path.sh'
[6.803s] Level 1:colcon.colcon_core.environment:checking '/home/maki/ros2_ws/install/cpp_server_client/lib'
[6.803s] Level 1:colcon.colcon_core.shell:create_environment_hook('cpp_server_client', 'ld_library_path_lib')
[6.810s] INFO:colcon.colcon_core.shell:Creating environment hook '/home/maki/ros2_ws/install/cpp_server_client/share/cpp_server_client/hook/ld_library_path_lib.ps1'
[6.810s] INFO:colcon.colcon_core.shell:Creating environment descriptor '/home/maki/ros2_ws/install/cpp_server_client/share/cpp_server_client/hook/ld_library_path_lib.dsv'
[6.810s] INFO:colcon.colcon_core.shell:Creating environment hook '/home/maki/ros2_ws/install/cpp_server_client/share/cpp_server_client/hook/ld_library_path_lib.sh'
[6.811s] Level 1:colcon.colcon_core.environment:checking '/home/maki/ros2_ws/install/cpp_server_client/bin'
[6.811s] Level 1:colcon.colcon_core.environment:checking '/home/maki/ros2_ws/install/cpp_server_client/lib/pkgconfig/cpp_server_client.pc'
[6.811s] Level 1:colcon.colcon_core.environment:checking '/home/maki/ros2_ws/install/cpp_server_client/lib/python3.10/site-packages'
[6.811s] Level 1:colcon.colcon_core.environment:checking '/home/maki/ros2_ws/install/cpp_server_client/bin'
[6.818s] INFO:colcon.colcon_core.shell:Creating package script '/home/maki/ros2_ws/install/cpp_server_client/share/cpp_server_client/package.ps1'
[6.818s] INFO:colcon.colcon_core.shell:Creating package descriptor '/home/maki/ros2_ws/install/cpp_server_client/share/cpp_server_client/package.dsv'
[6.818s] INFO:colcon.colcon_core.shell:Creating package script '/home/maki/ros2_ws/install/cpp_server_client/share/cpp_server_client/package.sh'
[6.818s] INFO:colcon.colcon_core.shell:Creating package script '/home/maki/ros2_ws/install/cpp_server_client/share/cpp_server_client/package.bash'
[6.819s] INFO:colcon.colcon_core.shell:Creating package script '/home/maki/ros2_ws/install/cpp_server_client/share/cpp_server_client/package.zsh'
[6.819s] Level 1:colcon.colcon_core.environment:create_file_with_runtime_dependencies(/home/maki/ros2_ws/install/cpp_server_client/share/colcon-core/packages/cpp_server_client)
[8.328s] DEBUG:colcon.colcon_core.event_handler.log_command:Invoked command in '/home/maki/ros2_ws/build/cpp_topic_pubsub' returned '0': CMAKE_PREFIX_PATH=${CMAKE_PREFIX_PATH}:/opt/ros/humble /usr/bin/cmake --build /home/maki/ros2_ws/build/cpp_topic_pubsub -- -j12 -l12
[8.364s] DEBUG:colcon.colcon_core.event_handler.log_command:Invoking command in '/home/maki/ros2_ws/build/cpp_topic_pubsub': CMAKE_PREFIX_PATH=${CMAKE_PREFIX_PATH}:/opt/ros/humble /usr/bin/cmake --install /home/maki/ros2_ws/build/cpp_topic_pubsub
[8.403s] Level 1:colcon.colcon_core.environment:create_environment_scripts_only(cpp_topic_pubsub)
[8.403s] DEBUG:colcon.colcon_core.event_handler.log_command:Invoked command in '/home/maki/ros2_ws/build/cpp_topic_pubsub' returned '0': CMAKE_PREFIX_PATH=${CMAKE_PREFIX_PATH}:/opt/ros/humble /usr/bin/cmake --install /home/maki/ros2_ws/build/cpp_topic_pubsub
[8.410s] Level 1:colcon.colcon_core.environment:checking '/home/maki/ros2_ws/install/cpp_topic_pubsub' for CMake module files
[8.410s] Level 1:colcon.colcon_core.environment:checking '/home/maki/ros2_ws/install/cpp_topic_pubsub' for CMake config files
[8.410s] Level 1:colcon.colcon_core.shell:create_environment_hook('cpp_topic_pubsub', 'cmake_prefix_path')
[8.417s] INFO:colcon.colcon_core.shell:Creating environment hook '/home/maki/ros2_ws/install/cpp_topic_pubsub/share/cpp_topic_pubsub/hook/cmake_prefix_path.ps1'
[8.417s] INFO:colcon.colcon_core.shell:Creating environment descriptor '/home/maki/ros2_ws/install/cpp_topic_pubsub/share/cpp_topic_pubsub/hook/cmake_prefix_path.dsv'
[8.417s] INFO:colcon.colcon_core.shell:Creating environment hook '/home/maki/ros2_ws/install/cpp_topic_pubsub/share/cpp_topic_pubsub/hook/cmake_prefix_path.sh'
[8.417s] Level 1:colcon.colcon_core.environment:checking '/home/maki/ros2_ws/install/cpp_topic_pubsub/lib'
[8.417s] Level 1:colcon.colcon_core.shell:create_environment_hook('cpp_topic_pubsub', 'ld_library_path_lib')
[8.423s] INFO:colcon.colcon_core.shell:Creating environment hook '/home/maki/ros2_ws/install/cpp_topic_pubsub/share/cpp_topic_pubsub/hook/ld_library_path_lib.ps1'
[8.424s] INFO:colcon.colcon_core.shell:Creating environment descriptor '/home/maki/ros2_ws/install/cpp_topic_pubsub/share/cpp_topic_pubsub/hook/ld_library_path_lib.dsv'
[8.424s] INFO:colcon.colcon_core.shell:Creating environment hook '/home/maki/ros2_ws/install/cpp_topic_pubsub/share/cpp_topic_pubsub/hook/ld_library_path_lib.sh'
[8.424s] Level 1:colcon.colcon_core.environment:checking '/home/maki/ros2_ws/install/cpp_topic_pubsub/bin'
[8.424s] Level 1:colcon.colcon_core.environment:checking '/home/maki/ros2_ws/install/cpp_topic_pubsub/lib/pkgconfig/cpp_topic_pubsub.pc'
[8.424s] Level 1:colcon.colcon_core.environment:checking '/home/maki/ros2_ws/install/cpp_topic_pubsub/lib/python3.10/site-packages'
[8.424s] Level 1:colcon.colcon_core.environment:checking '/home/maki/ros2_ws/install/cpp_topic_pubsub/bin'
[8.430s] INFO:colcon.colcon_core.shell:Creating package script '/home/maki/ros2_ws/install/cpp_topic_pubsub/share/cpp_topic_pubsub/package.ps1'
[8.430s] INFO:colcon.colcon_core.shell:Creating package descriptor '/home/maki/ros2_ws/install/cpp_topic_pubsub/share/cpp_topic_pubsub/package.dsv'
[8.431s] INFO:colcon.colcon_core.shell:Creating package script '/home/maki/ros2_ws/install/cpp_topic_pubsub/share/cpp_topic_pubsub/package.sh'
[8.431s] INFO:colcon.colcon_core.shell:Creating package script '/home/maki/ros2_ws/install/cpp_topic_pubsub/share/cpp_topic_pubsub/package.bash'
[8.431s] INFO:colcon.colcon_core.shell:Creating package script '/home/maki/ros2_ws/install/cpp_topic_pubsub/share/cpp_topic_pubsub/package.zsh'
[8.431s] Level 1:colcon.colcon_core.environment:create_file_with_runtime_dependencies(/home/maki/ros2_ws/install/cpp_topic_pubsub/share/colcon-core/packages/cpp_topic_pubsub)
[8.476s] Level 1:colcon.colcon_core.environment:create_environment_scripts_only(cpp_topic_pubsub)
[8.483s] Level 1:colcon.colcon_core.environment:checking '/home/maki/ros2_ws/install/cpp_topic_pubsub' for CMake module files
[8.483s] Level 1:colcon.colcon_core.environment:checking '/home/maki/ros2_ws/install/cpp_topic_pubsub' for CMake config files
[8.483s] Level 1:colcon.colcon_core.shell:create_environment_hook('cpp_topic_pubsub', 'cmake_prefix_path')
[8.489s] INFO:colcon.colcon_core.shell:Creating environment hook '/home/maki/ros2_ws/install/cpp_topic_pubsub/share/cpp_topic_pubsub/hook/cmake_prefix_path.ps1'
[8.490s] INFO:colcon.colcon_core.shell:Creating environment descriptor '/home/maki/ros2_ws/install/cpp_topic_pubsub/share/cpp_topic_pubsub/hook/cmake_prefix_path.dsv'
[8.490s] INFO:colcon.colcon_core.shell:Creating environment hook '/home/maki/ros2_ws/install/cpp_topic_pubsub/share/cpp_topic_pubsub/hook/cmake_prefix_path.sh'
[8.490s] Level 1:colcon.colcon_core.environment:checking '/home/maki/ros2_ws/install/cpp_topic_pubsub/lib'
[8.490s] Level 1:colcon.colcon_core.shell:create_environment_hook('cpp_topic_pubsub', 'ld_library_path_lib')
[8.496s] INFO:colcon.colcon_core.shell:Creating environment hook '/home/maki/ros2_ws/install/cpp_topic_pubsub/share/cpp_topic_pubsub/hook/ld_library_path_lib.ps1'
[8.497s] INFO:colcon.colcon_core.shell:Creating environment descriptor '/home/maki/ros2_ws/install/cpp_topic_pubsub/share/cpp_topic_pubsub/hook/ld_library_path_lib.dsv'
[8.497s] INFO:colcon.colcon_core.shell:Creating environment hook '/home/maki/ros2_ws/install/cpp_topic_pubsub/share/cpp_topic_pubsub/hook/ld_library_path_lib.sh'
[8.497s] Level 1:colcon.colcon_core.environment:checking '/home/maki/ros2_ws/install/cpp_topic_pubsub/bin'
[8.497s] Level 1:colcon.colcon_core.environment:checking '/home/maki/ros2_ws/install/cpp_topic_pubsub/lib/pkgconfig/cpp_topic_pubsub.pc'
[8.497s] Level 1:colcon.colcon_core.environment:checking '/home/maki/ros2_ws/install/cpp_topic_pubsub/lib/python3.10/site-packages'
[8.497s] Level 1:colcon.colcon_core.environment:checking '/home/maki/ros2_ws/install/cpp_topic_pubsub/bin'
[8.503s] INFO:colcon.colcon_core.shell:Creating package script '/home/maki/ros2_ws/install/cpp_topic_pubsub/share/cpp_topic_pubsub/package.ps1'
[8.504s] INFO:colcon.colcon_core.shell:Creating package descriptor '/home/maki/ros2_ws/install/cpp_topic_pubsub/share/cpp_topic_pubsub/package.dsv'
[8.504s] INFO:colcon.colcon_core.shell:Creating package script '/home/maki/ros2_ws/install/cpp_topic_pubsub/share/cpp_topic_pubsub/package.sh'
[8.504s] INFO:colcon.colcon_core.shell:Creating package script '/home/maki/ros2_ws/install/cpp_topic_pubsub/share/cpp_topic_pubsub/package.bash'
[8.504s] INFO:colcon.colcon_core.shell:Creating package script '/home/maki/ros2_ws/install/cpp_topic_pubsub/share/cpp_topic_pubsub/package.zsh'
[8.504s] Level 1:colcon.colcon_core.environment:create_file_with_runtime_dependencies(/home/maki/ros2_ws/install/cpp_topic_pubsub/share/colcon-core/packages/cpp_topic_pubsub)
[8.505s] DEBUG:colcon.colcon_parallel_executor.executor.parallel:closing loop
[8.505s] DEBUG:colcon.colcon_parallel_executor.executor.parallel:loop closed
[8.505s] DEBUG:colcon.colcon_parallel_executor.executor.parallel:run_until_complete finished with '0'
[8.505s] DEBUG:colcon.colcon_core.event_reactor:joining thread
[8.514s] INFO:colcon.colcon_core.plugin_system:Skipping extension 'colcon_notification.desktop_notification.terminal_notifier': Not used on non-Darwin systems
[8.514s] INFO:colcon.colcon_core.plugin_system:Skipping extension 'colcon_notification.desktop_notification.win32': Not used on non-Windows systems
[8.514s] INFO:colcon.colcon_notification.desktop_notification:Sending desktop notification using 'notify2'
[8.525s] DEBUG:colcon.colcon_core.event_reactor:joined thread
[8.539s] INFO:colcon.colcon_core.shell:Creating prefix script '/home/maki/ros2_ws/install/local_setup.ps1'
[8.540s] INFO:colcon.colcon_core.shell:Creating prefix util module '/home/maki/ros2_ws/install/_local_setup_util_ps1.py'
[8.541s] INFO:colcon.colcon_core.shell:Creating prefix chain script '/home/maki/ros2_ws/install/setup.ps1'
[8.549s] INFO:colcon.colcon_core.shell:Creating prefix script '/home/maki/ros2_ws/install/local_setup.sh'
[8.549s] INFO:colcon.colcon_core.shell:Creating prefix util module '/home/maki/ros2_ws/install/_local_setup_util_sh.py'
[8.549s] INFO:colcon.colcon_core.shell:Creating prefix chain script '/home/maki/ros2_ws/install/setup.sh'
[8.557s] INFO:colcon.colcon_core.shell:Creating prefix script '/home/maki/ros2_ws/install/local_setup.bash'
[8.557s] INFO:colcon.colcon_core.shell:Creating prefix chain script '/home/maki/ros2_ws/install/setup.bash'
[8.564s] INFO:colcon.colcon_core.shell:Creating prefix script '/home/maki/ros2_ws/install/local_setup.zsh'
[8.564s] INFO:colcon.colcon_core.shell:Creating prefix chain script '/home/maki/ros2_ws/install/setup.zsh'
