[0.158s] Invoking command in '/home/maki/ros2_ws/build/cpp_parameters': CMAKE_PREFIX_PATH=/opt/ros/humble /usr/bin/cmake --build /home/maki/ros2_ws/build/cpp_parameters -- -j12 -l12
[0.206s] [35m[1mConsolidate compiler generated dependencies of target minimal_param_node[0m
[0.227s] [100%] Built target minimal_param_node
[0.253s] Invoked command in '/home/maki/ros2_ws/build/cpp_parameters' returned '0': CMAKE_PREFIX_PATH=/opt/ros/humble /usr/bin/cmake --build /home/maki/ros2_ws/build/cpp_parameters -- -j12 -l12
[0.316s] Invoking command in '/home/maki/ros2_ws/build/cpp_parameters': CMAKE_PREFIX_PATH=/opt/ros/humble /usr/bin/cmake --install /home/maki/ros2_ws/build/cpp_parameters
[0.323s] -- Install configuration: ""
[0.323s] -- Up-to-date: /home/maki/ros2_ws/install/cpp_parameters/lib/cpp_parameters/minimal_param_node
[0.326s] -- Up-to-date: /home/maki/ros2_ws/install/cpp_parameters/share/ament_index/resource_index/package_run_dependencies/cpp_parameters
[0.327s] -- Up-to-date: /home/maki/ros2_ws/install/cpp_parameters/share/ament_index/resource_index/parent_prefix_path/cpp_parameters
[0.327s] -- Up-to-date: /home/maki/ros2_ws/install/cpp_parameters/share/cpp_parameters/environment/ament_prefix_path.sh
[0.327s] -- Up-to-date: /home/maki/ros2_ws/install/cpp_parameters/share/cpp_parameters/environment/ament_prefix_path.dsv
[0.327s] -- Up-to-date: /home/maki/ros2_ws/install/cpp_parameters/share/cpp_parameters/environment/path.sh
[0.327s] -- Up-to-date: /home/maki/ros2_ws/install/cpp_parameters/share/cpp_parameters/environment/path.dsv
[0.327s] -- Up-to-date: /home/maki/ros2_ws/install/cpp_parameters/share/cpp_parameters/local_setup.bash
[0.327s] -- Up-to-date: /home/maki/ros2_ws/install/cpp_parameters/share/cpp_parameters/local_setup.sh
[0.327s] -- Up-to-date: /home/maki/ros2_ws/install/cpp_parameters/share/cpp_parameters/local_setup.zsh
[0.327s] -- Up-to-date: /home/maki/ros2_ws/install/cpp_parameters/share/cpp_parameters/local_setup.dsv
[0.327s] -- Installing: /home/maki/ros2_ws/install/cpp_parameters/share/cpp_parameters/package.dsv
[0.327s] -- Up-to-date: /home/maki/ros2_ws/install/cpp_parameters/share/ament_index/resource_index/packages/cpp_parameters
[0.327s] -- Up-to-date: /home/maki/ros2_ws/install/cpp_parameters/share/cpp_parameters/cmake/cpp_parametersConfig.cmake
[0.327s] -- Up-to-date: /home/maki/ros2_ws/install/cpp_parameters/share/cpp_parameters/cmake/cpp_parametersConfig-version.cmake
[0.328s] -- Up-to-date: /home/maki/ros2_ws/install/cpp_parameters/share/cpp_parameters/package.xml
[0.412s] Invoked command in '/home/maki/ros2_ws/build/cpp_parameters' returned '0': CMAKE_PREFIX_PATH=/opt/ros/humble /usr/bin/cmake --install /home/maki/ros2_ws/build/cpp_parameters
