[0.109s] Invoking command in '/home/maki/ros2_ws/build/polygon_plugins': AMENT_PREFIX_PATH=/home/maki/ros2_ws/install/polygon_base:${AMENT_PREFIX_PATH} CMAKE_PREFIX_PATH=/home/maki/ros2_ws/install/polygon_base:/opt/ros/humble /usr/bin/cmake /home/maki/ros2_ws/src/ros2humble_tutorials/polygon_plugins -DCMAKE_INSTALL_PREFIX=/home/maki/ros2_ws/install/polygon_plugins
[0.799s] -- The C compiler identification is GNU 11.4.0
[0.799s] -- The CXX compiler identification is GNU 11.4.0
[0.799s] -- Detecting C compiler ABI info
[0.799s] -- Detecting C compiler ABI info - done
[0.799s] -- Check for working C compiler: /usr/bin/cc - skipped
[0.799s] -- Detecting C compile features
[0.800s] -- Detecting C compile features - done
[0.800s] -- Detecting CXX compiler ABI info
[0.974s] -- Detecting CXX compiler ABI info - done
[0.983s] -- Check for working CXX compiler: /usr/bin/c++ - skipped
[0.984s] -- Detecting CXX compile features
[0.984s] -- Detecting CXX compile features - done
[0.999s] -- Found ament_cmake: 1.3.8 (/opt/ros/humble/share/ament_cmake/cmake)
[1.463s] -- Found Python3: /usr/bin/python3 (found version "3.10.12") found components: Interpreter 
[1.616s] -- Found ament_cmake_ros: 0.10.0 (/opt/ros/humble/share/ament_cmake_ros/cmake)
[1.623s] -- Found polygon_base: 0.0.0 (/home/maki/ros2_ws/install/polygon_base/share/polygon_base/cmake)
[1.625s] -- Found pluginlib: 5.1.0 (/opt/ros/humble/share/pluginlib/cmake)
[1.718s] -- Found ament_lint_auto: 0.12.10 (/opt/ros/humble/share/ament_lint_auto/cmake)
[1.926s] -- Added test 'cppcheck' to perform static code analysis on C / C++ code
[1.927s] -- Configured cppcheck include dirs: $<BUILD_INTERFACE:/home/maki/ros2_ws/src/ros2humble_tutorials/polygon_plugins/include>
[1.927s] -- Configured cppcheck exclude dirs and/or files: 
[1.928s] -- Added test 'lint_cmake' to check CMake code style
[1.929s] -- Added test 'uncrustify' to check C / C++ code style
[1.929s] -- Configured uncrustify additional arguments: 
[1.929s] -- Added test 'xmllint' to check XML markup files
[1.932s] -- Configuring done
[1.952s] -- Generating done
[1.953s] -- Build files have been written to: /home/maki/ros2_ws/build/polygon_plugins
[1.967s] Invoked command in '/home/maki/ros2_ws/build/polygon_plugins' returned '0': AMENT_PREFIX_PATH=/home/maki/ros2_ws/install/polygon_base:${AMENT_PREFIX_PATH} CMAKE_PREFIX_PATH=/home/maki/ros2_ws/install/polygon_base:/opt/ros/humble /usr/bin/cmake /home/maki/ros2_ws/src/ros2humble_tutorials/polygon_plugins -DCMAKE_INSTALL_PREFIX=/home/maki/ros2_ws/install/polygon_plugins
[1.968s] Invoking command in '/home/maki/ros2_ws/build/polygon_plugins': AMENT_PREFIX_PATH=/home/maki/ros2_ws/install/polygon_base:${AMENT_PREFIX_PATH} CMAKE_PREFIX_PATH=/home/maki/ros2_ws/install/polygon_base:/opt/ros/humble /usr/bin/cmake --build /home/maki/ros2_ws/build/polygon_plugins -- -j12 -l12
[6.655s] [ 50%] [32mBuilding CXX object CMakeFiles/polygon_plugins.dir/src/polygon_plugins.cpp.o[0m
[6.655s] [100%] [32m[1mLinking CXX shared library libpolygon_plugins.so[0m
[6.655s] [100%] Built target polygon_plugins
[6.669s] Invoked command in '/home/maki/ros2_ws/build/polygon_plugins' returned '0': AMENT_PREFIX_PATH=/home/maki/ros2_ws/install/polygon_base:${AMENT_PREFIX_PATH} CMAKE_PREFIX_PATH=/home/maki/ros2_ws/install/polygon_base:/opt/ros/humble /usr/bin/cmake --build /home/maki/ros2_ws/build/polygon_plugins -- -j12 -l12
[6.935s] Invoking command in '/home/maki/ros2_ws/build/polygon_plugins': AMENT_PREFIX_PATH=/home/maki/ros2_ws/install/polygon_base:${AMENT_PREFIX_PATH} CMAKE_PREFIX_PATH=/home/maki/ros2_ws/install/polygon_base:/opt/ros/humble /usr/bin/cmake --install /home/maki/ros2_ws/build/polygon_plugins
[6.943s] -- Install configuration: ""
[6.955s] -- Installing: /home/maki/ros2_ws/install/polygon_plugins/include
[6.955s] -- Installing: /home/maki/ros2_ws/install/polygon_plugins/include/polygon_plugins
[6.956s] -- Installing: /home/maki/ros2_ws/install/polygon_plugins/include/polygon_plugins/polygon_plugins.hpp
[6.957s] -- Installing: /home/maki/ros2_ws/install/polygon_plugins/include/polygon_plugins/visibility_control.h
[6.958s] -- Installing: /home/maki/ros2_ws/install/polygon_plugins/lib/libpolygon_plugins.so
[6.962s] -- Set runtime path of "/home/maki/ros2_ws/install/polygon_plugins/lib/libpolygon_plugins.so" to ""
[6.965s] -- Installing: /home/maki/ros2_ws/install/polygon_plugins/share/polygon_plugins/environment/library_path.sh
[6.968s] -- Installing: /home/maki/ros2_ws/install/polygon_plugins/share/polygon_plugins/environment/library_path.dsv
[6.969s] -- Installing: /home/maki/ros2_ws/install/polygon_plugins/share/ament_index/resource_index/package_run_dependencies/polygon_plugins
[6.974s] -- Installing: /home/maki/ros2_ws/install/polygon_plugins/share/ament_index/resource_index/parent_prefix_path/polygon_plugins
[6.975s] -- Installing: /home/maki/ros2_ws/install/polygon_plugins/share/polygon_plugins/environment/ament_prefix_path.sh
[6.977s] -- Installing: /home/maki/ros2_ws/install/polygon_plugins/share/polygon_plugins/environment/ament_prefix_path.dsv
[6.978s] -- Installing: /home/maki/ros2_ws/install/polygon_plugins/share/polygon_plugins/environment/path.sh
[6.979s] -- Installing: /home/maki/ros2_ws/install/polygon_plugins/share/polygon_plugins/environment/path.dsv
[6.980s] -- Installing: /home/maki/ros2_ws/install/polygon_plugins/share/polygon_plugins/local_setup.bash
[6.981s] -- Installing: /home/maki/ros2_ws/install/polygon_plugins/share/polygon_plugins/local_setup.sh
[6.982s] -- Installing: /home/maki/ros2_ws/install/polygon_plugins/share/polygon_plugins/local_setup.zsh
[6.983s] -- Installing: /home/maki/ros2_ws/install/polygon_plugins/share/polygon_plugins/local_setup.dsv
[6.984s] -- Installing: /home/maki/ros2_ws/install/polygon_plugins/share/polygon_plugins/package.dsv
[6.986s] -- Installing: /home/maki/ros2_ws/install/polygon_plugins/share/ament_index/resource_index/packages/polygon_plugins
[6.987s] -- Installing: /home/maki/ros2_ws/install/polygon_plugins/share/polygon_plugins/cmake/export_polygon_pluginsExport.cmake
[6.988s] -- Installing: /home/maki/ros2_ws/install/polygon_plugins/share/polygon_plugins/cmake/export_polygon_pluginsExport-noconfig.cmake
[6.990s] -- Installing: /home/maki/ros2_ws/install/polygon_plugins/share/polygon_plugins/cmake/ament_cmake_export_include_directories-extras.cmake
[6.991s] -- Installing: /home/maki/ros2_ws/install/polygon_plugins/share/polygon_plugins/cmake/ament_cmake_export_libraries-extras.cmake
[6.993s] -- Installing: /home/maki/ros2_ws/install/polygon_plugins/share/polygon_plugins/cmake/ament_cmake_export_targets-extras.cmake
[6.994s] -- Installing: /home/maki/ros2_ws/install/polygon_plugins/share/polygon_plugins/cmake/polygon_pluginsConfig.cmake
[6.995s] -- Installing: /home/maki/ros2_ws/install/polygon_plugins/share/polygon_plugins/cmake/polygon_pluginsConfig-version.cmake
[6.997s] -- Installing: /home/maki/ros2_ws/install/polygon_plugins/share/polygon_plugins/package.xml
[7.000s] Invoked command in '/home/maki/ros2_ws/build/polygon_plugins' returned '0': AMENT_PREFIX_PATH=/home/maki/ros2_ws/install/polygon_base:${AMENT_PREFIX_PATH} CMAKE_PREFIX_PATH=/home/maki/ros2_ws/install/polygon_base:/opt/ros/humble /usr/bin/cmake --install /home/maki/ros2_ws/build/polygon_plugins
