[0.101s] Invoking command in '/home/maki/ros2_ws/build/cpp_srvcli': CMAKE_PREFIX_PATH=/opt/ros/humble /usr/bin/cmake --build /home/maki/ros2_ws/build/cpp_srvcli -- -j12 -l12
[0.145s] [35m[1mConsolidate compiler generated dependencies of target client[0m
[0.147s] [35m[1mConsolidate compiler generated dependencies of target server[0m
[0.179s] [ 50%] Built target client
[0.179s] [100%] Built target server
[0.195s] Invoked command in '/home/maki/ros2_ws/build/cpp_srvcli' returned '0': CMAKE_PREFIX_PATH=/opt/ros/humble /usr/bin/cmake --build /home/maki/ros2_ws/build/cpp_srvcli -- -j12 -l12
[0.258s] Invoking command in '/home/maki/ros2_ws/build/cpp_srvcli': CMAKE_PREFIX_PATH=/opt/ros/humble /usr/bin/cmake --install /home/maki/ros2_ws/build/cpp_srvcli
[0.269s] -- Install configuration: ""
[0.269s] -- Up-to-date: /home/maki/ros2_ws/install/cpp_srvcli/lib/cpp_srvcli/server
[0.269s] -- Up-to-date: /home/maki/ros2_ws/install/cpp_srvcli/lib/cpp_srvcli/client
[0.270s] -- Up-to-date: /home/maki/ros2_ws/install/cpp_srvcli/share/ament_index/resource_index/package_run_dependencies/cpp_srvcli
[0.270s] -- Up-to-date: /home/maki/ros2_ws/install/cpp_srvcli/share/ament_index/resource_index/parent_prefix_path/cpp_srvcli
[0.270s] -- Up-to-date: /home/maki/ros2_ws/install/cpp_srvcli/share/cpp_srvcli/environment/ament_prefix_path.sh
[0.270s] -- Up-to-date: /home/maki/ros2_ws/install/cpp_srvcli/share/cpp_srvcli/environment/ament_prefix_path.dsv
[0.270s] -- Up-to-date: /home/maki/ros2_ws/install/cpp_srvcli/share/cpp_srvcli/environment/path.sh
[0.270s] -- Up-to-date: /home/maki/ros2_ws/install/cpp_srvcli/share/cpp_srvcli/environment/path.dsv
[0.270s] -- Up-to-date: /home/maki/ros2_ws/install/cpp_srvcli/share/cpp_srvcli/local_setup.bash
[0.270s] -- Up-to-date: /home/maki/ros2_ws/install/cpp_srvcli/share/cpp_srvcli/local_setup.sh
[0.270s] -- Up-to-date: /home/maki/ros2_ws/install/cpp_srvcli/share/cpp_srvcli/local_setup.zsh
[0.270s] -- Up-to-date: /home/maki/ros2_ws/install/cpp_srvcli/share/cpp_srvcli/local_setup.dsv
[0.270s] -- Installing: /home/maki/ros2_ws/install/cpp_srvcli/share/cpp_srvcli/package.dsv
[0.271s] -- Up-to-date: /home/maki/ros2_ws/install/cpp_srvcli/share/ament_index/resource_index/packages/cpp_srvcli
[0.271s] -- Up-to-date: /home/maki/ros2_ws/install/cpp_srvcli/share/cpp_srvcli/cmake/cpp_srvcliConfig.cmake
[0.271s] -- Up-to-date: /home/maki/ros2_ws/install/cpp_srvcli/share/cpp_srvcli/cmake/cpp_srvcliConfig-version.cmake
[0.271s] -- Up-to-date: /home/maki/ros2_ws/install/cpp_srvcli/share/cpp_srvcli/package.xml
[0.396s] Invoked command in '/home/maki/ros2_ws/build/cpp_srvcli' returned '0': CMAKE_PREFIX_PATH=/opt/ros/humble /usr/bin/cmake --install /home/maki/ros2_ws/build/cpp_srvcli
