[0.018s] Invoking command in '/home/maki/ros2_ws/build/cpp_topic_pubsub2': /usr/bin/cmake /home/maki/ros2_ws/src/cpp_topic_pubsub2 -DCMAKE_INSTALL_PREFIX=/home/maki/ros2_ws/install/cpp_topic_pubsub2
[0.103s] -- The C compiler identification is GNU 11.4.0
[0.177s] -- The CXX compiler identification is GNU 11.4.0
[0.185s] -- Detecting C compiler ABI info
[0.229s] -- Detecting C compiler ABI info - done
[0.237s] -- Check for working C compiler: /usr/bin/cc - skipped
[0.237s] -- Detecting C compile features
[0.238s] -- Detecting C compile features - done
[0.241s] -- Detecting CXX compiler ABI info
[0.300s] -- Detecting CXX compiler ABI info - done
[0.308s] -- Check for working CXX compiler: /usr/bin/c++ - skipped
[0.308s] -- Detecting CXX compile features
[0.308s] -- Detecting CXX compile features - done
[0.311s] -- Found ament_cmake: 1.3.8 (/opt/ros/humble/share/ament_cmake/cmake)
[0.437s] -- Found Python3: /usr/bin/python3 (found version "3.10.12") found components: Interpreter 
[0.507s] -- Found rclcpp: 16.0.8 (/opt/ros/humble/share/rclcpp/cmake)
[0.546s] -- Found rosidl_generator_c: 3.1.5 (/opt/ros/humble/share/rosidl_generator_c/cmake)
[0.550s] -- Found rosidl_adapter: 3.1.5 (/opt/ros/humble/share/rosidl_adapter/cmake)
[0.556s] -- Found rosidl_generator_cpp: 3.1.5 (/opt/ros/humble/share/rosidl_generator_cpp/cmake)
[0.566s] -- Using all available rosidl_typesupport_c: rosidl_typesupport_fastrtps_c;rosidl_typesupport_introspection_c
[0.584s] -- Using all available rosidl_typesupport_cpp: rosidl_typesupport_fastrtps_cpp;rosidl_typesupport_introspection_cpp
[0.633s] -- Found rmw_implementation_cmake: 6.1.1 (/opt/ros/humble/share/rmw_implementation_cmake/cmake)
[0.635s] -- Found rmw_fastrtps_cpp: 6.2.6 (/opt/ros/humble/share/rmw_fastrtps_cpp/cmake)
[0.698s] -- Found OpenSSL: /usr/lib/x86_64-linux-gnu/libcrypto.so (found version "3.0.2")  
[0.719s] -- Found FastRTPS: /opt/ros/humble/include  
[0.748s] -- Using RMW implementation 'rmw_fastrtps_cpp' as default
[0.755s] -- Looking for pthread.h
[0.805s] -- Looking for pthread.h - found
[0.805s] -- Performing Test CMAKE_HAVE_LIBC_PTHREAD
[0.848s] -- Performing Test CMAKE_HAVE_LIBC_PTHREAD - Success
[0.849s] -- Found Threads: TRUE  
[0.953s] -- Found rosidl_default_generators: 1.2.0 (/opt/ros/humble/share/rosidl_default_generators/cmake)
[1.070s] [31mCMake Error at /opt/ros/humble/share/rosidl_adapter/cmake/rosidl_adapt_interfaces.cmake:59 (message):
[1.070s]   execute_process(/usr/bin/python3 -m rosidl_adapter --package-name
[1.071s]   cpp_topic_pubsub2 --arguments-file
[1.071s]   /home/maki/ros2_ws/build/cpp_topic_pubsub2/rosidl_adapter__arguments__cpp_topic_pubsub2.json
[1.071s]   --output-dir
[1.071s]   /home/maki/ros2_ws/build/cpp_topic_pubsub2/rosidl_adapter/cpp_topic_pubsub2
[1.071s]   --output-file
[1.071s]   /home/maki/ros2_ws/build/cpp_topic_pubsub2/rosidl_adapter/cpp_topic_pubsub2.idls)
[1.071s]   returned error code 1:
[1.071s] 
[1.071s]   Traceback (most recent call last):
[1.071s] 
[1.072s]     File "/usr/lib/python3.10/runpy.py", line 196, in _run_module_as_main
[1.072s]       return _run_code(code, main_globals, None,
[1.072s]     File "/usr/lib/python3.10/runpy.py", line 86, in _run_code
[1.072s]       exec(code, run_globals)
[1.072s]     File "/opt/ros/humble/local/lib/python3.10/dist-packages/rosidl_adapter/__main__.py", line 19, in <module>
[1.072s]       sys.exit(main())
[1.072s]     File "/opt/ros/humble/local/lib/python3.10/dist-packages/rosidl_adapter/main.py", line 53, in main
[1.072s]       abs_idl_file = convert_to_idl(
[1.072s]     File "/opt/ros/humble/local/lib/python3.10/dist-packages/rosidl_adapter/__init__.py", line 19, in convert_to_idl
[1.072s]       return convert_msg_to_idl(
[1.073s]     File "/opt/ros/humble/local/lib/python3.10/dist-packages/rosidl_adapter/msg/__init__.py", line 28, in convert_msg_to_idl
[1.073s]       msg = parse_message_string(package_name, input_file.stem, content)
[1.073s]     File "/opt/ros/humble/local/lib/python3.10/dist-packages/rosidl_adapter/parser.py", line 535, in parse_message_string
[1.073s]       constants.append(Constant(type_string, name, value))
[1.073s]     File "/opt/ros/humble/local/lib/python3.10/dist-packages/rosidl_adapter/parser.py", line 320, in __init__
[1.073s]       raise NameError(
[1.073s] 
[1.073s]   NameError: 'price' is an invalid constant name.  It should have the pattern
[1.073s]   '^[A-Z]([A-Z0-9_]?[A-Z0-9]+)*$'
[1.073s] 
[1.073s] Call Stack (most recent call first):
[1.074s]   /opt/ros/humble/share/rosidl_cmake/cmake/rosidl_generate_interfaces.cmake:130 (rosidl_adapt_interfaces)
[1.074s]   CMakeLists.txt:18 (rosidl_generate_interfaces)
[1.074s] 
[1.074s] [0m
[1.074s] -- Configuring incomplete, errors occurred!
[1.074s] See also "/home/maki/ros2_ws/build/cpp_topic_pubsub2/CMakeFiles/CMakeOutput.log".
[1.078s] Invoked command in '/home/maki/ros2_ws/build/cpp_topic_pubsub2' returned '1': /usr/bin/cmake /home/maki/ros2_ws/src/cpp_topic_pubsub2 -DCMAKE_INSTALL_PREFIX=/home/maki/ros2_ws/install/cpp_topic_pubsub2
