[0.014s] Invoking command in '/home/maki/ros2_ws/build/cpp_topic_practice': CMAKE_PREFIX_PATH=${CMAKE_PREFIX_PATH}:/opt/ros/humble /usr/bin/cmake /home/maki/ros2_ws/cpp_topic_practice -DCMAKE_INSTALL_PREFIX=/home/maki/ros2_ws/install/cpp_topic_practice
[0.104s] -- The C compiler identification is GNU 11.4.0
[0.165s] -- The CXX compiler identification is GNU 11.4.0
[0.174s] -- Detecting C compiler ABI info
[0.222s] -- Detecting C compiler ABI info - done
[0.230s] -- Check for working C compiler: /usr/bin/cc - skipped
[0.230s] -- Detecting C compile features
[0.231s] -- Detecting C compile features - done
[0.234s] -- Detecting CXX compiler ABI info
[0.289s] -- Detecting CXX compiler ABI info - done
[0.297s] -- Check for working CXX compiler: /usr/bin/c++ - skipped
[0.297s] -- Detecting CXX compile features
[0.297s] -- Detecting CXX compile features - done
[0.299s] -- Found ament_cmake: 1.3.8 (/opt/ros/humble/share/ament_cmake/cmake)
[0.433s] -- Found Python3: /usr/bin/python3 (found version "3.10.12") found components: Interpreter 
[0.495s] -- Found ament_lint_auto: 0.12.10 (/opt/ros/humble/share/ament_lint_auto/cmake)
[0.548s] -- Added test 'lint_cmake' to check CMake code style
[0.548s] -- Added test 'xmllint' to check XML markup files
[0.549s] -- Configuring done
[0.550s] -- Generating done
[0.551s] -- Build files have been written to: /home/maki/ros2_ws/build/cpp_topic_practice
[0.553s] Invoked command in '/home/maki/ros2_ws/build/cpp_topic_practice' returned '0': CMAKE_PREFIX_PATH=${CMAKE_PREFIX_PATH}:/opt/ros/humble /usr/bin/cmake /home/maki/ros2_ws/cpp_topic_practice -DCMAKE_INSTALL_PREFIX=/home/maki/ros2_ws/install/cpp_topic_practice
[0.554s] Invoking command in '/home/maki/ros2_ws/build/cpp_topic_practice': CMAKE_PREFIX_PATH=${CMAKE_PREFIX_PATH}:/opt/ros/humble /usr/bin/cmake --build /home/maki/ros2_ws/build/cpp_topic_practice -- -j12 -l12
[0.577s] Invoked command in '/home/maki/ros2_ws/build/cpp_topic_practice' returned '0': CMAKE_PREFIX_PATH=${CMAKE_PREFIX_PATH}:/opt/ros/humble /usr/bin/cmake --build /home/maki/ros2_ws/build/cpp_topic_practice -- -j12 -l12
[0.589s] Invoking command in '/home/maki/ros2_ws/build/cpp_topic_practice': CMAKE_PREFIX_PATH=${CMAKE_PREFIX_PATH}:/opt/ros/humble /usr/bin/cmake --install /home/maki/ros2_ws/build/cpp_topic_practice
[0.595s] -- Install configuration: ""
[0.595s] -- Installing: /home/maki/ros2_ws/install/cpp_topic_practice/share/ament_index/resource_index/package_run_dependencies/cpp_topic_practice
[0.596s] -- Installing: /home/maki/ros2_ws/install/cpp_topic_practice/share/ament_index/resource_index/parent_prefix_path/cpp_topic_practice
[0.596s] -- Installing: /home/maki/ros2_ws/install/cpp_topic_practice/share/cpp_topic_practice/environment/ament_prefix_path.sh
[0.596s] -- Installing: /home/maki/ros2_ws/install/cpp_topic_practice/share/cpp_topic_practice/environment/ament_prefix_path.dsv
[0.597s] -- Installing: /home/maki/ros2_ws/install/cpp_topic_practice/share/cpp_topic_practice/environment/path.sh
[0.597s] -- Installing: /home/maki/ros2_ws/install/cpp_topic_practice/share/cpp_topic_practice/environment/path.dsv
[0.597s] -- Installing: /home/maki/ros2_ws/install/cpp_topic_practice/share/cpp_topic_practice/local_setup.bash
[0.597s] -- Installing: /home/maki/ros2_ws/install/cpp_topic_practice/share/cpp_topic_practice/local_setup.sh
[0.598s] -- Installing: /home/maki/ros2_ws/install/cpp_topic_practice/share/cpp_topic_practice/local_setup.zsh
[0.598s] -- Installing: /home/maki/ros2_ws/install/cpp_topic_practice/share/cpp_topic_practice/local_setup.dsv
[0.598s] -- Installing: /home/maki/ros2_ws/install/cpp_topic_practice/share/cpp_topic_practice/package.dsv
[0.598s] -- Installing: /home/maki/ros2_ws/install/cpp_topic_practice/share/ament_index/resource_index/packages/cpp_topic_practice
[0.598s] -- Installing: /home/maki/ros2_ws/install/cpp_topic_practice/share/cpp_topic_practice/cmake/cpp_topic_practiceConfig.cmake
[0.598s] -- Installing: /home/maki/ros2_ws/install/cpp_topic_practice/share/cpp_topic_practice/cmake/cpp_topic_practiceConfig-version.cmake
[0.598s] -- Installing: /home/maki/ros2_ws/install/cpp_topic_practice/share/cpp_topic_practice/package.xml
[0.598s] Invoked command in '/home/maki/ros2_ws/build/cpp_topic_practice' returned '0': CMAKE_PREFIX_PATH=${CMAKE_PREFIX_PATH}:/opt/ros/humble /usr/bin/cmake --install /home/maki/ros2_ws/build/cpp_topic_practice
