[0.121s] Invoking command in '/home/maki/ros2_ws/build/cpp_pubsub': CMAKE_PREFIX_PATH=/opt/ros/humble /usr/bin/cmake /home/maki/ros2_ws/src/ros2humble_tutorials/cpp_pubsub -DCMAKE_INSTALL_PREFIX=/home/maki/ros2_ws/install/cpp_pubsub
[0.187s] -- The C compiler identification is GNU 11.4.0
[0.264s] -- The CXX compiler identification is GNU 11.4.0
[0.269s] -- Detecting C compiler ABI info
[0.324s] -- Detecting C compiler ABI info - done
[0.331s] -- Check for working C compiler: /usr/bin/cc - skipped
[0.331s] -- Detecting C compile features
[0.334s] -- Detecting C compile features - done
[0.337s] -- Detecting CXX compiler ABI info
[0.412s] -- Detecting CXX compiler ABI info - done
[0.421s] -- Check for working CXX compiler: /usr/bin/c++ - skipped
[0.421s] -- Detecting CXX compile features
[0.422s] -- Detecting CXX compile features - done
[0.424s] -- Found ament_cmake: 1.3.8 (/opt/ros/humble/share/ament_cmake/cmake)
[0.555s] -- Found Python3: /usr/bin/python3 (found version "3.10.12") found components: Interpreter 
[0.634s] -- Found rclcpp: 16.0.8 (/opt/ros/humble/share/rclcpp/cmake)
[0.681s] -- Found rosidl_generator_c: 3.1.5 (/opt/ros/humble/share/rosidl_generator_c/cmake)
[0.687s] -- Found rosidl_adapter: 3.1.5 (/opt/ros/humble/share/rosidl_adapter/cmake)
[0.696s] -- Found rosidl_generator_cpp: 3.1.5 (/opt/ros/humble/share/rosidl_generator_cpp/cmake)
[0.708s] -- Using all available rosidl_typesupport_c: rosidl_typesupport_fastrtps_c;rosidl_typesupport_introspection_c
[0.727s] -- Using all available rosidl_typesupport_cpp: rosidl_typesupport_fastrtps_cpp;rosidl_typesupport_introspection_cpp
[0.784s] -- Found rmw_implementation_cmake: 6.1.1 (/opt/ros/humble/share/rmw_implementation_cmake/cmake)
[0.787s] -- Found rmw_fastrtps_cpp: 6.2.6 (/opt/ros/humble/share/rmw_fastrtps_cpp/cmake)
[0.881s] -- Found OpenSSL: /usr/lib/x86_64-linux-gnu/libcrypto.so (found version "3.0.2")  
[0.908s] -- Found FastRTPS: /opt/ros/humble/include  
[0.951s] -- Using RMW implementation 'rmw_fastrtps_cpp' as default
[0.961s] -- Looking for pthread.h
[1.024s] -- Looking for pthread.h - found
[1.024s] -- Performing Test CMAKE_HAVE_LIBC_PTHREAD
[1.091s] -- Performing Test CMAKE_HAVE_LIBC_PTHREAD - Success
[1.092s] -- Found Threads: TRUE  
[1.319s] -- Configuring done
[1.332s] -- Generating done
[1.334s] -- Build files have been written to: /home/maki/ros2_ws/build/cpp_pubsub
[1.346s] Invoked command in '/home/maki/ros2_ws/build/cpp_pubsub' returned '0': CMAKE_PREFIX_PATH=/opt/ros/humble /usr/bin/cmake /home/maki/ros2_ws/src/ros2humble_tutorials/cpp_pubsub -DCMAKE_INSTALL_PREFIX=/home/maki/ros2_ws/install/cpp_pubsub
[1.348s] Invoking command in '/home/maki/ros2_ws/build/cpp_pubsub': CMAKE_PREFIX_PATH=/opt/ros/humble /usr/bin/cmake --build /home/maki/ros2_ws/build/cpp_pubsub -- -j12 -l12
[1.403s] [ 16%] [32mBuilding CXX object CMakeFiles/listener.dir/src/subscriber_member_function.cpp.o[0m
[1.404s] [ 33%] [32mBuilding CXX object CMakeFiles/listener_with_topic_statistics.dir/src/member_function_with_topic_statistics.cpp.o[0m
[1.405s] [ 50%] [32mBuilding CXX object CMakeFiles/talker.dir/src/publisher_member_function.cpp.o[0m
[9.831s] [ 66%] [32m[1mLinking CXX executable talker[0m
[10.102s] [ 66%] Built target talker
[13.241s] [ 83%] [32m[1mLinking CXX executable listener[0m
[13.575s] [ 83%] Built target listener
[13.590s] [100%] [32m[1mLinking CXX executable listener_with_topic_statistics[0m
[13.817s] [100%] Built target listener_with_topic_statistics
[13.825s] Invoked command in '/home/maki/ros2_ws/build/cpp_pubsub' returned '0': CMAKE_PREFIX_PATH=/opt/ros/humble /usr/bin/cmake --build /home/maki/ros2_ws/build/cpp_pubsub -- -j12 -l12
[13.843s] Invoking command in '/home/maki/ros2_ws/build/cpp_pubsub': CMAKE_PREFIX_PATH=/opt/ros/humble /usr/bin/cmake --install /home/maki/ros2_ws/build/cpp_pubsub
[13.847s] -- Install configuration: ""
[13.847s] -- Installing: /home/maki/ros2_ws/install/cpp_pubsub/lib/cpp_pubsub/talker
[13.848s] -- Set runtime path of "/home/maki/ros2_ws/install/cpp_pubsub/lib/cpp_pubsub/talker" to ""
[13.848s] -- Installing: /home/maki/ros2_ws/install/cpp_pubsub/lib/cpp_pubsub/listener
[13.850s] -- Set runtime path of "/home/maki/ros2_ws/install/cpp_pubsub/lib/cpp_pubsub/listener" to ""
[13.850s] -- Installing: /home/maki/ros2_ws/install/cpp_pubsub/lib/cpp_pubsub/listener_with_topic_statistics
[13.852s] -- Set runtime path of "/home/maki/ros2_ws/install/cpp_pubsub/lib/cpp_pubsub/listener_with_topic_statistics" to ""
[13.852s] -- Installing: /home/maki/ros2_ws/install/cpp_pubsub/share/ament_index/resource_index/package_run_dependencies/cpp_pubsub
[13.852s] -- Installing: /home/maki/ros2_ws/install/cpp_pubsub/share/ament_index/resource_index/parent_prefix_path/cpp_pubsub
[13.852s] -- Installing: /home/maki/ros2_ws/install/cpp_pubsub/share/cpp_pubsub/environment/ament_prefix_path.sh
[13.853s] -- Installing: /home/maki/ros2_ws/install/cpp_pubsub/share/cpp_pubsub/environment/ament_prefix_path.dsv
[13.853s] -- Installing: /home/maki/ros2_ws/install/cpp_pubsub/share/cpp_pubsub/environment/path.sh
[13.853s] -- Installing: /home/maki/ros2_ws/install/cpp_pubsub/share/cpp_pubsub/environment/path.dsv
[13.853s] -- Installing: /home/maki/ros2_ws/install/cpp_pubsub/share/cpp_pubsub/local_setup.bash
[13.853s] -- Installing: /home/maki/ros2_ws/install/cpp_pubsub/share/cpp_pubsub/local_setup.sh
[13.853s] -- Installing: /home/maki/ros2_ws/install/cpp_pubsub/share/cpp_pubsub/local_setup.zsh
[13.853s] -- Installing: /home/maki/ros2_ws/install/cpp_pubsub/share/cpp_pubsub/local_setup.dsv
[13.853s] -- Installing: /home/maki/ros2_ws/install/cpp_pubsub/share/cpp_pubsub/package.dsv
[13.854s] -- Installing: /home/maki/ros2_ws/install/cpp_pubsub/share/ament_index/resource_index/packages/cpp_pubsub
[13.854s] -- Installing: /home/maki/ros2_ws/install/cpp_pubsub/share/cpp_pubsub/cmake/cpp_pubsubConfig.cmake
[13.854s] -- Installing: /home/maki/ros2_ws/install/cpp_pubsub/share/cpp_pubsub/cmake/cpp_pubsubConfig-version.cmake
[13.854s] -- Installing: /home/maki/ros2_ws/install/cpp_pubsub/share/cpp_pubsub/package.xml
[13.854s] Invoked command in '/home/maki/ros2_ws/build/cpp_pubsub' returned '0': CMAKE_PREFIX_PATH=/opt/ros/humble /usr/bin/cmake --install /home/maki/ros2_ws/build/cpp_pubsub
