[0.094s] Invoking command in '/home/maki/ros2_ws/build/cpp_server_client': CMAKE_PREFIX_PATH=${CMAKE_PREFIX_PATH}:/opt/ros/humble /usr/bin/cmake /home/maki/ros2_ws/src/cpp_surver_client -DCMAKE_INSTALL_PREFIX=/home/maki/ros2_ws/install/cpp_server_client
[0.138s] -- The C compiler identification is GNU 11.4.0
[0.172s] -- The CXX compiler identification is GNU 11.4.0
[0.176s] -- Detecting C compiler ABI info
[0.217s] -- Detecting C compiler ABI info - done
[0.224s] -- Check for working C compiler: /usr/bin/cc - skipped
[0.224s] -- Detecting C compile features
[0.224s] -- Detecting C compile features - done
[0.227s] -- Detecting CXX compiler ABI info
[0.281s] -- Detecting CXX compiler ABI info - done
[0.288s] -- Check for working CXX compiler: /usr/bin/c++ - skipped
[0.288s] -- Detecting CXX compile features
[0.289s] -- Detecting CXX compile features - done
[0.290s] -- Found ament_cmake: 1.3.8 (/opt/ros/humble/share/ament_cmake/cmake)
[0.395s] -- Found Python3: /usr/bin/python3 (found version "3.10.12") found components: Interpreter 
[0.460s] -- Found rclcpp: 16.0.8 (/opt/ros/humble/share/rclcpp/cmake)
[0.500s] -- Found rosidl_generator_c: 3.1.5 (/opt/ros/humble/share/rosidl_generator_c/cmake)
[0.505s] -- Found rosidl_adapter: 3.1.5 (/opt/ros/humble/share/rosidl_adapter/cmake)
[0.513s] -- Found rosidl_generator_cpp: 3.1.5 (/opt/ros/humble/share/rosidl_generator_cpp/cmake)
[0.523s] -- Using all available rosidl_typesupport_c: rosidl_typesupport_fastrtps_c;rosidl_typesupport_introspection_c
[0.536s] -- Using all available rosidl_typesupport_cpp: rosidl_typesupport_fastrtps_cpp;rosidl_typesupport_introspection_cpp
[0.580s] -- Found rmw_implementation_cmake: 6.1.1 (/opt/ros/humble/share/rmw_implementation_cmake/cmake)
[0.582s] -- Found rmw_fastrtps_cpp: 6.2.6 (/opt/ros/humble/share/rmw_fastrtps_cpp/cmake)
[0.642s] -- Found OpenSSL: /usr/lib/x86_64-linux-gnu/libcrypto.so (found version "3.0.2")  
[0.662s] -- Found FastRTPS: /opt/ros/humble/include  
[0.691s] -- Using RMW implementation 'rmw_fastrtps_cpp' as default
[0.697s] -- Looking for pthread.h
[0.741s] -- Looking for pthread.h - found
[0.742s] -- Performing Test CMAKE_HAVE_LIBC_PTHREAD
[0.786s] -- Performing Test CMAKE_HAVE_LIBC_PTHREAD - Success
[0.787s] -- Found Threads: TRUE  
[0.889s] -- Found rosidl_default_generators: 1.2.0 (/opt/ros/humble/share/rosidl_default_generators/cmake)
[0.895s] -- Found ament_lint_auto: 0.12.10 (/opt/ros/humble/share/ament_lint_auto/cmake)
[1.063s] -- Found ament_cmake_ros: 0.10.0 (/opt/ros/humble/share/ament_cmake_ros/cmake)
[1.257s] -- Using all available rosidl_typesupport_c: rosidl_typesupport_fastrtps_c;rosidl_typesupport_introspection_c
[1.338s] -- Using all available rosidl_typesupport_cpp: rosidl_typesupport_fastrtps_cpp;rosidl_typesupport_introspection_cpp
[1.354s] -- Found PythonInterp: /usr/bin/python3 (found suitable version "3.10.12", minimum required is "3.6") 
[1.356s] -- Found python_cmake_module: 0.10.0 (/opt/ros/humble/share/python_cmake_module/cmake)
[1.372s] -- Found PythonLibs: /usr/lib/x86_64-linux-gnu/libpython3.10.so (found suitable version "3.10.12", minimum required is "3.5") 
[1.372s] -- Using PYTHON_EXECUTABLE: /usr/bin/python3
[1.372s] -- Using PYTHON_INCLUDE_DIRS: /usr/include/python3.10
[1.372s] -- Using PYTHON_LIBRARIES: /usr/lib/x86_64-linux-gnu/libpython3.10.so
[1.386s] -- Found PythonExtra: .so  
[1.412s] -- Added test 'cppcheck' to perform static code analysis on C / C++ code
[1.413s] -- Configured cppcheck include dirs: 
[1.413s] -- Configured cppcheck exclude dirs and/or files: 
[1.413s] -- Added test 'lint_cmake' to check CMake code style
[1.414s] -- Added test 'uncrustify' to check C / C++ code style
[1.414s] -- Configured uncrustify additional arguments: 
[1.414s] -- Added test 'xmllint' to check XML markup files
[1.416s] -- Configuring done
[1.435s] -- Generating done
[1.437s] -- Build files have been written to: /home/maki/ros2_ws/build/cpp_server_client
[1.445s] Invoked command in '/home/maki/ros2_ws/build/cpp_server_client' returned '0': CMAKE_PREFIX_PATH=${CMAKE_PREFIX_PATH}:/opt/ros/humble /usr/bin/cmake /home/maki/ros2_ws/src/cpp_surver_client -DCMAKE_INSTALL_PREFIX=/home/maki/ros2_ws/install/cpp_server_client
[1.447s] Invoking command in '/home/maki/ros2_ws/build/cpp_server_client': CMAKE_PREFIX_PATH=${CMAKE_PREFIX_PATH}:/opt/ros/humble /usr/bin/cmake --build /home/maki/ros2_ws/build/cpp_server_client -- -j12 -l12
[1.471s] [35m[1mConsolidate compiler generated dependencies of target cpp_server_client__rosidl_generator_c[0m
[1.477s] [  2%] Built target cpp_server_client__cpp
[1.479s] [ 11%] Built target cpp_server_client__rosidl_generator_c
[1.484s] [35m[1mConsolidate compiler generated dependencies of target cpp_server_client__rosidl_typesupport_cpp[0m
[1.486s] [35m[1mConsolidate compiler generated dependencies of target cpp_server_client__rosidl_typesupport_introspection_cpp[0m
[1.486s] [35m[1mConsolidate compiler generated dependencies of target cpp_server_client__rosidl_typesupport_fastrtps_cpp[0m
[1.487s] [35m[1mConsolidate compiler generated dependencies of target cpp_server_client__rosidl_typesupport_c[0m
[1.488s] [35m[1mConsolidate compiler generated dependencies of target cpp_server_client__rosidl_typesupport_introspection_c[0m
[1.488s] [ 11%] Built target ament_cmake_python_copy_cpp_server_client
[1.488s] [35m[1mConsolidate compiler generated dependencies of target cpp_server_client__rosidl_typesupport_fastrtps_c[0m
[1.493s] [ 20%] Built target cpp_server_client__rosidl_typesupport_cpp
[1.496s] [ 37%] Built target cpp_server_client__rosidl_typesupport_c
[1.496s] [ 37%] Built target cpp_server_client__rosidl_typesupport_introspection_c
[1.497s] [ 45%] Built target cpp_server_client__rosidl_typesupport_introspection_cpp
[1.497s] [ 54%] Built target cpp_server_client__rosidl_typesupport_fastrtps_cpp
[1.497s] [ 62%] Built target cpp_server_client__rosidl_typesupport_fastrtps_c
[1.503s] [35m[1mConsolidate compiler generated dependencies of target practice_server_node[0m
[1.503s] [35m[1mConsolidate compiler generated dependencies of target practice_client_node[0m
[1.510s] [ 62%] Built target cpp_server_client
[1.518s] [ 68%] Built target practice_server_node
[1.519s] [ 74%] Built target practice_client_node
[1.522s] [ 77%] Built target cpp_server_client__py
[1.529s] [35m[1mConsolidate compiler generated dependencies of target cpp_server_client__rosidl_generator_py[0m
[1.537s] [ 82%] Built target cpp_server_client__rosidl_generator_py
[1.546s] [35m[1mConsolidate compiler generated dependencies of target cpp_server_client__rosidl_typesupport_c__pyext[0m
[1.546s] [35m[1mConsolidate compiler generated dependencies of target cpp_server_client__rosidl_typesupport_fastrtps_c__pyext[0m
[1.546s] [35m[1mConsolidate compiler generated dependencies of target cpp_server_client__rosidl_typesupport_introspection_c__pyext[0m
[1.557s] [ 88%] Built target cpp_server_client__rosidl_typesupport_fastrtps_c__pyext
[1.558s] [100%] Built target cpp_server_client__rosidl_typesupport_introspection_c__pyext
[1.558s] [100%] Built target cpp_server_client__rosidl_typesupport_c__pyext
[1.639s] running egg_info
[1.640s] writing cpp_server_client.egg-info/PKG-INFO
[1.640s] writing dependency_links to cpp_server_client.egg-info/dependency_links.txt
[1.641s] writing top-level names to cpp_server_client.egg-info/top_level.txt
[1.643s] reading manifest file 'cpp_server_client.egg-info/SOURCES.txt'
[1.644s] writing manifest file 'cpp_server_client.egg-info/SOURCES.txt'
[1.663s] [100%] Built target ament_cmake_python_build_cpp_server_client_egg
[1.670s] Invoked command in '/home/maki/ros2_ws/build/cpp_server_client' returned '0': CMAKE_PREFIX_PATH=${CMAKE_PREFIX_PATH}:/opt/ros/humble /usr/bin/cmake --build /home/maki/ros2_ws/build/cpp_server_client -- -j12 -l12
[1.704s] Invoking command in '/home/maki/ros2_ws/build/cpp_server_client': CMAKE_PREFIX_PATH=${CMAKE_PREFIX_PATH}:/opt/ros/humble /usr/bin/cmake --install /home/maki/ros2_ws/build/cpp_server_client
[1.711s] -- Install configuration: ""
[1.711s] -- Up-to-date: /home/maki/ros2_ws/install/cpp_server_client/share/ament_index/resource_index/rosidl_interfaces/cpp_server_client
[1.711s] -- Up-to-date: /home/maki/ros2_ws/install/cpp_server_client/include/cpp_server_client/cpp_server_client
[1.711s] -- Up-to-date: /home/maki/ros2_ws/install/cpp_server_client/include/cpp_server_client/cpp_server_client/srv
[1.711s] -- Up-to-date: /home/maki/ros2_ws/install/cpp_server_client/include/cpp_server_client/cpp_server_client/srv/detail
[1.711s] -- Up-to-date: /home/maki/ros2_ws/install/cpp_server_client/include/cpp_server_client/cpp_server_client/srv/detail/practice_srv__functions.c
[1.711s] -- Up-to-date: /home/maki/ros2_ws/install/cpp_server_client/include/cpp_server_client/cpp_server_client/srv/detail/practice_srv__struct.h
[1.711s] -- Up-to-date: /home/maki/ros2_ws/install/cpp_server_client/include/cpp_server_client/cpp_server_client/srv/detail/practice_srv__type_support.h
[1.712s] -- Up-to-date: /home/maki/ros2_ws/install/cpp_server_client/include/cpp_server_client/cpp_server_client/srv/detail/practice_srv__functions.h
[1.712s] -- Up-to-date: /home/maki/ros2_ws/install/cpp_server_client/include/cpp_server_client/cpp_server_client/srv/practice_srv.h
[1.712s] -- Up-to-date: /home/maki/ros2_ws/install/cpp_server_client/include/cpp_server_client/cpp_server_client/msg
[1.712s] -- Up-to-date: /home/maki/ros2_ws/install/cpp_server_client/include/cpp_server_client/cpp_server_client/msg/rosidl_generator_c__visibility_control.h
[1.712s] -- Up-to-date: /home/maki/ros2_ws/install/cpp_server_client/share/cpp_server_client/environment/library_path.sh
[1.712s] -- Installing: /home/maki/ros2_ws/install/cpp_server_client/share/cpp_server_client/environment/library_path.dsv
[1.712s] -- Up-to-date: /home/maki/ros2_ws/install/cpp_server_client/lib/libcpp_server_client__rosidl_generator_c.so
[1.712s] -- Up-to-date: /home/maki/ros2_ws/install/cpp_server_client/include/cpp_server_client/cpp_server_client
[1.712s] -- Up-to-date: /home/maki/ros2_ws/install/cpp_server_client/include/cpp_server_client/cpp_server_client/srv
[1.712s] -- Up-to-date: /home/maki/ros2_ws/install/cpp_server_client/include/cpp_server_client/cpp_server_client/srv/detail
[1.712s] -- Up-to-date: /home/maki/ros2_ws/install/cpp_server_client/include/cpp_server_client/cpp_server_client/srv/detail/practice_srv__rosidl_typesupport_fastrtps_c.h
[1.712s] -- Up-to-date: /home/maki/ros2_ws/install/cpp_server_client/include/cpp_server_client/cpp_server_client/msg
[1.713s] -- Up-to-date: /home/maki/ros2_ws/install/cpp_server_client/include/cpp_server_client/cpp_server_client/msg/rosidl_typesupport_fastrtps_c__visibility_control.h
[1.713s] -- Up-to-date: /home/maki/ros2_ws/install/cpp_server_client/lib/libcpp_server_client__rosidl_typesupport_fastrtps_c.so
[1.713s] -- Up-to-date: /home/maki/ros2_ws/install/cpp_server_client/include/cpp_server_client/cpp_server_client
[1.713s] -- Up-to-date: /home/maki/ros2_ws/install/cpp_server_client/include/cpp_server_client/cpp_server_client/srv
[1.713s] -- Up-to-date: /home/maki/ros2_ws/install/cpp_server_client/include/cpp_server_client/cpp_server_client/srv/detail
[1.713s] -- Up-to-date: /home/maki/ros2_ws/install/cpp_server_client/include/cpp_server_client/cpp_server_client/srv/detail/practice_srv__traits.hpp
[1.713s] -- Up-to-date: /home/maki/ros2_ws/install/cpp_server_client/include/cpp_server_client/cpp_server_client/srv/detail/practice_srv__builder.hpp
[1.713s] -- Up-to-date: /home/maki/ros2_ws/install/cpp_server_client/include/cpp_server_client/cpp_server_client/srv/detail/practice_srv__struct.hpp
[1.713s] -- Up-to-date: /home/maki/ros2_ws/install/cpp_server_client/include/cpp_server_client/cpp_server_client/srv/practice_srv.hpp
[1.713s] -- Up-to-date: /home/maki/ros2_ws/install/cpp_server_client/include/cpp_server_client/cpp_server_client
[1.713s] -- Up-to-date: /home/maki/ros2_ws/install/cpp_server_client/include/cpp_server_client/cpp_server_client/srv
[1.713s] -- Up-to-date: /home/maki/ros2_ws/install/cpp_server_client/include/cpp_server_client/cpp_server_client/srv/detail
[1.713s] -- Up-to-date: /home/maki/ros2_ws/install/cpp_server_client/include/cpp_server_client/cpp_server_client/srv/detail/dds_fastrtps
[1.714s] -- Up-to-date: /home/maki/ros2_ws/install/cpp_server_client/include/cpp_server_client/cpp_server_client/srv/detail/practice_srv__rosidl_typesupport_fastrtps_cpp.hpp
[1.714s] -- Up-to-date: /home/maki/ros2_ws/install/cpp_server_client/include/cpp_server_client/cpp_server_client/msg
[1.714s] -- Up-to-date: /home/maki/ros2_ws/install/cpp_server_client/include/cpp_server_client/cpp_server_client/msg/rosidl_typesupport_fastrtps_cpp__visibility_control.h
[1.714s] -- Up-to-date: /home/maki/ros2_ws/install/cpp_server_client/lib/libcpp_server_client__rosidl_typesupport_fastrtps_cpp.so
[1.714s] -- Up-to-date: /home/maki/ros2_ws/install/cpp_server_client/include/cpp_server_client/cpp_server_client
[1.714s] -- Up-to-date: /home/maki/ros2_ws/install/cpp_server_client/include/cpp_server_client/cpp_server_client/srv
[1.714s] -- Up-to-date: /home/maki/ros2_ws/install/cpp_server_client/include/cpp_server_client/cpp_server_client/srv/detail
[1.714s] -- Up-to-date: /home/maki/ros2_ws/install/cpp_server_client/include/cpp_server_client/cpp_server_client/srv/detail/practice_srv__type_support.c
[1.714s] -- Up-to-date: /home/maki/ros2_ws/install/cpp_server_client/include/cpp_server_client/cpp_server_client/srv/detail/practice_srv__rosidl_typesupport_introspection_c.h
[1.714s] -- Up-to-date: /home/maki/ros2_ws/install/cpp_server_client/include/cpp_server_client/cpp_server_client/msg
[1.714s] -- Up-to-date: /home/maki/ros2_ws/install/cpp_server_client/include/cpp_server_client/cpp_server_client/msg/rosidl_typesupport_introspection_c__visibility_control.h
[1.714s] -- Up-to-date: /home/maki/ros2_ws/install/cpp_server_client/lib/libcpp_server_client__rosidl_typesupport_introspection_c.so
[1.714s] -- Up-to-date: /home/maki/ros2_ws/install/cpp_server_client/lib/libcpp_server_client__rosidl_typesupport_c.so
[1.714s] -- Up-to-date: /home/maki/ros2_ws/install/cpp_server_client/include/cpp_server_client/cpp_server_client
[1.715s] -- Up-to-date: /home/maki/ros2_ws/install/cpp_server_client/include/cpp_server_client/cpp_server_client/srv
[1.715s] -- Up-to-date: /home/maki/ros2_ws/install/cpp_server_client/include/cpp_server_client/cpp_server_client/srv/detail
[1.715s] -- Up-to-date: /home/maki/ros2_ws/install/cpp_server_client/include/cpp_server_client/cpp_server_client/srv/detail/practice_srv__type_support.cpp
[1.715s] -- Up-to-date: /home/maki/ros2_ws/install/cpp_server_client/include/cpp_server_client/cpp_server_client/srv/detail/practice_srv__rosidl_typesupport_introspection_cpp.hpp
[1.715s] -- Up-to-date: /home/maki/ros2_ws/install/cpp_server_client/lib/libcpp_server_client__rosidl_typesupport_introspection_cpp.so
[1.715s] -- Up-to-date: /home/maki/ros2_ws/install/cpp_server_client/lib/libcpp_server_client__rosidl_typesupport_cpp.so
[1.715s] -- Up-to-date: /home/maki/ros2_ws/install/cpp_server_client/share/cpp_server_client/environment/pythonpath.sh
[1.715s] -- Installing: /home/maki/ros2_ws/install/cpp_server_client/share/cpp_server_client/environment/pythonpath.dsv
[1.715s] -- Up-to-date: /home/maki/ros2_ws/install/cpp_server_client/local/lib/python3.10/dist-packages/cpp_server_client-0.0.0-py3.10.egg-info
[1.715s] -- Installing: /home/maki/ros2_ws/install/cpp_server_client/local/lib/python3.10/dist-packages/cpp_server_client-0.0.0-py3.10.egg-info/SOURCES.txt
[1.715s] -- Installing: /home/maki/ros2_ws/install/cpp_server_client/local/lib/python3.10/dist-packages/cpp_server_client-0.0.0-py3.10.egg-info/PKG-INFO
[1.715s] -- Installing: /home/maki/ros2_ws/install/cpp_server_client/local/lib/python3.10/dist-packages/cpp_server_client-0.0.0-py3.10.egg-info/top_level.txt
[1.715s] -- Installing: /home/maki/ros2_ws/install/cpp_server_client/local/lib/python3.10/dist-packages/cpp_server_client-0.0.0-py3.10.egg-info/dependency_links.txt
[1.715s] -- Up-to-date: /home/maki/ros2_ws/install/cpp_server_client/local/lib/python3.10/dist-packages/cpp_server_client
[1.715s] -- Up-to-date: /home/maki/ros2_ws/install/cpp_server_client/local/lib/python3.10/dist-packages/cpp_server_client/cpp_server_client_s__rosidl_typesupport_introspection_c.cpython-310-x86_64-linux-gnu.so
[1.716s] -- Up-to-date: /home/maki/ros2_ws/install/cpp_server_client/local/lib/python3.10/dist-packages/cpp_server_client/cpp_server_client_s__rosidl_typesupport_fastrtps_c.cpython-310-x86_64-linux-gnu.so
[1.716s] -- Up-to-date: /home/maki/ros2_ws/install/cpp_server_client/local/lib/python3.10/dist-packages/cpp_server_client/_cpp_server_client_s.ep.rosidl_typesupport_fastrtps_c.c
[1.716s] -- Installing: /home/maki/ros2_ws/install/cpp_server_client/local/lib/python3.10/dist-packages/cpp_server_client/__init__.py
[1.716s] -- Up-to-date: /home/maki/ros2_ws/install/cpp_server_client/local/lib/python3.10/dist-packages/cpp_server_client/_cpp_server_client_s.ep.rosidl_typesupport_introspection_c.c
[1.716s] -- Up-to-date: /home/maki/ros2_ws/install/cpp_server_client/local/lib/python3.10/dist-packages/cpp_server_client/_cpp_server_client_s.ep.rosidl_typesupport_c.c
[1.716s] -- Up-to-date: /home/maki/ros2_ws/install/cpp_server_client/local/lib/python3.10/dist-packages/cpp_server_client/cpp_server_client_s__rosidl_typesupport_c.cpython-310-x86_64-linux-gnu.so
[1.716s] -- Up-to-date: /home/maki/ros2_ws/install/cpp_server_client/local/lib/python3.10/dist-packages/cpp_server_client/srv
[1.716s] -- Up-to-date: /home/maki/ros2_ws/install/cpp_server_client/local/lib/python3.10/dist-packages/cpp_server_client/srv/__init__.py
[1.716s] -- Up-to-date: /home/maki/ros2_ws/install/cpp_server_client/local/lib/python3.10/dist-packages/cpp_server_client/srv/_practice_srv.py
[1.716s] -- Up-to-date: /home/maki/ros2_ws/install/cpp_server_client/local/lib/python3.10/dist-packages/cpp_server_client/srv/_practice_srv_s.c
[1.716s] -- Up-to-date: /home/maki/ros2_ws/install/cpp_server_client/local/lib/python3.10/dist-packages/cpp_server_client/libcpp_server_client__rosidl_generator_py.so
[1.744s] Listing '/home/maki/ros2_ws/install/cpp_server_client/local/lib/python3.10/dist-packages/cpp_server_client'...
[1.745s] Compiling '/home/maki/ros2_ws/install/cpp_server_client/local/lib/python3.10/dist-packages/cpp_server_client/__init__.py'...
[1.745s] Listing '/home/maki/ros2_ws/install/cpp_server_client/local/lib/python3.10/dist-packages/cpp_server_client/srv'...
[1.749s] -- Up-to-date: /home/maki/ros2_ws/install/cpp_server_client/local/lib/python3.10/dist-packages/cpp_server_client/cpp_server_client_s__rosidl_typesupport_fastrtps_c.cpython-310-x86_64-linux-gnu.so
[1.749s] -- Up-to-date: /home/maki/ros2_ws/install/cpp_server_client/local/lib/python3.10/dist-packages/cpp_server_client/cpp_server_client_s__rosidl_typesupport_introspection_c.cpython-310-x86_64-linux-gnu.so
[1.749s] -- Up-to-date: /home/maki/ros2_ws/install/cpp_server_client/local/lib/python3.10/dist-packages/cpp_server_client/cpp_server_client_s__rosidl_typesupport_c.cpython-310-x86_64-linux-gnu.so
[1.750s] -- Up-to-date: /home/maki/ros2_ws/install/cpp_server_client/lib/libcpp_server_client__rosidl_generator_py.so
[1.750s] -- Up-to-date: /home/maki/ros2_ws/install/cpp_server_client/share/cpp_server_client/srv/PracticeSrv.idl
[1.750s] -- Up-to-date: /home/maki/ros2_ws/install/cpp_server_client/share/cpp_server_client/srv/PracticeSrv.srv
[1.750s] -- Up-to-date: /home/maki/ros2_ws/install/cpp_server_client/share/cpp_server_client/srv/PracticeSrv_Request.msg
[1.750s] -- Up-to-date: /home/maki/ros2_ws/install/cpp_server_client/share/cpp_server_client/srv/PracticeSrv_Response.msg
[1.750s] -- Up-to-date: /home/maki/ros2_ws/install/cpp_server_client/lib/cpp_server_client/practice_server_node
[1.750s] -- Up-to-date: /home/maki/ros2_ws/install/cpp_server_client/lib/cpp_server_client/practice_client_node
[1.750s] -- Up-to-date: /home/maki/ros2_ws/install/cpp_server_client/share/ament_index/resource_index/package_run_dependencies/cpp_server_client
[1.750s] -- Up-to-date: /home/maki/ros2_ws/install/cpp_server_client/share/ament_index/resource_index/parent_prefix_path/cpp_server_client
[1.750s] -- Up-to-date: /home/maki/ros2_ws/install/cpp_server_client/share/cpp_server_client/environment/ament_prefix_path.sh
[1.750s] -- Installing: /home/maki/ros2_ws/install/cpp_server_client/share/cpp_server_client/environment/ament_prefix_path.dsv
[1.750s] -- Up-to-date: /home/maki/ros2_ws/install/cpp_server_client/share/cpp_server_client/environment/path.sh
[1.750s] -- Installing: /home/maki/ros2_ws/install/cpp_server_client/share/cpp_server_client/environment/path.dsv
[1.751s] -- Up-to-date: /home/maki/ros2_ws/install/cpp_server_client/share/cpp_server_client/local_setup.bash
[1.751s] -- Up-to-date: /home/maki/ros2_ws/install/cpp_server_client/share/cpp_server_client/local_setup.sh
[1.751s] -- Up-to-date: /home/maki/ros2_ws/install/cpp_server_client/share/cpp_server_client/local_setup.zsh
[1.751s] -- Installing: /home/maki/ros2_ws/install/cpp_server_client/share/cpp_server_client/local_setup.dsv
[1.751s] -- Installing: /home/maki/ros2_ws/install/cpp_server_client/share/cpp_server_client/package.dsv
[1.751s] -- Up-to-date: /home/maki/ros2_ws/install/cpp_server_client/share/ament_index/resource_index/packages/cpp_server_client
[1.751s] -- Up-to-date: /home/maki/ros2_ws/install/cpp_server_client/share/cpp_server_client/cmake/export_cpp_server_client__rosidl_generator_cExport.cmake
[1.751s] -- Up-to-date: /home/maki/ros2_ws/install/cpp_server_client/share/cpp_server_client/cmake/export_cpp_server_client__rosidl_generator_cExport-noconfig.cmake
[1.751s] -- Up-to-date: /home/maki/ros2_ws/install/cpp_server_client/share/cpp_server_client/cmake/export_cpp_server_client__rosidl_typesupport_fastrtps_cExport.cmake
[1.751s] -- Up-to-date: /home/maki/ros2_ws/install/cpp_server_client/share/cpp_server_client/cmake/export_cpp_server_client__rosidl_typesupport_fastrtps_cExport-noconfig.cmake
[1.751s] -- Up-to-date: /home/maki/ros2_ws/install/cpp_server_client/share/cpp_server_client/cmake/export_cpp_server_client__rosidl_generator_cppExport.cmake
[1.751s] -- Up-to-date: /home/maki/ros2_ws/install/cpp_server_client/share/cpp_server_client/cmake/export_cpp_server_client__rosidl_typesupport_fastrtps_cppExport.cmake
[1.752s] -- Up-to-date: /home/maki/ros2_ws/install/cpp_server_client/share/cpp_server_client/cmake/export_cpp_server_client__rosidl_typesupport_fastrtps_cppExport-noconfig.cmake
[1.752s] -- Up-to-date: /home/maki/ros2_ws/install/cpp_server_client/share/cpp_server_client/cmake/cpp_server_client__rosidl_typesupport_introspection_cExport.cmake
[1.752s] -- Up-to-date: /home/maki/ros2_ws/install/cpp_server_client/share/cpp_server_client/cmake/cpp_server_client__rosidl_typesupport_introspection_cExport-noconfig.cmake
[1.752s] -- Up-to-date: /home/maki/ros2_ws/install/cpp_server_client/share/cpp_server_client/cmake/cpp_server_client__rosidl_typesupport_cExport.cmake
[1.752s] -- Up-to-date: /home/maki/ros2_ws/install/cpp_server_client/share/cpp_server_client/cmake/cpp_server_client__rosidl_typesupport_cExport-noconfig.cmake
[1.752s] -- Up-to-date: /home/maki/ros2_ws/install/cpp_server_client/share/cpp_server_client/cmake/cpp_server_client__rosidl_typesupport_introspection_cppExport.cmake
[1.752s] -- Up-to-date: /home/maki/ros2_ws/install/cpp_server_client/share/cpp_server_client/cmake/cpp_server_client__rosidl_typesupport_introspection_cppExport-noconfig.cmake
[1.752s] -- Up-to-date: /home/maki/ros2_ws/install/cpp_server_client/share/cpp_server_client/cmake/cpp_server_client__rosidl_typesupport_cppExport.cmake
[1.752s] -- Up-to-date: /home/maki/ros2_ws/install/cpp_server_client/share/cpp_server_client/cmake/cpp_server_client__rosidl_typesupport_cppExport-noconfig.cmake
[1.752s] -- Up-to-date: /home/maki/ros2_ws/install/cpp_server_client/share/cpp_server_client/cmake/export_cpp_server_client__rosidl_generator_pyExport.cmake
[1.752s] -- Up-to-date: /home/maki/ros2_ws/install/cpp_server_client/share/cpp_server_client/cmake/export_cpp_server_client__rosidl_generator_pyExport-noconfig.cmake
[1.752s] -- Up-to-date: /home/maki/ros2_ws/install/cpp_server_client/share/cpp_server_client/cmake/rosidl_cmake-extras.cmake
[1.752s] -- Up-to-date: /home/maki/ros2_ws/install/cpp_server_client/share/cpp_server_client/cmake/ament_cmake_export_include_directories-extras.cmake
[1.752s] -- Up-to-date: /home/maki/ros2_ws/install/cpp_server_client/share/cpp_server_client/cmake/ament_cmake_export_libraries-extras.cmake
[1.753s] -- Up-to-date: /home/maki/ros2_ws/install/cpp_server_client/share/cpp_server_client/cmake/ament_cmake_export_targets-extras.cmake
[1.753s] -- Up-to-date: /home/maki/ros2_ws/install/cpp_server_client/share/cpp_server_client/cmake/rosidl_cmake_export_typesupport_targets-extras.cmake
[1.753s] -- Up-to-date: /home/maki/ros2_ws/install/cpp_server_client/share/cpp_server_client/cmake/ament_cmake_export_dependencies-extras.cmake
[1.753s] -- Up-to-date: /home/maki/ros2_ws/install/cpp_server_client/share/cpp_server_client/cmake/rosidl_cmake_export_typesupport_libraries-extras.cmake
[1.753s] -- Up-to-date: /home/maki/ros2_ws/install/cpp_server_client/share/cpp_server_client/cmake/cpp_server_clientConfig.cmake
[1.753s] -- Up-to-date: /home/maki/ros2_ws/install/cpp_server_client/share/cpp_server_client/cmake/cpp_server_clientConfig-version.cmake
[1.753s] -- Up-to-date: /home/maki/ros2_ws/install/cpp_server_client/share/cpp_server_client/package.xml
[1.754s] Invoked command in '/home/maki/ros2_ws/build/cpp_server_client' returned '0': CMAKE_PREFIX_PATH=${CMAKE_PREFIX_PATH}:/opt/ros/humble /usr/bin/cmake --install /home/maki/ros2_ws/build/cpp_server_client
