[0.048s] Invoking command in '/home/maki/ros2_ws/build/more_interfaces': CMAKE_PREFIX_PATH=/opt/ros/humble /usr/bin/cmake /home/maki/ros2_ws/src/ros2humble_tutorials/more_interfaces -DCMAKE_INSTALL_PREFIX=/home/maki/ros2_ws/install/more_interfaces
[0.697s] -- The C compiler identification is GNU 11.4.0
[0.697s] -- The CXX compiler identification is GNU 11.4.0
[0.697s] -- Detecting C compiler ABI info
[0.697s] -- Detecting C compiler ABI info - done
[0.697s] -- Check for working C compiler: /usr/bin/cc - skipped
[0.697s] -- Detecting C compile features
[0.698s] -- Detecting C compile features - done
[0.698s] -- Detecting CXX compiler ABI info
[0.698s] -- Detecting CXX compiler ABI info - done
[0.698s] -- Check for working CXX compiler: /usr/bin/c++ - skipped
[0.698s] -- Detecting CXX compile features
[0.698s] -- Detecting CXX compile features - done
[0.698s] -- Found ament_cmake: 1.3.8 (/opt/ros/humble/share/ament_cmake/cmake)
[0.698s] -- Found Python3: /usr/bin/python3 (found version "3.10.12") found components: Interpreter 
[0.698s] -- Found ament_lint_auto: 0.12.10 (/opt/ros/humble/share/ament_lint_auto/cmake)
[0.698s] -- Found rosidl_default_generators: 1.2.0 (/opt/ros/humble/share/rosidl_default_generators/cmake)
[0.698s] -- Using all available rosidl_typesupport_c: rosidl_typesupport_fastrtps_c;rosidl_typesupport_introspection_c
[0.698s] -- Found rosidl_adapter: 3.1.5 (/opt/ros/humble/share/rosidl_adapter/cmake)
[0.698s] -- Using all available rosidl_typesupport_cpp: rosidl_typesupport_fastrtps_cpp;rosidl_typesupport_introspection_cpp
[0.833s] -- Found ament_cmake_ros: 0.10.0 (/opt/ros/humble/share/ament_cmake_ros/cmake)
[1.016s] -- Using all available rosidl_typesupport_c: rosidl_typesupport_fastrtps_c;rosidl_typesupport_introspection_c
[1.200s] -- Using all available rosidl_typesupport_cpp: rosidl_typesupport_fastrtps_cpp;rosidl_typesupport_introspection_cpp
[1.215s] -- Found PythonInterp: /usr/bin/python3 (found suitable version "3.10.12", minimum required is "3.6") 
[1.216s] -- Found python_cmake_module: 0.10.0 (/opt/ros/humble/share/python_cmake_module/cmake)
[1.243s] -- Found PythonLibs: /usr/lib/x86_64-linux-gnu/libpython3.10.so (found suitable version "3.10.12", minimum required is "3.5") 
[1.243s] -- Using PYTHON_EXECUTABLE: /usr/bin/python3
[1.243s] -- Using PYTHON_INCLUDE_DIRS: /usr/include/python3.10
[1.243s] -- Using PYTHON_LIBRARIES: /usr/lib/x86_64-linux-gnu/libpython3.10.so
[1.265s] -- Found PythonExtra: .so  
[1.298s] -- Found rclcpp: 16.0.8 (/opt/ros/humble/share/rclcpp/cmake)
[1.390s] -- Found rmw_implementation_cmake: 6.1.1 (/opt/ros/humble/share/rmw_implementation_cmake/cmake)
[1.393s] -- Found rmw_fastrtps_cpp: 6.2.6 (/opt/ros/humble/share/rmw_fastrtps_cpp/cmake)
[1.537s] -- Found OpenSSL: /usr/lib/x86_64-linux-gnu/libcrypto.so (found version "3.0.2")  
[1.575s] -- Found FastRTPS: /opt/ros/humble/include  
[1.613s] -- Using RMW implementation 'rmw_fastrtps_cpp' as default
[1.623s] -- Looking for pthread.h
[1.815s] -- Looking for pthread.h - found
[1.815s] -- Performing Test CMAKE_HAVE_LIBC_PTHREAD
[2.102s] -- Performing Test CMAKE_HAVE_LIBC_PTHREAD - Success
[2.104s] -- Found Threads: TRUE  
[2.417s] -- Added test 'cppcheck' to perform static code analysis on C / C++ code
[2.418s] -- Configured cppcheck include dirs: 
[2.418s] -- Configured cppcheck exclude dirs and/or files: 
[2.419s] -- Added test 'lint_cmake' to check CMake code style
[2.420s] -- Added test 'uncrustify' to check C / C++ code style
[2.420s] -- Configured uncrustify additional arguments: 
[2.421s] -- Added test 'xmllint' to check XML markup files
[2.433s] -- Configuring done
[2.509s] -- Generating done
[2.528s] -- Build files have been written to: /home/maki/ros2_ws/build/more_interfaces
[2.555s] Invoked command in '/home/maki/ros2_ws/build/more_interfaces' returned '0': CMAKE_PREFIX_PATH=/opt/ros/humble /usr/bin/cmake /home/maki/ros2_ws/src/ros2humble_tutorials/more_interfaces -DCMAKE_INSTALL_PREFIX=/home/maki/ros2_ws/install/more_interfaces
[2.556s] Invoking command in '/home/maki/ros2_ws/build/more_interfaces': CMAKE_PREFIX_PATH=/opt/ros/humble /usr/bin/cmake --build /home/maki/ros2_ws/build/more_interfaces -- -j12 -l12
[3.474s] [  3%] [34m[1mGenerating C code for ROS interfaces[0m
[3.475s] [  6%] [34m[1mGenerating C++ code for ROS interfaces[0m
[3.475s] [  6%] Built target ament_cmake_python_copy_more_interfaces
[3.475s] [  9%] [32mBuilding C object CMakeFiles/more_interfaces__rosidl_generator_c.dir/rosidl_generator_c/more_interfaces/msg/detail/address_book__functions.c.o[0m
[3.475s] [ 12%] [32m[1mLinking C shared library libmore_interfaces__rosidl_generator_c.so[0m
[3.480s] [ 12%] Built target more_interfaces__cpp
[3.533s] [ 15%] [34m[1mGenerating C++ type support for eProsima Fast-RTPS[0m
[3.535s] [ 18%] [34m[1mGenerating C++ type support dispatch for ROS interfaces[0m
[3.566s] [ 18%] Built target more_interfaces__rosidl_generator_c
[3.581s] [ 21%] [34m[1mGenerating C++ introspection for ROS interfaces[0m
[3.627s] [ 24%] [34m[1mGenerating C introspection for ROS interfaces[0m
[3.645s] [ 27%] [34m[1mGenerating C type support for eProsima Fast-RTPS[0m
[3.675s] [ 30%] [34m[1mGenerating C type support dispatch for ROS interfaces[0m
[3.697s] running egg_info
[3.699s] creating more_interfaces.egg-info
[3.699s] writing more_interfaces.egg-info/PKG-INFO
[3.699s] writing dependency_links to more_interfaces.egg-info/dependency_links.txt
[3.699s] writing top-level names to more_interfaces.egg-info/top_level.txt
[3.699s] writing manifest file 'more_interfaces.egg-info/SOURCES.txt'
[3.702s] reading manifest file 'more_interfaces.egg-info/SOURCES.txt'
[3.725s] writing manifest file 'more_interfaces.egg-info/SOURCES.txt'
[3.869s] [ 30%] Built target ament_cmake_python_build_more_interfaces_egg
[4.137s] [ 33%] [32mBuilding CXX object CMakeFiles/more_interfaces__rosidl_typesupport_fastrtps_cpp.dir/rosidl_typesupport_fastrtps_cpp/more_interfaces/msg/detail/dds_fastrtps/address_book__type_support.cpp.o[0m
[4.356s] [ 36%] [32mBuilding CXX object CMakeFiles/more_interfaces__rosidl_typesupport_cpp.dir/rosidl_typesupport_cpp/more_interfaces/msg/address_book__type_support.cpp.o[0m
[4.441s] [ 39%] [32mBuilding CXX object CMakeFiles/more_interfaces__rosidl_typesupport_c.dir/rosidl_typesupport_c/more_interfaces/msg/address_book__type_support.cpp.o[0m
[4.474s] [ 42%] [32mBuilding C object CMakeFiles/more_interfaces__rosidl_typesupport_introspection_c.dir/rosidl_typesupport_introspection_c/more_interfaces/msg/detail/address_book__type_support.c.o[0m
[4.557s] [ 45%] [32mBuilding CXX object CMakeFiles/more_interfaces__rosidl_typesupport_introspection_cpp.dir/rosidl_typesupport_introspection_cpp/more_interfaces/msg/detail/address_book__type_support.cpp.o[0m
[4.584s] [ 48%] [32m[1mLinking CXX shared library libmore_interfaces__rosidl_typesupport_c.so[0m
[4.628s] [ 51%] [32m[1mLinking C shared library libmore_interfaces__rosidl_typesupport_introspection_c.so[0m
[4.628s] [ 54%] [32mBuilding CXX object CMakeFiles/more_interfaces__rosidl_typesupport_fastrtps_c.dir/rosidl_typesupport_fastrtps_c/more_interfaces/msg/detail/address_book__type_support_c.cpp.o[0m
[4.770s] [ 54%] Built target more_interfaces__rosidl_typesupport_c
[4.786s] [ 54%] Built target more_interfaces__rosidl_typesupport_introspection_c
[5.217s] [ 57%] [32m[1mLinking CXX shared library libmore_interfaces__rosidl_typesupport_cpp.so[0m
[5.293s] [ 60%] [32m[1mLinking CXX shared library libmore_interfaces__rosidl_typesupport_introspection_cpp.so[0m
[5.384s] [ 60%] Built target more_interfaces__rosidl_typesupport_cpp
[5.414s] [ 63%] [32mBuilding CXX object CMakeFiles/publish_address_book.dir/src/publish_address_book.cpp.o[0m
[5.476s] [ 66%] [32m[1mLinking CXX shared library libmore_interfaces__rosidl_typesupport_fastrtps_c.so[0m
[5.542s] [ 66%] Built target more_interfaces__rosidl_typesupport_introspection_cpp
[5.595s] [ 69%] [32m[1mLinking CXX shared library libmore_interfaces__rosidl_typesupport_fastrtps_cpp.so[0m
[5.620s] [ 69%] Built target more_interfaces__rosidl_typesupport_fastrtps_c
[5.809s] [ 69%] Built target more_interfaces__rosidl_typesupport_fastrtps_cpp
[5.896s] [ 69%] Built target more_interfaces
[6.058s] [ 72%] [34m[1mGenerating Python code for ROS interfaces[0m
[6.709s] [ 72%] Built target more_interfaces__py
[6.800s] [ 75%] [32mBuilding C object CMakeFiles/more_interfaces__rosidl_generator_py.dir/rosidl_generator_py/more_interfaces/msg/_address_book_s.c.o[0m
[7.106s] [ 78%] [32m[1mLinking C shared library rosidl_generator_py/more_interfaces/libmore_interfaces__rosidl_generator_py.so[0m
[7.286s] [ 78%] Built target more_interfaces__rosidl_generator_py
[7.422s] [ 81%] [32mBuilding C object CMakeFiles/more_interfaces__rosidl_typesupport_introspection_c__pyext.dir/rosidl_generator_py/more_interfaces/_more_interfaces_s.ep.rosidl_typesupport_introspection_c.c.o[0m
[7.482s] [ 84%] [32mBuilding C object CMakeFiles/more_interfaces__rosidl_typesupport_fastrtps_c__pyext.dir/rosidl_generator_py/more_interfaces/_more_interfaces_s.ep.rosidl_typesupport_fastrtps_c.c.o[0m
[7.494s] [ 87%] [32mBuilding C object CMakeFiles/more_interfaces__rosidl_typesupport_c__pyext.dir/rosidl_generator_py/more_interfaces/_more_interfaces_s.ep.rosidl_typesupport_c.c.o[0m
[7.669s] [ 90%] [32m[1mLinking C shared library rosidl_generator_py/more_interfaces/more_interfaces_s__rosidl_typesupport_fastrtps_c.cpython-310-x86_64-linux-gnu.so[0m
[7.742s] [ 93%] [32m[1mLinking C shared library rosidl_generator_py/more_interfaces/more_interfaces_s__rosidl_typesupport_c.cpython-310-x86_64-linux-gnu.so[0m
[7.760s] [ 93%] Built target more_interfaces__rosidl_typesupport_fastrtps_c__pyext
[7.772s] [ 96%] [32m[1mLinking C shared library rosidl_generator_py/more_interfaces/more_interfaces_s__rosidl_typesupport_introspection_c.cpython-310-x86_64-linux-gnu.so[0m
[7.849s] [ 96%] Built target more_interfaces__rosidl_typesupport_c__pyext
[7.914s] [ 96%] Built target more_interfaces__rosidl_typesupport_introspection_c__pyext
[11.979s] [100%] [32m[1mLinking CXX executable publish_address_book[0m
[12.166s] [100%] Built target publish_address_book
[12.179s] Invoked command in '/home/maki/ros2_ws/build/more_interfaces' returned '0': CMAKE_PREFIX_PATH=/opt/ros/humble /usr/bin/cmake --build /home/maki/ros2_ws/build/more_interfaces -- -j12 -l12
[12.238s] Invoking command in '/home/maki/ros2_ws/build/more_interfaces': CMAKE_PREFIX_PATH=/opt/ros/humble /usr/bin/cmake --install /home/maki/ros2_ws/build/more_interfaces
[12.245s] -- Install configuration: ""
[12.246s] -- Installing: /home/maki/ros2_ws/install/more_interfaces/share/ament_index/resource_index/rosidl_interfaces/more_interfaces
[12.246s] -- Installing: /home/maki/ros2_ws/install/more_interfaces/include/more_interfaces/more_interfaces
[12.246s] -- Installing: /home/maki/ros2_ws/install/more_interfaces/include/more_interfaces/more_interfaces/msg
[12.246s] -- Installing: /home/maki/ros2_ws/install/more_interfaces/include/more_interfaces/more_interfaces/msg/address_book.h
[12.246s] -- Installing: /home/maki/ros2_ws/install/more_interfaces/include/more_interfaces/more_interfaces/msg/detail
[12.246s] -- Installing: /home/maki/ros2_ws/install/more_interfaces/include/more_interfaces/more_interfaces/msg/detail/address_book__functions.c
[12.246s] -- Installing: /home/maki/ros2_ws/install/more_interfaces/include/more_interfaces/more_interfaces/msg/detail/address_book__type_support.h
[12.247s] -- Installing: /home/maki/ros2_ws/install/more_interfaces/include/more_interfaces/more_interfaces/msg/detail/address_book__struct.h
[12.247s] -- Installing: /home/maki/ros2_ws/install/more_interfaces/include/more_interfaces/more_interfaces/msg/detail/address_book__functions.h
[12.247s] -- Installing: /home/maki/ros2_ws/install/more_interfaces/include/more_interfaces/more_interfaces/msg/rosidl_generator_c__visibility_control.h
[12.247s] -- Installing: /home/maki/ros2_ws/install/more_interfaces/share/more_interfaces/environment/library_path.sh
[12.247s] -- Installing: /home/maki/ros2_ws/install/more_interfaces/share/more_interfaces/environment/library_path.dsv
[12.247s] -- Installing: /home/maki/ros2_ws/install/more_interfaces/lib/libmore_interfaces__rosidl_generator_c.so
[12.247s] -- Set runtime path of "/home/maki/ros2_ws/install/more_interfaces/lib/libmore_interfaces__rosidl_generator_c.so" to ""
[12.247s] -- Up-to-date: /home/maki/ros2_ws/install/more_interfaces/include/more_interfaces/more_interfaces
[12.247s] -- Up-to-date: /home/maki/ros2_ws/install/more_interfaces/include/more_interfaces/more_interfaces/msg
[12.248s] -- Up-to-date: /home/maki/ros2_ws/install/more_interfaces/include/more_interfaces/more_interfaces/msg/detail
[12.248s] -- Installing: /home/maki/ros2_ws/install/more_interfaces/include/more_interfaces/more_interfaces/msg/detail/address_book__rosidl_typesupport_fastrtps_c.h
[12.248s] -- Installing: /home/maki/ros2_ws/install/more_interfaces/include/more_interfaces/more_interfaces/msg/rosidl_typesupport_fastrtps_c__visibility_control.h
[12.248s] -- Installing: /home/maki/ros2_ws/install/more_interfaces/lib/libmore_interfaces__rosidl_typesupport_fastrtps_c.so
[12.248s] -- Set runtime path of "/home/maki/ros2_ws/install/more_interfaces/lib/libmore_interfaces__rosidl_typesupport_fastrtps_c.so" to ""
[12.248s] -- Up-to-date: /home/maki/ros2_ws/install/more_interfaces/include/more_interfaces/more_interfaces
[12.248s] -- Up-to-date: /home/maki/ros2_ws/install/more_interfaces/include/more_interfaces/more_interfaces/msg
[12.248s] -- Up-to-date: /home/maki/ros2_ws/install/more_interfaces/include/more_interfaces/more_interfaces/msg/detail
[12.248s] -- Installing: /home/maki/ros2_ws/install/more_interfaces/include/more_interfaces/more_interfaces/msg/detail/address_book__rosidl_typesupport_introspection_c.h
[12.249s] -- Installing: /home/maki/ros2_ws/install/more_interfaces/include/more_interfaces/more_interfaces/msg/detail/address_book__type_support.c
[12.249s] -- Installing: /home/maki/ros2_ws/install/more_interfaces/include/more_interfaces/more_interfaces/msg/rosidl_typesupport_introspection_c__visibility_control.h
[12.249s] -- Installing: /home/maki/ros2_ws/install/more_interfaces/lib/libmore_interfaces__rosidl_typesupport_introspection_c.so
[12.249s] -- Set runtime path of "/home/maki/ros2_ws/install/more_interfaces/lib/libmore_interfaces__rosidl_typesupport_introspection_c.so" to ""
[12.249s] -- Installing: /home/maki/ros2_ws/install/more_interfaces/lib/libmore_interfaces__rosidl_typesupport_c.so
[12.249s] -- Set runtime path of "/home/maki/ros2_ws/install/more_interfaces/lib/libmore_interfaces__rosidl_typesupport_c.so" to ""
[12.249s] -- Up-to-date: /home/maki/ros2_ws/install/more_interfaces/include/more_interfaces/more_interfaces
[12.249s] -- Up-to-date: /home/maki/ros2_ws/install/more_interfaces/include/more_interfaces/more_interfaces/msg
[12.249s] -- Up-to-date: /home/maki/ros2_ws/install/more_interfaces/include/more_interfaces/more_interfaces/msg/detail
[12.250s] -- Installing: /home/maki/ros2_ws/install/more_interfaces/include/more_interfaces/more_interfaces/msg/detail/address_book__traits.hpp
[12.250s] -- Installing: /home/maki/ros2_ws/install/more_interfaces/include/more_interfaces/more_interfaces/msg/detail/address_book__builder.hpp
[12.250s] -- Installing: /home/maki/ros2_ws/install/more_interfaces/include/more_interfaces/more_interfaces/msg/detail/address_book__struct.hpp
[12.250s] -- Installing: /home/maki/ros2_ws/install/more_interfaces/include/more_interfaces/more_interfaces/msg/address_book.hpp
[12.250s] -- Up-to-date: /home/maki/ros2_ws/install/more_interfaces/include/more_interfaces/more_interfaces
[12.250s] -- Up-to-date: /home/maki/ros2_ws/install/more_interfaces/include/more_interfaces/more_interfaces/msg
[12.250s] -- Up-to-date: /home/maki/ros2_ws/install/more_interfaces/include/more_interfaces/more_interfaces/msg/detail
[12.250s] -- Installing: /home/maki/ros2_ws/install/more_interfaces/include/more_interfaces/more_interfaces/msg/detail/dds_fastrtps
[12.250s] -- Installing: /home/maki/ros2_ws/install/more_interfaces/include/more_interfaces/more_interfaces/msg/detail/address_book__rosidl_typesupport_fastrtps_cpp.hpp
[12.250s] -- Installing: /home/maki/ros2_ws/install/more_interfaces/include/more_interfaces/more_interfaces/msg/rosidl_typesupport_fastrtps_cpp__visibility_control.h
[12.251s] -- Installing: /home/maki/ros2_ws/install/more_interfaces/lib/libmore_interfaces__rosidl_typesupport_fastrtps_cpp.so
[12.251s] -- Set runtime path of "/home/maki/ros2_ws/install/more_interfaces/lib/libmore_interfaces__rosidl_typesupport_fastrtps_cpp.so" to ""
[12.251s] -- Up-to-date: /home/maki/ros2_ws/install/more_interfaces/include/more_interfaces/more_interfaces
[12.251s] -- Up-to-date: /home/maki/ros2_ws/install/more_interfaces/include/more_interfaces/more_interfaces/msg
[12.251s] -- Up-to-date: /home/maki/ros2_ws/install/more_interfaces/include/more_interfaces/more_interfaces/msg/detail
[12.251s] -- Installing: /home/maki/ros2_ws/install/more_interfaces/include/more_interfaces/more_interfaces/msg/detail/address_book__rosidl_typesupport_introspection_cpp.hpp
[12.251s] -- Installing: /home/maki/ros2_ws/install/more_interfaces/include/more_interfaces/more_interfaces/msg/detail/address_book__type_support.cpp
[12.251s] -- Installing: /home/maki/ros2_ws/install/more_interfaces/lib/libmore_interfaces__rosidl_typesupport_introspection_cpp.so
[12.251s] -- Set runtime path of "/home/maki/ros2_ws/install/more_interfaces/lib/libmore_interfaces__rosidl_typesupport_introspection_cpp.so" to ""
[12.252s] -- Installing: /home/maki/ros2_ws/install/more_interfaces/lib/libmore_interfaces__rosidl_typesupport_cpp.so
[12.252s] -- Set runtime path of "/home/maki/ros2_ws/install/more_interfaces/lib/libmore_interfaces__rosidl_typesupport_cpp.so" to ""
[12.252s] -- Installing: /home/maki/ros2_ws/install/more_interfaces/share/more_interfaces/environment/pythonpath.sh
[12.252s] -- Installing: /home/maki/ros2_ws/install/more_interfaces/share/more_interfaces/environment/pythonpath.dsv
[12.252s] -- Installing: /home/maki/ros2_ws/install/more_interfaces/local/lib/python3.10/dist-packages/more_interfaces-0.0.0-py3.10.egg-info
[12.252s] -- Installing: /home/maki/ros2_ws/install/more_interfaces/local/lib/python3.10/dist-packages/more_interfaces-0.0.0-py3.10.egg-info/SOURCES.txt
[12.252s] -- Installing: /home/maki/ros2_ws/install/more_interfaces/local/lib/python3.10/dist-packages/more_interfaces-0.0.0-py3.10.egg-info/PKG-INFO
[12.252s] -- Installing: /home/maki/ros2_ws/install/more_interfaces/local/lib/python3.10/dist-packages/more_interfaces-0.0.0-py3.10.egg-info/top_level.txt
[12.252s] -- Installing: /home/maki/ros2_ws/install/more_interfaces/local/lib/python3.10/dist-packages/more_interfaces-0.0.0-py3.10.egg-info/dependency_links.txt
[12.253s] -- Installing: /home/maki/ros2_ws/install/more_interfaces/local/lib/python3.10/dist-packages/more_interfaces
[12.253s] -- Installing: /home/maki/ros2_ws/install/more_interfaces/local/lib/python3.10/dist-packages/more_interfaces/more_interfaces_s__rosidl_typesupport_introspection_c.cpython-310-x86_64-linux-gnu.so
[12.253s] -- Installing: /home/maki/ros2_ws/install/more_interfaces/local/lib/python3.10/dist-packages/more_interfaces/_more_interfaces_s.ep.rosidl_typesupport_fastrtps_c.c
[12.253s] -- Installing: /home/maki/ros2_ws/install/more_interfaces/local/lib/python3.10/dist-packages/more_interfaces/__init__.py
[12.253s] -- Installing: /home/maki/ros2_ws/install/more_interfaces/local/lib/python3.10/dist-packages/more_interfaces/_more_interfaces_s.ep.rosidl_typesupport_c.c
[12.253s] -- Installing: /home/maki/ros2_ws/install/more_interfaces/local/lib/python3.10/dist-packages/more_interfaces/msg
[12.253s] -- Installing: /home/maki/ros2_ws/install/more_interfaces/local/lib/python3.10/dist-packages/more_interfaces/msg/_address_book.py
[12.253s] -- Installing: /home/maki/ros2_ws/install/more_interfaces/local/lib/python3.10/dist-packages/more_interfaces/msg/_address_book_s.c
[12.253s] -- Installing: /home/maki/ros2_ws/install/more_interfaces/local/lib/python3.10/dist-packages/more_interfaces/msg/__init__.py
[12.253s] -- Installing: /home/maki/ros2_ws/install/more_interfaces/local/lib/python3.10/dist-packages/more_interfaces/more_interfaces_s__rosidl_typesupport_c.cpython-310-x86_64-linux-gnu.so
[12.253s] -- Installing: /home/maki/ros2_ws/install/more_interfaces/local/lib/python3.10/dist-packages/more_interfaces/libmore_interfaces__rosidl_generator_py.so
[12.254s] -- Installing: /home/maki/ros2_ws/install/more_interfaces/local/lib/python3.10/dist-packages/more_interfaces/more_interfaces_s__rosidl_typesupport_fastrtps_c.cpython-310-x86_64-linux-gnu.so
[12.254s] -- Installing: /home/maki/ros2_ws/install/more_interfaces/local/lib/python3.10/dist-packages/more_interfaces/_more_interfaces_s.ep.rosidl_typesupport_introspection_c.c
[12.283s] Listing '/home/maki/ros2_ws/install/more_interfaces/local/lib/python3.10/dist-packages/more_interfaces'...
[12.284s] Compiling '/home/maki/ros2_ws/install/more_interfaces/local/lib/python3.10/dist-packages/more_interfaces/__init__.py'...
[12.284s] Listing '/home/maki/ros2_ws/install/more_interfaces/local/lib/python3.10/dist-packages/more_interfaces/msg'...
[12.284s] Compiling '/home/maki/ros2_ws/install/more_interfaces/local/lib/python3.10/dist-packages/more_interfaces/msg/__init__.py'...
[12.284s] Compiling '/home/maki/ros2_ws/install/more_interfaces/local/lib/python3.10/dist-packages/more_interfaces/msg/_address_book.py'...
[12.288s] -- Installing: /home/maki/ros2_ws/install/more_interfaces/local/lib/python3.10/dist-packages/more_interfaces/more_interfaces_s__rosidl_typesupport_fastrtps_c.cpython-310-x86_64-linux-gnu.so
[12.288s] -- Set runtime path of "/home/maki/ros2_ws/install/more_interfaces/local/lib/python3.10/dist-packages/more_interfaces/more_interfaces_s__rosidl_typesupport_fastrtps_c.cpython-310-x86_64-linux-gnu.so" to ""
[12.289s] -- Installing: /home/maki/ros2_ws/install/more_interfaces/local/lib/python3.10/dist-packages/more_interfaces/more_interfaces_s__rosidl_typesupport_introspection_c.cpython-310-x86_64-linux-gnu.so
[12.289s] -- Set runtime path of "/home/maki/ros2_ws/install/more_interfaces/local/lib/python3.10/dist-packages/more_interfaces/more_interfaces_s__rosidl_typesupport_introspection_c.cpython-310-x86_64-linux-gnu.so" to ""
[12.289s] -- Installing: /home/maki/ros2_ws/install/more_interfaces/local/lib/python3.10/dist-packages/more_interfaces/more_interfaces_s__rosidl_typesupport_c.cpython-310-x86_64-linux-gnu.so
[12.290s] -- Set runtime path of "/home/maki/ros2_ws/install/more_interfaces/local/lib/python3.10/dist-packages/more_interfaces/more_interfaces_s__rosidl_typesupport_c.cpython-310-x86_64-linux-gnu.so" to ""
[12.290s] -- Installing: /home/maki/ros2_ws/install/more_interfaces/lib/libmore_interfaces__rosidl_generator_py.so
[12.290s] -- Set runtime path of "/home/maki/ros2_ws/install/more_interfaces/lib/libmore_interfaces__rosidl_generator_py.so" to ""
[12.290s] -- Installing: /home/maki/ros2_ws/install/more_interfaces/share/more_interfaces/msg/AddressBook.idl
[12.291s] -- Installing: /home/maki/ros2_ws/install/more_interfaces/share/more_interfaces/msg/AddressBook.msg
[12.291s] -- Installing: /home/maki/ros2_ws/install/more_interfaces/lib/more_interfaces/publish_address_book
[12.292s] -- Set runtime path of "/home/maki/ros2_ws/install/more_interfaces/lib/more_interfaces/publish_address_book" to ""
[12.293s] -- Installing: /home/maki/ros2_ws/install/more_interfaces/share/ament_index/resource_index/package_run_dependencies/more_interfaces
[12.293s] -- Installing: /home/maki/ros2_ws/install/more_interfaces/share/ament_index/resource_index/parent_prefix_path/more_interfaces
[12.293s] -- Installing: /home/maki/ros2_ws/install/more_interfaces/share/more_interfaces/environment/ament_prefix_path.sh
[12.293s] -- Installing: /home/maki/ros2_ws/install/more_interfaces/share/more_interfaces/environment/ament_prefix_path.dsv
[12.293s] -- Installing: /home/maki/ros2_ws/install/more_interfaces/share/more_interfaces/environment/path.sh
[12.293s] -- Installing: /home/maki/ros2_ws/install/more_interfaces/share/more_interfaces/environment/path.dsv
[12.294s] -- Installing: /home/maki/ros2_ws/install/more_interfaces/share/more_interfaces/local_setup.bash
[12.294s] -- Installing: /home/maki/ros2_ws/install/more_interfaces/share/more_interfaces/local_setup.sh
[12.294s] -- Installing: /home/maki/ros2_ws/install/more_interfaces/share/more_interfaces/local_setup.zsh
[12.294s] -- Installing: /home/maki/ros2_ws/install/more_interfaces/share/more_interfaces/local_setup.dsv
[12.294s] -- Installing: /home/maki/ros2_ws/install/more_interfaces/share/more_interfaces/package.dsv
[12.295s] -- Installing: /home/maki/ros2_ws/install/more_interfaces/share/ament_index/resource_index/packages/more_interfaces
[12.295s] -- Installing: /home/maki/ros2_ws/install/more_interfaces/share/more_interfaces/cmake/export_more_interfaces__rosidl_generator_cExport.cmake
[12.295s] -- Installing: /home/maki/ros2_ws/install/more_interfaces/share/more_interfaces/cmake/export_more_interfaces__rosidl_generator_cExport-noconfig.cmake
[12.295s] -- Installing: /home/maki/ros2_ws/install/more_interfaces/share/more_interfaces/cmake/export_more_interfaces__rosidl_typesupport_fastrtps_cExport.cmake
[12.295s] -- Installing: /home/maki/ros2_ws/install/more_interfaces/share/more_interfaces/cmake/export_more_interfaces__rosidl_typesupport_fastrtps_cExport-noconfig.cmake
[12.296s] -- Installing: /home/maki/ros2_ws/install/more_interfaces/share/more_interfaces/cmake/more_interfaces__rosidl_typesupport_introspection_cExport.cmake
[12.296s] -- Installing: /home/maki/ros2_ws/install/more_interfaces/share/more_interfaces/cmake/more_interfaces__rosidl_typesupport_introspection_cExport-noconfig.cmake
[12.296s] -- Installing: /home/maki/ros2_ws/install/more_interfaces/share/more_interfaces/cmake/more_interfaces__rosidl_typesupport_cExport.cmake
[12.296s] -- Installing: /home/maki/ros2_ws/install/more_interfaces/share/more_interfaces/cmake/more_interfaces__rosidl_typesupport_cExport-noconfig.cmake
[12.296s] -- Installing: /home/maki/ros2_ws/install/more_interfaces/share/more_interfaces/cmake/export_more_interfaces__rosidl_generator_cppExport.cmake
[12.296s] -- Installing: /home/maki/ros2_ws/install/more_interfaces/share/more_interfaces/cmake/export_more_interfaces__rosidl_typesupport_fastrtps_cppExport.cmake
[12.297s] -- Installing: /home/maki/ros2_ws/install/more_interfaces/share/more_interfaces/cmake/export_more_interfaces__rosidl_typesupport_fastrtps_cppExport-noconfig.cmake
[12.297s] -- Installing: /home/maki/ros2_ws/install/more_interfaces/share/more_interfaces/cmake/more_interfaces__rosidl_typesupport_introspection_cppExport.cmake
[12.297s] -- Installing: /home/maki/ros2_ws/install/more_interfaces/share/more_interfaces/cmake/more_interfaces__rosidl_typesupport_introspection_cppExport-noconfig.cmake
[12.297s] -- Installing: /home/maki/ros2_ws/install/more_interfaces/share/more_interfaces/cmake/more_interfaces__rosidl_typesupport_cppExport.cmake
[12.297s] -- Installing: /home/maki/ros2_ws/install/more_interfaces/share/more_interfaces/cmake/more_interfaces__rosidl_typesupport_cppExport-noconfig.cmake
[12.298s] -- Installing: /home/maki/ros2_ws/install/more_interfaces/share/more_interfaces/cmake/export_more_interfaces__rosidl_generator_pyExport.cmake
[12.298s] -- Installing: /home/maki/ros2_ws/install/more_interfaces/share/more_interfaces/cmake/export_more_interfaces__rosidl_generator_pyExport-noconfig.cmake
[12.298s] -- Installing: /home/maki/ros2_ws/install/more_interfaces/share/more_interfaces/cmake/rosidl_cmake-extras.cmake
[12.298s] -- Installing: /home/maki/ros2_ws/install/more_interfaces/share/more_interfaces/cmake/ament_cmake_export_include_directories-extras.cmake
[12.298s] -- Installing: /home/maki/ros2_ws/install/more_interfaces/share/more_interfaces/cmake/ament_cmake_export_libraries-extras.cmake
[12.298s] -- Installing: /home/maki/ros2_ws/install/more_interfaces/share/more_interfaces/cmake/ament_cmake_export_targets-extras.cmake
[12.299s] -- Installing: /home/maki/ros2_ws/install/more_interfaces/share/more_interfaces/cmake/rosidl_cmake_export_typesupport_targets-extras.cmake
[12.299s] -- Installing: /home/maki/ros2_ws/install/more_interfaces/share/more_interfaces/cmake/ament_cmake_export_dependencies-extras.cmake
[12.299s] -- Installing: /home/maki/ros2_ws/install/more_interfaces/share/more_interfaces/cmake/rosidl_cmake_export_typesupport_libraries-extras.cmake
[12.299s] -- Installing: /home/maki/ros2_ws/install/more_interfaces/share/more_interfaces/cmake/more_interfacesConfig.cmake
[12.299s] -- Installing: /home/maki/ros2_ws/install/more_interfaces/share/more_interfaces/cmake/more_interfacesConfig-version.cmake
[12.299s] -- Installing: /home/maki/ros2_ws/install/more_interfaces/share/more_interfaces/package.xml
[12.302s] Invoked command in '/home/maki/ros2_ws/build/more_interfaces' returned '0': CMAKE_PREFIX_PATH=/opt/ros/humble /usr/bin/cmake --install /home/maki/ros2_ws/build/more_interfaces
