[0.021s] Invoking command in '/home/maki/ros2_ws/build/cpp_topic_practice': CMAKE_PREFIX_PATH=${CMAKE_PREFIX_PATH}:/opt/ros/humble /usr/bin/cmake --build /home/maki/ros2_ws/build/cpp_topic_practice -- -j12 -l12
[0.048s] Invoked command in '/home/maki/ros2_ws/build/cpp_topic_practice' returned '0': CMAKE_PREFIX_PATH=${CMAKE_PREFIX_PATH}:/opt/ros/humble /usr/bin/cmake --build /home/maki/ros2_ws/build/cpp_topic_practice -- -j12 -l12
[0.086s] Invoking command in '/home/maki/ros2_ws/build/cpp_topic_practice': CMAKE_PREFIX_PATH=${CMAKE_PREFIX_PATH}:/opt/ros/humble /usr/bin/cmake --install /home/maki/ros2_ws/build/cpp_topic_practice
[0.094s] -- Install configuration: ""
[0.094s] -- Up-to-date: /home/maki/ros2_ws/install/cpp_topic_practice/share/ament_index/resource_index/package_run_dependencies/cpp_topic_practice
[0.094s] -- Up-to-date: /home/maki/ros2_ws/install/cpp_topic_practice/share/ament_index/resource_index/parent_prefix_path/cpp_topic_practice
[0.095s] -- Up-to-date: /home/maki/ros2_ws/install/cpp_topic_practice/share/cpp_topic_practice/environment/ament_prefix_path.sh
[0.095s] -- Up-to-date: /home/maki/ros2_ws/install/cpp_topic_practice/share/cpp_topic_practice/environment/ament_prefix_path.dsv
[0.095s] -- Up-to-date: /home/maki/ros2_ws/install/cpp_topic_practice/share/cpp_topic_practice/environment/path.sh
[0.095s] -- Up-to-date: /home/maki/ros2_ws/install/cpp_topic_practice/share/cpp_topic_practice/environment/path.dsv
[0.095s] -- Up-to-date: /home/maki/ros2_ws/install/cpp_topic_practice/share/cpp_topic_practice/local_setup.bash
[0.095s] -- Up-to-date: /home/maki/ros2_ws/install/cpp_topic_practice/share/cpp_topic_practice/local_setup.sh
[0.095s] -- Up-to-date: /home/maki/ros2_ws/install/cpp_topic_practice/share/cpp_topic_practice/local_setup.zsh
[0.095s] -- Up-to-date: /home/maki/ros2_ws/install/cpp_topic_practice/share/cpp_topic_practice/local_setup.dsv
[0.095s] -- Up-to-date: /home/maki/ros2_ws/install/cpp_topic_practice/share/cpp_topic_practice/package.dsv
[0.095s] -- Up-to-date: /home/maki/ros2_ws/install/cpp_topic_practice/share/ament_index/resource_index/packages/cpp_topic_practice
[0.096s] -- Up-to-date: /home/maki/ros2_ws/install/cpp_topic_practice/share/cpp_topic_practice/cmake/cpp_topic_practiceConfig.cmake
[0.096s] -- Up-to-date: /home/maki/ros2_ws/install/cpp_topic_practice/share/cpp_topic_practice/cmake/cpp_topic_practiceConfig-version.cmake
[0.096s] -- Up-to-date: /home/maki/ros2_ws/install/cpp_topic_practice/share/cpp_topic_practice/package.xml
[0.103s] Invoked command in '/home/maki/ros2_ws/build/cpp_topic_practice' returned '0': CMAKE_PREFIX_PATH=${CMAKE_PREFIX_PATH}:/opt/ros/humble /usr/bin/cmake --install /home/maki/ros2_ws/build/cpp_topic_practice
