[0.025s] Invoking command in '/home/maki/ros2_ws/build/cpp_server_client': CMAKE_PREFIX_PATH=${CMAKE_PREFIX_PATH}:/opt/ros/humble /usr/bin/cmake --build /home/maki/ros2_ws/build/cpp_server_client -- -j12 -l12
[0.076s] [  8%] Built target cpp_server_client__cpp
[0.076s] [ 11%] Built target cpp_server_client__rosidl_generator_c
[0.087s] [ 11%] Built target ament_cmake_python_copy_cpp_server_client
[0.102s] [ 20%] Built target cpp_server_client__rosidl_typesupport_cpp
[0.102s] [ 28%] Built target cpp_server_client__rosidl_typesupport_fastrtps_c
[0.104s] [ 37%] Built target cpp_server_client__rosidl_typesupport_introspection_c
[0.106s] [ 54%] Built target cpp_server_client__rosidl_typesupport_fastrtps_cpp
[0.106s] [ 54%] Built target cpp_server_client__rosidl_typesupport_c
[0.107s] [ 62%] Built target cpp_server_client__rosidl_typesupport_introspection_cpp
[0.125s] [ 62%] Built target cpp_server_client
[0.129s] [ 71%] Built target practice_server_node
[0.129s] [ 74%] Built target practice_client_node
[0.144s] [ 77%] Built target cpp_server_client__py
[0.162s] [ 82%] Built target cpp_server_client__rosidl_generator_py
[0.181s] [ 88%] Built target cpp_server_client__rosidl_typesupport_c__pyext
[0.181s] [ 94%] Built target cpp_server_client__rosidl_typesupport_fastrtps_c__pyext
[0.181s] [100%] Built target cpp_server_client__rosidl_typesupport_introspection_c__pyext
[0.287s] running egg_info
[0.288s] writing cpp_server_client.egg-info/PKG-INFO
[0.288s] writing dependency_links to cpp_server_client.egg-info/dependency_links.txt
[0.288s] writing top-level names to cpp_server_client.egg-info/top_level.txt
[0.289s] reading manifest file 'cpp_server_client.egg-info/SOURCES.txt'
[0.290s] writing manifest file 'cpp_server_client.egg-info/SOURCES.txt'
[0.309s] [100%] Built target ament_cmake_python_build_cpp_server_client_egg
[0.316s] Invoked command in '/home/maki/ros2_ws/build/cpp_server_client' returned '0': CMAKE_PREFIX_PATH=${CMAKE_PREFIX_PATH}:/opt/ros/humble /usr/bin/cmake --build /home/maki/ros2_ws/build/cpp_server_client -- -j12 -l12
[0.354s] Invoking command in '/home/maki/ros2_ws/build/cpp_server_client': CMAKE_PREFIX_PATH=${CMAKE_PREFIX_PATH}:/opt/ros/humble /usr/bin/cmake --install /home/maki/ros2_ws/build/cpp_server_client
[0.359s] -- Install configuration: ""
[0.359s] -- Up-to-date: /home/maki/ros2_ws/install/cpp_server_client/share/ament_index/resource_index/rosidl_interfaces/cpp_server_client
[0.359s] -- Up-to-date: /home/maki/ros2_ws/install/cpp_server_client/include/cpp_server_client/cpp_server_client
[0.359s] -- Up-to-date: /home/maki/ros2_ws/install/cpp_server_client/include/cpp_server_client/cpp_server_client/srv
[0.359s] -- Up-to-date: /home/maki/ros2_ws/install/cpp_server_client/include/cpp_server_client/cpp_server_client/srv/detail
[0.360s] -- Up-to-date: /home/maki/ros2_ws/install/cpp_server_client/include/cpp_server_client/cpp_server_client/srv/detail/practice_srv__functions.c
[0.360s] -- Up-to-date: /home/maki/ros2_ws/install/cpp_server_client/include/cpp_server_client/cpp_server_client/srv/detail/practice_srv__struct.h
[0.360s] -- Up-to-date: /home/maki/ros2_ws/install/cpp_server_client/include/cpp_server_client/cpp_server_client/srv/detail/practice_srv__type_support.h
[0.360s] -- Up-to-date: /home/maki/ros2_ws/install/cpp_server_client/include/cpp_server_client/cpp_server_client/srv/detail/practice_srv__functions.h
[0.360s] -- Up-to-date: /home/maki/ros2_ws/install/cpp_server_client/include/cpp_server_client/cpp_server_client/srv/practice_srv.h
[0.361s] -- Up-to-date: /home/maki/ros2_ws/install/cpp_server_client/include/cpp_server_client/cpp_server_client/msg
[0.361s] -- Up-to-date: /home/maki/ros2_ws/install/cpp_server_client/include/cpp_server_client/cpp_server_client/msg/rosidl_generator_c__visibility_control.h
[0.361s] -- Up-to-date: /home/maki/ros2_ws/install/cpp_server_client/share/cpp_server_client/environment/library_path.sh
[0.361s] -- Up-to-date: /home/maki/ros2_ws/install/cpp_server_client/share/cpp_server_client/environment/library_path.dsv
[0.361s] -- Up-to-date: /home/maki/ros2_ws/install/cpp_server_client/lib/libcpp_server_client__rosidl_generator_c.so
[0.361s] -- Up-to-date: /home/maki/ros2_ws/install/cpp_server_client/include/cpp_server_client/cpp_server_client
[0.361s] -- Up-to-date: /home/maki/ros2_ws/install/cpp_server_client/include/cpp_server_client/cpp_server_client/srv
[0.361s] -- Up-to-date: /home/maki/ros2_ws/install/cpp_server_client/include/cpp_server_client/cpp_server_client/srv/detail
[0.362s] -- Up-to-date: /home/maki/ros2_ws/install/cpp_server_client/include/cpp_server_client/cpp_server_client/srv/detail/practice_srv__rosidl_typesupport_fastrtps_c.h
[0.362s] -- Up-to-date: /home/maki/ros2_ws/install/cpp_server_client/include/cpp_server_client/cpp_server_client/msg
[0.362s] -- Up-to-date: /home/maki/ros2_ws/install/cpp_server_client/include/cpp_server_client/cpp_server_client/msg/rosidl_typesupport_fastrtps_c__visibility_control.h
[0.362s] -- Up-to-date: /home/maki/ros2_ws/install/cpp_server_client/lib/libcpp_server_client__rosidl_typesupport_fastrtps_c.so
[0.362s] -- Up-to-date: /home/maki/ros2_ws/install/cpp_server_client/include/cpp_server_client/cpp_server_client
[0.362s] -- Up-to-date: /home/maki/ros2_ws/install/cpp_server_client/include/cpp_server_client/cpp_server_client/srv
[0.362s] -- Up-to-date: /home/maki/ros2_ws/install/cpp_server_client/include/cpp_server_client/cpp_server_client/srv/detail
[0.363s] -- Up-to-date: /home/maki/ros2_ws/install/cpp_server_client/include/cpp_server_client/cpp_server_client/srv/detail/practice_srv__traits.hpp
[0.363s] -- Up-to-date: /home/maki/ros2_ws/install/cpp_server_client/include/cpp_server_client/cpp_server_client/srv/detail/practice_srv__builder.hpp
[0.364s] -- Up-to-date: /home/maki/ros2_ws/install/cpp_server_client/include/cpp_server_client/cpp_server_client/srv/detail/practice_srv__struct.hpp
[0.364s] -- Up-to-date: /home/maki/ros2_ws/install/cpp_server_client/include/cpp_server_client/cpp_server_client/srv/practice_srv.hpp
[0.364s] -- Up-to-date: /home/maki/ros2_ws/install/cpp_server_client/include/cpp_server_client/cpp_server_client
[0.364s] -- Up-to-date: /home/maki/ros2_ws/install/cpp_server_client/include/cpp_server_client/cpp_server_client/srv
[0.364s] -- Up-to-date: /home/maki/ros2_ws/install/cpp_server_client/include/cpp_server_client/cpp_server_client/srv/detail
[0.364s] -- Up-to-date: /home/maki/ros2_ws/install/cpp_server_client/include/cpp_server_client/cpp_server_client/srv/detail/dds_fastrtps
[0.365s] -- Up-to-date: /home/maki/ros2_ws/install/cpp_server_client/include/cpp_server_client/cpp_server_client/srv/detail/practice_srv__rosidl_typesupport_fastrtps_cpp.hpp
[0.365s] -- Up-to-date: /home/maki/ros2_ws/install/cpp_server_client/include/cpp_server_client/cpp_server_client/msg
[0.365s] -- Up-to-date: /home/maki/ros2_ws/install/cpp_server_client/include/cpp_server_client/cpp_server_client/msg/rosidl_typesupport_fastrtps_cpp__visibility_control.h
[0.365s] -- Up-to-date: /home/maki/ros2_ws/install/cpp_server_client/lib/libcpp_server_client__rosidl_typesupport_fastrtps_cpp.so
[0.365s] -- Up-to-date: /home/maki/ros2_ws/install/cpp_server_client/include/cpp_server_client/cpp_server_client
[0.365s] -- Up-to-date: /home/maki/ros2_ws/install/cpp_server_client/include/cpp_server_client/cpp_server_client/srv
[0.366s] -- Up-to-date: /home/maki/ros2_ws/install/cpp_server_client/include/cpp_server_client/cpp_server_client/srv/detail
[0.366s] -- Up-to-date: /home/maki/ros2_ws/install/cpp_server_client/include/cpp_server_client/cpp_server_client/srv/detail/practice_srv__type_support.c
[0.366s] -- Up-to-date: /home/maki/ros2_ws/install/cpp_server_client/include/cpp_server_client/cpp_server_client/srv/detail/practice_srv__rosidl_typesupport_introspection_c.h
[0.366s] -- Up-to-date: /home/maki/ros2_ws/install/cpp_server_client/include/cpp_server_client/cpp_server_client/msg
[0.366s] -- Up-to-date: /home/maki/ros2_ws/install/cpp_server_client/include/cpp_server_client/cpp_server_client/msg/rosidl_typesupport_introspection_c__visibility_control.h
[0.366s] -- Up-to-date: /home/maki/ros2_ws/install/cpp_server_client/lib/libcpp_server_client__rosidl_typesupport_introspection_c.so
[0.366s] -- Up-to-date: /home/maki/ros2_ws/install/cpp_server_client/lib/libcpp_server_client__rosidl_typesupport_c.so
[0.367s] -- Up-to-date: /home/maki/ros2_ws/install/cpp_server_client/include/cpp_server_client/cpp_server_client
[0.367s] -- Up-to-date: /home/maki/ros2_ws/install/cpp_server_client/include/cpp_server_client/cpp_server_client/srv
[0.367s] -- Up-to-date: /home/maki/ros2_ws/install/cpp_server_client/include/cpp_server_client/cpp_server_client/srv/detail
[0.367s] -- Up-to-date: /home/maki/ros2_ws/install/cpp_server_client/include/cpp_server_client/cpp_server_client/srv/detail/practice_srv__type_support.cpp
[0.367s] -- Up-to-date: /home/maki/ros2_ws/install/cpp_server_client/include/cpp_server_client/cpp_server_client/srv/detail/practice_srv__rosidl_typesupport_introspection_cpp.hpp
[0.368s] -- Up-to-date: /home/maki/ros2_ws/install/cpp_server_client/lib/libcpp_server_client__rosidl_typesupport_introspection_cpp.so
[0.369s] -- Up-to-date: /home/maki/ros2_ws/install/cpp_server_client/lib/libcpp_server_client__rosidl_typesupport_cpp.so
[0.369s] -- Up-to-date: /home/maki/ros2_ws/install/cpp_server_client/share/cpp_server_client/environment/pythonpath.sh
[0.369s] -- Up-to-date: /home/maki/ros2_ws/install/cpp_server_client/share/cpp_server_client/environment/pythonpath.dsv
[0.369s] -- Up-to-date: /home/maki/ros2_ws/install/cpp_server_client/local/lib/python3.10/dist-packages/cpp_server_client-0.0.0-py3.10.egg-info
[0.370s] -- Installing: /home/maki/ros2_ws/install/cpp_server_client/local/lib/python3.10/dist-packages/cpp_server_client-0.0.0-py3.10.egg-info/SOURCES.txt
[0.370s] -- Installing: /home/maki/ros2_ws/install/cpp_server_client/local/lib/python3.10/dist-packages/cpp_server_client-0.0.0-py3.10.egg-info/PKG-INFO
[0.370s] -- Installing: /home/maki/ros2_ws/install/cpp_server_client/local/lib/python3.10/dist-packages/cpp_server_client-0.0.0-py3.10.egg-info/top_level.txt
[0.372s] -- Installing: /home/maki/ros2_ws/install/cpp_server_client/local/lib/python3.10/dist-packages/cpp_server_client-0.0.0-py3.10.egg-info/dependency_links.txt
[0.373s] -- Up-to-date: /home/maki/ros2_ws/install/cpp_server_client/local/lib/python3.10/dist-packages/cpp_server_client
[0.375s] -- Up-to-date: /home/maki/ros2_ws/install/cpp_server_client/local/lib/python3.10/dist-packages/cpp_server_client/cpp_server_client_s__rosidl_typesupport_introspection_c.cpython-310-x86_64-linux-gnu.so
[0.375s] -- Up-to-date: /home/maki/ros2_ws/install/cpp_server_client/local/lib/python3.10/dist-packages/cpp_server_client/cpp_server_client_s__rosidl_typesupport_fastrtps_c.cpython-310-x86_64-linux-gnu.so
[0.375s] -- Up-to-date: /home/maki/ros2_ws/install/cpp_server_client/local/lib/python3.10/dist-packages/cpp_server_client/_cpp_server_client_s.ep.rosidl_typesupport_fastrtps_c.c
[0.375s] -- Up-to-date: /home/maki/ros2_ws/install/cpp_server_client/local/lib/python3.10/dist-packages/cpp_server_client/__init__.py
[0.376s] -- Up-to-date: /home/maki/ros2_ws/install/cpp_server_client/local/lib/python3.10/dist-packages/cpp_server_client/_cpp_server_client_s.ep.rosidl_typesupport_introspection_c.c
[0.376s] -- Up-to-date: /home/maki/ros2_ws/install/cpp_server_client/local/lib/python3.10/dist-packages/cpp_server_client/_cpp_server_client_s.ep.rosidl_typesupport_c.c
[0.376s] -- Up-to-date: /home/maki/ros2_ws/install/cpp_server_client/local/lib/python3.10/dist-packages/cpp_server_client/cpp_server_client_s__rosidl_typesupport_c.cpython-310-x86_64-linux-gnu.so
[0.376s] -- Up-to-date: /home/maki/ros2_ws/install/cpp_server_client/local/lib/python3.10/dist-packages/cpp_server_client/srv
[0.377s] -- Up-to-date: /home/maki/ros2_ws/install/cpp_server_client/local/lib/python3.10/dist-packages/cpp_server_client/srv/__init__.py
[0.377s] -- Up-to-date: /home/maki/ros2_ws/install/cpp_server_client/local/lib/python3.10/dist-packages/cpp_server_client/srv/_practice_srv.py
[0.377s] -- Up-to-date: /home/maki/ros2_ws/install/cpp_server_client/local/lib/python3.10/dist-packages/cpp_server_client/srv/_practice_srv_s.c
[0.377s] -- Up-to-date: /home/maki/ros2_ws/install/cpp_server_client/local/lib/python3.10/dist-packages/cpp_server_client/libcpp_server_client__rosidl_generator_py.so
[0.389s] Listing '/home/maki/ros2_ws/install/cpp_server_client/local/lib/python3.10/dist-packages/cpp_server_client'...
[0.389s] Listing '/home/maki/ros2_ws/install/cpp_server_client/local/lib/python3.10/dist-packages/cpp_server_client/srv'...
[0.393s] -- Up-to-date: /home/maki/ros2_ws/install/cpp_server_client/local/lib/python3.10/dist-packages/cpp_server_client/cpp_server_client_s__rosidl_typesupport_fastrtps_c.cpython-310-x86_64-linux-gnu.so
[0.393s] -- Up-to-date: /home/maki/ros2_ws/install/cpp_server_client/local/lib/python3.10/dist-packages/cpp_server_client/cpp_server_client_s__rosidl_typesupport_introspection_c.cpython-310-x86_64-linux-gnu.so
[0.393s] -- Up-to-date: /home/maki/ros2_ws/install/cpp_server_client/local/lib/python3.10/dist-packages/cpp_server_client/cpp_server_client_s__rosidl_typesupport_c.cpython-310-x86_64-linux-gnu.so
[0.394s] -- Up-to-date: /home/maki/ros2_ws/install/cpp_server_client/lib/libcpp_server_client__rosidl_generator_py.so
[0.394s] -- Up-to-date: /home/maki/ros2_ws/install/cpp_server_client/share/cpp_server_client/srv/PracticeSrv.idl
[0.394s] -- Up-to-date: /home/maki/ros2_ws/install/cpp_server_client/share/cpp_server_client/srv/PracticeSrv.srv
[0.394s] -- Up-to-date: /home/maki/ros2_ws/install/cpp_server_client/share/cpp_server_client/srv/PracticeSrv_Request.msg
[0.394s] -- Up-to-date: /home/maki/ros2_ws/install/cpp_server_client/share/cpp_server_client/srv/PracticeSrv_Response.msg
[0.394s] -- Up-to-date: /home/maki/ros2_ws/install/cpp_server_client/lib/cpp_server_client/practice_server_node
[0.394s] -- Up-to-date: /home/maki/ros2_ws/install/cpp_server_client/lib/cpp_server_client/practice_client_node
[0.395s] -- Up-to-date: /home/maki/ros2_ws/install/cpp_server_client/share/ament_index/resource_index/package_run_dependencies/cpp_server_client
[0.395s] -- Up-to-date: /home/maki/ros2_ws/install/cpp_server_client/share/ament_index/resource_index/parent_prefix_path/cpp_server_client
[0.395s] -- Up-to-date: /home/maki/ros2_ws/install/cpp_server_client/share/cpp_server_client/environment/ament_prefix_path.sh
[0.395s] -- Up-to-date: /home/maki/ros2_ws/install/cpp_server_client/share/cpp_server_client/environment/ament_prefix_path.dsv
[0.395s] -- Up-to-date: /home/maki/ros2_ws/install/cpp_server_client/share/cpp_server_client/environment/path.sh
[0.395s] -- Up-to-date: /home/maki/ros2_ws/install/cpp_server_client/share/cpp_server_client/environment/path.dsv
[0.395s] -- Up-to-date: /home/maki/ros2_ws/install/cpp_server_client/share/cpp_server_client/local_setup.bash
[0.396s] -- Up-to-date: /home/maki/ros2_ws/install/cpp_server_client/share/cpp_server_client/local_setup.sh
[0.396s] -- Up-to-date: /home/maki/ros2_ws/install/cpp_server_client/share/cpp_server_client/local_setup.zsh
[0.396s] -- Up-to-date: /home/maki/ros2_ws/install/cpp_server_client/share/cpp_server_client/local_setup.dsv
[0.396s] -- Installing: /home/maki/ros2_ws/install/cpp_server_client/share/cpp_server_client/package.dsv
[0.396s] -- Up-to-date: /home/maki/ros2_ws/install/cpp_server_client/share/ament_index/resource_index/packages/cpp_server_client
[0.396s] -- Up-to-date: /home/maki/ros2_ws/install/cpp_server_client/share/cpp_server_client/cmake/export_cpp_server_client__rosidl_generator_cExport.cmake
[0.396s] -- Up-to-date: /home/maki/ros2_ws/install/cpp_server_client/share/cpp_server_client/cmake/export_cpp_server_client__rosidl_generator_cExport-noconfig.cmake
[0.396s] -- Up-to-date: /home/maki/ros2_ws/install/cpp_server_client/share/cpp_server_client/cmake/export_cpp_server_client__rosidl_typesupport_fastrtps_cExport.cmake
[0.397s] -- Up-to-date: /home/maki/ros2_ws/install/cpp_server_client/share/cpp_server_client/cmake/export_cpp_server_client__rosidl_typesupport_fastrtps_cExport-noconfig.cmake
[0.397s] -- Up-to-date: /home/maki/ros2_ws/install/cpp_server_client/share/cpp_server_client/cmake/export_cpp_server_client__rosidl_generator_cppExport.cmake
[0.397s] -- Up-to-date: /home/maki/ros2_ws/install/cpp_server_client/share/cpp_server_client/cmake/export_cpp_server_client__rosidl_typesupport_fastrtps_cppExport.cmake
[0.397s] -- Up-to-date: /home/maki/ros2_ws/install/cpp_server_client/share/cpp_server_client/cmake/export_cpp_server_client__rosidl_typesupport_fastrtps_cppExport-noconfig.cmake
[0.397s] -- Up-to-date: /home/maki/ros2_ws/install/cpp_server_client/share/cpp_server_client/cmake/cpp_server_client__rosidl_typesupport_introspection_cExport.cmake
[0.397s] -- Up-to-date: /home/maki/ros2_ws/install/cpp_server_client/share/cpp_server_client/cmake/cpp_server_client__rosidl_typesupport_introspection_cExport-noconfig.cmake
[0.397s] -- Up-to-date: /home/maki/ros2_ws/install/cpp_server_client/share/cpp_server_client/cmake/cpp_server_client__rosidl_typesupport_cExport.cmake
[0.397s] -- Up-to-date: /home/maki/ros2_ws/install/cpp_server_client/share/cpp_server_client/cmake/cpp_server_client__rosidl_typesupport_cExport-noconfig.cmake
[0.397s] -- Up-to-date: /home/maki/ros2_ws/install/cpp_server_client/share/cpp_server_client/cmake/cpp_server_client__rosidl_typesupport_introspection_cppExport.cmake
[0.398s] -- Up-to-date: /home/maki/ros2_ws/install/cpp_server_client/share/cpp_server_client/cmake/cpp_server_client__rosidl_typesupport_introspection_cppExport-noconfig.cmake
[0.398s] -- Up-to-date: /home/maki/ros2_ws/install/cpp_server_client/share/cpp_server_client/cmake/cpp_server_client__rosidl_typesupport_cppExport.cmake
[0.398s] -- Up-to-date: /home/maki/ros2_ws/install/cpp_server_client/share/cpp_server_client/cmake/cpp_server_client__rosidl_typesupport_cppExport-noconfig.cmake
[0.398s] -- Up-to-date: /home/maki/ros2_ws/install/cpp_server_client/share/cpp_server_client/cmake/export_cpp_server_client__rosidl_generator_pyExport.cmake
[0.399s] -- Up-to-date: /home/maki/ros2_ws/install/cpp_server_client/share/cpp_server_client/cmake/export_cpp_server_client__rosidl_generator_pyExport-noconfig.cmake
[0.399s] -- Up-to-date: /home/maki/ros2_ws/install/cpp_server_client/share/cpp_server_client/cmake/rosidl_cmake-extras.cmake
[0.399s] -- Up-to-date: /home/maki/ros2_ws/install/cpp_server_client/share/cpp_server_client/cmake/ament_cmake_export_include_directories-extras.cmake
[0.399s] -- Up-to-date: /home/maki/ros2_ws/install/cpp_server_client/share/cpp_server_client/cmake/ament_cmake_export_libraries-extras.cmake
[0.400s] -- Up-to-date: /home/maki/ros2_ws/install/cpp_server_client/share/cpp_server_client/cmake/ament_cmake_export_targets-extras.cmake
[0.400s] -- Up-to-date: /home/maki/ros2_ws/install/cpp_server_client/share/cpp_server_client/cmake/rosidl_cmake_export_typesupport_targets-extras.cmake
[0.400s] -- Up-to-date: /home/maki/ros2_ws/install/cpp_server_client/share/cpp_server_client/cmake/ament_cmake_export_dependencies-extras.cmake
[0.400s] -- Up-to-date: /home/maki/ros2_ws/install/cpp_server_client/share/cpp_server_client/cmake/rosidl_cmake_export_typesupport_libraries-extras.cmake
[0.400s] -- Up-to-date: /home/maki/ros2_ws/install/cpp_server_client/share/cpp_server_client/cmake/cpp_server_clientConfig.cmake
[0.401s] -- Up-to-date: /home/maki/ros2_ws/install/cpp_server_client/share/cpp_server_client/cmake/cpp_server_clientConfig-version.cmake
[0.401s] -- Up-to-date: /home/maki/ros2_ws/install/cpp_server_client/share/cpp_server_client/package.xml
[0.401s] Invoked command in '/home/maki/ros2_ws/build/cpp_server_client' returned '0': CMAKE_PREFIX_PATH=${CMAKE_PREFIX_PATH}:/opt/ros/humble /usr/bin/cmake --install /home/maki/ros2_ws/build/cpp_server_client
