[0.139s] Invoking command in '/home/maki/ros2_ws/build/cpp_pubsub': CMAKE_PREFIX_PATH=/opt/ros/humble /usr/bin/cmake --build /home/maki/ros2_ws/build/cpp_pubsub -- -j12 -l12
[0.183s] [35m[1mConsolidate compiler generated dependencies of target talker[0m
[0.187s] [35m[1mConsolidate compiler generated dependencies of target listener_with_topic_statistics[0m
[0.191s] [35m[1mConsolidate compiler generated dependencies of target listener[0m
[0.209s] [ 33%] Built target talker
[0.216s] [ 66%] Built target listener_with_topic_statistics
[0.223s] [100%] Built target listener
[0.242s] Invoked command in '/home/maki/ros2_ws/build/cpp_pubsub' returned '0': CMAKE_PREFIX_PATH=/opt/ros/humble /usr/bin/cmake --build /home/maki/ros2_ws/build/cpp_pubsub -- -j12 -l12
[0.522s] Invoking command in '/home/maki/ros2_ws/build/cpp_pubsub': CMAKE_PREFIX_PATH=/opt/ros/humble /usr/bin/cmake --install /home/maki/ros2_ws/build/cpp_pubsub
[0.561s] -- Install configuration: ""
[0.561s] -- Up-to-date: /home/maki/ros2_ws/install/cpp_pubsub/lib/cpp_pubsub/talker
[0.561s] -- Up-to-date: /home/maki/ros2_ws/install/cpp_pubsub/lib/cpp_pubsub/listener
[0.562s] -- Up-to-date: /home/maki/ros2_ws/install/cpp_pubsub/lib/cpp_pubsub/listener_with_topic_statistics
[0.562s] -- Up-to-date: /home/maki/ros2_ws/install/cpp_pubsub/share/ament_index/resource_index/package_run_dependencies/cpp_pubsub
[0.562s] -- Up-to-date: /home/maki/ros2_ws/install/cpp_pubsub/share/ament_index/resource_index/parent_prefix_path/cpp_pubsub
[0.562s] -- Up-to-date: /home/maki/ros2_ws/install/cpp_pubsub/share/cpp_pubsub/environment/ament_prefix_path.sh
[0.563s] -- Up-to-date: /home/maki/ros2_ws/install/cpp_pubsub/share/cpp_pubsub/environment/ament_prefix_path.dsv
[0.563s] -- Up-to-date: /home/maki/ros2_ws/install/cpp_pubsub/share/cpp_pubsub/environment/path.sh
[0.563s] -- Up-to-date: /home/maki/ros2_ws/install/cpp_pubsub/share/cpp_pubsub/environment/path.dsv
[0.563s] -- Up-to-date: /home/maki/ros2_ws/install/cpp_pubsub/share/cpp_pubsub/local_setup.bash
[0.563s] -- Up-to-date: /home/maki/ros2_ws/install/cpp_pubsub/share/cpp_pubsub/local_setup.sh
[0.564s] -- Up-to-date: /home/maki/ros2_ws/install/cpp_pubsub/share/cpp_pubsub/local_setup.zsh
[0.564s] -- Up-to-date: /home/maki/ros2_ws/install/cpp_pubsub/share/cpp_pubsub/local_setup.dsv
[0.564s] -- Installing: /home/maki/ros2_ws/install/cpp_pubsub/share/cpp_pubsub/package.dsv
[0.565s] -- Up-to-date: /home/maki/ros2_ws/install/cpp_pubsub/share/ament_index/resource_index/packages/cpp_pubsub
[0.565s] -- Up-to-date: /home/maki/ros2_ws/install/cpp_pubsub/share/cpp_pubsub/cmake/cpp_pubsubConfig.cmake
[0.565s] -- Up-to-date: /home/maki/ros2_ws/install/cpp_pubsub/share/cpp_pubsub/cmake/cpp_pubsubConfig-version.cmake
[0.565s] -- Up-to-date: /home/maki/ros2_ws/install/cpp_pubsub/share/cpp_pubsub/package.xml
[0.742s] Invoked command in '/home/maki/ros2_ws/build/cpp_pubsub' returned '0': CMAKE_PREFIX_PATH=/opt/ros/humble /usr/bin/cmake --install /home/maki/ros2_ws/build/cpp_pubsub
