[0.084s] Invoking command in '/home/maki/ros2_ws/build/cpp_topic_pubsub': CMAKE_PREFIX_PATH=/opt/ros/humble /usr/bin/cmake --build /home/maki/ros2_ws/build/cpp_topic_pubsub -- -j12 -l12
[0.129s] [35m[1mConsolidate compiler generated dependencies of target cpp_topic_pubsub__rosidl_generator_c[0m
[0.140s] [  8%] Built target cpp_topic_pubsub__rosidl_generator_c
[0.152s] [ 11%] Built target cpp_topic_pubsub__cpp
[0.158s] [35m[1mConsolidate compiler generated dependencies of target cpp_topic_pubsub__rosidl_typesupport_fastrtps_c[0m
[0.159s] [35m[1mConsolidate compiler generated dependencies of target cpp_topic_pubsub__rosidl_typesupport_introspection_c[0m
[0.166s] [ 11%] Built target ament_cmake_python_copy_cpp_topic_pubsub
[0.169s] [35m[1mConsolidate compiler generated dependencies of target cpp_topic_pubsub__rosidl_typesupport_c[0m
[0.181s] [ 20%] Built target cpp_topic_pubsub__rosidl_typesupport_c
[0.181s] [ 28%] Built target cpp_topic_pubsub__rosidl_typesupport_fastrtps_c
[0.200s] [ 37%] Built target cpp_topic_pubsub__rosidl_typesupport_introspection_c
[0.202s] [35m[1mConsolidate compiler generated dependencies of target cpp_topic_pubsub__rosidl_typesupport_introspection_cpp[0m
[0.202s] [35m[1mConsolidate compiler generated dependencies of target cpp_topic_pubsub__rosidl_typesupport_fastrtps_cpp[0m
[0.203s] [35m[1mConsolidate compiler generated dependencies of target cpp_topic_pubsub__rosidl_typesupport_cpp[0m
[0.220s] [ 45%] Built target cpp_topic_pubsub__rosidl_typesupport_cpp
[0.220s] [ 54%] Built target cpp_topic_pubsub__rosidl_typesupport_introspection_cpp
[0.222s] [ 62%] Built target cpp_topic_pubsub__rosidl_typesupport_fastrtps_cpp
[0.238s] [35m[1mConsolidate compiler generated dependencies of target practice_subscriber_node[0m
[0.241s] [35m[1mConsolidate compiler generated dependencies of target practice_publisher_node[0m
[0.254s] [ 62%] Built target cpp_topic_pubsub
[0.257s] [ 68%] Built target practice_subscriber_node
[0.261s] [ 74%] Built target practice_publisher_node
[0.273s] [ 77%] Built target cpp_topic_pubsub__py
[0.282s] [35m[1mConsolidate compiler generated dependencies of target cpp_topic_pubsub__rosidl_generator_py[0m
[0.294s] [ 82%] Built target cpp_topic_pubsub__rosidl_generator_py
[0.303s] [35m[1mConsolidate compiler generated dependencies of target cpp_topic_pubsub__rosidl_typesupport_introspection_c__pyext[0m
[0.304s] [35m[1mConsolidate compiler generated dependencies of target cpp_topic_pubsub__rosidl_typesupport_c__pyext[0m
[0.306s] [35m[1mConsolidate compiler generated dependencies of target cpp_topic_pubsub__rosidl_typesupport_fastrtps_c__pyext[0m
[0.315s] [ 88%] Built target cpp_topic_pubsub__rosidl_typesupport_fastrtps_c__pyext
[0.315s] [ 94%] Built target cpp_topic_pubsub__rosidl_typesupport_c__pyext
[0.316s] [100%] Built target cpp_topic_pubsub__rosidl_typesupport_introspection_c__pyext
[0.449s] running egg_info
[0.450s] writing cpp_topic_pubsub.egg-info/PKG-INFO
[0.451s] writing dependency_links to cpp_topic_pubsub.egg-info/dependency_links.txt
[0.451s] writing top-level names to cpp_topic_pubsub.egg-info/top_level.txt
[0.452s] reading manifest file 'cpp_topic_pubsub.egg-info/SOURCES.txt'
[0.452s] writing manifest file 'cpp_topic_pubsub.egg-info/SOURCES.txt'
[0.474s] [100%] Built target ament_cmake_python_build_cpp_topic_pubsub_egg
[0.703s] Invoked command in '/home/maki/ros2_ws/build/cpp_topic_pubsub' returned '0': CMAKE_PREFIX_PATH=/opt/ros/humble /usr/bin/cmake --build /home/maki/ros2_ws/build/cpp_topic_pubsub -- -j12 -l12
[0.869s] Invoking command in '/home/maki/ros2_ws/build/cpp_topic_pubsub': CMAKE_PREFIX_PATH=/opt/ros/humble /usr/bin/cmake --install /home/maki/ros2_ws/build/cpp_topic_pubsub
[0.900s] -- Install configuration: ""
[0.900s] -- Up-to-date: /home/maki/ros2_ws/install/cpp_topic_pubsub/share/ament_index/resource_index/rosidl_interfaces/cpp_topic_pubsub
[0.900s] -- Up-to-date: /home/maki/ros2_ws/install/cpp_topic_pubsub/include/cpp_topic_pubsub/cpp_topic_pubsub
[0.901s] -- Up-to-date: /home/maki/ros2_ws/install/cpp_topic_pubsub/include/cpp_topic_pubsub/cpp_topic_pubsub/msg
[0.902s] -- Up-to-date: /home/maki/ros2_ws/install/cpp_topic_pubsub/include/cpp_topic_pubsub/cpp_topic_pubsub/msg/detail
[0.902s] -- Up-to-date: /home/maki/ros2_ws/install/cpp_topic_pubsub/include/cpp_topic_pubsub/cpp_topic_pubsub/msg/detail/practice_msg__functions.c
[0.902s] -- Up-to-date: /home/maki/ros2_ws/install/cpp_topic_pubsub/include/cpp_topic_pubsub/cpp_topic_pubsub/msg/detail/practice_msg__struct.h
[0.902s] -- Up-to-date: /home/maki/ros2_ws/install/cpp_topic_pubsub/include/cpp_topic_pubsub/cpp_topic_pubsub/msg/detail/practice_msg__functions.h
[0.903s] -- Up-to-date: /home/maki/ros2_ws/install/cpp_topic_pubsub/include/cpp_topic_pubsub/cpp_topic_pubsub/msg/detail/practice_msg__type_support.h
[0.903s] -- Up-to-date: /home/maki/ros2_ws/install/cpp_topic_pubsub/include/cpp_topic_pubsub/cpp_topic_pubsub/msg/rosidl_generator_c__visibility_control.h
[0.903s] -- Up-to-date: /home/maki/ros2_ws/install/cpp_topic_pubsub/include/cpp_topic_pubsub/cpp_topic_pubsub/msg/practice_msg.h
[0.903s] -- Up-to-date: /home/maki/ros2_ws/install/cpp_topic_pubsub/share/cpp_topic_pubsub/environment/library_path.sh
[0.903s] -- Up-to-date: /home/maki/ros2_ws/install/cpp_topic_pubsub/share/cpp_topic_pubsub/environment/library_path.dsv
[0.903s] -- Up-to-date: /home/maki/ros2_ws/install/cpp_topic_pubsub/lib/libcpp_topic_pubsub__rosidl_generator_c.so
[0.903s] -- Up-to-date: /home/maki/ros2_ws/install/cpp_topic_pubsub/include/cpp_topic_pubsub/cpp_topic_pubsub
[0.904s] -- Up-to-date: /home/maki/ros2_ws/install/cpp_topic_pubsub/include/cpp_topic_pubsub/cpp_topic_pubsub/msg
[0.904s] -- Up-to-date: /home/maki/ros2_ws/install/cpp_topic_pubsub/include/cpp_topic_pubsub/cpp_topic_pubsub/msg/detail
[0.904s] -- Up-to-date: /home/maki/ros2_ws/install/cpp_topic_pubsub/include/cpp_topic_pubsub/cpp_topic_pubsub/msg/detail/practice_msg__rosidl_typesupport_fastrtps_c.h
[0.904s] -- Up-to-date: /home/maki/ros2_ws/install/cpp_topic_pubsub/include/cpp_topic_pubsub/cpp_topic_pubsub/msg/rosidl_typesupport_fastrtps_c__visibility_control.h
[0.904s] -- Up-to-date: /home/maki/ros2_ws/install/cpp_topic_pubsub/lib/libcpp_topic_pubsub__rosidl_typesupport_fastrtps_c.so
[0.904s] -- Up-to-date: /home/maki/ros2_ws/install/cpp_topic_pubsub/include/cpp_topic_pubsub/cpp_topic_pubsub
[0.904s] -- Up-to-date: /home/maki/ros2_ws/install/cpp_topic_pubsub/include/cpp_topic_pubsub/cpp_topic_pubsub/msg
[0.904s] -- Up-to-date: /home/maki/ros2_ws/install/cpp_topic_pubsub/include/cpp_topic_pubsub/cpp_topic_pubsub/msg/detail
[0.905s] -- Up-to-date: /home/maki/ros2_ws/install/cpp_topic_pubsub/include/cpp_topic_pubsub/cpp_topic_pubsub/msg/detail/practice_msg__traits.hpp
[0.905s] -- Up-to-date: /home/maki/ros2_ws/install/cpp_topic_pubsub/include/cpp_topic_pubsub/cpp_topic_pubsub/msg/detail/practice_msg__builder.hpp
[0.905s] -- Up-to-date: /home/maki/ros2_ws/install/cpp_topic_pubsub/include/cpp_topic_pubsub/cpp_topic_pubsub/msg/detail/practice_msg__struct.hpp
[0.905s] -- Up-to-date: /home/maki/ros2_ws/install/cpp_topic_pubsub/include/cpp_topic_pubsub/cpp_topic_pubsub/msg/practice_msg.hpp
[0.905s] -- Up-to-date: /home/maki/ros2_ws/install/cpp_topic_pubsub/include/cpp_topic_pubsub/cpp_topic_pubsub
[0.905s] -- Up-to-date: /home/maki/ros2_ws/install/cpp_topic_pubsub/include/cpp_topic_pubsub/cpp_topic_pubsub/msg
[0.905s] -- Up-to-date: /home/maki/ros2_ws/install/cpp_topic_pubsub/include/cpp_topic_pubsub/cpp_topic_pubsub/msg/detail
[0.905s] -- Up-to-date: /home/maki/ros2_ws/install/cpp_topic_pubsub/include/cpp_topic_pubsub/cpp_topic_pubsub/msg/detail/dds_fastrtps
[0.906s] -- Up-to-date: /home/maki/ros2_ws/install/cpp_topic_pubsub/include/cpp_topic_pubsub/cpp_topic_pubsub/msg/detail/practice_msg__rosidl_typesupport_fastrtps_cpp.hpp
[0.906s] -- Up-to-date: /home/maki/ros2_ws/install/cpp_topic_pubsub/include/cpp_topic_pubsub/cpp_topic_pubsub/msg/rosidl_typesupport_fastrtps_cpp__visibility_control.h
[0.906s] -- Up-to-date: /home/maki/ros2_ws/install/cpp_topic_pubsub/lib/libcpp_topic_pubsub__rosidl_typesupport_fastrtps_cpp.so
[0.906s] -- Up-to-date: /home/maki/ros2_ws/install/cpp_topic_pubsub/include/cpp_topic_pubsub/cpp_topic_pubsub
[0.906s] -- Up-to-date: /home/maki/ros2_ws/install/cpp_topic_pubsub/include/cpp_topic_pubsub/cpp_topic_pubsub/msg
[0.907s] -- Up-to-date: /home/maki/ros2_ws/install/cpp_topic_pubsub/include/cpp_topic_pubsub/cpp_topic_pubsub/msg/detail
[0.907s] -- Up-to-date: /home/maki/ros2_ws/install/cpp_topic_pubsub/include/cpp_topic_pubsub/cpp_topic_pubsub/msg/detail/practice_msg__type_support.c
[0.907s] -- Up-to-date: /home/maki/ros2_ws/install/cpp_topic_pubsub/include/cpp_topic_pubsub/cpp_topic_pubsub/msg/detail/practice_msg__rosidl_typesupport_introspection_c.h
[0.907s] -- Up-to-date: /home/maki/ros2_ws/install/cpp_topic_pubsub/include/cpp_topic_pubsub/cpp_topic_pubsub/msg/rosidl_typesupport_introspection_c__visibility_control.h
[0.907s] -- Up-to-date: /home/maki/ros2_ws/install/cpp_topic_pubsub/lib/libcpp_topic_pubsub__rosidl_typesupport_introspection_c.so
[0.908s] -- Up-to-date: /home/maki/ros2_ws/install/cpp_topic_pubsub/lib/libcpp_topic_pubsub__rosidl_typesupport_c.so
[0.908s] -- Up-to-date: /home/maki/ros2_ws/install/cpp_topic_pubsub/include/cpp_topic_pubsub/cpp_topic_pubsub
[0.908s] -- Up-to-date: /home/maki/ros2_ws/install/cpp_topic_pubsub/include/cpp_topic_pubsub/cpp_topic_pubsub/msg
[0.908s] -- Up-to-date: /home/maki/ros2_ws/install/cpp_topic_pubsub/include/cpp_topic_pubsub/cpp_topic_pubsub/msg/detail
[0.908s] -- Up-to-date: /home/maki/ros2_ws/install/cpp_topic_pubsub/include/cpp_topic_pubsub/cpp_topic_pubsub/msg/detail/practice_msg__rosidl_typesupport_introspection_cpp.hpp
[0.909s] -- Up-to-date: /home/maki/ros2_ws/install/cpp_topic_pubsub/include/cpp_topic_pubsub/cpp_topic_pubsub/msg/detail/practice_msg__type_support.cpp
[0.909s] -- Up-to-date: /home/maki/ros2_ws/install/cpp_topic_pubsub/lib/libcpp_topic_pubsub__rosidl_typesupport_introspection_cpp.so
[0.909s] -- Up-to-date: /home/maki/ros2_ws/install/cpp_topic_pubsub/lib/libcpp_topic_pubsub__rosidl_typesupport_cpp.so
[0.909s] -- Up-to-date: /home/maki/ros2_ws/install/cpp_topic_pubsub/share/cpp_topic_pubsub/environment/pythonpath.sh
[0.910s] -- Up-to-date: /home/maki/ros2_ws/install/cpp_topic_pubsub/share/cpp_topic_pubsub/environment/pythonpath.dsv
[0.910s] -- Up-to-date: /home/maki/ros2_ws/install/cpp_topic_pubsub/local/lib/python3.10/dist-packages/cpp_topic_pubsub-0.0.0-py3.10.egg-info
[0.910s] -- Installing: /home/maki/ros2_ws/install/cpp_topic_pubsub/local/lib/python3.10/dist-packages/cpp_topic_pubsub-0.0.0-py3.10.egg-info/SOURCES.txt
[0.910s] -- Installing: /home/maki/ros2_ws/install/cpp_topic_pubsub/local/lib/python3.10/dist-packages/cpp_topic_pubsub-0.0.0-py3.10.egg-info/PKG-INFO
[0.910s] -- Installing: /home/maki/ros2_ws/install/cpp_topic_pubsub/local/lib/python3.10/dist-packages/cpp_topic_pubsub-0.0.0-py3.10.egg-info/top_level.txt
[0.911s] -- Installing: /home/maki/ros2_ws/install/cpp_topic_pubsub/local/lib/python3.10/dist-packages/cpp_topic_pubsub-0.0.0-py3.10.egg-info/dependency_links.txt
[0.911s] -- Up-to-date: /home/maki/ros2_ws/install/cpp_topic_pubsub/local/lib/python3.10/dist-packages/cpp_topic_pubsub
[0.911s] -- Up-to-date: /home/maki/ros2_ws/install/cpp_topic_pubsub/local/lib/python3.10/dist-packages/cpp_topic_pubsub/_cpp_topic_pubsub_s.ep.rosidl_typesupport_introspection_c.c
[0.911s] -- Up-to-date: /home/maki/ros2_ws/install/cpp_topic_pubsub/local/lib/python3.10/dist-packages/cpp_topic_pubsub/_cpp_topic_pubsub_s.ep.rosidl_typesupport_fastrtps_c.c
[0.912s] -- Up-to-date: /home/maki/ros2_ws/install/cpp_topic_pubsub/local/lib/python3.10/dist-packages/cpp_topic_pubsub/cpp_topic_pubsub_s__rosidl_typesupport_c.cpython-310-x86_64-linux-gnu.so
[0.912s] -- Up-to-date: /home/maki/ros2_ws/install/cpp_topic_pubsub/local/lib/python3.10/dist-packages/cpp_topic_pubsub/__init__.py
[0.912s] -- Up-to-date: /home/maki/ros2_ws/install/cpp_topic_pubsub/local/lib/python3.10/dist-packages/cpp_topic_pubsub/cpp_topic_pubsub_s__rosidl_typesupport_introspection_c.cpython-310-x86_64-linux-gnu.so
[0.912s] -- Up-to-date: /home/maki/ros2_ws/install/cpp_topic_pubsub/local/lib/python3.10/dist-packages/cpp_topic_pubsub/msg
[0.912s] -- Up-to-date: /home/maki/ros2_ws/install/cpp_topic_pubsub/local/lib/python3.10/dist-packages/cpp_topic_pubsub/msg/__init__.py
[0.912s] -- Up-to-date: /home/maki/ros2_ws/install/cpp_topic_pubsub/local/lib/python3.10/dist-packages/cpp_topic_pubsub/msg/_practice_msg.py
[0.912s] -- Up-to-date: /home/maki/ros2_ws/install/cpp_topic_pubsub/local/lib/python3.10/dist-packages/cpp_topic_pubsub/msg/_practice_msg_s.c
[0.912s] -- Up-to-date: /home/maki/ros2_ws/install/cpp_topic_pubsub/local/lib/python3.10/dist-packages/cpp_topic_pubsub/cpp_topic_pubsub_s__rosidl_typesupport_fastrtps_c.cpython-310-x86_64-linux-gnu.so
[0.912s] -- Up-to-date: /home/maki/ros2_ws/install/cpp_topic_pubsub/local/lib/python3.10/dist-packages/cpp_topic_pubsub/_cpp_topic_pubsub_s.ep.rosidl_typesupport_c.c
[0.912s] -- Up-to-date: /home/maki/ros2_ws/install/cpp_topic_pubsub/local/lib/python3.10/dist-packages/cpp_topic_pubsub/libcpp_topic_pubsub__rosidl_generator_py.so
[0.912s] Listing '/home/maki/ros2_ws/install/cpp_topic_pubsub/local/lib/python3.10/dist-packages/cpp_topic_pubsub'...
[0.913s] Listing '/home/maki/ros2_ws/install/cpp_topic_pubsub/local/lib/python3.10/dist-packages/cpp_topic_pubsub/msg'...
[0.913s] -- Up-to-date: /home/maki/ros2_ws/install/cpp_topic_pubsub/local/lib/python3.10/dist-packages/cpp_topic_pubsub/cpp_topic_pubsub_s__rosidl_typesupport_fastrtps_c.cpython-310-x86_64-linux-gnu.so
[0.913s] -- Up-to-date: /home/maki/ros2_ws/install/cpp_topic_pubsub/local/lib/python3.10/dist-packages/cpp_topic_pubsub/cpp_topic_pubsub_s__rosidl_typesupport_introspection_c.cpython-310-x86_64-linux-gnu.so
[0.913s] -- Up-to-date: /home/maki/ros2_ws/install/cpp_topic_pubsub/local/lib/python3.10/dist-packages/cpp_topic_pubsub/cpp_topic_pubsub_s__rosidl_typesupport_c.cpython-310-x86_64-linux-gnu.so
[0.913s] -- Up-to-date: /home/maki/ros2_ws/install/cpp_topic_pubsub/lib/libcpp_topic_pubsub__rosidl_generator_py.so
[0.913s] -- Up-to-date: /home/maki/ros2_ws/install/cpp_topic_pubsub/share/cpp_topic_pubsub/msg/PracticeMsg.idl
[0.913s] -- Up-to-date: /home/maki/ros2_ws/install/cpp_topic_pubsub/share/cpp_topic_pubsub/msg/PracticeMsg.msg
[0.913s] -- Up-to-date: /home/maki/ros2_ws/install/cpp_topic_pubsub/lib/cpp_topic_pubsub/practice_publisher_node
[0.913s] -- Up-to-date: /home/maki/ros2_ws/install/cpp_topic_pubsub/lib/cpp_topic_pubsub/practice_subscriber_node
[0.913s] -- Up-to-date: /home/maki/ros2_ws/install/cpp_topic_pubsub/share/ament_index/resource_index/package_run_dependencies/cpp_topic_pubsub
[0.913s] -- Up-to-date: /home/maki/ros2_ws/install/cpp_topic_pubsub/share/ament_index/resource_index/parent_prefix_path/cpp_topic_pubsub
[0.913s] -- Up-to-date: /home/maki/ros2_ws/install/cpp_topic_pubsub/share/cpp_topic_pubsub/environment/ament_prefix_path.sh
[0.913s] -- Up-to-date: /home/maki/ros2_ws/install/cpp_topic_pubsub/share/cpp_topic_pubsub/environment/ament_prefix_path.dsv
[0.913s] -- Up-to-date: /home/maki/ros2_ws/install/cpp_topic_pubsub/share/cpp_topic_pubsub/environment/path.sh
[0.913s] -- Up-to-date: /home/maki/ros2_ws/install/cpp_topic_pubsub/share/cpp_topic_pubsub/environment/path.dsv
[0.913s] -- Up-to-date: /home/maki/ros2_ws/install/cpp_topic_pubsub/share/cpp_topic_pubsub/local_setup.bash
[0.913s] -- Up-to-date: /home/maki/ros2_ws/install/cpp_topic_pubsub/share/cpp_topic_pubsub/local_setup.sh
[0.913s] -- Up-to-date: /home/maki/ros2_ws/install/cpp_topic_pubsub/share/cpp_topic_pubsub/local_setup.zsh
[0.913s] -- Up-to-date: /home/maki/ros2_ws/install/cpp_topic_pubsub/share/cpp_topic_pubsub/local_setup.dsv
[0.913s] -- Installing: /home/maki/ros2_ws/install/cpp_topic_pubsub/share/cpp_topic_pubsub/package.dsv
[0.913s] -- Up-to-date: /home/maki/ros2_ws/install/cpp_topic_pubsub/share/ament_index/resource_index/packages/cpp_topic_pubsub
[0.913s] -- Up-to-date: /home/maki/ros2_ws/install/cpp_topic_pubsub/share/cpp_topic_pubsub/cmake/export_cpp_topic_pubsub__rosidl_generator_cExport.cmake
[0.913s] -- Up-to-date: /home/maki/ros2_ws/install/cpp_topic_pubsub/share/cpp_topic_pubsub/cmake/export_cpp_topic_pubsub__rosidl_generator_cExport-noconfig.cmake
[0.913s] -- Up-to-date: /home/maki/ros2_ws/install/cpp_topic_pubsub/share/cpp_topic_pubsub/cmake/export_cpp_topic_pubsub__rosidl_typesupport_fastrtps_cExport.cmake
[0.913s] -- Up-to-date: /home/maki/ros2_ws/install/cpp_topic_pubsub/share/cpp_topic_pubsub/cmake/export_cpp_topic_pubsub__rosidl_typesupport_fastrtps_cExport-noconfig.cmake
[0.913s] -- Up-to-date: /home/maki/ros2_ws/install/cpp_topic_pubsub/share/cpp_topic_pubsub/cmake/export_cpp_topic_pubsub__rosidl_generator_cppExport.cmake
[0.913s] -- Up-to-date: /home/maki/ros2_ws/install/cpp_topic_pubsub/share/cpp_topic_pubsub/cmake/export_cpp_topic_pubsub__rosidl_typesupport_fastrtps_cppExport.cmake
[0.913s] -- Up-to-date: /home/maki/ros2_ws/install/cpp_topic_pubsub/share/cpp_topic_pubsub/cmake/export_cpp_topic_pubsub__rosidl_typesupport_fastrtps_cppExport-noconfig.cmake
[0.913s] -- Up-to-date: /home/maki/ros2_ws/install/cpp_topic_pubsub/share/cpp_topic_pubsub/cmake/cpp_topic_pubsub__rosidl_typesupport_introspection_cExport.cmake
[0.913s] -- Up-to-date: /home/maki/ros2_ws/install/cpp_topic_pubsub/share/cpp_topic_pubsub/cmake/cpp_topic_pubsub__rosidl_typesupport_introspection_cExport-noconfig.cmake
[0.914s] -- Up-to-date: /home/maki/ros2_ws/install/cpp_topic_pubsub/share/cpp_topic_pubsub/cmake/cpp_topic_pubsub__rosidl_typesupport_cExport.cmake
[0.914s] -- Up-to-date: /home/maki/ros2_ws/install/cpp_topic_pubsub/share/cpp_topic_pubsub/cmake/cpp_topic_pubsub__rosidl_typesupport_cExport-noconfig.cmake
[0.914s] -- Up-to-date: /home/maki/ros2_ws/install/cpp_topic_pubsub/share/cpp_topic_pubsub/cmake/cpp_topic_pubsub__rosidl_typesupport_introspection_cppExport.cmake
[0.914s] -- Up-to-date: /home/maki/ros2_ws/install/cpp_topic_pubsub/share/cpp_topic_pubsub/cmake/cpp_topic_pubsub__rosidl_typesupport_introspection_cppExport-noconfig.cmake
[0.914s] -- Up-to-date: /home/maki/ros2_ws/install/cpp_topic_pubsub/share/cpp_topic_pubsub/cmake/cpp_topic_pubsub__rosidl_typesupport_cppExport.cmake
[0.914s] -- Up-to-date: /home/maki/ros2_ws/install/cpp_topic_pubsub/share/cpp_topic_pubsub/cmake/cpp_topic_pubsub__rosidl_typesupport_cppExport-noconfig.cmake
[0.914s] -- Up-to-date: /home/maki/ros2_ws/install/cpp_topic_pubsub/share/cpp_topic_pubsub/cmake/export_cpp_topic_pubsub__rosidl_generator_pyExport.cmake
[0.914s] -- Up-to-date: /home/maki/ros2_ws/install/cpp_topic_pubsub/share/cpp_topic_pubsub/cmake/export_cpp_topic_pubsub__rosidl_generator_pyExport-noconfig.cmake
[0.914s] -- Up-to-date: /home/maki/ros2_ws/install/cpp_topic_pubsub/share/cpp_topic_pubsub/cmake/rosidl_cmake-extras.cmake
[0.914s] -- Up-to-date: /home/maki/ros2_ws/install/cpp_topic_pubsub/share/cpp_topic_pubsub/cmake/ament_cmake_export_include_directories-extras.cmake
[0.914s] -- Up-to-date: /home/maki/ros2_ws/install/cpp_topic_pubsub/share/cpp_topic_pubsub/cmake/ament_cmake_export_libraries-extras.cmake
[0.914s] -- Up-to-date: /home/maki/ros2_ws/install/cpp_topic_pubsub/share/cpp_topic_pubsub/cmake/ament_cmake_export_targets-extras.cmake
[0.914s] -- Up-to-date: /home/maki/ros2_ws/install/cpp_topic_pubsub/share/cpp_topic_pubsub/cmake/rosidl_cmake_export_typesupport_targets-extras.cmake
[0.914s] -- Up-to-date: /home/maki/ros2_ws/install/cpp_topic_pubsub/share/cpp_topic_pubsub/cmake/ament_cmake_export_dependencies-extras.cmake
[0.914s] -- Up-to-date: /home/maki/ros2_ws/install/cpp_topic_pubsub/share/cpp_topic_pubsub/cmake/rosidl_cmake_export_typesupport_libraries-extras.cmake
[0.914s] -- Up-to-date: /home/maki/ros2_ws/install/cpp_topic_pubsub/share/cpp_topic_pubsub/cmake/cpp_topic_pubsubConfig.cmake
[0.914s] -- Up-to-date: /home/maki/ros2_ws/install/cpp_topic_pubsub/share/cpp_topic_pubsub/cmake/cpp_topic_pubsubConfig-version.cmake
[0.914s] -- Up-to-date: /home/maki/ros2_ws/install/cpp_topic_pubsub/share/cpp_topic_pubsub/package.xml
[0.999s] Invoked command in '/home/maki/ros2_ws/build/cpp_topic_pubsub' returned '0': CMAKE_PREFIX_PATH=/opt/ros/humble /usr/bin/cmake --install /home/maki/ros2_ws/build/cpp_topic_pubsub
