[0.082s] Invoking command in '/home/maki/ros2_ws/build/cpp_srvcli': CMAKE_PREFIX_PATH=/opt/ros/humble /usr/bin/cmake /home/maki/ros2_ws/src/ros2humble_tutorials/cpp_srvcli -DCMAKE_INSTALL_PREFIX=/home/maki/ros2_ws/install/cpp_srvcli
[0.152s] -- The C compiler identification is GNU 11.4.0
[0.219s] -- The CXX compiler identification is GNU 11.4.0
[0.226s] -- Detecting C compiler ABI info
[0.287s] -- Detecting C compiler ABI info - done
[0.296s] -- Check for working C compiler: /usr/bin/cc - skipped
[0.296s] -- Detecting C compile features
[0.297s] -- Detecting C compile features - done
[0.299s] -- Detecting CXX compiler ABI info
[0.366s] -- Detecting CXX compiler ABI info - done
[0.371s] -- Check for working CXX compiler: /usr/bin/c++ - skipped
[0.371s] -- Detecting CXX compile features
[0.372s] -- Detecting CXX compile features - done
[0.375s] -- Found ament_cmake: 1.3.8 (/opt/ros/humble/share/ament_cmake/cmake)
[0.534s] -- Found Python3: /usr/bin/python3 (found version "3.10.12") found components: Interpreter 
[0.607s] -- Found rclcpp: 16.0.8 (/opt/ros/humble/share/rclcpp/cmake)
[0.645s] -- Found rosidl_generator_c: 3.1.5 (/opt/ros/humble/share/rosidl_generator_c/cmake)
[0.649s] -- Found rosidl_adapter: 3.1.5 (/opt/ros/humble/share/rosidl_adapter/cmake)
[0.657s] -- Found rosidl_generator_cpp: 3.1.5 (/opt/ros/humble/share/rosidl_generator_cpp/cmake)
[0.670s] -- Using all available rosidl_typesupport_c: rosidl_typesupport_fastrtps_c;rosidl_typesupport_introspection_c
[0.688s] -- Using all available rosidl_typesupport_cpp: rosidl_typesupport_fastrtps_cpp;rosidl_typesupport_introspection_cpp
[0.759s] -- Found rmw_implementation_cmake: 6.1.1 (/opt/ros/humble/share/rmw_implementation_cmake/cmake)
[0.761s] -- Found rmw_fastrtps_cpp: 6.2.6 (/opt/ros/humble/share/rmw_fastrtps_cpp/cmake)
[0.850s] -- Found OpenSSL: /usr/lib/x86_64-linux-gnu/libcrypto.so (found version "3.0.2")  
[0.874s] -- Found FastRTPS: /opt/ros/humble/include  
[0.919s] -- Using RMW implementation 'rmw_fastrtps_cpp' as default
[0.925s] -- Looking for pthread.h
[0.985s] -- Looking for pthread.h - found
[0.986s] -- Performing Test CMAKE_HAVE_LIBC_PTHREAD
[1.045s] -- Performing Test CMAKE_HAVE_LIBC_PTHREAD - Success
[1.046s] -- Found Threads: TRUE  
[1.171s] -- Found example_interfaces: 0.9.3 (/opt/ros/humble/share/example_interfaces/cmake)
[1.356s] -- Configuring done
[1.370s] -- Generating done
[1.371s] -- Build files have been written to: /home/maki/ros2_ws/build/cpp_srvcli
[1.380s] Invoked command in '/home/maki/ros2_ws/build/cpp_srvcli' returned '0': CMAKE_PREFIX_PATH=/opt/ros/humble /usr/bin/cmake /home/maki/ros2_ws/src/ros2humble_tutorials/cpp_srvcli -DCMAKE_INSTALL_PREFIX=/home/maki/ros2_ws/install/cpp_srvcli
[1.382s] Invoking command in '/home/maki/ros2_ws/build/cpp_srvcli': CMAKE_PREFIX_PATH=/opt/ros/humble /usr/bin/cmake --build /home/maki/ros2_ws/build/cpp_srvcli -- -j12 -l12
[1.431s] [ 25%] [32mBuilding CXX object CMakeFiles/server.dir/src/add_two_ints_server.cpp.o[0m
[1.445s] [ 50%] [32mBuilding CXX object CMakeFiles/client.dir/src/add_two_ints_client.cpp.o[0m
[7.923s] [ 75%] [32m[1mLinking CXX executable client[0m
[8.275s] [ 75%] Built target client
[8.531s] [100%] [32m[1mLinking CXX executable server[0m
[8.959s] [100%] Built target server
[9.000s] Invoked command in '/home/maki/ros2_ws/build/cpp_srvcli' returned '0': CMAKE_PREFIX_PATH=/opt/ros/humble /usr/bin/cmake --build /home/maki/ros2_ws/build/cpp_srvcli -- -j12 -l12
[9.076s] Invoking command in '/home/maki/ros2_ws/build/cpp_srvcli': CMAKE_PREFIX_PATH=/opt/ros/humble /usr/bin/cmake --install /home/maki/ros2_ws/build/cpp_srvcli
[9.089s] -- Install configuration: ""
[9.089s] -- Installing: /home/maki/ros2_ws/install/cpp_srvcli/lib/cpp_srvcli/server
[9.089s] -- Set runtime path of "/home/maki/ros2_ws/install/cpp_srvcli/lib/cpp_srvcli/server" to ""
[9.089s] -- Installing: /home/maki/ros2_ws/install/cpp_srvcli/lib/cpp_srvcli/client
[9.089s] -- Set runtime path of "/home/maki/ros2_ws/install/cpp_srvcli/lib/cpp_srvcli/client" to ""
[9.089s] -- Installing: /home/maki/ros2_ws/install/cpp_srvcli/share/ament_index/resource_index/package_run_dependencies/cpp_srvcli
[9.089s] -- Installing: /home/maki/ros2_ws/install/cpp_srvcli/share/ament_index/resource_index/parent_prefix_path/cpp_srvcli
[9.089s] -- Installing: /home/maki/ros2_ws/install/cpp_srvcli/share/cpp_srvcli/environment/ament_prefix_path.sh
[9.089s] -- Installing: /home/maki/ros2_ws/install/cpp_srvcli/share/cpp_srvcli/environment/ament_prefix_path.dsv
[9.089s] -- Installing: /home/maki/ros2_ws/install/cpp_srvcli/share/cpp_srvcli/environment/path.sh
[9.089s] -- Installing: /home/maki/ros2_ws/install/cpp_srvcli/share/cpp_srvcli/environment/path.dsv
[9.089s] -- Installing: /home/maki/ros2_ws/install/cpp_srvcli/share/cpp_srvcli/local_setup.bash
[9.090s] -- Installing: /home/maki/ros2_ws/install/cpp_srvcli/share/cpp_srvcli/local_setup.sh
[9.090s] -- Installing: /home/maki/ros2_ws/install/cpp_srvcli/share/cpp_srvcli/local_setup.zsh
[9.090s] -- Installing: /home/maki/ros2_ws/install/cpp_srvcli/share/cpp_srvcli/local_setup.dsv
[9.090s] -- Installing: /home/maki/ros2_ws/install/cpp_srvcli/share/cpp_srvcli/package.dsv
[9.090s] -- Installing: /home/maki/ros2_ws/install/cpp_srvcli/share/ament_index/resource_index/packages/cpp_srvcli
[9.090s] -- Installing: /home/maki/ros2_ws/install/cpp_srvcli/share/cpp_srvcli/cmake/cpp_srvcliConfig.cmake
[9.090s] -- Installing: /home/maki/ros2_ws/install/cpp_srvcli/share/cpp_srvcli/cmake/cpp_srvcliConfig-version.cmake
[9.090s] -- Installing: /home/maki/ros2_ws/install/cpp_srvcli/share/cpp_srvcli/package.xml
[9.104s] Invoked command in '/home/maki/ros2_ws/build/cpp_srvcli' returned '0': CMAKE_PREFIX_PATH=/opt/ros/humble /usr/bin/cmake --install /home/maki/ros2_ws/build/cpp_srvcli
