[0.140s] Invoking command in '/home/maki/ros2_ws/build/cpp_parameters': CMAKE_PREFIX_PATH=/opt/ros/humble /usr/bin/cmake /home/maki/ros2_ws/src/ros2humble_tutorials/cpp_parameters -DCMAKE_INSTALL_PREFIX=/home/maki/ros2_ws/install/cpp_parameters
[0.213s] -- The C compiler identification is GNU 11.4.0
[0.283s] -- The CXX compiler identification is GNU 11.4.0
[0.289s] -- Detecting C compiler ABI info
[0.355s] -- Detecting C compiler ABI info - done
[0.363s] -- Check for working C compiler: /usr/bin/cc - skipped
[0.363s] -- Detecting C compile features
[0.363s] -- Detecting C compile features - done
[0.366s] -- Detecting CXX compiler ABI info
[0.443s] -- Detecting CXX compiler ABI info - done
[0.451s] -- Check for working CXX compiler: /usr/bin/c++ - skipped
[0.451s] -- Detecting CXX compile features
[0.452s] -- Detecting CXX compile features - done
[0.454s] -- Found ament_cmake: 1.3.8 (/opt/ros/humble/share/ament_cmake/cmake)
[0.603s] -- Found Python3: /usr/bin/python3 (found version "3.10.12") found components: Interpreter 
[0.686s] -- Found rclcpp: 16.0.8 (/opt/ros/humble/share/rclcpp/cmake)
[0.710s] -- Found rosidl_generator_c: 3.1.5 (/opt/ros/humble/share/rosidl_generator_c/cmake)
[0.713s] -- Found rosidl_adapter: 3.1.5 (/opt/ros/humble/share/rosidl_adapter/cmake)
[0.718s] -- Found rosidl_generator_cpp: 3.1.5 (/opt/ros/humble/share/rosidl_generator_cpp/cmake)
[0.730s] -- Using all available rosidl_typesupport_c: rosidl_typesupport_fastrtps_c;rosidl_typesupport_introspection_c
[0.749s] -- Using all available rosidl_typesupport_cpp: rosidl_typesupport_fastrtps_cpp;rosidl_typesupport_introspection_cpp
[0.819s] -- Found rmw_implementation_cmake: 6.1.1 (/opt/ros/humble/share/rmw_implementation_cmake/cmake)
[0.821s] -- Found rmw_fastrtps_cpp: 6.2.6 (/opt/ros/humble/share/rmw_fastrtps_cpp/cmake)
[0.911s] -- Found OpenSSL: /usr/lib/x86_64-linux-gnu/libcrypto.so (found version "3.0.2")  
[0.930s] -- Found FastRTPS: /opt/ros/humble/include  
[0.960s] -- Using RMW implementation 'rmw_fastrtps_cpp' as default
[0.970s] -- Looking for pthread.h
[1.033s] -- Looking for pthread.h - found
[1.034s] -- Performing Test CMAKE_HAVE_LIBC_PTHREAD
[1.101s] -- Performing Test CMAKE_HAVE_LIBC_PTHREAD - Success
[1.102s] -- Found Threads: TRUE  
[1.266s] -- Found ament_lint_auto: 0.12.10 (/opt/ros/humble/share/ament_lint_auto/cmake)
[1.341s] -- Added test 'cppcheck' to perform static code analysis on C / C++ code
[1.341s] -- Configured cppcheck include dirs: 
[1.341s] -- Configured cppcheck exclude dirs and/or files: 
[1.341s] -- Added test 'flake8' to check Python code syntax and style conventions
[1.342s] -- Added test 'lint_cmake' to check CMake code style
[1.342s] -- Added test 'pep257' to check Python code against some of the docstring style conventions in PEP 257
[1.343s] -- Added test 'uncrustify' to check C / C++ code style
[1.343s] -- Configured uncrustify additional arguments: 
[1.344s] -- Added test 'xmllint' to check XML markup files
[1.345s] -- Configuring done
[1.353s] -- Generating done
[1.354s] -- Build files have been written to: /home/maki/ros2_ws/build/cpp_parameters
[1.364s] Invoked command in '/home/maki/ros2_ws/build/cpp_parameters' returned '0': CMAKE_PREFIX_PATH=/opt/ros/humble /usr/bin/cmake /home/maki/ros2_ws/src/ros2humble_tutorials/cpp_parameters -DCMAKE_INSTALL_PREFIX=/home/maki/ros2_ws/install/cpp_parameters
[1.365s] Invoking command in '/home/maki/ros2_ws/build/cpp_parameters': CMAKE_PREFIX_PATH=/opt/ros/humble /usr/bin/cmake --build /home/maki/ros2_ws/build/cpp_parameters -- -j12 -l12
[1.413s] [ 50%] [32mBuilding CXX object CMakeFiles/minimal_param_node.dir/src/cpp_parameters_node.cpp.o[0m
[8.030s] [100%] [32m[1mLinking CXX executable minimal_param_node[0m
[8.232s] [100%] Built target minimal_param_node
[8.273s] Invoked command in '/home/maki/ros2_ws/build/cpp_parameters' returned '0': CMAKE_PREFIX_PATH=/opt/ros/humble /usr/bin/cmake --build /home/maki/ros2_ws/build/cpp_parameters -- -j12 -l12
[8.426s] Invoking command in '/home/maki/ros2_ws/build/cpp_parameters': CMAKE_PREFIX_PATH=/opt/ros/humble /usr/bin/cmake --install /home/maki/ros2_ws/build/cpp_parameters
[8.442s] -- Install configuration: ""
[8.442s] -- Installing: /home/maki/ros2_ws/install/cpp_parameters/lib/cpp_parameters/minimal_param_node
[8.443s] -- Set runtime path of "/home/maki/ros2_ws/install/cpp_parameters/lib/cpp_parameters/minimal_param_node" to ""
[8.444s] -- Installing: /home/maki/ros2_ws/install/cpp_parameters/share/ament_index/resource_index/package_run_dependencies/cpp_parameters
[8.446s] -- Installing: /home/maki/ros2_ws/install/cpp_parameters/share/ament_index/resource_index/parent_prefix_path/cpp_parameters
[8.448s] -- Installing: /home/maki/ros2_ws/install/cpp_parameters/share/cpp_parameters/environment/ament_prefix_path.sh
[8.449s] -- Installing: /home/maki/ros2_ws/install/cpp_parameters/share/cpp_parameters/environment/ament_prefix_path.dsv
[8.451s] -- Installing: /home/maki/ros2_ws/install/cpp_parameters/share/cpp_parameters/environment/path.sh
[8.453s] -- Installing: /home/maki/ros2_ws/install/cpp_parameters/share/cpp_parameters/environment/path.dsv
[8.455s] -- Installing: /home/maki/ros2_ws/install/cpp_parameters/share/cpp_parameters/local_setup.bash
[8.456s] -- Installing: /home/maki/ros2_ws/install/cpp_parameters/share/cpp_parameters/local_setup.sh
[8.458s] -- Installing: /home/maki/ros2_ws/install/cpp_parameters/share/cpp_parameters/local_setup.zsh
[8.459s] -- Installing: /home/maki/ros2_ws/install/cpp_parameters/share/cpp_parameters/local_setup.dsv
[8.461s] -- Installing: /home/maki/ros2_ws/install/cpp_parameters/share/cpp_parameters/package.dsv
[8.463s] -- Installing: /home/maki/ros2_ws/install/cpp_parameters/share/ament_index/resource_index/packages/cpp_parameters
[8.464s] -- Installing: /home/maki/ros2_ws/install/cpp_parameters/share/cpp_parameters/cmake/cpp_parametersConfig.cmake
[8.466s] -- Installing: /home/maki/ros2_ws/install/cpp_parameters/share/cpp_parameters/cmake/cpp_parametersConfig-version.cmake
[8.467s] -- Installing: /home/maki/ros2_ws/install/cpp_parameters/share/cpp_parameters/package.xml
[8.476s] Invoked command in '/home/maki/ros2_ws/build/cpp_parameters' returned '0': CMAKE_PREFIX_PATH=/opt/ros/humble /usr/bin/cmake --install /home/maki/ros2_ws/build/cpp_parameters
