[0.134s] DEBUG:colcon:Command line arguments: ['/usr/bin/colcon', 'build']
[0.134s] DEBUG:colcon:Parsed command line arguments: Namespace(log_base=None, log_level=None, verb_name='build', build_base='build', install_base='install', merge_install=False, symlink_install=False, test_result_base=None, continue_on_error=False, executor='parallel', parallel_workers=12, event_handlers=None, ignore_user_meta=False, metas=['./colcon.meta'], base_paths=['.'], packages_ignore=None, packages_ignore_regex=None, paths=None, packages_up_to=None, packages_up_to_regex=None, packages_above=None, packages_above_and_dependencies=None, packages_above_depth=None, packages_select_by_dep=None, packages_skip_by_dep=None, packages_skip_up_to=None, packages_select_build_failed=False, packages_skip_build_finished=False, packages_select_test_failures=False, packages_skip_test_passed=False, packages_select=None, packages_skip=None, packages_select_regex=None, packages_skip_regex=None, packages_start=None, packages_end=None, allow_overriding=[], cmake_args=None, cmake_target=None, cmake_target_skip_unavailable=False, cmake_clean_cache=False, cmake_clean_first=False, cmake_force_configure=False, ament_cmake_args=None, catkin_cmake_args=None, catkin_skip_building_tests=False, verb_parser=<colcon_defaults.argument_parser.defaults.DefaultArgumentsDecorator object at 0x77a288e4c580>, verb_extension=<colcon_core.verb.build.BuildVerb object at 0x77a288e4c100>, main=<bound method BuildVerb.main of <colcon_core.verb.build.BuildVerb object at 0x77a288e4c100>>)
[0.261s] Level 1:colcon.colcon_core.package_discovery:discover_packages(colcon_meta) check parameters
[0.261s] Level 1:colcon.colcon_core.package_discovery:discover_packages(recursive) check parameters
[0.261s] Level 1:colcon.colcon_core.package_discovery:discover_packages(ignore) check parameters
[0.261s] Level 1:colcon.colcon_core.package_discovery:discover_packages(path) check parameters
[0.261s] Level 1:colcon.colcon_core.package_discovery:discover_packages(colcon_meta) discover
[0.262s] Level 1:colcon.colcon_core.package_discovery:discover_packages(recursive) discover
[0.262s] INFO:colcon.colcon_core.package_discovery:Crawling recursively for packages in '/home/maki/ros2_ws'
[0.262s] Level 1:colcon.colcon_core.package_identification:_identify(.) by extensions ['ignore', 'ignore_ament_install']
[0.262s] Level 1:colcon.colcon_core.package_identification:_identify(.) by extension 'ignore'
[0.262s] Level 1:colcon.colcon_core.package_identification:_identify(.) by extension 'ignore_ament_install'
[0.262s] Level 1:colcon.colcon_core.package_identification:_identify(.) by extensions ['colcon_pkg']
[0.262s] Level 1:colcon.colcon_core.package_identification:_identify(.) by extension 'colcon_pkg'
[0.262s] Level 1:colcon.colcon_core.package_identification:_identify(.) by extensions ['colcon_meta']
[0.262s] Level 1:colcon.colcon_core.package_identification:_identify(.) by extension 'colcon_meta'
[0.262s] Level 1:colcon.colcon_core.package_identification:_identify(.) by extensions ['ros']
[0.262s] Level 1:colcon.colcon_core.package_identification:_identify(.) by extension 'ros'
[0.270s] Level 1:colcon.colcon_core.package_identification:_identify(.) by extensions ['cmake', 'python']
[0.270s] Level 1:colcon.colcon_core.package_identification:_identify(.) by extension 'cmake'
[0.270s] Level 1:colcon.colcon_core.package_identification:_identify(.) by extension 'python'
[0.270s] Level 1:colcon.colcon_core.package_identification:_identify(.) by extensions ['python_setup_py']
[0.270s] Level 1:colcon.colcon_core.package_identification:_identify(.) by extension 'python_setup_py'
[0.270s] Level 1:colcon.colcon_core.package_identification:_identify(build) by extensions ['ignore', 'ignore_ament_install']
[0.270s] Level 1:colcon.colcon_core.package_identification:_identify(build) by extension 'ignore'
[0.270s] Level 1:colcon.colcon_core.package_identification:_identify(build) ignored
[0.270s] Level 1:colcon.colcon_core.package_identification:_identify(cpp_topic_practice) by extensions ['ignore', 'ignore_ament_install']
[0.270s] Level 1:colcon.colcon_core.package_identification:_identify(cpp_topic_practice) by extension 'ignore'
[0.270s] Level 1:colcon.colcon_core.package_identification:_identify(cpp_topic_practice) by extension 'ignore_ament_install'
[0.270s] Level 1:colcon.colcon_core.package_identification:_identify(cpp_topic_practice) by extensions ['colcon_pkg']
[0.270s] Level 1:colcon.colcon_core.package_identification:_identify(cpp_topic_practice) by extension 'colcon_pkg'
[0.270s] Level 1:colcon.colcon_core.package_identification:_identify(cpp_topic_practice) by extensions ['colcon_meta']
[0.270s] Level 1:colcon.colcon_core.package_identification:_identify(cpp_topic_practice) by extension 'colcon_meta'
[0.270s] Level 1:colcon.colcon_core.package_identification:_identify(cpp_topic_practice) by extensions ['ros']
[0.270s] Level 1:colcon.colcon_core.package_identification:_identify(cpp_topic_practice) by extension 'ros'
[0.272s] DEBUG:colcon.colcon_core.package_identification:Package 'cpp_topic_practice' with type 'ros.ament_cmake' and name 'cpp_topic_practice'
[0.272s] Level 1:colcon.colcon_core.package_identification:_identify(install) by extensions ['ignore', 'ignore_ament_install']
[0.272s] Level 1:colcon.colcon_core.package_identification:_identify(install) by extension 'ignore'
[0.272s] Level 1:colcon.colcon_core.package_identification:_identify(install) ignored
[0.272s] Level 1:colcon.colcon_core.package_identification:_identify(log) by extensions ['ignore', 'ignore_ament_install']
[0.272s] Level 1:colcon.colcon_core.package_identification:_identify(log) by extension 'ignore'
[0.272s] Level 1:colcon.colcon_core.package_identification:_identify(log) ignored
[0.272s] Level 1:colcon.colcon_core.package_identification:_identify(src) by extensions ['ignore', 'ignore_ament_install']
[0.272s] Level 1:colcon.colcon_core.package_identification:_identify(src) by extension 'ignore'
[0.272s] Level 1:colcon.colcon_core.package_identification:_identify(src) by extension 'ignore_ament_install'
[0.272s] Level 1:colcon.colcon_core.package_identification:_identify(src) by extensions ['colcon_pkg']
[0.272s] Level 1:colcon.colcon_core.package_identification:_identify(src) by extension 'colcon_pkg'
[0.272s] Level 1:colcon.colcon_core.package_identification:_identify(src) by extensions ['colcon_meta']
[0.272s] Level 1:colcon.colcon_core.package_identification:_identify(src) by extension 'colcon_meta'
[0.272s] Level 1:colcon.colcon_core.package_identification:_identify(src) by extensions ['ros']
[0.272s] Level 1:colcon.colcon_core.package_identification:_identify(src) by extension 'ros'
[0.272s] Level 1:colcon.colcon_core.package_identification:_identify(src) by extensions ['cmake', 'python']
[0.272s] Level 1:colcon.colcon_core.package_identification:_identify(src) by extension 'cmake'
[0.272s] Level 1:colcon.colcon_core.package_identification:_identify(src) by extension 'python'
[0.272s] Level 1:colcon.colcon_core.package_identification:_identify(src) by extensions ['python_setup_py']
[0.272s] Level 1:colcon.colcon_core.package_identification:_identify(src) by extension 'python_setup_py'
[0.272s] Level 1:colcon.colcon_core.package_identification:_identify(src/cpp_surver_client) by extensions ['ignore', 'ignore_ament_install']
[0.272s] Level 1:colcon.colcon_core.package_identification:_identify(src/cpp_surver_client) by extension 'ignore'
[0.273s] Level 1:colcon.colcon_core.package_identification:_identify(src/cpp_surver_client) by extension 'ignore_ament_install'
[0.273s] Level 1:colcon.colcon_core.package_identification:_identify(src/cpp_surver_client) by extensions ['colcon_pkg']
[0.273s] Level 1:colcon.colcon_core.package_identification:_identify(src/cpp_surver_client) by extension 'colcon_pkg'
[0.273s] Level 1:colcon.colcon_core.package_identification:_identify(src/cpp_surver_client) by extensions ['colcon_meta']
[0.273s] Level 1:colcon.colcon_core.package_identification:_identify(src/cpp_surver_client) by extension 'colcon_meta'
[0.273s] Level 1:colcon.colcon_core.package_identification:_identify(src/cpp_surver_client) by extensions ['ros']
[0.273s] Level 1:colcon.colcon_core.package_identification:_identify(src/cpp_surver_client) by extension 'ros'
[0.273s] DEBUG:colcon.colcon_core.package_identification:Package 'src/cpp_surver_client' with type 'ros.ament_cmake' and name 'cpp_server_client'
[0.273s] Level 1:colcon.colcon_core.package_identification:_identify(src/cpp_topic_pubsub) by extensions ['ignore', 'ignore_ament_install']
[0.273s] Level 1:colcon.colcon_core.package_identification:_identify(src/cpp_topic_pubsub) by extension 'ignore'
[0.273s] Level 1:colcon.colcon_core.package_identification:_identify(src/cpp_topic_pubsub) by extension 'ignore_ament_install'
[0.273s] Level 1:colcon.colcon_core.package_identification:_identify(src/cpp_topic_pubsub) by extensions ['colcon_pkg']
[0.273s] Level 1:colcon.colcon_core.package_identification:_identify(src/cpp_topic_pubsub) by extension 'colcon_pkg'
[0.273s] Level 1:colcon.colcon_core.package_identification:_identify(src/cpp_topic_pubsub) by extensions ['colcon_meta']
[0.273s] Level 1:colcon.colcon_core.package_identification:_identify(src/cpp_topic_pubsub) by extension 'colcon_meta'
[0.273s] Level 1:colcon.colcon_core.package_identification:_identify(src/cpp_topic_pubsub) by extensions ['ros']
[0.273s] Level 1:colcon.colcon_core.package_identification:_identify(src/cpp_topic_pubsub) by extension 'ros'
[0.274s] DEBUG:colcon.colcon_core.package_identification:Package 'src/cpp_topic_pubsub' with type 'ros.ament_cmake' and name 'cpp_topic_pubsub'
[0.274s] Level 1:colcon.colcon_core.package_identification:_identify(src/cpp_topic_pubsub2) by extensions ['ignore', 'ignore_ament_install']
[0.274s] Level 1:colcon.colcon_core.package_identification:_identify(src/cpp_topic_pubsub2) by extension 'ignore'
[0.274s] Level 1:colcon.colcon_core.package_identification:_identify(src/cpp_topic_pubsub2) by extension 'ignore_ament_install'
[0.274s] Level 1:colcon.colcon_core.package_identification:_identify(src/cpp_topic_pubsub2) by extensions ['colcon_pkg']
[0.274s] Level 1:colcon.colcon_core.package_identification:_identify(src/cpp_topic_pubsub2) by extension 'colcon_pkg'
[0.274s] Level 1:colcon.colcon_core.package_identification:_identify(src/cpp_topic_pubsub2) by extensions ['colcon_meta']
[0.274s] Level 1:colcon.colcon_core.package_identification:_identify(src/cpp_topic_pubsub2) by extension 'colcon_meta'
[0.274s] Level 1:colcon.colcon_core.package_identification:_identify(src/cpp_topic_pubsub2) by extensions ['ros']
[0.274s] Level 1:colcon.colcon_core.package_identification:_identify(src/cpp_topic_pubsub2) by extension 'ros'
[0.274s] DEBUG:colcon.colcon_core.package_identification:Failed to parse potential ROS package manifest in'src/cpp_topic_pubsub2': Error(s) in package 'src/cpp_topic_pubsub2/package.xml':
The manifest contains invalid XML:
junk after document element: line 20, column 0
[0.274s] Level 1:colcon.colcon_core.package_identification:_identify(src/cpp_topic_pubsub2) by extensions ['cmake', 'python']
[0.274s] Level 1:colcon.colcon_core.package_identification:_identify(src/cpp_topic_pubsub2) by extension 'cmake'
[0.275s] Level 1:colcon.colcon_core.package_identification:_identify(src/cpp_topic_pubsub2) by extension 'python'
[0.275s] DEBUG:colcon.colcon_core.package_identification:Package 'src/cpp_topic_pubsub2' with type 'cmake' and name 'cpp_topic_pubsub2'
[0.275s] Level 1:colcon.colcon_core.package_identification:_identify(src/package_test) by extensions ['ignore', 'ignore_ament_install']
[0.275s] Level 1:colcon.colcon_core.package_identification:_identify(src/package_test) by extension 'ignore'
[0.275s] Level 1:colcon.colcon_core.package_identification:_identify(src/package_test) by extension 'ignore_ament_install'
[0.275s] Level 1:colcon.colcon_core.package_identification:_identify(src/package_test) by extensions ['colcon_pkg']
[0.275s] Level 1:colcon.colcon_core.package_identification:_identify(src/package_test) by extension 'colcon_pkg'
[0.275s] Level 1:colcon.colcon_core.package_identification:_identify(src/package_test) by extensions ['colcon_meta']
[0.275s] Level 1:colcon.colcon_core.package_identification:_identify(src/package_test) by extension 'colcon_meta'
[0.275s] Level 1:colcon.colcon_core.package_identification:_identify(src/package_test) by extensions ['ros']
[0.275s] Level 1:colcon.colcon_core.package_identification:_identify(src/package_test) by extension 'ros'
[0.276s] DEBUG:colcon.colcon_core.package_identification:Package 'src/package_test' with type 'ros.ament_cmake' and name 'package_test'
[0.276s] Level 1:colcon.colcon_core.package_discovery:discover_packages(recursive) using defaults
[0.276s] Level 1:colcon.colcon_core.package_discovery:discover_packages(ignore) discover
[0.276s] Level 1:colcon.colcon_core.package_discovery:discover_packages(ignore) using defaults
[0.276s] Level 1:colcon.colcon_core.package_discovery:discover_packages(path) discover
[0.276s] Level 1:colcon.colcon_core.package_discovery:discover_packages(path) using defaults
[0.291s] Level 1:colcon.colcon_core.package_discovery:discover_packages(prefix_path) check parameters
[0.291s] Level 1:colcon.colcon_core.package_discovery:discover_packages(prefix_path) discover
[0.293s] DEBUG:colcon.colcon_installed_package_information.package_discovery:Found 5 installed packages in /home/maki/ros2_ws/install
[0.294s] DEBUG:colcon.colcon_installed_package_information.package_discovery:Found 340 installed packages in /opt/ros/humble
[0.301s] Level 1:colcon.colcon_core.package_discovery:discover_packages(prefix_path) using defaults
[0.323s] Level 5:colcon.colcon_core.verb:set package 'cpp_server_client' build argument 'cmake_args' from command line to 'None'
[0.323s] Level 5:colcon.colcon_core.verb:set package 'cpp_server_client' build argument 'cmake_target' from command line to 'None'
[0.323s] Level 5:colcon.colcon_core.verb:set package 'cpp_server_client' build argument 'cmake_target_skip_unavailable' from command line to 'False'
[0.323s] Level 5:colcon.colcon_core.verb:set package 'cpp_server_client' build argument 'cmake_clean_cache' from command line to 'False'
[0.323s] Level 5:colcon.colcon_core.verb:set package 'cpp_server_client' build argument 'cmake_clean_first' from command line to 'False'
[0.323s] Level 5:colcon.colcon_core.verb:set package 'cpp_server_client' build argument 'cmake_force_configure' from command line to 'False'
[0.323s] Level 5:colcon.colcon_core.verb:set package 'cpp_server_client' build argument 'ament_cmake_args' from command line to 'None'
[0.323s] Level 5:colcon.colcon_core.verb:set package 'cpp_server_client' build argument 'catkin_cmake_args' from command line to 'None'
[0.323s] Level 5:colcon.colcon_core.verb:set package 'cpp_server_client' build argument 'catkin_skip_building_tests' from command line to 'False'
[0.323s] DEBUG:colcon.colcon_core.verb:Building package 'cpp_server_client' with the following arguments: {'ament_cmake_args': None, 'build_base': '/home/maki/ros2_ws/build/cpp_server_client', 'catkin_cmake_args': None, 'catkin_skip_building_tests': False, 'cmake_args': None, 'cmake_clean_cache': False, 'cmake_clean_first': False, 'cmake_force_configure': False, 'cmake_target': None, 'cmake_target_skip_unavailable': False, 'install_base': '/home/maki/ros2_ws/install/cpp_server_client', 'merge_install': False, 'path': '/home/maki/ros2_ws/src/cpp_surver_client', 'symlink_install': False, 'test_result_base': None}
[0.323s] Level 5:colcon.colcon_core.verb:set package 'cpp_topic_practice' build argument 'cmake_args' from command line to 'None'
[0.323s] Level 5:colcon.colcon_core.verb:set package 'cpp_topic_practice' build argument 'cmake_target' from command line to 'None'
[0.323s] Level 5:colcon.colcon_core.verb:set package 'cpp_topic_practice' build argument 'cmake_target_skip_unavailable' from command line to 'False'
[0.323s] Level 5:colcon.colcon_core.verb:set package 'cpp_topic_practice' build argument 'cmake_clean_cache' from command line to 'False'
[0.324s] Level 5:colcon.colcon_core.verb:set package 'cpp_topic_practice' build argument 'cmake_clean_first' from command line to 'False'
[0.324s] Level 5:colcon.colcon_core.verb:set package 'cpp_topic_practice' build argument 'cmake_force_configure' from command line to 'False'
[0.324s] Level 5:colcon.colcon_core.verb:set package 'cpp_topic_practice' build argument 'ament_cmake_args' from command line to 'None'
[0.324s] Level 5:colcon.colcon_core.verb:set package 'cpp_topic_practice' build argument 'catkin_cmake_args' from command line to 'None'
[0.324s] Level 5:colcon.colcon_core.verb:set package 'cpp_topic_practice' build argument 'catkin_skip_building_tests' from command line to 'False'
[0.324s] DEBUG:colcon.colcon_core.verb:Building package 'cpp_topic_practice' with the following arguments: {'ament_cmake_args': None, 'build_base': '/home/maki/ros2_ws/build/cpp_topic_practice', 'catkin_cmake_args': None, 'catkin_skip_building_tests': False, 'cmake_args': None, 'cmake_clean_cache': False, 'cmake_clean_first': False, 'cmake_force_configure': False, 'cmake_target': None, 'cmake_target_skip_unavailable': False, 'install_base': '/home/maki/ros2_ws/install/cpp_topic_practice', 'merge_install': False, 'path': '/home/maki/ros2_ws/cpp_topic_practice', 'symlink_install': False, 'test_result_base': None}
[0.324s] Level 5:colcon.colcon_core.verb:set package 'cpp_topic_pubsub' build argument 'cmake_args' from command line to 'None'
[0.324s] Level 5:colcon.colcon_core.verb:set package 'cpp_topic_pubsub' build argument 'cmake_target' from command line to 'None'
[0.324s] Level 5:colcon.colcon_core.verb:set package 'cpp_topic_pubsub' build argument 'cmake_target_skip_unavailable' from command line to 'False'
[0.324s] Level 5:colcon.colcon_core.verb:set package 'cpp_topic_pubsub' build argument 'cmake_clean_cache' from command line to 'False'
[0.324s] Level 5:colcon.colcon_core.verb:set package 'cpp_topic_pubsub' build argument 'cmake_clean_first' from command line to 'False'
[0.324s] Level 5:colcon.colcon_core.verb:set package 'cpp_topic_pubsub' build argument 'cmake_force_configure' from command line to 'False'
[0.324s] Level 5:colcon.colcon_core.verb:set package 'cpp_topic_pubsub' build argument 'ament_cmake_args' from command line to 'None'
[0.324s] Level 5:colcon.colcon_core.verb:set package 'cpp_topic_pubsub' build argument 'catkin_cmake_args' from command line to 'None'
[0.324s] Level 5:colcon.colcon_core.verb:set package 'cpp_topic_pubsub' build argument 'catkin_skip_building_tests' from command line to 'False'
[0.324s] DEBUG:colcon.colcon_core.verb:Building package 'cpp_topic_pubsub' with the following arguments: {'ament_cmake_args': None, 'build_base': '/home/maki/ros2_ws/build/cpp_topic_pubsub', 'catkin_cmake_args': None, 'catkin_skip_building_tests': False, 'cmake_args': None, 'cmake_clean_cache': False, 'cmake_clean_first': False, 'cmake_force_configure': False, 'cmake_target': None, 'cmake_target_skip_unavailable': False, 'install_base': '/home/maki/ros2_ws/install/cpp_topic_pubsub', 'merge_install': False, 'path': '/home/maki/ros2_ws/src/cpp_topic_pubsub', 'symlink_install': False, 'test_result_base': None}
[0.324s] Level 5:colcon.colcon_core.verb:set package 'cpp_topic_pubsub2' build argument 'cmake_args' from command line to 'None'
[0.324s] Level 5:colcon.colcon_core.verb:set package 'cpp_topic_pubsub2' build argument 'cmake_target' from command line to 'None'
[0.324s] Level 5:colcon.colcon_core.verb:set package 'cpp_topic_pubsub2' build argument 'cmake_target_skip_unavailable' from command line to 'False'
[0.324s] Level 5:colcon.colcon_core.verb:set package 'cpp_topic_pubsub2' build argument 'cmake_clean_cache' from command line to 'False'
[0.324s] Level 5:colcon.colcon_core.verb:set package 'cpp_topic_pubsub2' build argument 'cmake_clean_first' from command line to 'False'
[0.324s] Level 5:colcon.colcon_core.verb:set package 'cpp_topic_pubsub2' build argument 'cmake_force_configure' from command line to 'False'
[0.324s] Level 5:colcon.colcon_core.verb:set package 'cpp_topic_pubsub2' build argument 'ament_cmake_args' from command line to 'None'
[0.324s] Level 5:colcon.colcon_core.verb:set package 'cpp_topic_pubsub2' build argument 'catkin_cmake_args' from command line to 'None'
[0.324s] Level 5:colcon.colcon_core.verb:set package 'cpp_topic_pubsub2' build argument 'catkin_skip_building_tests' from command line to 'False'
[0.324s] DEBUG:colcon.colcon_core.verb:Building package 'cpp_topic_pubsub2' with the following arguments: {'ament_cmake_args': None, 'build_base': '/home/maki/ros2_ws/build/cpp_topic_pubsub2', 'catkin_cmake_args': None, 'catkin_skip_building_tests': False, 'cmake_args': None, 'cmake_clean_cache': False, 'cmake_clean_first': False, 'cmake_force_configure': False, 'cmake_target': None, 'cmake_target_skip_unavailable': False, 'install_base': '/home/maki/ros2_ws/install/cpp_topic_pubsub2', 'merge_install': False, 'path': '/home/maki/ros2_ws/src/cpp_topic_pubsub2', 'symlink_install': False, 'test_result_base': None}
[0.324s] Level 5:colcon.colcon_core.verb:set package 'package_test' build argument 'cmake_args' from command line to 'None'
[0.324s] Level 5:colcon.colcon_core.verb:set package 'package_test' build argument 'cmake_target' from command line to 'None'
[0.324s] Level 5:colcon.colcon_core.verb:set package 'package_test' build argument 'cmake_target_skip_unavailable' from command line to 'False'
[0.324s] Level 5:colcon.colcon_core.verb:set package 'package_test' build argument 'cmake_clean_cache' from command line to 'False'
[0.324s] Level 5:colcon.colcon_core.verb:set package 'package_test' build argument 'cmake_clean_first' from command line to 'False'
[0.324s] Level 5:colcon.colcon_core.verb:set package 'package_test' build argument 'cmake_force_configure' from command line to 'False'
[0.324s] Level 5:colcon.colcon_core.verb:set package 'package_test' build argument 'ament_cmake_args' from command line to 'None'
[0.324s] Level 5:colcon.colcon_core.verb:set package 'package_test' build argument 'catkin_cmake_args' from command line to 'None'
[0.324s] Level 5:colcon.colcon_core.verb:set package 'package_test' build argument 'catkin_skip_building_tests' from command line to 'False'
[0.324s] DEBUG:colcon.colcon_core.verb:Building package 'package_test' with the following arguments: {'ament_cmake_args': None, 'build_base': '/home/maki/ros2_ws/build/package_test', 'catkin_cmake_args': None, 'catkin_skip_building_tests': False, 'cmake_args': None, 'cmake_clean_cache': False, 'cmake_clean_first': False, 'cmake_force_configure': False, 'cmake_target': None, 'cmake_target_skip_unavailable': False, 'install_base': '/home/maki/ros2_ws/install/package_test', 'merge_install': False, 'path': '/home/maki/ros2_ws/src/package_test', 'symlink_install': False, 'test_result_base': None}
[0.324s] INFO:colcon.colcon_core.executor:Executing jobs using 'parallel' executor
[0.325s] DEBUG:colcon.colcon_parallel_executor.executor.parallel:run_until_complete
[0.326s] INFO:colcon.colcon_ros.task.ament_cmake.build:Building ROS package in '/home/maki/ros2_ws/src/cpp_surver_client' with build type 'ament_cmake'
[0.326s] INFO:colcon.colcon_cmake.task.cmake.build:Building CMake package in '/home/maki/ros2_ws/src/cpp_surver_client'
[0.329s] INFO:colcon.colcon_core.plugin_system:Skipping extension 'colcon_core.shell.bat': Not used on non-Windows systems
[0.330s] INFO:colcon.colcon_core.shell:Skip shell extension 'powershell' for command environment: Not usable outside of PowerShell
[0.330s] DEBUG:colcon.colcon_core.shell:Skip shell extension 'dsv' for command environment
[0.334s] INFO:colcon.colcon_ros.task.ament_cmake.build:Building ROS package in '/home/maki/ros2_ws/cpp_topic_practice' with build type 'ament_cmake'
[0.334s] INFO:colcon.colcon_cmake.task.cmake.build:Building CMake package in '/home/maki/ros2_ws/cpp_topic_practice'
[0.334s] INFO:colcon.colcon_core.shell:Skip shell extension 'powershell' for command environment: Not usable outside of PowerShell
[0.334s] DEBUG:colcon.colcon_core.shell:Skip shell extension 'dsv' for command environment
[0.338s] INFO:colcon.colcon_ros.task.ament_cmake.build:Building ROS package in '/home/maki/ros2_ws/src/cpp_topic_pubsub' with build type 'ament_cmake'
[0.338s] INFO:colcon.colcon_cmake.task.cmake.build:Building CMake package in '/home/maki/ros2_ws/src/cpp_topic_pubsub'
[0.338s] INFO:colcon.colcon_core.shell:Skip shell extension 'powershell' for command environment: Not usable outside of PowerShell
[0.338s] DEBUG:colcon.colcon_core.shell:Skip shell extension 'dsv' for command environment
[0.341s] INFO:colcon.colcon_cmake.task.cmake.build:Building CMake package in '/home/maki/ros2_ws/src/cpp_topic_pubsub2'
[0.341s] INFO:colcon.colcon_core.shell:Skip shell extension 'powershell' for command environment: Not usable outside of PowerShell
[0.341s] DEBUG:colcon.colcon_core.shell:Skip shell extension 'dsv' for command environment
[0.344s] INFO:colcon.colcon_ros.task.ament_cmake.build:Building ROS package in '/home/maki/ros2_ws/src/package_test' with build type 'ament_cmake'
[0.344s] INFO:colcon.colcon_cmake.task.cmake.build:Building CMake package in '/home/maki/ros2_ws/src/package_test'
[0.345s] INFO:colcon.colcon_core.shell:Skip shell extension 'powershell' for command environment: Not usable outside of PowerShell
[0.345s] DEBUG:colcon.colcon_core.shell:Skip shell extension 'dsv' for command environment
[0.352s] DEBUG:colcon.colcon_core.event_handler.log_command:Invoking command in '/home/maki/ros2_ws/build/cpp_server_client': CMAKE_PREFIX_PATH=${CMAKE_PREFIX_PATH}:/opt/ros/humble /usr/bin/cmake --build /home/maki/ros2_ws/build/cpp_server_client -- -j12 -l12
[0.355s] DEBUG:colcon.colcon_core.event_handler.log_command:Invoking command in '/home/maki/ros2_ws/build/cpp_topic_practice': CMAKE_PREFIX_PATH=${CMAKE_PREFIX_PATH}:/opt/ros/humble /usr/bin/cmake --build /home/maki/ros2_ws/build/cpp_topic_practice -- -j12 -l12
[0.358s] DEBUG:colcon.colcon_core.event_handler.log_command:Invoking command in '/home/maki/ros2_ws/build/cpp_topic_pubsub': CMAKE_PREFIX_PATH=${CMAKE_PREFIX_PATH}:/opt/ros/humble /usr/bin/cmake --build /home/maki/ros2_ws/build/cpp_topic_pubsub -- -j12 -l12
[0.360s] DEBUG:colcon.colcon_core.event_handler.log_command:Invoking command in '/home/maki/ros2_ws/build/cpp_topic_pubsub2': /usr/bin/cmake /home/maki/ros2_ws/src/cpp_topic_pubsub2 -DCMAKE_INSTALL_PREFIX=/home/maki/ros2_ws/install/cpp_topic_pubsub2
[0.363s] DEBUG:colcon.colcon_core.event_handler.log_command:Invoking command in '/home/maki/ros2_ws/build/package_test': CMAKE_PREFIX_PATH=${CMAKE_PREFIX_PATH}:/opt/ros/humble /usr/bin/cmake --build /home/maki/ros2_ws/build/package_test -- -j12 -l12
[0.383s] DEBUG:colcon.colcon_core.event_handler.log_command:Invoked command in '/home/maki/ros2_ws/build/cpp_topic_practice' returned '0': CMAKE_PREFIX_PATH=${CMAKE_PREFIX_PATH}:/opt/ros/humble /usr/bin/cmake --build /home/maki/ros2_ws/build/cpp_topic_practice -- -j12 -l12
[0.395s] DEBUG:colcon.colcon_core.event_handler.log_command:Invoked command in '/home/maki/ros2_ws/build/package_test' returned '0': CMAKE_PREFIX_PATH=${CMAKE_PREFIX_PATH}:/opt/ros/humble /usr/bin/cmake --build /home/maki/ros2_ws/build/package_test -- -j12 -l12
[0.421s] DEBUG:colcon.colcon_core.event_handler.log_command:Invoking command in '/home/maki/ros2_ws/build/cpp_topic_practice': CMAKE_PREFIX_PATH=${CMAKE_PREFIX_PATH}:/opt/ros/humble /usr/bin/cmake --install /home/maki/ros2_ws/build/cpp_topic_practice
[0.428s] DEBUG:colcon.colcon_core.event_handler.log_command:Invoking command in '/home/maki/ros2_ws/build/package_test': CMAKE_PREFIX_PATH=${CMAKE_PREFIX_PATH}:/opt/ros/humble /usr/bin/cmake --install /home/maki/ros2_ws/build/package_test
[0.435s] Level 1:colcon.colcon_core.environment:create_environment_scripts_only(cpp_topic_practice)
[0.438s] DEBUG:colcon.colcon_core.event_handler.log_command:Invoked command in '/home/maki/ros2_ws/build/cpp_topic_practice' returned '0': CMAKE_PREFIX_PATH=${CMAKE_PREFIX_PATH}:/opt/ros/humble /usr/bin/cmake --install /home/maki/ros2_ws/build/cpp_topic_practice
[0.442s] Level 1:colcon.colcon_core.environment:checking '/home/maki/ros2_ws/install/cpp_topic_practice' for CMake module files
[0.442s] Level 1:colcon.colcon_core.environment:checking '/home/maki/ros2_ws/install/cpp_topic_practice' for CMake config files
[0.443s] Level 1:colcon.colcon_core.shell:create_environment_hook('cpp_topic_practice', 'cmake_prefix_path')
[0.443s] INFO:colcon.colcon_core.shell:Creating environment hook '/home/maki/ros2_ws/install/cpp_topic_practice/share/cpp_topic_practice/hook/cmake_prefix_path.ps1'
[0.444s] INFO:colcon.colcon_core.shell:Creating environment descriptor '/home/maki/ros2_ws/install/cpp_topic_practice/share/cpp_topic_practice/hook/cmake_prefix_path.dsv'
[0.444s] INFO:colcon.colcon_core.shell:Creating environment hook '/home/maki/ros2_ws/install/cpp_topic_practice/share/cpp_topic_practice/hook/cmake_prefix_path.sh'
[0.446s] Level 1:colcon.colcon_core.environment:checking '/home/maki/ros2_ws/install/cpp_topic_practice/bin'
[0.446s] Level 1:colcon.colcon_core.environment:checking '/home/maki/ros2_ws/install/cpp_topic_practice/lib/pkgconfig/cpp_topic_practice.pc'
[0.446s] Level 1:colcon.colcon_core.environment:checking '/home/maki/ros2_ws/install/cpp_topic_practice/lib/python3.10/site-packages'
[0.446s] Level 1:colcon.colcon_core.environment:checking '/home/maki/ros2_ws/install/cpp_topic_practice/bin'
[0.447s] INFO:colcon.colcon_core.shell:Creating package script '/home/maki/ros2_ws/install/cpp_topic_practice/share/cpp_topic_practice/package.ps1'
[0.448s] INFO:colcon.colcon_core.shell:Creating package descriptor '/home/maki/ros2_ws/install/cpp_topic_practice/share/cpp_topic_practice/package.dsv'
[0.448s] INFO:colcon.colcon_core.shell:Creating package script '/home/maki/ros2_ws/install/cpp_topic_practice/share/cpp_topic_practice/package.sh'
[0.449s] INFO:colcon.colcon_core.shell:Creating package script '/home/maki/ros2_ws/install/cpp_topic_practice/share/cpp_topic_practice/package.bash'
[0.450s] INFO:colcon.colcon_core.shell:Creating package script '/home/maki/ros2_ws/install/cpp_topic_practice/share/cpp_topic_practice/package.zsh'
[0.451s] Level 1:colcon.colcon_core.environment:create_file_with_runtime_dependencies(/home/maki/ros2_ws/install/cpp_topic_practice/share/colcon-core/packages/cpp_topic_practice)
[0.453s] Level 1:colcon.colcon_core.environment:create_environment_scripts_only(package_test)
[0.454s] DEBUG:colcon.colcon_core.event_handler.log_command:Invoked command in '/home/maki/ros2_ws/build/package_test' returned '0': CMAKE_PREFIX_PATH=${CMAKE_PREFIX_PATH}:/opt/ros/humble /usr/bin/cmake --install /home/maki/ros2_ws/build/package_test
[0.454s] Level 1:colcon.colcon_core.environment:checking '/home/maki/ros2_ws/install/package_test' for CMake module files
[0.456s] Level 1:colcon.colcon_core.environment:checking '/home/maki/ros2_ws/install/package_test' for CMake config files
[0.456s] Level 1:colcon.colcon_core.shell:create_environment_hook('package_test', 'cmake_prefix_path')
[0.456s] INFO:colcon.colcon_core.shell:Creating environment hook '/home/maki/ros2_ws/install/package_test/share/package_test/hook/cmake_prefix_path.ps1'
[0.456s] INFO:colcon.colcon_core.shell:Creating environment descriptor '/home/maki/ros2_ws/install/package_test/share/package_test/hook/cmake_prefix_path.dsv'
[0.457s] INFO:colcon.colcon_core.shell:Creating environment hook '/home/maki/ros2_ws/install/package_test/share/package_test/hook/cmake_prefix_path.sh'
[0.457s] Level 1:colcon.colcon_core.environment:checking '/home/maki/ros2_ws/install/package_test/bin'
[0.457s] Level 1:colcon.colcon_core.environment:checking '/home/maki/ros2_ws/install/package_test/lib/pkgconfig/package_test.pc'
[0.457s] Level 1:colcon.colcon_core.environment:checking '/home/maki/ros2_ws/install/package_test/lib/python3.10/site-packages'
[0.458s] Level 1:colcon.colcon_core.environment:checking '/home/maki/ros2_ws/install/package_test/bin'
[0.458s] INFO:colcon.colcon_core.shell:Creating package script '/home/maki/ros2_ws/install/package_test/share/package_test/package.ps1'
[0.458s] INFO:colcon.colcon_core.shell:Creating package descriptor '/home/maki/ros2_ws/install/package_test/share/package_test/package.dsv'
[0.458s] INFO:colcon.colcon_core.shell:Creating package script '/home/maki/ros2_ws/install/package_test/share/package_test/package.sh'
[0.459s] INFO:colcon.colcon_core.shell:Creating package script '/home/maki/ros2_ws/install/package_test/share/package_test/package.bash'
[0.459s] INFO:colcon.colcon_core.shell:Creating package script '/home/maki/ros2_ws/install/package_test/share/package_test/package.zsh'
[0.459s] Level 1:colcon.colcon_core.environment:create_file_with_runtime_dependencies(/home/maki/ros2_ws/install/package_test/share/colcon-core/packages/package_test)
[0.467s] Level 1:colcon.colcon_core.environment:create_environment_scripts_only(cpp_topic_practice)
[0.468s] Level 1:colcon.colcon_core.environment:checking '/home/maki/ros2_ws/install/cpp_topic_practice' for CMake module files
[0.468s] Level 1:colcon.colcon_core.environment:checking '/home/maki/ros2_ws/install/cpp_topic_practice' for CMake config files
[0.469s] Level 1:colcon.colcon_core.shell:create_environment_hook('cpp_topic_practice', 'cmake_prefix_path')
[0.469s] INFO:colcon.colcon_core.shell:Creating environment hook '/home/maki/ros2_ws/install/cpp_topic_practice/share/cpp_topic_practice/hook/cmake_prefix_path.ps1'
[0.470s] INFO:colcon.colcon_core.shell:Creating environment descriptor '/home/maki/ros2_ws/install/cpp_topic_practice/share/cpp_topic_practice/hook/cmake_prefix_path.dsv'
[0.470s] INFO:colcon.colcon_core.shell:Creating environment hook '/home/maki/ros2_ws/install/cpp_topic_practice/share/cpp_topic_practice/hook/cmake_prefix_path.sh'
[0.471s] Level 1:colcon.colcon_core.environment:checking '/home/maki/ros2_ws/install/cpp_topic_practice/bin'
[0.471s] Level 1:colcon.colcon_core.environment:checking '/home/maki/ros2_ws/install/cpp_topic_practice/lib/pkgconfig/cpp_topic_practice.pc'
[0.471s] Level 1:colcon.colcon_core.environment:checking '/home/maki/ros2_ws/install/cpp_topic_practice/lib/python3.10/site-packages'
[0.471s] Level 1:colcon.colcon_core.environment:checking '/home/maki/ros2_ws/install/cpp_topic_practice/bin'
[0.472s] INFO:colcon.colcon_core.shell:Creating package script '/home/maki/ros2_ws/install/cpp_topic_practice/share/cpp_topic_practice/package.ps1'
[0.472s] INFO:colcon.colcon_core.shell:Creating package descriptor '/home/maki/ros2_ws/install/cpp_topic_practice/share/cpp_topic_practice/package.dsv'
[0.473s] INFO:colcon.colcon_core.shell:Creating package script '/home/maki/ros2_ws/install/cpp_topic_practice/share/cpp_topic_practice/package.sh'
[0.473s] INFO:colcon.colcon_core.shell:Creating package script '/home/maki/ros2_ws/install/cpp_topic_practice/share/cpp_topic_practice/package.bash'
[0.474s] INFO:colcon.colcon_core.shell:Creating package script '/home/maki/ros2_ws/install/cpp_topic_practice/share/cpp_topic_practice/package.zsh'
[0.474s] Level 1:colcon.colcon_core.environment:create_file_with_runtime_dependencies(/home/maki/ros2_ws/install/cpp_topic_practice/share/colcon-core/packages/cpp_topic_practice)
[0.475s] Level 1:colcon.colcon_core.environment:create_environment_scripts_only(package_test)
[0.475s] Level 1:colcon.colcon_core.environment:checking '/home/maki/ros2_ws/install/package_test' for CMake module files
[0.476s] Level 1:colcon.colcon_core.environment:checking '/home/maki/ros2_ws/install/package_test' for CMake config files
[0.476s] Level 1:colcon.colcon_core.shell:create_environment_hook('package_test', 'cmake_prefix_path')
[0.476s] INFO:colcon.colcon_core.shell:Creating environment hook '/home/maki/ros2_ws/install/package_test/share/package_test/hook/cmake_prefix_path.ps1'
[0.477s] INFO:colcon.colcon_core.shell:Creating environment descriptor '/home/maki/ros2_ws/install/package_test/share/package_test/hook/cmake_prefix_path.dsv'
[0.477s] INFO:colcon.colcon_core.shell:Creating environment hook '/home/maki/ros2_ws/install/package_test/share/package_test/hook/cmake_prefix_path.sh'
[0.478s] Level 1:colcon.colcon_core.environment:checking '/home/maki/ros2_ws/install/package_test/bin'
[0.478s] Level 1:colcon.colcon_core.environment:checking '/home/maki/ros2_ws/install/package_test/lib/pkgconfig/package_test.pc'
[0.478s] Level 1:colcon.colcon_core.environment:checking '/home/maki/ros2_ws/install/package_test/lib/python3.10/site-packages'
[0.478s] Level 1:colcon.colcon_core.environment:checking '/home/maki/ros2_ws/install/package_test/bin'
[0.478s] INFO:colcon.colcon_core.shell:Creating package script '/home/maki/ros2_ws/install/package_test/share/package_test/package.ps1'
[0.479s] INFO:colcon.colcon_core.shell:Creating package descriptor '/home/maki/ros2_ws/install/package_test/share/package_test/package.dsv'
[0.479s] INFO:colcon.colcon_core.shell:Creating package script '/home/maki/ros2_ws/install/package_test/share/package_test/package.sh'
[0.480s] INFO:colcon.colcon_core.shell:Creating package script '/home/maki/ros2_ws/install/package_test/share/package_test/package.bash'
[0.480s] INFO:colcon.colcon_core.shell:Creating package script '/home/maki/ros2_ws/install/package_test/share/package_test/package.zsh'
[0.480s] Level 1:colcon.colcon_core.environment:create_file_with_runtime_dependencies(/home/maki/ros2_ws/install/package_test/share/colcon-core/packages/package_test)
[0.611s] DEBUG:colcon.colcon_core.event_handler.log_command:Invoked command in '/home/maki/ros2_ws/build/cpp_topic_pubsub' returned '0': CMAKE_PREFIX_PATH=${CMAKE_PREFIX_PATH}:/opt/ros/humble /usr/bin/cmake --build /home/maki/ros2_ws/build/cpp_topic_pubsub -- -j12 -l12
[0.642s] DEBUG:colcon.colcon_core.event_handler.log_command:Invoked command in '/home/maki/ros2_ws/build/cpp_server_client' returned '0': CMAKE_PREFIX_PATH=${CMAKE_PREFIX_PATH}:/opt/ros/humble /usr/bin/cmake --build /home/maki/ros2_ws/build/cpp_server_client -- -j12 -l12
[0.655s] DEBUG:colcon.colcon_core.event_handler.log_command:Invoking command in '/home/maki/ros2_ws/build/cpp_topic_pubsub': CMAKE_PREFIX_PATH=${CMAKE_PREFIX_PATH}:/opt/ros/humble /usr/bin/cmake --install /home/maki/ros2_ws/build/cpp_topic_pubsub
[0.680s] DEBUG:colcon.colcon_core.event_handler.log_command:Invoking command in '/home/maki/ros2_ws/build/cpp_server_client': CMAKE_PREFIX_PATH=${CMAKE_PREFIX_PATH}:/opt/ros/humble /usr/bin/cmake --install /home/maki/ros2_ws/build/cpp_server_client
[0.689s] Level 1:colcon.colcon_core.environment:create_environment_scripts_only(cpp_topic_pubsub)
[0.689s] Level 1:colcon.colcon_core.environment:checking '/home/maki/ros2_ws/install/cpp_topic_pubsub' for CMake module files
[0.691s] Level 1:colcon.colcon_core.environment:checking '/home/maki/ros2_ws/install/cpp_topic_pubsub' for CMake config files
[0.694s] Level 1:colcon.colcon_core.shell:create_environment_hook('cpp_topic_pubsub', 'cmake_prefix_path')
[0.694s] INFO:colcon.colcon_core.shell:Creating environment hook '/home/maki/ros2_ws/install/cpp_topic_pubsub/share/cpp_topic_pubsub/hook/cmake_prefix_path.ps1'
[0.695s] INFO:colcon.colcon_core.shell:Creating environment descriptor '/home/maki/ros2_ws/install/cpp_topic_pubsub/share/cpp_topic_pubsub/hook/cmake_prefix_path.dsv'
[0.695s] INFO:colcon.colcon_core.shell:Creating environment hook '/home/maki/ros2_ws/install/cpp_topic_pubsub/share/cpp_topic_pubsub/hook/cmake_prefix_path.sh'
[0.696s] Level 1:colcon.colcon_core.environment:checking '/home/maki/ros2_ws/install/cpp_topic_pubsub/lib'
[0.697s] Level 1:colcon.colcon_core.shell:create_environment_hook('cpp_topic_pubsub', 'ld_library_path_lib')
[0.697s] INFO:colcon.colcon_core.shell:Creating environment hook '/home/maki/ros2_ws/install/cpp_topic_pubsub/share/cpp_topic_pubsub/hook/ld_library_path_lib.ps1'
[0.698s] INFO:colcon.colcon_core.shell:Creating environment descriptor '/home/maki/ros2_ws/install/cpp_topic_pubsub/share/cpp_topic_pubsub/hook/ld_library_path_lib.dsv'
[0.698s] INFO:colcon.colcon_core.shell:Creating environment hook '/home/maki/ros2_ws/install/cpp_topic_pubsub/share/cpp_topic_pubsub/hook/ld_library_path_lib.sh'
[0.699s] Level 1:colcon.colcon_core.environment:checking '/home/maki/ros2_ws/install/cpp_topic_pubsub/bin'
[0.699s] Level 1:colcon.colcon_core.environment:checking '/home/maki/ros2_ws/install/cpp_topic_pubsub/lib/pkgconfig/cpp_topic_pubsub.pc'
[0.699s] Level 1:colcon.colcon_core.environment:checking '/home/maki/ros2_ws/install/cpp_topic_pubsub/lib/python3.10/site-packages'
[0.700s] Level 1:colcon.colcon_core.environment:checking '/home/maki/ros2_ws/install/cpp_topic_pubsub/bin'
[0.700s] INFO:colcon.colcon_core.shell:Creating package script '/home/maki/ros2_ws/install/cpp_topic_pubsub/share/cpp_topic_pubsub/package.ps1'
[0.701s] INFO:colcon.colcon_core.shell:Creating package descriptor '/home/maki/ros2_ws/install/cpp_topic_pubsub/share/cpp_topic_pubsub/package.dsv'
[0.702s] INFO:colcon.colcon_core.shell:Creating package script '/home/maki/ros2_ws/install/cpp_topic_pubsub/share/cpp_topic_pubsub/package.sh'
[0.702s] INFO:colcon.colcon_core.shell:Creating package script '/home/maki/ros2_ws/install/cpp_topic_pubsub/share/cpp_topic_pubsub/package.bash'
[0.703s] INFO:colcon.colcon_core.shell:Creating package script '/home/maki/ros2_ws/install/cpp_topic_pubsub/share/cpp_topic_pubsub/package.zsh'
[0.704s] Level 1:colcon.colcon_core.environment:create_file_with_runtime_dependencies(/home/maki/ros2_ws/install/cpp_topic_pubsub/share/colcon-core/packages/cpp_topic_pubsub)
[0.708s] DEBUG:colcon.colcon_core.event_handler.log_command:Invoked command in '/home/maki/ros2_ws/build/cpp_topic_pubsub' returned '0': CMAKE_PREFIX_PATH=${CMAKE_PREFIX_PATH}:/opt/ros/humble /usr/bin/cmake --install /home/maki/ros2_ws/build/cpp_topic_pubsub
[0.724s] Level 1:colcon.colcon_core.environment:create_environment_scripts_only(cpp_server_client)
[0.725s] Level 1:colcon.colcon_core.environment:checking '/home/maki/ros2_ws/install/cpp_server_client' for CMake module files
[0.727s] Level 1:colcon.colcon_core.environment:checking '/home/maki/ros2_ws/install/cpp_server_client' for CMake config files
[0.727s] DEBUG:colcon.colcon_core.event_handler.log_command:Invoked command in '/home/maki/ros2_ws/build/cpp_server_client' returned '0': CMAKE_PREFIX_PATH=${CMAKE_PREFIX_PATH}:/opt/ros/humble /usr/bin/cmake --install /home/maki/ros2_ws/build/cpp_server_client
[0.728s] Level 1:colcon.colcon_core.shell:create_environment_hook('cpp_server_client', 'cmake_prefix_path')
[0.728s] INFO:colcon.colcon_core.shell:Creating environment hook '/home/maki/ros2_ws/install/cpp_server_client/share/cpp_server_client/hook/cmake_prefix_path.ps1'
[0.728s] INFO:colcon.colcon_core.shell:Creating environment descriptor '/home/maki/ros2_ws/install/cpp_server_client/share/cpp_server_client/hook/cmake_prefix_path.dsv'
[0.729s] INFO:colcon.colcon_core.shell:Creating environment hook '/home/maki/ros2_ws/install/cpp_server_client/share/cpp_server_client/hook/cmake_prefix_path.sh'
[0.729s] Level 1:colcon.colcon_core.environment:checking '/home/maki/ros2_ws/install/cpp_server_client/lib'
[0.729s] Level 1:colcon.colcon_core.shell:create_environment_hook('cpp_server_client', 'ld_library_path_lib')
[0.730s] INFO:colcon.colcon_core.shell:Creating environment hook '/home/maki/ros2_ws/install/cpp_server_client/share/cpp_server_client/hook/ld_library_path_lib.ps1'
[0.730s] INFO:colcon.colcon_core.shell:Creating environment descriptor '/home/maki/ros2_ws/install/cpp_server_client/share/cpp_server_client/hook/ld_library_path_lib.dsv'
[0.730s] INFO:colcon.colcon_core.shell:Creating environment hook '/home/maki/ros2_ws/install/cpp_server_client/share/cpp_server_client/hook/ld_library_path_lib.sh'
[0.731s] Level 1:colcon.colcon_core.environment:checking '/home/maki/ros2_ws/install/cpp_server_client/bin'
[0.731s] Level 1:colcon.colcon_core.environment:checking '/home/maki/ros2_ws/install/cpp_server_client/lib/pkgconfig/cpp_server_client.pc'
[0.731s] Level 1:colcon.colcon_core.environment:checking '/home/maki/ros2_ws/install/cpp_server_client/lib/python3.10/site-packages'
[0.731s] Level 1:colcon.colcon_core.environment:checking '/home/maki/ros2_ws/install/cpp_server_client/bin'
[0.732s] INFO:colcon.colcon_core.shell:Creating package script '/home/maki/ros2_ws/install/cpp_server_client/share/cpp_server_client/package.ps1'
[0.732s] INFO:colcon.colcon_core.shell:Creating package descriptor '/home/maki/ros2_ws/install/cpp_server_client/share/cpp_server_client/package.dsv'
[0.733s] INFO:colcon.colcon_core.shell:Creating package script '/home/maki/ros2_ws/install/cpp_server_client/share/cpp_server_client/package.sh'
[0.733s] INFO:colcon.colcon_core.shell:Creating package script '/home/maki/ros2_ws/install/cpp_server_client/share/cpp_server_client/package.bash'
[0.733s] INFO:colcon.colcon_core.shell:Creating package script '/home/maki/ros2_ws/install/cpp_server_client/share/cpp_server_client/package.zsh'
[0.734s] Level 1:colcon.colcon_core.environment:create_file_with_runtime_dependencies(/home/maki/ros2_ws/install/cpp_server_client/share/colcon-core/packages/cpp_server_client)
[0.744s] Level 1:colcon.colcon_core.environment:create_environment_scripts_only(cpp_topic_pubsub)
[0.744s] Level 1:colcon.colcon_core.environment:checking '/home/maki/ros2_ws/install/cpp_topic_pubsub' for CMake module files
[0.745s] Level 1:colcon.colcon_core.environment:checking '/home/maki/ros2_ws/install/cpp_topic_pubsub' for CMake config files
[0.745s] Level 1:colcon.colcon_core.shell:create_environment_hook('cpp_topic_pubsub', 'cmake_prefix_path')
[0.746s] INFO:colcon.colcon_core.shell:Creating environment hook '/home/maki/ros2_ws/install/cpp_topic_pubsub/share/cpp_topic_pubsub/hook/cmake_prefix_path.ps1'
[0.746s] INFO:colcon.colcon_core.shell:Creating environment descriptor '/home/maki/ros2_ws/install/cpp_topic_pubsub/share/cpp_topic_pubsub/hook/cmake_prefix_path.dsv'
[0.746s] INFO:colcon.colcon_core.shell:Creating environment hook '/home/maki/ros2_ws/install/cpp_topic_pubsub/share/cpp_topic_pubsub/hook/cmake_prefix_path.sh'
[0.747s] Level 1:colcon.colcon_core.environment:checking '/home/maki/ros2_ws/install/cpp_topic_pubsub/lib'
[0.747s] Level 1:colcon.colcon_core.shell:create_environment_hook('cpp_topic_pubsub', 'ld_library_path_lib')
[0.747s] INFO:colcon.colcon_core.shell:Creating environment hook '/home/maki/ros2_ws/install/cpp_topic_pubsub/share/cpp_topic_pubsub/hook/ld_library_path_lib.ps1'
[0.748s] INFO:colcon.colcon_core.shell:Creating environment descriptor '/home/maki/ros2_ws/install/cpp_topic_pubsub/share/cpp_topic_pubsub/hook/ld_library_path_lib.dsv'
[0.748s] INFO:colcon.colcon_core.shell:Creating environment hook '/home/maki/ros2_ws/install/cpp_topic_pubsub/share/cpp_topic_pubsub/hook/ld_library_path_lib.sh'
[0.748s] Level 1:colcon.colcon_core.environment:checking '/home/maki/ros2_ws/install/cpp_topic_pubsub/bin'
[0.748s] Level 1:colcon.colcon_core.environment:checking '/home/maki/ros2_ws/install/cpp_topic_pubsub/lib/pkgconfig/cpp_topic_pubsub.pc'
[0.748s] Level 1:colcon.colcon_core.environment:checking '/home/maki/ros2_ws/install/cpp_topic_pubsub/lib/python3.10/site-packages'
[0.749s] Level 1:colcon.colcon_core.environment:checking '/home/maki/ros2_ws/install/cpp_topic_pubsub/bin'
[0.749s] INFO:colcon.colcon_core.shell:Creating package script '/home/maki/ros2_ws/install/cpp_topic_pubsub/share/cpp_topic_pubsub/package.ps1'
[0.750s] INFO:colcon.colcon_core.shell:Creating package descriptor '/home/maki/ros2_ws/install/cpp_topic_pubsub/share/cpp_topic_pubsub/package.dsv'
[0.750s] INFO:colcon.colcon_core.shell:Creating package script '/home/maki/ros2_ws/install/cpp_topic_pubsub/share/cpp_topic_pubsub/package.sh'
[0.750s] INFO:colcon.colcon_core.shell:Creating package script '/home/maki/ros2_ws/install/cpp_topic_pubsub/share/cpp_topic_pubsub/package.bash'
[0.751s] INFO:colcon.colcon_core.shell:Creating package script '/home/maki/ros2_ws/install/cpp_topic_pubsub/share/cpp_topic_pubsub/package.zsh'
[0.751s] Level 1:colcon.colcon_core.environment:create_file_with_runtime_dependencies(/home/maki/ros2_ws/install/cpp_topic_pubsub/share/colcon-core/packages/cpp_topic_pubsub)
[0.772s] Level 1:colcon.colcon_core.environment:create_environment_scripts_only(cpp_server_client)
[0.772s] Level 1:colcon.colcon_core.environment:checking '/home/maki/ros2_ws/install/cpp_server_client' for CMake module files
[0.773s] Level 1:colcon.colcon_core.environment:checking '/home/maki/ros2_ws/install/cpp_server_client' for CMake config files
[0.774s] Level 1:colcon.colcon_core.shell:create_environment_hook('cpp_server_client', 'cmake_prefix_path')
[0.774s] INFO:colcon.colcon_core.shell:Creating environment hook '/home/maki/ros2_ws/install/cpp_server_client/share/cpp_server_client/hook/cmake_prefix_path.ps1'
[0.774s] INFO:colcon.colcon_core.shell:Creating environment descriptor '/home/maki/ros2_ws/install/cpp_server_client/share/cpp_server_client/hook/cmake_prefix_path.dsv'
[0.775s] INFO:colcon.colcon_core.shell:Creating environment hook '/home/maki/ros2_ws/install/cpp_server_client/share/cpp_server_client/hook/cmake_prefix_path.sh'
[0.775s] Level 1:colcon.colcon_core.environment:checking '/home/maki/ros2_ws/install/cpp_server_client/lib'
[0.775s] Level 1:colcon.colcon_core.shell:create_environment_hook('cpp_server_client', 'ld_library_path_lib')
[0.775s] INFO:colcon.colcon_core.shell:Creating environment hook '/home/maki/ros2_ws/install/cpp_server_client/share/cpp_server_client/hook/ld_library_path_lib.ps1'
[0.776s] INFO:colcon.colcon_core.shell:Creating environment descriptor '/home/maki/ros2_ws/install/cpp_server_client/share/cpp_server_client/hook/ld_library_path_lib.dsv'
[0.776s] INFO:colcon.colcon_core.shell:Creating environment hook '/home/maki/ros2_ws/install/cpp_server_client/share/cpp_server_client/hook/ld_library_path_lib.sh'
[0.776s] Level 1:colcon.colcon_core.environment:checking '/home/maki/ros2_ws/install/cpp_server_client/bin'
[0.776s] Level 1:colcon.colcon_core.environment:checking '/home/maki/ros2_ws/install/cpp_server_client/lib/pkgconfig/cpp_server_client.pc'
[0.777s] Level 1:colcon.colcon_core.environment:checking '/home/maki/ros2_ws/install/cpp_server_client/lib/python3.10/site-packages'
[0.777s] Level 1:colcon.colcon_core.environment:checking '/home/maki/ros2_ws/install/cpp_server_client/bin'
[0.777s] INFO:colcon.colcon_core.shell:Creating package script '/home/maki/ros2_ws/install/cpp_server_client/share/cpp_server_client/package.ps1'
[0.778s] INFO:colcon.colcon_core.shell:Creating package descriptor '/home/maki/ros2_ws/install/cpp_server_client/share/cpp_server_client/package.dsv'
[0.778s] INFO:colcon.colcon_core.shell:Creating package script '/home/maki/ros2_ws/install/cpp_server_client/share/cpp_server_client/package.sh'
[0.778s] INFO:colcon.colcon_core.shell:Creating package script '/home/maki/ros2_ws/install/cpp_server_client/share/cpp_server_client/package.bash'
[0.779s] INFO:colcon.colcon_core.shell:Creating package script '/home/maki/ros2_ws/install/cpp_server_client/share/cpp_server_client/package.zsh'
[0.779s] Level 1:colcon.colcon_core.environment:create_file_with_runtime_dependencies(/home/maki/ros2_ws/install/cpp_server_client/share/colcon-core/packages/cpp_server_client)
[1.419s] DEBUG:colcon.colcon_core.event_handler.log_command:Invoked command in '/home/maki/ros2_ws/build/cpp_topic_pubsub2' returned '1': /usr/bin/cmake /home/maki/ros2_ws/src/cpp_topic_pubsub2 -DCMAKE_INSTALL_PREFIX=/home/maki/ros2_ws/install/cpp_topic_pubsub2
[1.429s] DEBUG:colcon.colcon_parallel_executor.executor.parallel:closing loop
[1.430s] DEBUG:colcon.colcon_parallel_executor.executor.parallel:loop closed
[1.430s] DEBUG:colcon.colcon_parallel_executor.executor.parallel:run_until_complete finished with '1'
[1.430s] DEBUG:colcon.colcon_core.event_reactor:joining thread
[1.437s] INFO:colcon.colcon_core.plugin_system:Skipping extension 'colcon_notification.desktop_notification.terminal_notifier': Not used on non-Darwin systems
[1.437s] INFO:colcon.colcon_core.plugin_system:Skipping extension 'colcon_notification.desktop_notification.win32': Not used on non-Windows systems
[1.437s] INFO:colcon.colcon_notification.desktop_notification:Sending desktop notification using 'notify2'
[1.458s] DEBUG:colcon.colcon_core.event_reactor:joined thread
[1.459s] INFO:colcon.colcon_core.shell:Creating prefix script '/home/maki/ros2_ws/install/local_setup.ps1'
[1.459s] INFO:colcon.colcon_core.shell:Creating prefix util module '/home/maki/ros2_ws/install/_local_setup_util_ps1.py'
[1.460s] INFO:colcon.colcon_core.shell:Creating prefix chain script '/home/maki/ros2_ws/install/setup.ps1'
[1.461s] INFO:colcon.colcon_core.shell:Creating prefix script '/home/maki/ros2_ws/install/local_setup.sh'
[1.461s] INFO:colcon.colcon_core.shell:Creating prefix util module '/home/maki/ros2_ws/install/_local_setup_util_sh.py'
[1.462s] INFO:colcon.colcon_core.shell:Creating prefix chain script '/home/maki/ros2_ws/install/setup.sh'
[1.462s] INFO:colcon.colcon_core.shell:Creating prefix script '/home/maki/ros2_ws/install/local_setup.bash'
[1.463s] INFO:colcon.colcon_core.shell:Creating prefix chain script '/home/maki/ros2_ws/install/setup.bash'
[1.464s] INFO:colcon.colcon_core.shell:Creating prefix script '/home/maki/ros2_ws/install/local_setup.zsh'
[1.464s] INFO:colcon.colcon_core.shell:Creating prefix chain script '/home/maki/ros2_ws/install/setup.zsh'
