[0.183s] Invoking command in '/home/maki/ros2_ws/build/bag_recorder_nodes': CMAKE_PREFIX_PATH=/opt/ros/humble /usr/bin/cmake --build /home/maki/ros2_ws/build/bag_recorder_nodes -- -j12 -l12
[0.221s] [35m[1mConsolidate compiler generated dependencies of target simple_bag_recorder[0m
[0.221s] [35m[1mConsolidate compiler generated dependencies of target data_generator_node[0m
[0.236s] [ 50%] Built target simple_bag_recorder
[0.247s] [100%] Built target data_generator_node
[0.270s] Invoked command in '/home/maki/ros2_ws/build/bag_recorder_nodes' returned '0': CMAKE_PREFIX_PATH=/opt/ros/humble /usr/bin/cmake --build /home/maki/ros2_ws/build/bag_recorder_nodes -- -j12 -l12
[0.355s] Invoking command in '/home/maki/ros2_ws/build/bag_recorder_nodes': CMAKE_PREFIX_PATH=/opt/ros/humble /usr/bin/cmake --install /home/maki/ros2_ws/build/bag_recorder_nodes
[0.436s] -- Install configuration: ""
[0.436s] -- Up-to-date: /home/maki/ros2_ws/install/bag_recorder_nodes/lib/bag_recorder_nodes/simple_bag_recorder
[0.436s] -- Up-to-date: /home/maki/ros2_ws/install/bag_recorder_nodes/lib/bag_recorder_nodes/data_generator_node
[0.436s] -- Up-to-date: /home/maki/ros2_ws/install/bag_recorder_nodes/share/ament_index/resource_index/package_run_dependencies/bag_recorder_nodes
[0.436s] -- Up-to-date: /home/maki/ros2_ws/install/bag_recorder_nodes/share/ament_index/resource_index/parent_prefix_path/bag_recorder_nodes
[0.437s] -- Up-to-date: /home/maki/ros2_ws/install/bag_recorder_nodes/share/bag_recorder_nodes/environment/ament_prefix_path.sh
[0.437s] -- Up-to-date: /home/maki/ros2_ws/install/bag_recorder_nodes/share/bag_recorder_nodes/environment/ament_prefix_path.dsv
[0.437s] -- Up-to-date: /home/maki/ros2_ws/install/bag_recorder_nodes/share/bag_recorder_nodes/environment/path.sh
[0.437s] -- Up-to-date: /home/maki/ros2_ws/install/bag_recorder_nodes/share/bag_recorder_nodes/environment/path.dsv
[0.437s] -- Up-to-date: /home/maki/ros2_ws/install/bag_recorder_nodes/share/bag_recorder_nodes/local_setup.bash
[0.437s] -- Up-to-date: /home/maki/ros2_ws/install/bag_recorder_nodes/share/bag_recorder_nodes/local_setup.sh
[0.438s] -- Up-to-date: /home/maki/ros2_ws/install/bag_recorder_nodes/share/bag_recorder_nodes/local_setup.zsh
[0.438s] -- Up-to-date: /home/maki/ros2_ws/install/bag_recorder_nodes/share/bag_recorder_nodes/local_setup.dsv
[0.438s] -- Installing: /home/maki/ros2_ws/install/bag_recorder_nodes/share/bag_recorder_nodes/package.dsv
[0.439s] -- Up-to-date: /home/maki/ros2_ws/install/bag_recorder_nodes/share/ament_index/resource_index/packages/bag_recorder_nodes
[0.439s] -- Up-to-date: /home/maki/ros2_ws/install/bag_recorder_nodes/share/bag_recorder_nodes/cmake/bag_recorder_nodesConfig.cmake
[0.439s] -- Up-to-date: /home/maki/ros2_ws/install/bag_recorder_nodes/share/bag_recorder_nodes/cmake/bag_recorder_nodesConfig-version.cmake
[0.439s] -- Up-to-date: /home/maki/ros2_ws/install/bag_recorder_nodes/share/bag_recorder_nodes/package.xml
[0.541s] Invoked command in '/home/maki/ros2_ws/build/bag_recorder_nodes' returned '0': CMAKE_PREFIX_PATH=/opt/ros/humble /usr/bin/cmake --install /home/maki/ros2_ws/build/bag_recorder_nodes
