[0.102s] Invoking command in '/home/maki/ros2_ws/build/cpp_server_client': CMAKE_PREFIX_PATH=/opt/ros/humble /usr/bin/cmake /home/maki/ros2_ws/src/ros2humble_tutorials/cpp_server_client -DCMAKE_INSTALL_PREFIX=/home/maki/ros2_ws/install/cpp_server_client
[0.173s] -- The C compiler identification is GNU 11.4.0
[0.235s] -- The CXX compiler identification is GNU 11.4.0
[0.243s] -- Detecting C compiler ABI info
[0.308s] -- Detecting C compiler ABI info - done
[0.316s] -- Check for working C compiler: /usr/bin/cc - skipped
[0.316s] -- Detecting C compile features
[0.316s] -- Detecting C compile features - done
[0.319s] -- Detecting CXX compiler ABI info
[0.388s] -- Detecting CXX compiler ABI info - done
[0.397s] -- Check for working CXX compiler: /usr/bin/c++ - skipped
[0.398s] -- Detecting CXX compile features
[0.398s] -- Detecting CXX compile features - done
[0.400s] -- Found ament_cmake: 1.3.8 (/opt/ros/humble/share/ament_cmake/cmake)
[0.547s] -- Found Python3: /usr/bin/python3 (found version "3.10.12") found components: Interpreter 
[0.615s] -- Found rclcpp: 16.0.8 (/opt/ros/humble/share/rclcpp/cmake)
[0.661s] -- Found rosidl_generator_c: 3.1.5 (/opt/ros/humble/share/rosidl_generator_c/cmake)
[0.666s] -- Found rosidl_adapter: 3.1.5 (/opt/ros/humble/share/rosidl_adapter/cmake)
[0.675s] -- Found rosidl_generator_cpp: 3.1.5 (/opt/ros/humble/share/rosidl_generator_cpp/cmake)
[0.689s] -- Using all available rosidl_typesupport_c: rosidl_typesupport_fastrtps_c;rosidl_typesupport_introspection_c
[0.708s] -- Using all available rosidl_typesupport_cpp: rosidl_typesupport_fastrtps_cpp;rosidl_typesupport_introspection_cpp
[0.777s] -- Found rmw_implementation_cmake: 6.1.1 (/opt/ros/humble/share/rmw_implementation_cmake/cmake)
[0.779s] -- Found rmw_fastrtps_cpp: 6.2.6 (/opt/ros/humble/share/rmw_fastrtps_cpp/cmake)
[0.868s] -- Found OpenSSL: /usr/lib/x86_64-linux-gnu/libcrypto.so (found version "3.0.2")  
[0.888s] -- Found FastRTPS: /opt/ros/humble/include  
[0.930s] -- Using RMW implementation 'rmw_fastrtps_cpp' as default
[0.941s] -- Looking for pthread.h
[1.002s] -- Looking for pthread.h - found
[1.002s] -- Performing Test CMAKE_HAVE_LIBC_PTHREAD
[1.071s] -- Performing Test CMAKE_HAVE_LIBC_PTHREAD - Success
[1.072s] -- Found Threads: TRUE  
[1.238s] -- Found rosidl_default_generators: 1.2.0 (/opt/ros/humble/share/rosidl_default_generators/cmake)
[1.247s] -- Found ament_lint_auto: 0.12.10 (/opt/ros/humble/share/ament_lint_auto/cmake)
[1.516s] -- Found ament_cmake_ros: 0.10.0 (/opt/ros/humble/share/ament_cmake_ros/cmake)
[1.922s] -- Using all available rosidl_typesupport_c: rosidl_typesupport_fastrtps_c;rosidl_typesupport_introspection_c
[2.116s] -- Using all available rosidl_typesupport_cpp: rosidl_typesupport_fastrtps_cpp;rosidl_typesupport_introspection_cpp
[2.147s] -- Found PythonInterp: /usr/bin/python3 (found suitable version "3.10.12", minimum required is "3.6") 
[2.149s] -- Found python_cmake_module: 0.10.0 (/opt/ros/humble/share/python_cmake_module/cmake)
[2.196s] -- Found PythonLibs: /usr/lib/x86_64-linux-gnu/libpython3.10.so (found suitable version "3.10.12", minimum required is "3.5") 
[2.196s] -- Using PYTHON_EXECUTABLE: /usr/bin/python3
[2.196s] -- Using PYTHON_INCLUDE_DIRS: /usr/include/python3.10
[2.196s] -- Using PYTHON_LIBRARIES: /usr/lib/x86_64-linux-gnu/libpython3.10.so
[2.259s] -- Found PythonExtra: .so  
[2.354s] -- Added test 'cppcheck' to perform static code analysis on C / C++ code
[2.354s] -- Configured cppcheck include dirs: 
[2.354s] -- Configured cppcheck exclude dirs and/or files: 
[2.355s] -- Added test 'lint_cmake' to check CMake code style
[2.356s] -- Added test 'uncrustify' to check C / C++ code style
[2.356s] -- Configured uncrustify additional arguments: 
[2.357s] -- Added test 'xmllint' to check XML markup files
[2.363s] -- Configuring done
[2.449s] -- Generating done
[2.453s] -- Build files have been written to: /home/maki/ros2_ws/build/cpp_server_client
[2.485s] Invoked command in '/home/maki/ros2_ws/build/cpp_server_client' returned '0': CMAKE_PREFIX_PATH=/opt/ros/humble /usr/bin/cmake /home/maki/ros2_ws/src/ros2humble_tutorials/cpp_server_client -DCMAKE_INSTALL_PREFIX=/home/maki/ros2_ws/install/cpp_server_client
[2.496s] Invoking command in '/home/maki/ros2_ws/build/cpp_server_client': CMAKE_PREFIX_PATH=/opt/ros/humble /usr/bin/cmake --build /home/maki/ros2_ws/build/cpp_server_client -- -j12 -l12
[2.685s] [  2%] [34m[1mGenerating C code for ROS interfaces[0m
[2.709s] [  5%] [34m[1mGenerating C++ code for ROS interfaces[0m
[2.809s] [  5%] Built target ament_cmake_python_copy_cpp_server_client
[3.320s] [  5%] Built target cpp_server_client__cpp
[3.354s] [  8%] [34m[1mGenerating C++ type support dispatch for ROS interfaces[0m
[3.393s] [ 11%] [34m[1mGenerating C++ type support for eProsima Fast-RTPS[0m
[3.397s] [ 14%] [34m[1mGenerating C++ introspection for ROS interfaces[0m
[3.552s] [ 17%] [32mBuilding C object CMakeFiles/cpp_server_client__rosidl_generator_c.dir/rosidl_generator_c/cpp_server_client/srv/detail/practice_srv__functions.c.o[0m
[3.584s] running egg_info
[3.585s] creating cpp_server_client.egg-info
[3.585s] writing cpp_server_client.egg-info/PKG-INFO
[3.594s] writing dependency_links to cpp_server_client.egg-info/dependency_links.txt
[3.594s] writing top-level names to cpp_server_client.egg-info/top_level.txt
[3.594s] writing manifest file 'cpp_server_client.egg-info/SOURCES.txt'
[3.598s] reading manifest file 'cpp_server_client.egg-info/SOURCES.txt'
[3.600s] writing manifest file 'cpp_server_client.egg-info/SOURCES.txt'
[3.680s] [ 17%] Built target ament_cmake_python_build_cpp_server_client_egg
[3.717s] [ 20%] [32mBuilding CXX object CMakeFiles/cpp_server_client__rosidl_typesupport_cpp.dir/rosidl_typesupport_cpp/cpp_server_client/srv/practice_srv__type_support.cpp.o[0m
[3.730s] [ 22%] [32m[1mLinking C shared library libcpp_server_client__rosidl_generator_c.so[0m
[3.916s] [ 22%] Built target cpp_server_client__rosidl_generator_c
[3.993s] [ 25%] [34m[1mGenerating C type support for eProsima Fast-RTPS[0m
[4.025s] [ 31%] [34m[1mGenerating C type support dispatch for ROS interfaces[0m
[4.025s] [ 31%] [34m[1mGenerating C introspection for ROS interfaces[0m
[4.090s] [ 34%] [32m[1mLinking CXX shared library libcpp_server_client__rosidl_typesupport_cpp.so[0m
[4.191s] [ 37%] [32mBuilding CXX object CMakeFiles/cpp_server_client__rosidl_typesupport_fastrtps_cpp.dir/rosidl_typesupport_fastrtps_cpp/cpp_server_client/srv/detail/dds_fastrtps/practice_srv__type_support.cpp.o[0m
[4.222s] [ 37%] Built target cpp_server_client__rosidl_typesupport_cpp
[4.336s] [ 40%] [32mBuilding CXX object CMakeFiles/practice_client_node.dir/src/client_node.cpp.o[0m
[4.389s] [ 42%] [32mBuilding CXX object CMakeFiles/practice_server_node.dir/src/server_node.cpp.o[0m
[4.486s] [ 45%] [32mBuilding CXX object CMakeFiles/cpp_server_client__rosidl_typesupport_introspection_cpp.dir/rosidl_typesupport_introspection_cpp/cpp_server_client/srv/detail/practice_srv__type_support.cpp.o[0m
[4.764s] [ 48%] [32mBuilding CXX object CMakeFiles/cpp_server_client__rosidl_typesupport_c.dir/rosidl_typesupport_c/cpp_server_client/srv/practice_srv__type_support.cpp.o[0m
[4.913s] [ 51%] [32m[1mLinking CXX shared library libcpp_server_client__rosidl_typesupport_c.so[0m
[5.059s] [ 51%] Built target cpp_server_client__rosidl_typesupport_c
[5.070s] [ 54%] [32mBuilding CXX object CMakeFiles/cpp_server_client__rosidl_typesupport_fastrtps_c.dir/rosidl_typesupport_fastrtps_c/cpp_server_client/srv/detail/practice_srv__type_support_c.cpp.o[0m
[5.133s] [ 57%] [32m[1mLinking CXX shared library libcpp_server_client__rosidl_typesupport_fastrtps_cpp.so[0m
[5.157s] [ 60%] [32mBuilding C object CMakeFiles/cpp_server_client__rosidl_typesupport_introspection_c.dir/rosidl_typesupport_introspection_c/cpp_server_client/srv/detail/practice_srv__type_support.c.o[0m
[5.301s] [ 62%] [32m[1mLinking C shared library libcpp_server_client__rosidl_typesupport_introspection_c.so[0m
[5.405s] [ 62%] Built target cpp_server_client__rosidl_typesupport_fastrtps_cpp
[5.451s] [ 62%] Built target cpp_server_client__rosidl_typesupport_introspection_c
[5.497s] [ 65%] [32m[1mLinking CXX shared library libcpp_server_client__rosidl_typesupport_fastrtps_c.so[0m
[5.667s] [ 65%] Built target cpp_server_client__rosidl_typesupport_fastrtps_c
[5.792s] [ 68%] [32m[1mLinking CXX shared library libcpp_server_client__rosidl_typesupport_introspection_cpp.so[0m
[6.033s] [ 68%] Built target cpp_server_client__rosidl_typesupport_introspection_cpp
[6.149s] [ 68%] Built target cpp_server_client
[6.269s] [ 71%] [34m[1mGenerating Python code for ROS interfaces[0m
[7.241s] [ 71%] Built target cpp_server_client__py
[7.389s] [ 74%] [32mBuilding C object CMakeFiles/cpp_server_client__rosidl_generator_py.dir/rosidl_generator_py/cpp_server_client/srv/_practice_srv_s.c.o[0m
[7.725s] [ 77%] [32m[1mLinking C shared library rosidl_generator_py/cpp_server_client/libcpp_server_client__rosidl_generator_py.so[0m
[7.841s] [ 77%] Built target cpp_server_client__rosidl_generator_py
[7.939s] [ 80%] [32mBuilding C object CMakeFiles/cpp_server_client__rosidl_typesupport_c__pyext.dir/rosidl_generator_py/cpp_server_client/_cpp_server_client_s.ep.rosidl_typesupport_c.c.o[0m
[7.945s] [ 82%] [32mBuilding C object CMakeFiles/cpp_server_client__rosidl_typesupport_introspection_c__pyext.dir/rosidl_generator_py/cpp_server_client/_cpp_server_client_s.ep.rosidl_typesupport_introspection_c.c.o[0m
[7.945s] [ 85%] [32mBuilding C object CMakeFiles/cpp_server_client__rosidl_typesupport_fastrtps_c__pyext.dir/rosidl_generator_py/cpp_server_client/_cpp_server_client_s.ep.rosidl_typesupport_fastrtps_c.c.o[0m
[8.152s] [ 88%] [32m[1mLinking C shared library rosidl_generator_py/cpp_server_client/cpp_server_client_s__rosidl_typesupport_introspection_c.cpython-310-x86_64-linux-gnu.so[0m
[8.160s] [ 91%] [32m[1mLinking C shared library rosidl_generator_py/cpp_server_client/cpp_server_client_s__rosidl_typesupport_fastrtps_c.cpython-310-x86_64-linux-gnu.so[0m
[8.222s] [ 94%] [32m[1mLinking C shared library rosidl_generator_py/cpp_server_client/cpp_server_client_s__rosidl_typesupport_c.cpython-310-x86_64-linux-gnu.so[0m
[8.262s] [ 94%] Built target cpp_server_client__rosidl_typesupport_introspection_c__pyext
[8.320s] [ 94%] Built target cpp_server_client__rosidl_typesupport_fastrtps_c__pyext
[8.357s] [ 94%] Built target cpp_server_client__rosidl_typesupport_c__pyext
[10.088s] [ 97%] [32m[1mLinking CXX executable practice_server_node[0m
[10.249s] [ 97%] Built target practice_server_node
[10.547s] [100%] [32m[1mLinking CXX executable practice_client_node[0m
[10.665s] [100%] Built target practice_client_node
[10.677s] Invoked command in '/home/maki/ros2_ws/build/cpp_server_client' returned '0': CMAKE_PREFIX_PATH=/opt/ros/humble /usr/bin/cmake --build /home/maki/ros2_ws/build/cpp_server_client -- -j12 -l12
[10.752s] Invoking command in '/home/maki/ros2_ws/build/cpp_server_client': CMAKE_PREFIX_PATH=/opt/ros/humble /usr/bin/cmake --install /home/maki/ros2_ws/build/cpp_server_client
[10.761s] -- Install configuration: ""
[10.761s] -- Installing: /home/maki/ros2_ws/install/cpp_server_client/share/ament_index/resource_index/rosidl_interfaces/cpp_server_client
[10.761s] -- Installing: /home/maki/ros2_ws/install/cpp_server_client/include/cpp_server_client/cpp_server_client
[10.762s] -- Installing: /home/maki/ros2_ws/install/cpp_server_client/include/cpp_server_client/cpp_server_client/srv
[10.762s] -- Installing: /home/maki/ros2_ws/install/cpp_server_client/include/cpp_server_client/cpp_server_client/srv/detail
[10.762s] -- Installing: /home/maki/ros2_ws/install/cpp_server_client/include/cpp_server_client/cpp_server_client/srv/detail/practice_srv__functions.c
[10.763s] -- Installing: /home/maki/ros2_ws/install/cpp_server_client/include/cpp_server_client/cpp_server_client/srv/detail/practice_srv__struct.h
[10.763s] -- Installing: /home/maki/ros2_ws/install/cpp_server_client/include/cpp_server_client/cpp_server_client/srv/detail/practice_srv__type_support.h
[10.763s] -- Installing: /home/maki/ros2_ws/install/cpp_server_client/include/cpp_server_client/cpp_server_client/srv/detail/practice_srv__functions.h
[10.763s] -- Installing: /home/maki/ros2_ws/install/cpp_server_client/include/cpp_server_client/cpp_server_client/srv/practice_srv.h
[10.763s] -- Installing: /home/maki/ros2_ws/install/cpp_server_client/include/cpp_server_client/cpp_server_client/msg
[10.763s] -- Installing: /home/maki/ros2_ws/install/cpp_server_client/include/cpp_server_client/cpp_server_client/msg/rosidl_generator_c__visibility_control.h
[10.764s] -- Installing: /home/maki/ros2_ws/install/cpp_server_client/share/cpp_server_client/environment/library_path.sh
[10.764s] -- Installing: /home/maki/ros2_ws/install/cpp_server_client/share/cpp_server_client/environment/library_path.dsv
[10.764s] -- Installing: /home/maki/ros2_ws/install/cpp_server_client/lib/libcpp_server_client__rosidl_generator_c.so
[10.764s] -- Set runtime path of "/home/maki/ros2_ws/install/cpp_server_client/lib/libcpp_server_client__rosidl_generator_c.so" to ""
[10.764s] -- Up-to-date: /home/maki/ros2_ws/install/cpp_server_client/include/cpp_server_client/cpp_server_client
[10.764s] -- Up-to-date: /home/maki/ros2_ws/install/cpp_server_client/include/cpp_server_client/cpp_server_client/srv
[10.764s] -- Up-to-date: /home/maki/ros2_ws/install/cpp_server_client/include/cpp_server_client/cpp_server_client/srv/detail
[10.765s] -- Installing: /home/maki/ros2_ws/install/cpp_server_client/include/cpp_server_client/cpp_server_client/srv/detail/practice_srv__rosidl_typesupport_fastrtps_c.h
[10.765s] -- Up-to-date: /home/maki/ros2_ws/install/cpp_server_client/include/cpp_server_client/cpp_server_client/msg
[10.765s] -- Installing: /home/maki/ros2_ws/install/cpp_server_client/include/cpp_server_client/cpp_server_client/msg/rosidl_typesupport_fastrtps_c__visibility_control.h
[10.765s] -- Installing: /home/maki/ros2_ws/install/cpp_server_client/lib/libcpp_server_client__rosidl_typesupport_fastrtps_c.so
[10.765s] -- Set runtime path of "/home/maki/ros2_ws/install/cpp_server_client/lib/libcpp_server_client__rosidl_typesupport_fastrtps_c.so" to ""
[10.765s] -- Up-to-date: /home/maki/ros2_ws/install/cpp_server_client/include/cpp_server_client/cpp_server_client
[10.765s] -- Up-to-date: /home/maki/ros2_ws/install/cpp_server_client/include/cpp_server_client/cpp_server_client/srv
[10.766s] -- Up-to-date: /home/maki/ros2_ws/install/cpp_server_client/include/cpp_server_client/cpp_server_client/srv/detail
[10.766s] -- Installing: /home/maki/ros2_ws/install/cpp_server_client/include/cpp_server_client/cpp_server_client/srv/detail/practice_srv__traits.hpp
[10.766s] -- Installing: /home/maki/ros2_ws/install/cpp_server_client/include/cpp_server_client/cpp_server_client/srv/detail/practice_srv__builder.hpp
[10.766s] -- Installing: /home/maki/ros2_ws/install/cpp_server_client/include/cpp_server_client/cpp_server_client/srv/detail/practice_srv__struct.hpp
[10.766s] -- Installing: /home/maki/ros2_ws/install/cpp_server_client/include/cpp_server_client/cpp_server_client/srv/practice_srv.hpp
[10.766s] -- Up-to-date: /home/maki/ros2_ws/install/cpp_server_client/include/cpp_server_client/cpp_server_client
[10.767s] -- Up-to-date: /home/maki/ros2_ws/install/cpp_server_client/include/cpp_server_client/cpp_server_client/srv
[10.767s] -- Up-to-date: /home/maki/ros2_ws/install/cpp_server_client/include/cpp_server_client/cpp_server_client/srv/detail
[10.767s] -- Installing: /home/maki/ros2_ws/install/cpp_server_client/include/cpp_server_client/cpp_server_client/srv/detail/dds_fastrtps
[10.767s] -- Installing: /home/maki/ros2_ws/install/cpp_server_client/include/cpp_server_client/cpp_server_client/srv/detail/practice_srv__rosidl_typesupport_fastrtps_cpp.hpp
[10.767s] -- Up-to-date: /home/maki/ros2_ws/install/cpp_server_client/include/cpp_server_client/cpp_server_client/msg
[10.767s] -- Installing: /home/maki/ros2_ws/install/cpp_server_client/include/cpp_server_client/cpp_server_client/msg/rosidl_typesupport_fastrtps_cpp__visibility_control.h
[10.767s] -- Installing: /home/maki/ros2_ws/install/cpp_server_client/lib/libcpp_server_client__rosidl_typesupport_fastrtps_cpp.so
[10.768s] -- Set runtime path of "/home/maki/ros2_ws/install/cpp_server_client/lib/libcpp_server_client__rosidl_typesupport_fastrtps_cpp.so" to ""
[10.768s] -- Up-to-date: /home/maki/ros2_ws/install/cpp_server_client/include/cpp_server_client/cpp_server_client
[10.768s] -- Up-to-date: /home/maki/ros2_ws/install/cpp_server_client/include/cpp_server_client/cpp_server_client/srv
[10.768s] -- Up-to-date: /home/maki/ros2_ws/install/cpp_server_client/include/cpp_server_client/cpp_server_client/srv/detail
[10.768s] -- Installing: /home/maki/ros2_ws/install/cpp_server_client/include/cpp_server_client/cpp_server_client/srv/detail/practice_srv__type_support.c
[10.768s] -- Installing: /home/maki/ros2_ws/install/cpp_server_client/include/cpp_server_client/cpp_server_client/srv/detail/practice_srv__rosidl_typesupport_introspection_c.h
[10.768s] -- Up-to-date: /home/maki/ros2_ws/install/cpp_server_client/include/cpp_server_client/cpp_server_client/msg
[10.769s] -- Installing: /home/maki/ros2_ws/install/cpp_server_client/include/cpp_server_client/cpp_server_client/msg/rosidl_typesupport_introspection_c__visibility_control.h
[10.769s] -- Installing: /home/maki/ros2_ws/install/cpp_server_client/lib/libcpp_server_client__rosidl_typesupport_introspection_c.so
[10.769s] -- Set runtime path of "/home/maki/ros2_ws/install/cpp_server_client/lib/libcpp_server_client__rosidl_typesupport_introspection_c.so" to ""
[10.769s] -- Installing: /home/maki/ros2_ws/install/cpp_server_client/lib/libcpp_server_client__rosidl_typesupport_c.so
[10.769s] -- Set runtime path of "/home/maki/ros2_ws/install/cpp_server_client/lib/libcpp_server_client__rosidl_typesupport_c.so" to ""
[10.769s] -- Up-to-date: /home/maki/ros2_ws/install/cpp_server_client/include/cpp_server_client/cpp_server_client
[10.769s] -- Up-to-date: /home/maki/ros2_ws/install/cpp_server_client/include/cpp_server_client/cpp_server_client/srv
[10.770s] -- Up-to-date: /home/maki/ros2_ws/install/cpp_server_client/include/cpp_server_client/cpp_server_client/srv/detail
[10.770s] -- Installing: /home/maki/ros2_ws/install/cpp_server_client/include/cpp_server_client/cpp_server_client/srv/detail/practice_srv__type_support.cpp
[10.770s] -- Installing: /home/maki/ros2_ws/install/cpp_server_client/include/cpp_server_client/cpp_server_client/srv/detail/practice_srv__rosidl_typesupport_introspection_cpp.hpp
[10.770s] -- Installing: /home/maki/ros2_ws/install/cpp_server_client/lib/libcpp_server_client__rosidl_typesupport_introspection_cpp.so
[10.770s] -- Set runtime path of "/home/maki/ros2_ws/install/cpp_server_client/lib/libcpp_server_client__rosidl_typesupport_introspection_cpp.so" to ""
[10.770s] -- Installing: /home/maki/ros2_ws/install/cpp_server_client/lib/libcpp_server_client__rosidl_typesupport_cpp.so
[10.770s] -- Set runtime path of "/home/maki/ros2_ws/install/cpp_server_client/lib/libcpp_server_client__rosidl_typesupport_cpp.so" to ""
[10.770s] -- Installing: /home/maki/ros2_ws/install/cpp_server_client/share/cpp_server_client/environment/pythonpath.sh
[10.770s] -- Installing: /home/maki/ros2_ws/install/cpp_server_client/share/cpp_server_client/environment/pythonpath.dsv
[10.771s] -- Installing: /home/maki/ros2_ws/install/cpp_server_client/local/lib/python3.10/dist-packages/cpp_server_client-0.0.0-py3.10.egg-info
[10.771s] -- Installing: /home/maki/ros2_ws/install/cpp_server_client/local/lib/python3.10/dist-packages/cpp_server_client-0.0.0-py3.10.egg-info/SOURCES.txt
[10.771s] -- Installing: /home/maki/ros2_ws/install/cpp_server_client/local/lib/python3.10/dist-packages/cpp_server_client-0.0.0-py3.10.egg-info/PKG-INFO
[10.771s] -- Installing: /home/maki/ros2_ws/install/cpp_server_client/local/lib/python3.10/dist-packages/cpp_server_client-0.0.0-py3.10.egg-info/top_level.txt
[10.771s] -- Installing: /home/maki/ros2_ws/install/cpp_server_client/local/lib/python3.10/dist-packages/cpp_server_client-0.0.0-py3.10.egg-info/dependency_links.txt
[10.771s] -- Installing: /home/maki/ros2_ws/install/cpp_server_client/local/lib/python3.10/dist-packages/cpp_server_client
[10.771s] -- Installing: /home/maki/ros2_ws/install/cpp_server_client/local/lib/python3.10/dist-packages/cpp_server_client/cpp_server_client_s__rosidl_typesupport_introspection_c.cpython-310-x86_64-linux-gnu.so
[10.771s] -- Installing: /home/maki/ros2_ws/install/cpp_server_client/local/lib/python3.10/dist-packages/cpp_server_client/cpp_server_client_s__rosidl_typesupport_fastrtps_c.cpython-310-x86_64-linux-gnu.so
[10.771s] -- Installing: /home/maki/ros2_ws/install/cpp_server_client/local/lib/python3.10/dist-packages/cpp_server_client/_cpp_server_client_s.ep.rosidl_typesupport_fastrtps_c.c
[10.772s] -- Installing: /home/maki/ros2_ws/install/cpp_server_client/local/lib/python3.10/dist-packages/cpp_server_client/__init__.py
[10.772s] -- Installing: /home/maki/ros2_ws/install/cpp_server_client/local/lib/python3.10/dist-packages/cpp_server_client/_cpp_server_client_s.ep.rosidl_typesupport_introspection_c.c
[10.772s] -- Installing: /home/maki/ros2_ws/install/cpp_server_client/local/lib/python3.10/dist-packages/cpp_server_client/_cpp_server_client_s.ep.rosidl_typesupport_c.c
[10.772s] -- Installing: /home/maki/ros2_ws/install/cpp_server_client/local/lib/python3.10/dist-packages/cpp_server_client/cpp_server_client_s__rosidl_typesupport_c.cpython-310-x86_64-linux-gnu.so
[10.772s] -- Installing: /home/maki/ros2_ws/install/cpp_server_client/local/lib/python3.10/dist-packages/cpp_server_client/srv
[10.772s] -- Installing: /home/maki/ros2_ws/install/cpp_server_client/local/lib/python3.10/dist-packages/cpp_server_client/srv/__init__.py
[10.772s] -- Installing: /home/maki/ros2_ws/install/cpp_server_client/local/lib/python3.10/dist-packages/cpp_server_client/srv/_practice_srv.py
[10.772s] -- Installing: /home/maki/ros2_ws/install/cpp_server_client/local/lib/python3.10/dist-packages/cpp_server_client/srv/_practice_srv_s.c
[10.772s] -- Installing: /home/maki/ros2_ws/install/cpp_server_client/local/lib/python3.10/dist-packages/cpp_server_client/libcpp_server_client__rosidl_generator_py.so
[10.809s] Listing '/home/maki/ros2_ws/install/cpp_server_client/local/lib/python3.10/dist-packages/cpp_server_client'...
[10.809s] Compiling '/home/maki/ros2_ws/install/cpp_server_client/local/lib/python3.10/dist-packages/cpp_server_client/__init__.py'...
[10.809s] Listing '/home/maki/ros2_ws/install/cpp_server_client/local/lib/python3.10/dist-packages/cpp_server_client/srv'...
[10.809s] Compiling '/home/maki/ros2_ws/install/cpp_server_client/local/lib/python3.10/dist-packages/cpp_server_client/srv/__init__.py'...
[10.810s] Compiling '/home/maki/ros2_ws/install/cpp_server_client/local/lib/python3.10/dist-packages/cpp_server_client/srv/_practice_srv.py'...
[10.815s] -- Installing: /home/maki/ros2_ws/install/cpp_server_client/local/lib/python3.10/dist-packages/cpp_server_client/cpp_server_client_s__rosidl_typesupport_fastrtps_c.cpython-310-x86_64-linux-gnu.so
[10.815s] -- Set runtime path of "/home/maki/ros2_ws/install/cpp_server_client/local/lib/python3.10/dist-packages/cpp_server_client/cpp_server_client_s__rosidl_typesupport_fastrtps_c.cpython-310-x86_64-linux-gnu.so" to ""
[10.815s] -- Installing: /home/maki/ros2_ws/install/cpp_server_client/local/lib/python3.10/dist-packages/cpp_server_client/cpp_server_client_s__rosidl_typesupport_introspection_c.cpython-310-x86_64-linux-gnu.so
[10.816s] -- Set runtime path of "/home/maki/ros2_ws/install/cpp_server_client/local/lib/python3.10/dist-packages/cpp_server_client/cpp_server_client_s__rosidl_typesupport_introspection_c.cpython-310-x86_64-linux-gnu.so" to ""
[10.816s] -- Installing: /home/maki/ros2_ws/install/cpp_server_client/local/lib/python3.10/dist-packages/cpp_server_client/cpp_server_client_s__rosidl_typesupport_c.cpython-310-x86_64-linux-gnu.so
[10.816s] -- Set runtime path of "/home/maki/ros2_ws/install/cpp_server_client/local/lib/python3.10/dist-packages/cpp_server_client/cpp_server_client_s__rosidl_typesupport_c.cpython-310-x86_64-linux-gnu.so" to ""
[10.816s] -- Installing: /home/maki/ros2_ws/install/cpp_server_client/lib/libcpp_server_client__rosidl_generator_py.so
[10.817s] -- Set runtime path of "/home/maki/ros2_ws/install/cpp_server_client/lib/libcpp_server_client__rosidl_generator_py.so" to ""
[10.817s] -- Installing: /home/maki/ros2_ws/install/cpp_server_client/share/cpp_server_client/srv/PracticeSrv.idl
[10.817s] -- Installing: /home/maki/ros2_ws/install/cpp_server_client/share/cpp_server_client/srv/PracticeSrv.srv
[10.817s] -- Installing: /home/maki/ros2_ws/install/cpp_server_client/share/cpp_server_client/srv/PracticeSrv_Request.msg
[10.818s] -- Installing: /home/maki/ros2_ws/install/cpp_server_client/share/cpp_server_client/srv/PracticeSrv_Response.msg
[10.818s] -- Installing: /home/maki/ros2_ws/install/cpp_server_client/lib/cpp_server_client/practice_server_node
[10.819s] -- Set runtime path of "/home/maki/ros2_ws/install/cpp_server_client/lib/cpp_server_client/practice_server_node" to ""
[10.819s] -- Installing: /home/maki/ros2_ws/install/cpp_server_client/lib/cpp_server_client/practice_client_node
[10.820s] -- Set runtime path of "/home/maki/ros2_ws/install/cpp_server_client/lib/cpp_server_client/practice_client_node" to ""
[10.820s] -- Installing: /home/maki/ros2_ws/install/cpp_server_client/share/ament_index/resource_index/package_run_dependencies/cpp_server_client
[10.820s] -- Installing: /home/maki/ros2_ws/install/cpp_server_client/share/ament_index/resource_index/parent_prefix_path/cpp_server_client
[10.820s] -- Installing: /home/maki/ros2_ws/install/cpp_server_client/share/cpp_server_client/environment/ament_prefix_path.sh
[10.821s] -- Installing: /home/maki/ros2_ws/install/cpp_server_client/share/cpp_server_client/environment/ament_prefix_path.dsv
[10.821s] -- Installing: /home/maki/ros2_ws/install/cpp_server_client/share/cpp_server_client/environment/path.sh
[10.821s] -- Installing: /home/maki/ros2_ws/install/cpp_server_client/share/cpp_server_client/environment/path.dsv
[10.821s] -- Installing: /home/maki/ros2_ws/install/cpp_server_client/share/cpp_server_client/local_setup.bash
[10.821s] -- Installing: /home/maki/ros2_ws/install/cpp_server_client/share/cpp_server_client/local_setup.sh
[10.821s] -- Installing: /home/maki/ros2_ws/install/cpp_server_client/share/cpp_server_client/local_setup.zsh
[10.821s] -- Installing: /home/maki/ros2_ws/install/cpp_server_client/share/cpp_server_client/local_setup.dsv
[10.821s] -- Installing: /home/maki/ros2_ws/install/cpp_server_client/share/cpp_server_client/package.dsv
[10.822s] -- Installing: /home/maki/ros2_ws/install/cpp_server_client/share/ament_index/resource_index/packages/cpp_server_client
[10.822s] -- Installing: /home/maki/ros2_ws/install/cpp_server_client/share/cpp_server_client/cmake/export_cpp_server_client__rosidl_generator_cExport.cmake
[10.822s] -- Installing: /home/maki/ros2_ws/install/cpp_server_client/share/cpp_server_client/cmake/export_cpp_server_client__rosidl_generator_cExport-noconfig.cmake
[10.822s] -- Installing: /home/maki/ros2_ws/install/cpp_server_client/share/cpp_server_client/cmake/export_cpp_server_client__rosidl_typesupport_fastrtps_cExport.cmake
[10.822s] -- Installing: /home/maki/ros2_ws/install/cpp_server_client/share/cpp_server_client/cmake/export_cpp_server_client__rosidl_typesupport_fastrtps_cExport-noconfig.cmake
[10.822s] -- Installing: /home/maki/ros2_ws/install/cpp_server_client/share/cpp_server_client/cmake/export_cpp_server_client__rosidl_generator_cppExport.cmake
[10.822s] -- Installing: /home/maki/ros2_ws/install/cpp_server_client/share/cpp_server_client/cmake/export_cpp_server_client__rosidl_typesupport_fastrtps_cppExport.cmake
[10.822s] -- Installing: /home/maki/ros2_ws/install/cpp_server_client/share/cpp_server_client/cmake/export_cpp_server_client__rosidl_typesupport_fastrtps_cppExport-noconfig.cmake
[10.823s] -- Installing: /home/maki/ros2_ws/install/cpp_server_client/share/cpp_server_client/cmake/cpp_server_client__rosidl_typesupport_introspection_cExport.cmake
[10.823s] -- Installing: /home/maki/ros2_ws/install/cpp_server_client/share/cpp_server_client/cmake/cpp_server_client__rosidl_typesupport_introspection_cExport-noconfig.cmake
[10.823s] -- Installing: /home/maki/ros2_ws/install/cpp_server_client/share/cpp_server_client/cmake/cpp_server_client__rosidl_typesupport_cExport.cmake
[10.823s] -- Installing: /home/maki/ros2_ws/install/cpp_server_client/share/cpp_server_client/cmake/cpp_server_client__rosidl_typesupport_cExport-noconfig.cmake
[10.823s] -- Installing: /home/maki/ros2_ws/install/cpp_server_client/share/cpp_server_client/cmake/cpp_server_client__rosidl_typesupport_introspection_cppExport.cmake
[10.823s] -- Installing: /home/maki/ros2_ws/install/cpp_server_client/share/cpp_server_client/cmake/cpp_server_client__rosidl_typesupport_introspection_cppExport-noconfig.cmake
[10.824s] -- Installing: /home/maki/ros2_ws/install/cpp_server_client/share/cpp_server_client/cmake/cpp_server_client__rosidl_typesupport_cppExport.cmake
[10.824s] -- Installing: /home/maki/ros2_ws/install/cpp_server_client/share/cpp_server_client/cmake/cpp_server_client__rosidl_typesupport_cppExport-noconfig.cmake
[10.824s] -- Installing: /home/maki/ros2_ws/install/cpp_server_client/share/cpp_server_client/cmake/export_cpp_server_client__rosidl_generator_pyExport.cmake
[10.824s] -- Installing: /home/maki/ros2_ws/install/cpp_server_client/share/cpp_server_client/cmake/export_cpp_server_client__rosidl_generator_pyExport-noconfig.cmake
[10.824s] -- Installing: /home/maki/ros2_ws/install/cpp_server_client/share/cpp_server_client/cmake/rosidl_cmake-extras.cmake
[10.824s] -- Installing: /home/maki/ros2_ws/install/cpp_server_client/share/cpp_server_client/cmake/ament_cmake_export_include_directories-extras.cmake
[10.825s] -- Installing: /home/maki/ros2_ws/install/cpp_server_client/share/cpp_server_client/cmake/ament_cmake_export_libraries-extras.cmake
[10.825s] -- Installing: /home/maki/ros2_ws/install/cpp_server_client/share/cpp_server_client/cmake/ament_cmake_export_targets-extras.cmake
[10.825s] -- Installing: /home/maki/ros2_ws/install/cpp_server_client/share/cpp_server_client/cmake/rosidl_cmake_export_typesupport_targets-extras.cmake
[10.825s] -- Installing: /home/maki/ros2_ws/install/cpp_server_client/share/cpp_server_client/cmake/ament_cmake_export_dependencies-extras.cmake
[10.825s] -- Installing: /home/maki/ros2_ws/install/cpp_server_client/share/cpp_server_client/cmake/rosidl_cmake_export_typesupport_libraries-extras.cmake
[10.825s] -- Installing: /home/maki/ros2_ws/install/cpp_server_client/share/cpp_server_client/cmake/cpp_server_clientConfig.cmake
[10.825s] -- Installing: /home/maki/ros2_ws/install/cpp_server_client/share/cpp_server_client/cmake/cpp_server_clientConfig-version.cmake
[10.825s] -- Installing: /home/maki/ros2_ws/install/cpp_server_client/share/cpp_server_client/package.xml
[10.827s] Invoked command in '/home/maki/ros2_ws/build/cpp_server_client' returned '0': CMAKE_PREFIX_PATH=/opt/ros/humble /usr/bin/cmake --install /home/maki/ros2_ws/build/cpp_server_client
